nohup: ignoring input
removing /scratch/GW/pool0/khui/result/2stagelowcost/comparativestd/maxsim/appri-rbf-0.8/rmse
/scratch/GW/pool0/khui/result/2stagelowcost/comparativestd/maxsim/appri-rbf-0.8/evals tmap
INFO: Computing RMSE for bpref 11-0.01
INFO: Computing RMSE for indap 11-0.01
INFO: Computing RMSE for infap 11-0.01
INFO: Computing RMSE for tmap 11-0.01
INFO: Computing RMSE for indap 11-0.05
INFO: Computing RMSE for infap 11-0.05
INFO: Computing RMSE for bpref 11-0.05
INFO: Computing RMSE for tmap 11-0.05
INFO: Computing RMSE for indap 11-0.1
INFO: Computing RMSE for infap 11-0.1
INFO: Computing RMSE for tmap 11-0.1
INFO: Computing RMSE for bpref 11-0.1
INFO: Computing RMSE for infap 11-0.15
INFO: Computing RMSE for tmap 11-0.15
INFO: Computing RMSE for indap 11-0.15
INFO: Computing RMSE for bpref 11-0.15
INFO: Computing RMSE for tmap 11-0.2
INFO: Computing RMSE for indap 11-0.2
INFO: Computing RMSE for infap 11-0.2
INFO: Computing RMSE for bpref 11-0.2
INFO: Computing RMSE for tmap 11-0.25
INFO: Computing RMSE for bpref 11-0.25
INFO: Computing RMSE for infap 11-0.25
INFO: Computing RMSE for indap 11-0.25
INFO: Computing RMSE for tmap 11-0.3
INFO: Computing RMSE for bpref 11-0.3
INFO: Computing RMSE for infap 11-0.3
INFO: Computing RMSE for indap 11-0.3
INFO: Computing RMSE for tmap 11-0.35
INFO: Computing RMSE for bpref 11-0.35
INFO: Computing RMSE for indap 11-0.35
INFO: Computing RMSE for infap 11-0.35
INFO: Computing RMSE for tmap 11-0.4
INFO: Computing RMSE for bpref 11-0.4
INFO: Computing RMSE for infap 11-0.4
INFO: Computing RMSE for indap 11-0.4
INFO: Computing RMSE for tmap 11-0.45
INFO: Computing RMSE for bpref 11-0.45
INFO: Computing RMSE for infap 11-0.45
INFO: Computing RMSE for indap 11-0.45
INFO: Computing RMSE for tmap 11-0.5
INFO: Computing RMSE for bpref 11-0.5
INFO: Computing RMSE for infap 11-0.5
INFO: Computing RMSE for indap 11-0.5
INFO: Computing RMSE for tmap 11-0.55
INFO: Computing RMSE for bpref 11-0.55
INFO: Computing RMSE for infap 11-0.55
INFO: Computing RMSE for indap 11-0.55
INFO: Computing RMSE for tmap 11-0.6
INFO: Computing RMSE for bpref 11-0.6
INFO: Computing RMSE for infap 11-0.6
INFO: Computing RMSE for indap 11-0.6
INFO: Computing RMSE for tmap 11-0.65
INFO: Computing RMSE for bpref 11-0.65
INFO: Computing RMSE for indap 11-0.65
INFO: Computing RMSE for infap 11-0.65
INFO: Computing RMSE for tmap 11-0.7
INFO: Computing RMSE for bpref 11-0.7
INFO: Computing RMSE for indap 11-0.7
INFO: Computing RMSE for infap 11-0.7
INFO: Computing RMSE for tmap 11-0.75
INFO: Computing RMSE for bpref 11-0.75
INFO: Computing RMSE for indap 11-0.75
INFO: Computing RMSE for infap 11-0.75
INFO: Computing RMSE for tmap 11-0.8
INFO: Computing RMSE for bpref 11-0.8
INFO: Computing RMSE for infap 11-0.8
INFO: Computing RMSE for indap 11-0.8
INFO: Computing RMSE for tmap 11-0.85
INFO: Computing RMSE for bpref 11-0.85
INFO: Computing RMSE for indap 11-0.85
INFO: Computing RMSE for infap 11-0.85
INFO: Computing RMSE for tmap 11-0.9
INFO: Computing RMSE for bpref 11-0.9
INFO: Computing RMSE for indap 11-0.9
INFO: Computing RMSE for infap 11-0.9
INFO: Computing RMSE for tmap 11-0.95
INFO: Computing RMSE for bpref 11-0.95
INFO: Computing RMSE for infap 11-0.95
INFO: Computing RMSE for indap 11-0.95
INFO: Computing RMSE for tmap 12-0.01
INFO: Computing RMSE for bpref 12-0.01
INFO: Computing RMSE for infap 12-0.01
INFO: Computing RMSE for indap 12-0.01
INFO: Computing RMSE for tmap 12-0.05
INFO: Computing RMSE for bpref 12-0.05
INFO: Computing RMSE for infap 12-0.05
INFO: Computing RMSE for indap 12-0.05
INFO: Computing RMSE for tmap 12-0.1
INFO: Computing RMSE for bpref 12-0.1
INFO: Computing RMSE for infap 12-0.1
INFO: Computing RMSE for indap 12-0.1
INFO: Computing RMSE for tmap 12-0.15
INFO: Computing RMSE for bpref 12-0.15
INFO: Computing RMSE for infap 12-0.15
INFO: Computing RMSE for indap 12-0.15
INFO: Computing RMSE for tmap 12-0.2
INFO: Computing RMSE for bpref 12-0.2
INFO: Computing RMSE for indap 12-0.2
INFO: Computing RMSE for infap 12-0.2
INFO: Computing RMSE for tmap 12-0.25
INFO: Computing RMSE for bpref 12-0.25
INFO: Computing RMSE for indap 12-0.25
INFO: Computing RMSE for infap 12-0.25
INFO: Computing RMSE for indap 12-0.3
INFO: Computing RMSE for tmap 12-0.3
INFO: Computing RMSE for bpref 12-0.3
INFO: Computing RMSE for infap 12-0.3
INFO: Computing RMSE for tmap 12-0.35
INFO: Computing RMSE for indap 12-0.35
INFO: Computing RMSE for bpref 12-0.35
INFO: Computing RMSE for infap 12-0.35
INFO: Computing RMSE for tmap 12-0.4
INFO: Computing RMSE for bpref 12-0.4
INFO: Computing RMSE for indap 12-0.4
INFO: Computing RMSE for infap 12-0.4
INFO: Computing RMSE for tmap 12-0.45
INFO: Computing RMSE for bpref 12-0.45
INFO: Computing RMSE for indap 12-0.45
INFO: Computing RMSE for infap 12-0.45
INFO: Computing RMSE for tmap 12-0.5
INFO: Computing RMSE for bpref 12-0.5
INFO: Computing RMSE for indap 12-0.5
INFO: Computing RMSE for infap 12-0.5
INFO: Computing RMSE for tmap 12-0.55
INFO: Computing RMSE for infap 12-0.55
INFO: Computing RMSE for bpref 12-0.55
INFO: Computing RMSE for indap 12-0.55
INFO: Computing RMSE for tmap 12-0.6
INFO: Computing RMSE for infap 12-0.6
INFO: Computing RMSE for bpref 12-0.6
INFO: Computing RMSE for indap 12-0.6
INFO: Computing RMSE for tmap 12-0.65
INFO: Computing RMSE for infap 12-0.65
INFO: Computing RMSE for bpref 12-0.65
INFO: Computing RMSE for indap 12-0.65
INFO: Computing RMSE for tmap 12-0.7
INFO: Computing RMSE for infap 12-0.7
INFO: Computing RMSE for bpref 12-0.7
INFO: Computing RMSE for indap 12-0.7
INFO: Computing RMSE for tmap 12-0.75
INFO: Computing RMSE for infap 12-0.75
INFO: Computing RMSE for bpref 12-0.75
INFO: Computing RMSE for indap 12-0.75
INFO: Computing RMSE for tmap 12-0.8
INFO: Computing RMSE for infap 12-0.8
INFO: Computing RMSE for bpref 12-0.8
INFO: Computing RMSE for indap 12-0.8
INFO: Computing RMSE for tmap 12-0.85
INFO: Computing RMSE for bpref 12-0.85
INFO: Computing RMSE for infap 12-0.85
INFO: Computing RMSE for indap 12-0.85
INFO: Computing RMSE for tmap 12-0.9
INFO: Computing RMSE for bpref 12-0.9
INFO: Computing RMSE for infap 12-0.9
INFO: Computing RMSE for indap 12-0.9
INFO: Computing RMSE for tmap 12-0.95
INFO: Computing RMSE for indap 12-0.95
INFO: Computing RMSE for bpref 12-0.95
INFO: Computing RMSE for infap 12-0.95
INFO: Computing RMSE for tmap 13-0.01
INFO: Computing RMSE for bpref 13-0.01
INFO: Computing RMSE for infap 13-0.01
INFO: Computing RMSE for indap 13-0.01
INFO: Computing RMSE for tmap 13-0.05
INFO: Computing RMSE for bpref 13-0.05
INFO: Computing RMSE for infap 13-0.05
INFO: Computing RMSE for indap 13-0.05
INFO: Computing RMSE for tmap 13-0.1
INFO: Computing RMSE for bpref 13-0.1
INFO: Computing RMSE for infap 13-0.1
INFO: Computing RMSE for indap 13-0.1
INFO: Computing RMSE for tmap 13-0.15
INFO: Computing RMSE for bpref 13-0.15
INFO: Computing RMSE for infap 13-0.15
INFO: Computing RMSE for indap 13-0.15
INFO: Computing RMSE for tmap 13-0.2
INFO: Computing RMSE for bpref 13-0.2
INFO: Computing RMSE for infap 13-0.2
INFO: Computing RMSE for indap 13-0.2
INFO: Computing RMSE for tmap 13-0.25
INFO: Computing RMSE for bpref 13-0.25
INFO: Computing RMSE for infap 13-0.25
INFO: Computing RMSE for indap 13-0.25
INFO: Computing RMSE for tmap 13-0.3
INFO: Computing RMSE for bpref 13-0.3
INFO: Computing RMSE for infap 13-0.3
INFO: Computing RMSE for indap 13-0.3
INFO: Computing RMSE for tmap 13-0.35
INFO: Computing RMSE for bpref 13-0.35
INFO: Computing RMSE for infap 13-0.35
INFO: Computing RMSE for indap 13-0.35
INFO: Computing RMSE for tmap 13-0.4
INFO: Computing RMSE for bpref 13-0.4
INFO: Computing RMSE for infap 13-0.4
INFO: Computing RMSE for indap 13-0.4
INFO: Computing RMSE for tmap 13-0.45
INFO: Computing RMSE for bpref 13-0.45
INFO: Computing RMSE for indap 13-0.45
INFO: Computing RMSE for infap 13-0.45
INFO: Computing RMSE for tmap 13-0.5
INFO: Computing RMSE for bpref 13-0.5
INFO: Computing RMSE for indap 13-0.5
INFO: Computing RMSE for infap 13-0.5
INFO: Computing RMSE for tmap 13-0.55
INFO: Computing RMSE for bpref 13-0.55
INFO: Computing RMSE for indap 13-0.55
INFO: Computing RMSE for infap 13-0.55
INFO: Computing RMSE for tmap 13-0.6
INFO: Computing RMSE for bpref 13-0.6
INFO: Computing RMSE for indap 13-0.6
INFO: Computing RMSE for infap 13-0.6
INFO: Computing RMSE for tmap 13-0.65
INFO: Computing RMSE for bpref 13-0.65
INFO: Computing RMSE for infap 13-0.65
INFO: Computing RMSE for indap 13-0.65
INFO: Computing RMSE for tmap 13-0.7
INFO: Computing RMSE for bpref 13-0.7
INFO: Computing RMSE for infap 13-0.7
INFO: Computing RMSE for indap 13-0.7
INFO: Computing RMSE for tmap 13-0.75
INFO: Computing RMSE for bpref 13-0.75
INFO: Computing RMSE for infap 13-0.75
INFO: Computing RMSE for indap 13-0.75
INFO: Computing RMSE for tmap 13-0.8
INFO: Computing RMSE for bpref 13-0.8
INFO: Computing RMSE for infap 13-0.8
INFO: Computing RMSE for indap 13-0.8
INFO: Computing RMSE for tmap 13-0.85
INFO: Computing RMSE for bpref 13-0.85
INFO: Computing RMSE for infap 13-0.85
INFO: Computing RMSE for indap 13-0.85
INFO: Computing RMSE for tmap 13-0.9
INFO: Computing RMSE for bpref 13-0.9
INFO: Computing RMSE for infap 13-0.9
INFO: Computing RMSE for indap 13-0.9
INFO: Computing RMSE for tmap 13-0.95
INFO: Computing RMSE for bpref 13-0.95
INFO: Computing RMSE for infap 13-0.95
INFO: Computing RMSE for indap 13-0.95
INFO: Computing RMSE for tmap 14-0.01
INFO: Computing RMSE for bpref 14-0.01
INFO: Computing RMSE for infap 14-0.01
INFO: Computing RMSE for indap 14-0.01
INFO: Computing RMSE for tmap 14-0.05
INFO: Computing RMSE for bpref 14-0.05
INFO: Computing RMSE for infap 14-0.05
INFO: Computing RMSE for indap 14-0.05
INFO: Computing RMSE for tmap 14-0.1
INFO: Computing RMSE for bpref 14-0.1
INFO: Computing RMSE for infap 14-0.1
INFO: Computing RMSE for indap 14-0.1
INFO: Computing RMSE for tmap 14-0.15
INFO: Computing RMSE for bpref 14-0.15
INFO: Computing RMSE for infap 14-0.15
INFO: Computing RMSE for indap 14-0.15
INFO: Computing RMSE for tmap 14-0.2
INFO: Computing RMSE for bpref 14-0.2
INFO: Computing RMSE for infap 14-0.2
INFO: Computing RMSE for indap 14-0.2
INFO: Computing RMSE for tmap 14-0.25
INFO: Computing RMSE for bpref 14-0.25
INFO: Computing RMSE for infap 14-0.25
INFO: Computing RMSE for indap 14-0.25
INFO: Computing RMSE for tmap 14-0.3
INFO: Computing RMSE for bpref 14-0.3
INFO: Computing RMSE for infap 14-0.3
INFO: Computing RMSE for indap 14-0.3
INFO: Computing RMSE for tmap 14-0.35
INFO: Computing RMSE for bpref 14-0.35
INFO: Computing RMSE for indap 14-0.35
INFO: Computing RMSE for infap 14-0.35
INFO: Computing RMSE for tmap 14-0.4
INFO: Computing RMSE for infap 14-0.4
INFO: Computing RMSE for bpref 14-0.4
INFO: Computing RMSE for indap 14-0.4
INFO: Computing RMSE for tmap 14-0.45
INFO: Computing RMSE for infap 14-0.45
INFO: Computing RMSE for bpref 14-0.45
INFO: Computing RMSE for indap 14-0.45
INFO: Computing RMSE for tmap 14-0.5
INFO: Computing RMSE for bpref 14-0.5
INFO: Computing RMSE for indap 14-0.5
INFO: Computing RMSE for infap 14-0.5
INFO: Computing RMSE for tmap 14-0.55
INFO: Computing RMSE for bpref 14-0.55
INFO: Computing RMSE for indap 14-0.55
INFO: Computing RMSE for infap 14-0.55
INFO: Computing RMSE for tmap 14-0.6
INFO: Computing RMSE for bpref 14-0.6
INFO: Computing RMSE for indap 14-0.6
INFO: Computing RMSE for infap 14-0.6
INFO: Computing RMSE for tmap 14-0.65
INFO: Computing RMSE for bpref 14-0.65
INFO: Computing RMSE for indap 14-0.65
INFO: Computing RMSE for infap 14-0.65
INFO: Computing RMSE for tmap 14-0.7
INFO: Computing RMSE for bpref 14-0.7
INFO: Computing RMSE for indap 14-0.7
INFO: Computing RMSE for infap 14-0.7
INFO: Computing RMSE for tmap 14-0.75
INFO: Computing RMSE for bpref 14-0.75
INFO: Computing RMSE for indap 14-0.75
INFO: Computing RMSE for tmap 14-0.8
INFO: Computing RMSE for infap 14-0.75
INFO: Computing RMSE for tmap 14-0.85
INFO: Computing RMSE for bpref 14-0.8
INFO: Computing RMSE for indap 14-0.8
INFO: Computing RMSE for infap 14-0.8
INFO: Computing RMSE for infap 14-0.85
INFO: Computing RMSE for tmap 14-0.9
INFO: Computing RMSE for indap 14-0.85
INFO: Computing RMSE for bpref 14-0.85
INFO: Computing RMSE for infap 14-0.9
INFO: Computing RMSE for tmap 14-0.95
INFO: Computing RMSE for bpref 14-0.9
INFO: Computing RMSE for indap 14-0.9
INFO: Computing RMSE for infap 14-0.95
INFO: Computing RMSE for indap 14-0.95
INFO: Computing RMSE for bpref 14-0.95
 finished: 1127.905540491
