nohup: ignoring input
finished d5blade02 1504270513 201 0.3
finished d5blade02 1504270513 201 0.95
finished d5blade02 1504270513 201 0.45
finished d5blade02 1504270513 201 0.05
finished d5blade02 1504270513 201 0.55
finished d5blade02 1504270513 201 0.25
finished d5blade02 1504270513 201 0.01
finished d5blade02 1504270513 201 0.6
finished d5blade02 1504270513 201 0.1
finished d5blade02 1504270513 201 0.2
finished d5blade02 1504270513 201 0.85
finished d5blade02 1504270513 201 0.7
finished d5blade02 1504270513 201 0.65
finished d5blade02 1504270513 201 0.8
finished d5blade02 1504270513 201 0.9
finished d5blade02 1504270513 201 0.4
finished d5blade02 1504270513 201 0.15
finished d5blade02 1504270513 201 0.5
finished d5blade02 1504270513 201 0.35
finished d5blade02 1504270513 201 0.75
finished d5blade02 1504270513 202 0.95
finished d5blade02 1504270513 202 0.75
finished d5blade02 1504270513 202 0.35
finished d5blade02 1504270513 202 0.8
finished d5blade02 1504270513 202 0.55
finished d5blade02 1504270513 202 0.01
finished d5blade02 1504270513 202 0.45
finished d5blade02 1504270513 202 0.5
finished d5blade02 1504270513 202 0.25
finished d5blade02 1504270513 202 0.4
finished d5blade02 1504270513 202 0.05
finished d5blade02 1504270513 202 0.15
finished d5blade02 1504270513 202 0.9
finished d5blade02 1504270513 202 0.3
finished d5blade02 1504270513 202 0.2
finished d5blade02 1504270513 202 0.1
finished d5blade02 1504270513 202 0.6
finished d5blade02 1504270513 202 0.7
finished d5blade02 1504270513 202 0.65
finished d5blade02 1504270513 202 0.85
finished d5blade02 1504270513 203 0.5
finished d5blade02 1504270513 203 0.4
finished d5blade02 1504270513 203 0.9
finished d5blade02 1504270513 203 0.2
finished d5blade02 1504270513 203 0.05
finished d5blade02 1504270513 203 0.95
finished d5blade02 1504270513 203 0.01
finished d5blade02 1504270513 203 0.35
finished d5blade02 1504270513 203 0.45
finished d5blade02 1504270513 203 0.75
finished d5blade02 1504270513 203 0.6
finished d5blade02 1504270513 203 0.25
finished d5blade02 1504270513 203 0.55
finished d5blade02 1504270513 203 0.7
finished d5blade02 1504270513 203 0.1
finished d5blade02 1504270513 203 0.85
finished d5blade02 1504270513 203 0.15
finished d5blade02 1504270513 203 0.65
finished d5blade02 1504270513 203 0.3
finished d5blade02 1504270513 203 0.8
finished d5blade02 1504270513 204 0.05
finished d5blade02 1504270513 204 0.35
finished d5blade02 1504270513 204 0.01
finished d5blade02 1504270513 204 0.55
finished d5blade02 1504270513 204 0.1
finished d5blade02 1504270513 204 0.25
finished d5blade02 1504270513 204 0.3
finished d5blade02 1504270513 204 0.85
finished d5blade02 1504270513 204 0.6
finished d5blade02 1504270513 204 0.45
finished d5blade02 1504270513 204 0.2
finished d5blade02 1504270513 204 0.65
finished d5blade02 1504270513 204 0.5
finished d5blade02 1504270513 204 0.75
finished d5blade02 1504270513 204 0.7
finished d5blade02 1504270513 204 0.15
finished d5blade02 1504270513 204 0.4
finished d5blade02 1504270513 204 0.9
finished d5blade02 1504270513 204 0.8
finished d5blade02 1504270513 205 0.25
finished d5blade02 1504270513 205 0.6
finished d5blade02 1504270513 205 0.15
finished d5blade02 1504270513 205 0.05
finished d5blade02 1504270513 205 0.01
finished d5blade02 1504270513 205 0.3
finished d5blade02 1504270513 205 0.4
finished d5blade02 1504270513 205 0.7
finished d5blade02 1504270513 205 0.8
finished d5blade02 1504270513 205 0.35
finished d5blade02 1504270513 205 0.45
finished d5blade02 1504270513 205 0.1
finished d5blade02 1504270513 205 0.2
finished d5blade02 1504270513 205 0.55
finished d5blade02 1504270513 205 0.5
finished d5blade02 1504270513 205 0.65
finished d5blade02 1504270513 205 0.95
finished d5blade02 1504270513 205 0.85
finished d5blade02 1504270513 205 0.9
finished d5blade02 1504270513 205 0.75
finished d5blade02 1504270513 206 0.01
finished d5blade02 1504270513 206 0.3
finished d5blade02 1504270513 206 0.9
finished d5blade02 1504270513 206 0.55
finished d5blade02 1504270513 206 0.6
finished d5blade02 1504270513 206 0.05
finished d5blade02 1504270513 206 0.2
finished d5blade02 1504270513 206 0.25
finished d5blade02 1504270513 206 0.35
finished d5blade02 1504270513 206 0.65
finished d5blade02 1504270513 206 0.1
finished d5blade02 1504270513 206 0.75
finished d5blade02 1504270513 206 0.15
finished d5blade02 1504270513 206 0.7
finished d5blade02 1504270513 206 0.5
finished d5blade02 1504270513 206 0.8
finished d5blade02 1504270513 206 0.95
finished d5blade02 1504270513 206 0.45
finished d5blade02 1504270513 206 0.4
finished d5blade02 1504270513 206 0.85
finished d5blade02 1504270513 207 0.25
finished d5blade02 1504270513 207 0.2
finished d5blade02 1504270513 207 0.9
finished d5blade02 1504270513 207 0.01
finished d5blade02 1504270513 207 0.7
finished d5blade02 1504270513 207 0.5
finished d5blade02 1504270513 207 0.1
finished d5blade02 1504270513 207 0.3
finished d5blade02 1504270513 207 0.45
finished d5blade02 1504270513 207 0.75
finished d5blade02 1504270513 207 0.55
finished d5blade02 1504270513 207 0.05
finished d5blade02 1504270513 207 0.65
finished d5blade02 1504270513 207 0.85
finished d5blade02 1504270513 207 0.35
finished d5blade02 1504270513 207 0.4
finished d5blade02 1504270513 207 0.8
finished d5blade02 1504270513 207 0.15
finished d5blade02 1504270513 207 0.95
finished d5blade02 1504270513 207 0.6
finished d5blade02 1504270513 208 0.35
finished d5blade02 1504270513 208 0.9
finished d5blade02 1504270513 208 0.1
finished d5blade02 1504270513 208 0.3
finished d5blade02 1504270513 208 0.95
finished d5blade02 1504270513 208 0.25
finished d5blade02 1504270513 208 0.45
finished d5blade02 1504270513 208 0.8
finished d5blade02 1504270513 208 0.7
finished d5blade02 1504270513 208 0.01
finished d5blade02 1504270513 208 0.5
finished d5blade02 1504270513 208 0.4
finished d5blade02 1504270513 208 0.2
finished d5blade02 1504270513 208 0.6
finished d5blade02 1504270513 208 0.65
finished d5blade02 1504270513 208 0.75
finished d5blade02 1504270513 208 0.05
finished d5blade02 1504270513 208 0.55
finished d5blade02 1504270513 208 0.15
finished d5blade02 1504270513 208 0.85
finished d5blade02 1504270513 209 0.5
finished d5blade02 1504270513 209 0.3
finished d5blade02 1504270513 209 0.2
finished d5blade02 1504270513 209 0.6
finished d5blade02 1504270513 209 0.25
finished d5blade02 1504270513 209 0.9
finished d5blade02 1504270513 209 0.15
finished d5blade02 1504270513 209 0.65
finished d5blade02 1504270513 209 0.7
finished d5blade02 1504270513 209 0.01
finished d5blade02 1504270513 209 0.95
finished d5blade02 1504270513 209 0.35
finished d5blade02 1504270513 209 0.05
finished d5blade02 1504270513 209 0.55
finished d5blade02 1504270513 209 0.1
finished d5blade02 1504270513 209 0.45
finished d5blade02 1504270513 209 0.85
finished d5blade02 1504270513 209 0.75
finished d5blade02 1504270513 209 0.4
finished d5blade02 1504270513 209 0.8
finished d5blade02 1504270513 210 0.15
finished d5blade02 1504270513 210 0.45
finished d5blade02 1504270513 210 0.25
finished d5blade02 1504270513 210 0.2
finished d5blade02 1504270513 210 0.01
finished d5blade02 1504270513 210 0.05
finished d5blade02 1504270513 210 0.6
finished d5blade02 1504270513 210 0.3
finished d5blade02 1504270513 210 0.1
finished d5blade02 1504270513 210 0.55
finished d5blade02 1504270513 210 0.85
finished d5blade02 1504270513 210 0.35
finished d5blade02 1504270513 210 0.5
finished d5blade02 1504270513 210 0.7
finished d5blade02 1504270513 210 0.75
finished d5blade02 1504270513 210 0.65
finished d5blade02 1504270513 210 0.8
finished d5blade02 1504270513 210 0.4
finished d5blade02 1504270513 210 0.95
finished d5blade02 1504270513 210 0.9
finished d5blade02 1504270513 211 0.3
finished d5blade02 1504270513 211 0.01
finished d5blade02 1504270513 211 0.7
finished d5blade02 1504270513 211 0.8
finished d5blade02 1504270513 211 0.65
finished d5blade02 1504270513 211 0.05
finished d5blade02 1504270513 211 0.35
finished d5blade02 1504270513 211 0.25
finished d5blade02 1504270513 211 0.4
finished d5blade02 1504270513 211 0.2
finished d5blade02 1504270513 211 0.6
finished d5blade02 1504270513 211 0.15
finished d5blade02 1504270513 211 0.95
finished d5blade02 1504270513 211 0.75
finished d5blade02 1504270513 211 0.1
finished d5blade02 1504270513 211 0.9
finished d5blade02 1504270513 211 0.45
finished d5blade02 1504270513 211 0.5
finished d5blade02 1504270513 211 0.55
finished d5blade02 1504270513 211 0.85
finished d5blade02 1504270513 212 0.8
finished d5blade02 1504270513 212 0.4
finished d5blade02 1504270513 212 0.3
finished d5blade02 1504270513 212 0.75
finished d5blade02 1504270513 212 0.2
finished d5blade02 1504270513 212 0.25
finished d5blade02 1504270513 212 0.01
finished d5blade02 1504270513 212 0.55
finished d5blade02 1504270513 212 0.15
finished d5blade02 1504270513 212 0.5
finished d5blade02 1504270513 212 0.45
finished d5blade02 1504270513 212 0.35
finished d5blade02 1504270513 212 0.85
finished d5blade02 1504270513 212 0.05
finished d5blade02 1504270513 212 0.1
finished d5blade02 1504270513 212 0.65
finished d5blade02 1504270513 212 0.6
finished d5blade02 1504270513 212 0.95
finished d5blade02 1504270513 212 0.7
finished d5blade02 1504270513 212 0.9
finished d5blade02 1504270513 213 0.05
finished d5blade02 1504270513 213 0.95
finished d5blade02 1504270513 213 0.1
finished d5blade02 1504270513 213 0.25
finished d5blade02 1504270513 213 0.6
finished d5blade02 1504270513 213 0.2
finished d5blade02 1504270513 213 0.4
finished d5blade02 1504270513 213 0.8
finished d5blade02 1504270513 213 0.3
finished d5blade02 1504270513 213 0.35
finished d5blade02 1504270513 213 0.65
finished d5blade02 1504270513 213 0.75
finished d5blade02 1504270513 213 0.7
finished d5blade02 1504270513 213 0.45
finished d5blade02 1504270513 213 0.01
finished d5blade02 1504270513 213 0.55
finished d5blade02 1504270513 213 0.15
finished d5blade02 1504270513 213 0.85
finished d5blade02 1504270513 213 0.5
finished d5blade02 1504270513 213 0.9
finished d5blade02 1504270513 214 0.3
finished d5blade02 1504270513 214 0.65
finished d5blade02 1504270513 214 0.5
finished d5blade02 1504270513 214 0.01
finished d5blade02 1504270513 214 0.2
finished d5blade02 1504270513 214 0.45
finished d5blade02 1504270513 214 0.1
finished d5blade02 1504270513 214 0.05
finished d5blade02 1504270513 214 0.85
finished d5blade02 1504270513 214 0.9
finished d5blade02 1504270513 214 0.4
finished d5blade02 1504270513 214 0.95
finished d5blade02 1504270513 214 0.25
finished d5blade02 1504270513 214 0.8
finished d5blade02 1504270513 214 0.55
finished d5blade02 1504270513 214 0.15
finished d5blade02 1504270513 214 0.75
finished d5blade02 1504270513 214 0.6
finished d5blade02 1504270513 214 0.7
finished d5blade02 1504270513 214 0.35
finished d5blade02 1504270513 215 0.85
finished d5blade02 1504270513 215 0.2
finished d5blade02 1504270513 215 0.55
finished d5blade02 1504270513 215 0.25
finished d5blade02 1504270513 215 0.7
finished d5blade02 1504270513 215 0.6
finished d5blade02 1504270513 215 0.5
finished d5blade02 1504270513 215 0.05
finished d5blade02 1504270513 215 0.01
finished d5blade02 1504270513 215 0.65
finished d5blade02 1504270513 215 0.15
finished d5blade02 1504270513 215 0.3
finished d5blade02 1504270513 215 0.1
finished d5blade02 1504270513 215 0.45
finished d5blade02 1504270513 215 0.4
finished d5blade02 1504270513 215 0.8
finished d5blade02 1504270513 215 0.9
finished d5blade02 1504270513 215 0.75
finished d5blade02 1504270513 215 0.35
finished d5blade02 1504270513 215 0.95
finished d5blade02 1504270513 216 0.6
finished d5blade02 1504270513 216 0.2
finished d5blade02 1504270513 216 0.45
finished d5blade02 1504270513 216 0.5
finished d5blade02 1504270513 216 0.01
finished d5blade02 1504270513 216 0.4
finished d5blade02 1504270513 216 0.55
finished d5blade02 1504270513 216 0.1
finished d5blade02 1504270513 216 0.7
finished d5blade02 1504270513 216 0.05
finished d5blade02 1504270513 216 0.8
finished d5blade02 1504270513 216 0.95
finished d5blade02 1504270513 216 0.15
finished d5blade02 1504270513 216 0.3
finished d5blade02 1504270513 216 0.25
finished d5blade02 1504270513 216 0.85
finished d5blade02 1504270513 216 0.65
finished d5blade02 1504270513 216 0.35
finished d5blade02 1504270513 216 0.9
finished d5blade02 1504270513 216 0.75
finished d5blade02 1504270513 217 0.3
finished d5blade02 1504270513 217 0.75
finished d5blade02 1504270513 217 0.1
finished d5blade02 1504270513 217 0.8
finished d5blade02 1504270513 217 0.05
finished d5blade02 1504270513 217 0.35
finished d5blade02 1504270513 217 0.4
finished d5blade02 1504270513 217 0.6
finished d5blade02 1504270513 217 0.55
finished d5blade02 1504270513 217 0.01
finished d5blade02 1504270513 217 0.2
finished d5blade02 1504270513 217 0.25
finished d5blade02 1504270513 217 0.65
finished d5blade02 1504270513 217 0.95
finished d5blade02 1504270513 217 0.7
finished d5blade02 1504270513 217 0.5
finished d5blade02 1504270513 217 0.15
finished d5blade02 1504270513 217 0.45
finished d5blade02 1504270513 217 0.9
finished d5blade02 1504270513 217 0.85
finished d5blade02 1504270513 218 0.6
finished d5blade02 1504270513 218 0.5
finished d5blade02 1504270513 218 0.4
finished d5blade02 1504270513 218 0.7
finished d5blade02 1504270513 218 0.3
finished d5blade02 1504270513 218 0.25
finished d5blade02 1504270513 218 0.05
finished d5blade02 1504270513 218 0.01
finished d5blade02 1504270513 218 0.75
finished d5blade02 1504270513 218 0.35
finished d5blade02 1504270513 218 0.1
finished d5blade02 1504270513 218 0.15
finished d5blade02 1504270513 218 0.2
finished d5blade02 1504270513 218 0.45
finished d5blade02 1504270513 218 0.65
finished d5blade02 1504270513 218 0.55
finished d5blade02 1504270513 218 0.95
finished d5blade02 1504270513 218 0.9
finished d5blade02 1504270513 218 0.85
finished d5blade02 1504270513 218 0.8
finished d5blade02 1504270513 219 0.01
finished d5blade02 1504270513 219 0.25
finished d5blade02 1504270513 219 0.05
finished d5blade02 1504270513 219 0.9
finished d5blade02 1504270513 219 0.6
finished d5blade02 1504270513 219 0.2
finished d5blade02 1504270513 219 0.3
finished d5blade02 1504270513 219 0.8
finished d5blade02 1504270513 219 0.35
finished d5blade02 1504270513 219 0.55
finished d5blade02 1504270513 219 0.1
finished d5blade02 1504270513 219 0.75
finished d5blade02 1504270513 219 0.15
finished d5blade02 1504270513 219 0.5
finished d5blade02 1504270513 219 0.45
finished d5blade02 1504270513 219 0.4
finished d5blade02 1504270513 219 0.7
finished d5blade02 1504270513 219 0.95
finished d5blade02 1504270513 219 0.65
finished d5blade02 1504270513 219 0.85
finished d5blade02 1504270513 220 0.3
finished d5blade02 1504270513 220 0.25
finished d5blade02 1504270513 220 0.01
finished d5blade02 1504270513 220 0.7
finished d5blade02 1504270513 220 0.4
finished d5blade02 1504270513 220 0.9
finished d5blade02 1504270513 220 0.05
finished d5blade02 1504270513 220 0.8
finished d5blade02 1504270513 220 0.85
finished d5blade02 1504270513 220 0.15
finished d5blade02 1504270513 220 0.35
finished d5blade02 1504270513 220 0.1
finished d5blade02 1504270513 220 0.2
finished d5blade02 1504270513 220 0.45
finished d5blade02 1504270513 220 0.6
finished d5blade02 1504270513 220 0.65
finished d5blade02 1504270513 220 0.75
finished d5blade02 1504270513 220 0.55
finished d5blade02 1504270513 220 0.95
finished d5blade02 1504270513 220 0.5
finished d5blade02 1504270513 221 0.01
finished d5blade02 1504270513 221 0.05
finished d5blade02 1504270513 221 0.45
finished d5blade02 1504270513 221 0.9
finished d5blade02 1504270513 221 0.65
finished d5blade02 1504270513 221 0.7
finished d5blade02 1504270513 221 0.4
finished d5blade02 1504270513 221 0.25
finished d5blade02 1504270513 221 0.6
finished d5blade02 1504270513 221 0.55
finished d5blade02 1504270513 221 0.5
finished d5blade02 1504270513 221 0.35
finished d5blade02 1504270513 221 0.75
finished d5blade02 1504270513 221 0.2
finished d5blade02 1504270513 221 0.1
finished d5blade02 1504270513 221 0.85
finished d5blade02 1504270513 221 0.3
finished d5blade02 1504270513 221 0.15
finished d5blade02 1504270513 221 0.8
finished d5blade02 1504270513 221 0.95
finished d5blade02 1504270513 222 0.2
finished d5blade02 1504270513 222 0.9
finished d5blade02 1504270513 222 0.65
finished d5blade02 1504270513 222 0.8
finished d5blade02 1504270513 222 0.05
finished d5blade02 1504270513 222 0.5
finished d5blade02 1504270513 222 0.55
finished d5blade02 1504270513 222 0.3
finished d5blade02 1504270513 222 0.1
finished d5blade02 1504270513 222 0.25
finished d5blade02 1504270513 222 0.4
finished d5blade02 1504270513 222 0.85
finished d5blade02 1504270513 222 0.35
finished d5blade02 1504270513 222 0.01
finished d5blade02 1504270513 222 0.7
finished d5blade02 1504270513 222 0.45
finished d5blade02 1504270513 222 0.75
finished d5blade02 1504270513 222 0.6
finished d5blade02 1504270513 222 0.15
finished d5blade02 1504270513 223 0.5
finished d5blade02 1504270513 223 0.1
finished d5blade02 1504270513 223 0.2
finished d5blade02 1504270513 223 0.05
finished d5blade02 1504270513 223 0.9
finished d5blade02 1504270513 223 0.01
finished d5blade02 1504270513 223 0.8
finished d5blade02 1504270513 223 0.15
finished d5blade02 1504270513 223 0.6
finished d5blade02 1504270513 223 0.75
finished d5blade02 1504270513 223 0.3
finished d5blade02 1504270513 223 0.95
finished d5blade02 1504270513 223 0.45
finished d5blade02 1504270513 223 0.7
finished d5blade02 1504270513 223 0.55
finished d5blade02 1504270513 223 0.65
finished d5blade02 1504270513 223 0.35
finished d5blade02 1504270513 223 0.85
finished d5blade02 1504270513 223 0.25
finished d5blade02 1504270513 223 0.4
finished d5blade02 1504270513 224 0.05
finished d5blade02 1504270513 224 0.45
finished d5blade02 1504270513 224 0.25
finished d5blade02 1504270513 224 0.85
finished d5blade02 1504270513 224 0.35
finished d5blade02 1504270513 224 0.8
finished d5blade02 1504270513 224 0.6
finished d5blade02 1504270513 224 0.1
finished d5blade02 1504270513 224 0.01
finished d5blade02 1504270513 224 0.4
finished d5blade02 1504270513 224 0.55
finished d5blade02 1504270513 224 0.75
finished d5blade02 1504270513 224 0.7
finished d5blade02 1504270513 224 0.9
finished d5blade02 1504270513 224 0.15
finished d5blade02 1504270513 224 0.95
finished d5blade02 1504270513 224 0.65
finished d5blade02 1504270513 224 0.5
finished d5blade02 1504270513 224 0.3
finished d5blade02 1504270513 224 0.2
finished d5blade02 1504270513 225 0.01
finished d5blade02 1504270513 225 0.05
finished d5blade02 1504270513 225 0.85
finished d5blade02 1504270513 225 0.95
finished d5blade02 1504270513 225 0.1
finished d5blade02 1504270513 225 0.7
finished d5blade02 1504270513 225 0.4
finished d5blade02 1504270513 225 0.6
finished d5blade02 1504270513 225 0.15
finished d5blade02 1504270513 225 0.45
finished d5blade02 1504270513 225 0.25
finished d5blade02 1504270513 225 0.3
finished d5blade02 1504270513 225 0.8
finished d5blade02 1504270513 225 0.35
finished d5blade02 1504270513 225 0.55
finished d5blade02 1504270513 225 0.2
finished d5blade02 1504270513 225 0.5
finished d5blade02 1504270513 225 0.75
finished d5blade02 1504270513 225 0.65
finished d5blade02 1504270513 225 0.9
finished d5blade02 1504270513 226 0.35
finished d5blade02 1504270513 226 0.2
finished d5blade02 1504270513 226 0.9
finished d5blade02 1504270513 226 0.01
finished d5blade02 1504270513 226 0.25
finished d5blade02 1504270513 226 0.1
finished d5blade02 1504270513 226 0.5
finished d5blade02 1504270513 226 0.75
finished d5blade02 1504270513 226 0.3
finished d5blade02 1504270513 226 0.8
finished d5blade02 1504270513 226 0.7
finished d5blade02 1504270513 226 0.6
finished d5blade02 1504270513 226 0.05
finished d5blade02 1504270513 226 0.55
finished d5blade02 1504270513 226 0.4
finished d5blade02 1504270513 226 0.45
finished d5blade02 1504270513 226 0.15
finished d5blade02 1504270513 226 0.95
finished d5blade02 1504270513 226 0.85
finished d5blade02 1504270513 226 0.65
finished d5blade02 1504270513 227 0.8
finished d5blade02 1504270513 227 0.5
finished d5blade02 1504270513 227 0.1
finished d5blade02 1504270513 227 0.05
finished d5blade02 1504270513 227 0.25
finished d5blade02 1504270513 227 0.85
finished d5blade02 1504270513 227 0.55
finished d5blade02 1504270513 227 0.4
finished d5blade02 1504270513 227 0.35
finished d5blade02 1504270513 227 0.2
finished d5blade02 1504270513 227 0.6
finished d5blade02 1504270513 227 0.3
finished d5blade02 1504270513 227 0.95
finished d5blade02 1504270513 227 0.65
finished d5blade02 1504270513 227 0.7
finished d5blade02 1504270513 227 0.45
finished d5blade02 1504270513 227 0.01
finished d5blade02 1504270513 227 0.15
finished d5blade02 1504270513 227 0.9
finished d5blade02 1504270513 227 0.75
finished d5blade02 1504270513 228 0.05
finished d5blade02 1504270513 228 0.2
finished d5blade02 1504270513 228 0.01
finished d5blade02 1504270513 228 0.85
finished d5blade02 1504270513 228 0.1
finished d5blade02 1504270513 228 0.45
finished d5blade02 1504270513 228 0.35
finished d5blade02 1504270513 228 0.25
finished d5blade02 1504270513 228 0.95
finished d5blade02 1504270513 228 0.4
finished d5blade02 1504270513 228 0.6
finished d5blade02 1504270513 228 0.75
finished d5blade02 1504270513 228 0.7
finished d5blade02 1504270513 228 0.55
finished d5blade02 1504270513 228 0.65
finished d5blade02 1504270513 228 0.15
finished d5blade02 1504270513 228 0.9
finished d5blade02 1504270513 228 0.3
finished d5blade02 1504270513 228 0.8
finished d5blade02 1504270513 228 0.5
finished d5blade02 1504270513 229 0.7
finished d5blade02 1504270513 229 0.35
finished d5blade02 1504270513 229 0.15
finished d5blade02 1504270513 229 0.45
finished d5blade02 1504270513 229 0.5
finished d5blade02 1504270513 229 0.85
finished d5blade02 1504270513 229 0.65
finished d5blade02 1504270513 229 0.01
finished d5blade02 1504270513 229 0.9
finished d5blade02 1504270513 229 0.25
finished d5blade02 1504270513 229 0.1
finished d5blade02 1504270513 229 0.95
finished d5blade02 1504270513 229 0.6
finished d5blade02 1504270513 229 0.55
finished d5blade02 1504270513 229 0.4
finished d5blade02 1504270513 229 0.75
finished d5blade02 1504270513 229 0.05
finished d5blade02 1504270513 229 0.8
finished d5blade02 1504270513 229 0.2
finished d5blade02 1504270513 229 0.3
finished d5blade02 1504270513 230 0.95
finished d5blade02 1504270513 230 0.75
finished d5blade02 1504270513 230 0.7
finished d5blade02 1504270513 230 0.1
finished d5blade02 1504270513 230 0.35
finished d5blade02 1504270513 230 0.01
finished d5blade02 1504270513 230 0.45
finished d5blade02 1504270513 230 0.3
finished d5blade02 1504270513 230 0.2
finished d5blade02 1504270513 230 0.05
finished d5blade02 1504270513 230 0.8
finished d5blade02 1504270513 230 0.5
finished d5blade02 1504270513 230 0.55
finished d5blade02 1504270513 230 0.4
finished d5blade02 1504270513 230 0.25
finished d5blade02 1504270513 230 0.15
finished d5blade02 1504270513 230 0.6
finished d5blade02 1504270513 230 0.65
finished d5blade02 1504270513 230 0.9
finished d5blade02 1504270513 230 0.85
finished d5blade02 1504270513 231 0.45
finished d5blade02 1504270513 231 0.8
finished d5blade02 1504270513 231 0.1
finished d5blade02 1504270513 231 0.7
finished d5blade02 1504270513 231 0.35
finished d5blade02 1504270513 231 0.85
finished d5blade02 1504270513 231 0.5
finished d5blade02 1504270513 231 0.65
finished d5blade02 1504270513 231 0.05
finished d5blade02 1504270513 231 0.4
finished d5blade02 1504270513 231 0.3
finished d5blade02 1504270513 231 0.01
finished d5blade02 1504270513 231 0.9
finished d5blade02 1504270513 231 0.95
finished d5blade02 1504270513 231 0.25
finished d5blade02 1504270513 231 0.75
finished d5blade02 1504270513 231 0.2
finished d5blade02 1504270513 231 0.15
finished d5blade02 1504270513 231 0.55
finished d5blade02 1504270513 231 0.6
finished d5blade02 1504270513 232 0.75
finished d5blade02 1504270513 232 0.7
finished d5blade02 1504270513 232 0.4
finished d5blade02 1504270513 232 0.05
finished d5blade02 1504270513 232 0.01
finished d5blade02 1504270513 232 0.3
finished d5blade02 1504270513 232 0.95
finished d5blade02 1504270513 232 0.15
finished d5blade02 1504270513 232 0.5
finished d5blade02 1504270513 232 0.25
finished d5blade02 1504270513 232 0.45
finished d5blade02 1504270513 232 0.9
finished d5blade02 1504270513 232 0.6
finished d5blade02 1504270513 232 0.2
finished d5blade02 1504270513 232 0.65
finished d5blade02 1504270513 232 0.85
finished d5blade02 1504270513 232 0.1
finished d5blade02 1504270513 232 0.8
finished d5blade02 1504270513 232 0.35
finished d5blade02 1504270513 232 0.55
finished d5blade02 1504270513 233 0.1
finished d5blade02 1504270513 233 0.05
finished d5blade02 1504270513 233 0.4
finished d5blade02 1504270513 233 0.01
finished d5blade02 1504270513 233 0.2
finished d5blade02 1504270513 233 0.7
finished d5blade02 1504270513 233 0.9
finished d5blade02 1504270513 233 0.95
finished d5blade02 1504270513 233 0.25
finished d5blade02 1504270513 233 0.35
finished d5blade02 1504270513 233 0.5
finished d5blade02 1504270513 233 0.45
finished d5blade02 1504270513 233 0.55
finished d5blade02 1504270513 233 0.3
finished d5blade02 1504270513 233 0.8
finished d5blade02 1504270513 233 0.15
finished d5blade02 1504270513 233 0.65
finished d5blade02 1504270513 233 0.85
finished d5blade02 1504270513 233 0.6
finished d5blade02 1504270513 233 0.75
finished d5blade02 1504270513 234 0.5
finished d5blade02 1504270513 234 0.95
finished d5blade02 1504270513 234 0.1
finished d5blade02 1504270513 234 0.65
finished d5blade02 1504270513 234 0.2
finished d5blade02 1504270513 234 0.8
finished d5blade02 1504270513 234 0.3
finished d5blade02 1504270513 234 0.05
finished d5blade02 1504270513 234 0.15
finished d5blade02 1504270513 234 0.35
finished d5blade02 1504270513 234 0.9
finished d5blade02 1504270513 234 0.01
finished d5blade02 1504270513 234 0.6
finished d5blade02 1504270513 234 0.45
finished d5blade02 1504270513 234 0.85
finished d5blade02 1504270513 234 0.75
finished d5blade02 1504270513 234 0.55
finished d5blade02 1504270513 234 0.25
finished d5blade02 1504270513 234 0.4
finished d5blade02 1504270513 234 0.7
finished d5blade02 1504270513 235 0.6
finished d5blade02 1504270513 235 0.9
finished d5blade02 1504270513 235 0.95
finished d5blade02 1504270513 235 0.05
finished d5blade02 1504270513 235 0.01
finished d5blade02 1504270513 235 0.15
finished d5blade02 1504270513 235 0.35
finished d5blade02 1504270513 235 0.1
finished d5blade02 1504270513 235 0.85
finished d5blade02 1504270513 235 0.5
finished d5blade02 1504270513 235 0.3
finished d5blade02 1504270513 235 0.25
finished d5blade02 1504270513 235 0.65
finished d5blade02 1504270513 235 0.8
finished d5blade02 1504270513 235 0.75
finished d5blade02 1504270513 235 0.55
finished d5blade02 1504270513 235 0.45
finished d5blade02 1504270513 235 0.4
finished d5blade02 1504270513 235 0.2
finished d5blade02 1504270513 235 0.7
finished d5blade02 1504270513 236 0.7
finished d5blade02 1504270513 236 0.2
finished d5blade02 1504270513 236 0.4
finished d5blade02 1504270513 236 0.5
finished d5blade02 1504270513 236 0.8
finished d5blade02 1504270513 236 0.55
finished d5blade02 1504270513 236 0.35
finished d5blade02 1504270513 236 0.05
finished d5blade02 1504270513 236 0.25
finished d5blade02 1504270513 236 0.1
finished d5blade02 1504270513 236 0.65
finished d5blade02 1504270513 236 0.01
finished d5blade02 1504270513 236 0.95
finished d5blade02 1504270513 236 0.75
finished d5blade02 1504270513 236 0.3
finished d5blade02 1504270513 236 0.85
finished d5blade02 1504270513 236 0.15
finished d5blade02 1504270513 236 0.9
finished d5blade02 1504270513 236 0.6
finished d5blade02 1504270513 236 0.45
finished d5blade02 1504270513 237 0.25
finished d5blade02 1504270513 237 0.65
finished d5blade02 1504270513 237 0.8
finished d5blade02 1504270513 237 0.35
finished d5blade02 1504270513 237 0.4
finished d5blade02 1504270513 237 0.45
finished d5blade02 1504270513 237 0.75
finished d5blade02 1504270513 237 0.5
finished d5blade02 1504270513 237 0.7
finished d5blade02 1504270513 237 0.2
finished d5blade02 1504270513 237 0.6
finished d5blade02 1504270513 237 0.85
finished d5blade02 1504270513 237 0.15
finished d5blade02 1504270513 237 0.9
finished d5blade02 1504270513 237 0.01
finished d5blade02 1504270513 237 0.05
finished d5blade02 1504270513 237 0.3
finished d5blade02 1504270513 237 0.95
finished d5blade02 1504270513 237 0.1
finished d5blade02 1504270513 237 0.55
finished d5blade02 1504270513 238 0.45
finished d5blade02 1504270513 238 0.2
finished d5blade02 1504270513 238 0.6
finished d5blade02 1504270513 238 0.05
finished d5blade02 1504270513 238 0.4
finished d5blade02 1504270513 238 0.9
finished d5blade02 1504270513 238 0.7
finished d5blade02 1504270513 238 0.3
finished d5blade02 1504270513 238 0.1
finished d5blade02 1504270513 238 0.85
finished d5blade02 1504270513 238 0.01
finished d5blade02 1504270513 238 0.95
finished d5blade02 1504270513 238 0.75
finished d5blade02 1504270513 238 0.25
finished d5blade02 1504270513 238 0.65
finished d5blade02 1504270513 238 0.15
finished d5blade02 1504270513 238 0.55
finished d5blade02 1504270513 238 0.5
finished d5blade02 1504270513 238 0.35
finished d5blade02 1504270513 238 0.8
finished d5blade02 1504270513 239 0.65
finished d5blade02 1504270513 239 0.2
finished d5blade02 1504270513 239 0.15
finished d5blade02 1504270513 239 0.6
finished d5blade02 1504270513 239 0.05
finished d5blade02 1504270513 239 0.5
finished d5blade02 1504270513 239 0.25
finished d5blade02 1504270513 239 0.95
finished d5blade02 1504270513 239 0.55
finished d5blade02 1504270513 239 0.85
finished d5blade02 1504270513 239 0.7
finished d5blade02 1504270513 239 0.9
finished d5blade02 1504270513 239 0.45
finished d5blade02 1504270513 239 0.01
finished d5blade02 1504270513 239 0.3
finished d5blade02 1504270513 239 0.1
finished d5blade02 1504270513 239 0.35
finished d5blade02 1504270513 239 0.4
finished d5blade02 1504270513 239 0.75
finished d5blade02 1504270513 239 0.8
finished d5blade02 1504270513 240 0.45
finished d5blade02 1504270513 240 0.8
finished d5blade02 1504270513 240 0.75
finished d5blade02 1504270513 240 0.01
finished d5blade02 1504270513 240 0.7
finished d5blade02 1504270513 240 0.95
finished d5blade02 1504270513 240 0.05
finished d5blade02 1504270513 240 0.1
finished d5blade02 1504270513 240 0.2
finished d5blade02 1504270513 240 0.3
finished d5blade02 1504270513 240 0.5
finished d5blade02 1504270513 240 0.35
finished d5blade02 1504270513 240 0.4
finished d5blade02 1504270513 240 0.15
finished d5blade02 1504270513 240 0.65
finished d5blade02 1504270513 240 0.25
finished d5blade02 1504270513 240 0.6
finished d5blade02 1504270513 240 0.55
finished d5blade02 1504270513 240 0.85
finished d5blade02 1504270513 240 0.9
finished d5blade02 1504270513 241 0.5
finished d5blade02 1504270513 241 0.3
finished d5blade02 1504270513 241 0.2
finished d5blade02 1504270513 241 0.65
finished d5blade02 1504270513 241 0.95
finished d5blade02 1504270513 241 0.05
finished d5blade02 1504270513 241 0.45
finished d5blade02 1504270513 241 0.8
finished d5blade02 1504270513 241 0.55
finished d5blade02 1504270513 241 0.15
finished d5blade02 1504270513 241 0.25
finished d5blade02 1504270513 241 0.1
finished d5blade02 1504270513 241 0.85
finished d5blade02 1504270513 241 0.01
finished d5blade02 1504270513 241 0.35
finished d5blade02 1504270513 241 0.6
finished d5blade02 1504270513 241 0.4
finished d5blade02 1504270513 241 0.7
finished d5blade02 1504270513 241 0.75
finished d5blade02 1504270513 241 0.9
finished d5blade02 1504270513 242 0.5
finished d5blade02 1504270513 242 0.65
finished d5blade02 1504270513 242 0.15
finished d5blade02 1504270513 242 0.75
finished d5blade02 1504270513 242 0.1
finished d5blade02 1504270513 242 0.55
finished d5blade02 1504270513 242 0.9
finished d5blade02 1504270513 242 0.05
finished d5blade02 1504270513 242 0.35
finished d5blade02 1504270513 242 0.8
finished d5blade02 1504270513 242 0.01
finished d5blade02 1504270513 242 0.3
finished d5blade02 1504270513 242 0.25
finished d5blade02 1504270513 242 0.7
finished d5blade02 1504270513 242 0.45
finished d5blade02 1504270513 242 0.2
finished d5blade02 1504270513 242 0.85
finished d5blade02 1504270513 242 0.95
finished d5blade02 1504270513 242 0.6
finished d5blade02 1504270513 242 0.4
finished d5blade02 1504270513 243 0.3
finished d5blade02 1504270513 243 0.4
finished d5blade02 1504270513 243 0.6
finished d5blade02 1504270513 243 0.01
finished d5blade02 1504270513 243 0.7
finished d5blade02 1504270513 243 0.05
finished d5blade02 1504270513 243 0.85
finished d5blade02 1504270513 243 0.15
finished d5blade02 1504270513 243 0.1
finished d5blade02 1504270513 243 0.75
finished d5blade02 1504270513 243 0.45
finished d5blade02 1504270513 243 0.9
finished d5blade02 1504270513 243 0.55
finished d5blade02 1504270513 243 0.35
finished d5blade02 1504270513 243 0.8
finished d5blade02 1504270513 243 0.65
finished d5blade02 1504270513 243 0.25
finished d5blade02 1504270513 243 0.95
finished d5blade02 1504270513 243 0.5
finished d5blade02 1504270513 243 0.2
finished d5blade02 1504270513 244 0.65
finished d5blade02 1504270513 244 0.1
finished d5blade02 1504270513 244 0.2
finished d5blade02 1504270513 244 0.85
finished d5blade02 1504270513 244 0.01
finished d5blade02 1504270513 244 0.45
finished d5blade02 1504270513 244 0.15
finished d5blade02 1504270513 244 0.05
finished d5blade02 1504270513 244 0.8
finished d5blade02 1504270513 244 0.5
finished d5blade02 1504270513 244 0.25
finished d5blade02 1504270513 244 0.7
finished d5blade02 1504270513 244 0.6
finished d5blade02 1504270513 244 0.95
finished d5blade02 1504270513 244 0.35
finished d5blade02 1504270513 244 0.9
finished d5blade02 1504270513 244 0.75
finished d5blade02 1504270513 244 0.3
finished d5blade02 1504270513 244 0.55
finished d5blade02 1504270513 244 0.4
finished d5blade02 1504270513 245 0.9
finished d5blade02 1504270513 245 0.95
finished d5blade02 1504270513 245 0.5
finished d5blade02 1504270513 245 0.1
finished d5blade02 1504270513 245 0.3
finished d5blade02 1504270513 245 0.45
finished d5blade02 1504270513 245 0.05
finished d5blade02 1504270513 245 0.65
finished d5blade02 1504270513 245 0.75
finished d5blade02 1504270513 245 0.35
finished d5blade02 1504270513 245 0.6
finished d5blade02 1504270513 245 0.4
finished d5blade02 1504270513 245 0.01
finished d5blade02 1504270513 245 0.7
finished d5blade02 1504270513 245 0.2
finished d5blade02 1504270513 245 0.15
finished d5blade02 1504270513 245 0.8
finished d5blade02 1504270513 245 0.25
finished d5blade02 1504270513 245 0.55
finished d5blade02 1504270513 245 0.85
finished d5blade02 1504270513 246 0.2
finished d5blade02 1504270513 246 0.15
finished d5blade02 1504270513 246 0.3
finished d5blade02 1504270513 246 0.1
finished d5blade02 1504270513 246 0.55
finished d5blade02 1504270513 246 0.75
finished d5blade02 1504270513 246 0.01
finished d5blade02 1504270513 246 0.4
finished d5blade02 1504270513 246 0.8
finished d5blade02 1504270513 246 0.9
finished d5blade02 1504270513 246 0.35
finished d5blade02 1504270513 246 0.05
finished d5blade02 1504270513 246 0.45
finished d5blade02 1504270513 246 0.7
finished d5blade02 1504270513 246 0.6
finished d5blade02 1504270513 246 0.25
finished d5blade02 1504270513 246 0.5
finished d5blade02 1504270513 246 0.95
finished d5blade02 1504270513 246 0.65
finished d5blade02 1504270513 246 0.85
finished d5blade02 1504270513 247 0.5
finished d5blade02 1504270513 247 0.01
finished d5blade02 1504270513 247 0.7
finished d5blade02 1504270513 247 0.05
finished d5blade02 1504270513 247 0.95
finished d5blade02 1504270513 247 0.3
finished d5blade02 1504270513 247 0.1
finished d5blade02 1504270513 247 0.8
finished d5blade02 1504270513 247 0.35
finished d5blade02 1504270513 247 0.6
finished d5blade02 1504270513 247 0.25
finished d5blade02 1504270513 247 0.55
finished d5blade02 1504270513 247 0.2
finished d5blade02 1504270513 247 0.15
finished d5blade02 1504270513 247 0.9
finished d5blade02 1504270513 247 0.45
finished d5blade02 1504270513 247 0.85
finished d5blade02 1504270513 247 0.65
finished d5blade02 1504270513 247 0.4
finished d5blade02 1504270513 247 0.75
finished d5blade02 1504270513 248 0.5
finished d5blade02 1504270513 248 0.4
finished d5blade02 1504270513 248 0.05
finished d5blade02 1504270513 248 0.01
finished d5blade02 1504270513 248 0.25
finished d5blade02 1504270513 248 0.7
finished d5blade02 1504270513 248 0.75
finished d5blade02 1504270513 248 0.85
finished d5blade02 1504270513 248 0.2
finished d5blade02 1504270513 248 0.3
finished d5blade02 1504270513 248 0.1
finished d5blade02 1504270513 248 0.65
finished d5blade02 1504270513 248 0.35
finished d5blade02 1504270513 248 0.9
finished d5blade02 1504270513 248 0.15
finished d5blade02 1504270513 248 0.8
finished d5blade02 1504270513 248 0.45
finished d5blade02 1504270513 248 0.6
finished d5blade02 1504270513 248 0.55
finished d5blade02 1504270513 248 0.95
finished d5blade02 1504270513 249 0.9
finished d5blade02 1504270513 249 0.3
finished d5blade02 1504270513 249 0.6
finished d5blade02 1504270513 249 0.01
finished d5blade02 1504270513 249 0.65
finished d5blade02 1504270513 249 0.1
finished d5blade02 1504270513 249 0.75
finished d5blade02 1504270513 249 0.15
finished d5blade02 1504270513 249 0.8
finished d5blade02 1504270513 249 0.25
finished d5blade02 1504270513 249 0.95
finished d5blade02 1504270513 249 0.55
finished d5blade02 1504270513 249 0.4
finished d5blade02 1504270513 249 0.05
finished d5blade02 1504270513 249 0.85
finished d5blade02 1504270513 249 0.45
finished d5blade02 1504270513 249 0.2
finished d5blade02 1504270513 249 0.7
finished d5blade02 1504270513 249 0.35
finished d5blade02 1504270513 250 0.65
finished d5blade02 1504270513 250 0.1
finished d5blade02 1504270513 250 0.75
finished d5blade02 1504270513 250 0.85
finished d5blade02 1504270513 250 0.6
finished d5blade02 1504270513 250 0.95
finished d5blade02 1504270513 250 0.5
finished d5blade02 1504270513 250 0.7
finished d5blade02 1504270513 250 0.3
finished d5blade02 1504270513 250 0.25
finished d5blade02 1504270513 250 0.8
finished d5blade02 1504270513 250 0.05
finished d5blade02 1504270513 250 0.01
finished d5blade02 1504270513 250 0.15
finished d5blade02 1504270513 250 0.4
finished d5blade02 1504270513 250 0.35
finished d5blade02 1504270513 250 0.45
finished d5blade02 1504270513 250 0.2
finished d5blade02 1504270513 250 0.55
finished d5blade02 1504270513 250 0.9
finished d5blade02 1504270513 251 0.85
finished d5blade02 1504270513 251 0.55
finished d5blade02 1504270513 251 0.3
finished d5blade02 1504270513 251 0.4
finished d5blade02 1504270513 251 0.65
finished d5blade02 1504270513 251 0.7
finished d5blade02 1504270513 251 0.45
finished d5blade02 1504270513 251 0.15
finished d5blade02 1504270513 251 0.01
finished d5blade02 1504270513 251 0.2
finished d5blade02 1504270513 251 0.25
finished d5blade02 1504270513 251 0.75
finished d5blade02 1504270513 251 0.05
finished d5blade02 1504270513 251 0.1
finished d5blade02 1504270513 251 0.8
finished d5blade02 1504270513 251 0.5
finished d5blade02 1504270513 251 0.9
finished d5blade02 1504270513 251 0.35
finished d5blade02 1504270513 251 0.95
finished d5blade02 1504270513 251 0.6
finished d5blade02 1504270513 252 0.9
finished d5blade02 1504270513 252 0.4
finished d5blade02 1504270513 252 0.3
finished d5blade02 1504270513 252 0.7
finished d5blade02 1504270513 252 0.45
finished d5blade02 1504270513 252 0.2
finished d5blade02 1504270513 252 0.25
finished d5blade02 1504270513 252 0.75
finished d5blade02 1504270513 252 0.5
finished d5blade02 1504270513 252 0.15
finished d5blade02 1504270513 252 0.55
finished d5blade02 1504270513 252 0.95
finished d5blade02 1504270513 252 0.65
finished d5blade02 1504270513 252 0.6
finished d5blade02 1504270513 252 0.35
finished d5blade02 1504270513 252 0.8
finished d5blade02 1504270513 252 0.05
finished d5blade02 1504270513 252 0.85
finished d5blade02 1504270513 252 0.01
finished d5blade02 1504270513 252 0.1
finished d5blade02 1504270513 253 0.35
finished d5blade02 1504270513 253 0.5
finished d5blade02 1504270513 253 0.25
finished d5blade02 1504270513 253 0.05
finished d5blade02 1504270513 253 0.85
finished d5blade02 1504270513 253 0.01
finished d5blade02 1504270513 253 0.45
finished d5blade02 1504270513 253 0.2
finished d5blade02 1504270513 253 0.1
finished d5blade02 1504270513 253 0.75
finished d5blade02 1504270513 253 0.65
finished d5blade02 1504270513 253 0.6
finished d5blade02 1504270513 253 0.15
finished d5blade02 1504270513 253 0.9
finished d5blade02 1504270513 253 0.55
finished d5blade02 1504270513 253 0.95
finished d5blade02 1504270513 253 0.4
finished d5blade02 1504270513 253 0.8
finished d5blade02 1504270513 253 0.3
finished d5blade02 1504270513 253 0.7
finished d5blade02 1504270513 254 0.35
finished d5blade02 1504270513 254 0.9
finished d5blade02 1504270513 254 0.65
finished d5blade02 1504270513 254 0.1
finished d5blade02 1504270513 254 0.95
finished d5blade02 1504270513 254 0.05
finished d5blade02 1504270513 254 0.55
finished d5blade02 1504270513 254 0.5
finished d5blade02 1504270513 254 0.85
finished d5blade02 1504270513 254 0.3
finished d5blade02 1504270513 254 0.4
finished d5blade02 1504270513 254 0.15
finished d5blade02 1504270513 254 0.01
finished d5blade02 1504270513 254 0.7
finished d5blade02 1504270513 254 0.8
finished d5blade02 1504270513 254 0.45
finished d5blade02 1504270513 254 0.25
finished d5blade02 1504270513 254 0.2
finished d5blade02 1504270513 254 0.6
finished d5blade02 1504270513 254 0.75
finished d5blade02 1504270513 255 0.05
finished d5blade02 1504270513 255 0.85
finished d5blade02 1504270513 255 0.8
finished d5blade02 1504270513 255 0.25
finished d5blade02 1504270513 255 0.4
finished d5blade02 1504270513 255 0.15
finished d5blade02 1504270513 255 0.01
finished d5blade02 1504270513 255 0.95
finished d5blade02 1504270513 255 0.5
finished d5blade02 1504270513 255 0.2
finished d5blade02 1504270513 255 0.9
finished d5blade02 1504270513 255 0.65
finished d5blade02 1504270513 255 0.7
finished d5blade02 1504270513 255 0.1
finished d5blade02 1504270513 255 0.55
finished d5blade02 1504270513 255 0.75
finished d5blade02 1504270513 255 0.6
finished d5blade02 1504270513 255 0.35
finished d5blade02 1504270513 255 0.45
finished d5blade02 1504270513 255 0.3
finished d5blade02 1504270513 256 0.2
finished d5blade02 1504270513 256 0.15
finished d5blade02 1504270513 256 0.3
finished d5blade02 1504270513 256 0.65
finished d5blade02 1504270513 256 0.55
finished d5blade02 1504270513 256 0.01
finished d5blade02 1504270513 256 0.75
finished d5blade02 1504270513 256 0.05
finished d5blade02 1504270513 256 0.25
finished d5blade02 1504270513 256 0.35
finished d5blade02 1504270513 256 0.95
finished d5blade02 1504270513 256 0.85
finished d5blade02 1504270513 256 0.5
finished d5blade02 1504270513 256 0.4
finished d5blade02 1504270513 256 0.7
finished d5blade02 1504270513 256 0.1
finished d5blade02 1504270513 256 0.8
finished d5blade02 1504270513 256 0.45
finished d5blade02 1504270513 256 0.6
finished d5blade02 1504270513 256 0.9
finished d5blade02 1504270513 257 0.15
finished d5blade02 1504270513 257 0.45
finished d5blade02 1504270513 257 0.9
finished d5blade02 1504270513 257 0.05
finished d5blade02 1504270513 257 0.6
finished d5blade02 1504270513 257 0.65
finished d5blade02 1504270513 257 0.01
finished d5blade02 1504270513 257 0.7
finished d5blade02 1504270513 257 0.1
finished d5blade02 1504270513 257 0.85
finished d5blade02 1504270513 257 0.25
finished d5blade02 1504270513 257 0.35
finished d5blade02 1504270513 257 0.3
finished d5blade02 1504270513 257 0.5
finished d5blade02 1504270513 257 0.75
finished d5blade02 1504270513 257 0.4
finished d5blade02 1504270513 257 0.95
finished d5blade02 1504270513 257 0.2
finished d5blade02 1504270513 257 0.55
finished d5blade02 1504270513 257 0.8
finished d5blade02 1504270513 258 0.8
finished d5blade02 1504270513 258 0.3
finished d5blade02 1504270513 258 0.15
finished d5blade02 1504270513 258 0.05
finished d5blade02 1504270513 258 0.4
finished d5blade02 1504270513 258 0.25
finished d5blade02 1504270513 258 0.95
finished d5blade02 1504270513 258 0.85
finished d5blade02 1504270513 258 0.01
finished d5blade02 1504270513 258 0.6
finished d5blade02 1504270513 258 0.45
finished d5blade02 1504270513 258 0.7
finished d5blade02 1504270513 258 0.35
finished d5blade02 1504270513 258 0.75
finished d5blade02 1504270513 258 0.5
finished d5blade02 1504270513 258 0.1
finished d5blade02 1504270513 258 0.2
finished d5blade02 1504270513 258 0.9
finished d5blade02 1504270513 258 0.55
finished d5blade02 1504270513 258 0.65
finished d5blade02 1504270513 259 0.15
finished d5blade02 1504270513 259 0.1
finished d5blade02 1504270513 259 0.6
finished d5blade02 1504270513 259 0.35
finished d5blade02 1504270513 259 0.25
finished d5blade02 1504270513 259 0.7
finished d5blade02 1504270513 259 0.75
finished d5blade02 1504270513 259 0.65
finished d5blade02 1504270513 259 0.01
finished d5blade02 1504270513 259 0.2
finished d5blade02 1504270513 259 0.5
finished d5blade02 1504270513 259 0.95
finished d5blade02 1504270513 259 0.55
finished d5blade02 1504270513 259 0.05
finished d5blade02 1504270513 259 0.85
finished d5blade02 1504270513 259 0.45
finished d5blade02 1504270513 259 0.3
finished d5blade02 1504270513 259 0.9
finished d5blade02 1504270513 259 0.8
finished d5blade02 1504270513 259 0.4
finished d5blade02 1504270513 260 0.3
finished d5blade02 1504270513 260 0.8
finished d5blade02 1504270513 260 0.6
finished d5blade02 1504270513 260 0.7
finished d5blade02 1504270513 260 0.65
finished d5blade02 1504270513 260 0.75
finished d5blade02 1504270513 260 0.45
finished d5blade02 1504270513 260 0.5
finished d5blade02 1504270513 260 0.15
finished d5blade02 1504270513 260 0.1
finished d5blade02 1504270513 260 0.95
finished d5blade02 1504270513 260 0.35
finished d5blade02 1504270513 260 0.2
finished d5blade02 1504270513 260 0.85
finished d5blade02 1504270513 260 0.05
finished d5blade02 1504270513 260 0.55
finished d5blade02 1504270513 260 0.01
finished d5blade02 1504270513 260 0.9
finished d5blade02 1504270513 260 0.4
finished d5blade02 1504270513 260 0.25
finished d5blade02 1504270513 261 0.55
finished d5blade02 1504270513 261 0.4
finished d5blade02 1504270513 261 0.35
finished d5blade02 1504270513 261 0.6
finished d5blade02 1504270513 261 0.5
finished d5blade02 1504270513 261 0.65
finished d5blade02 1504270513 261 0.01
finished d5blade02 1504270513 261 0.25
finished d5blade02 1504270513 261 0.7
finished d5blade02 1504270513 261 0.95
finished d5blade02 1504270513 261 0.3
finished d5blade02 1504270513 261 0.45
finished d5blade02 1504270513 261 0.05
finished d5blade02 1504270513 261 0.9
finished d5blade02 1504270513 261 0.75
finished d5blade02 1504270513 261 0.1
finished d5blade02 1504270513 261 0.8
finished d5blade02 1504270513 261 0.15
finished d5blade02 1504270513 261 0.85
finished d5blade02 1504270513 261 0.2
finished d5blade02 1504270513 262 0.55
finished d5blade02 1504270513 262 0.3
finished d5blade02 1504270513 262 0.85
finished d5blade02 1504270513 262 0.1
finished d5blade02 1504270513 262 0.2
finished d5blade02 1504270513 262 0.01
finished d5blade02 1504270513 262 0.5
finished d5blade02 1504270513 262 0.7
finished d5blade02 1504270513 262 0.35
finished d5blade02 1504270513 262 0.6
finished d5blade02 1504270513 262 0.05
finished d5blade02 1504270513 262 0.75
finished d5blade02 1504270513 262 0.95
finished d5blade02 1504270513 262 0.15
finished d5blade02 1504270513 262 0.8
finished d5blade02 1504270513 262 0.4
finished d5blade02 1504270513 262 0.45
finished d5blade02 1504270513 262 0.25
finished d5blade02 1504270513 262 0.9
finished d5blade02 1504270513 262 0.65
finished d5blade02 1504270513 263 0.8
finished d5blade02 1504270513 263 0.75
finished d5blade02 1504270513 263 0.25
finished d5blade02 1504270513 263 0.01
finished d5blade02 1504270513 263 0.95
finished d5blade02 1504270513 263 0.4
finished d5blade02 1504270513 263 0.35
finished d5blade02 1504270513 263 0.45
finished d5blade02 1504270513 263 0.9
finished d5blade02 1504270513 263 0.3
finished d5blade02 1504270513 263 0.6
finished d5blade02 1504270513 263 0.5
finished d5blade02 1504270513 263 0.7
finished d5blade02 1504270513 263 0.55
finished d5blade02 1504270513 263 0.1
finished d5blade02 1504270513 263 0.15
finished d5blade02 1504270513 263 0.65
finished d5blade02 1504270513 263 0.85
finished d5blade02 1504270513 263 0.05
finished d5blade02 1504270513 263 0.2
finished d5blade02 1504270513 264 0.2
finished d5blade02 1504270513 264 0.01
finished d5blade02 1504270513 264 0.1
finished d5blade02 1504270513 264 0.3
finished d5blade02 1504270513 264 0.6
finished d5blade02 1504270513 264 0.65
finished d5blade02 1504270513 264 0.9
finished d5blade02 1504270513 264 0.4
finished d5blade02 1504270513 264 0.05
finished d5blade02 1504270513 264 0.55
finished d5blade02 1504270513 264 0.95
finished d5blade02 1504270513 264 0.15
finished d5blade02 1504270513 264 0.7
finished d5blade02 1504270513 264 0.75
finished d5blade02 1504270513 264 0.35
finished d5blade02 1504270513 264 0.25
finished d5blade02 1504270513 264 0.85
finished d5blade02 1504270513 264 0.8
finished d5blade02 1504270513 264 0.5
finished d5blade02 1504270513 264 0.45
finished d5blade02 1504270513 265 0.2
finished d5blade02 1504270513 265 0.01
finished d5blade02 1504270513 265 0.9
finished d5blade02 1504270513 265 0.05
finished d5blade02 1504270513 265 0.75
finished d5blade02 1504270513 265 0.8
finished d5blade02 1504270513 265 0.55
finished d5blade02 1504270513 265 0.4
finished d5blade02 1504270513 265 0.3
finished d5blade02 1504270513 265 0.7
finished d5blade02 1504270513 265 0.85
finished d5blade02 1504270513 265 0.65
finished d5blade02 1504270513 265 0.6
finished d5blade02 1504270513 265 0.35
finished d5blade02 1504270513 265 0.25
finished d5blade02 1504270513 265 0.5
finished d5blade02 1504270513 265 0.45
finished d5blade02 1504270513 265 0.1
finished d5blade02 1504270513 265 0.15
finished d5blade02 1504270513 265 0.95
finished d5blade02 1504270513 266 0.25
finished d5blade02 1504270513 266 0.65
finished d5blade02 1504270513 266 0.01
finished d5blade02 1504270513 266 0.75
finished d5blade02 1504270513 266 0.3
finished d5blade02 1504270513 266 0.1
finished d5blade02 1504270513 266 0.35
finished d5blade02 1504270513 266 0.4
finished d5blade02 1504270513 266 0.85
finished d5blade02 1504270513 266 0.15
finished d5blade02 1504270513 266 0.05
finished d5blade02 1504270513 266 0.7
finished d5blade02 1504270513 266 0.5
finished d5blade02 1504270513 266 0.55
finished d5blade02 1504270513 266 0.2
finished d5blade02 1504270513 266 0.8
finished d5blade02 1504270513 266 0.45
finished d5blade02 1504270513 266 0.6
finished d5blade02 1504270513 266 0.9
finished d5blade02 1504270513 266 0.95
finished d5blade02 1504270513 267 0.7
finished d5blade02 1504270513 267 0.85
finished d5blade02 1504270513 267 0.05
finished d5blade02 1504270513 267 0.1
finished d5blade02 1504270513 267 0.5
finished d5blade02 1504270513 267 0.9
finished d5blade02 1504270513 267 0.4
finished d5blade02 1504270513 267 0.6
finished d5blade02 1504270513 267 0.01
finished d5blade02 1504270513 267 0.2
finished d5blade02 1504270513 267 0.65
finished d5blade02 1504270513 267 0.25
finished d5blade02 1504270513 267 0.3
finished d5blade02 1504270513 267 0.35
finished d5blade02 1504270513 267 0.75
finished d5blade02 1504270513 267 0.55
finished d5blade02 1504270513 267 0.45
finished d5blade02 1504270513 267 0.95
finished d5blade02 1504270513 267 0.8
finished d5blade02 1504270513 267 0.15
finished d5blade02 1504270513 268 0.05
finished d5blade02 1504270513 268 0.2
finished d5blade02 1504270513 268 0.75
finished d5blade02 1504270513 268 0.01
finished d5blade02 1504270513 268 0.25
finished d5blade02 1504270513 268 0.85
finished d5blade02 1504270513 268 0.5
finished d5blade02 1504270513 268 0.95
finished d5blade02 1504270513 268 0.1
finished d5blade02 1504270513 268 0.15
finished d5blade02 1504270513 268 0.7
finished d5blade02 1504270513 268 0.45
finished d5blade02 1504270513 268 0.35
finished d5blade02 1504270513 268 0.55
finished d5blade02 1504270513 268 0.6
finished d5blade02 1504270513 268 0.65
finished d5blade02 1504270513 268 0.8
finished d5blade02 1504270513 268 0.3
finished d5blade02 1504270513 268 0.9
finished d5blade02 1504270513 268 0.4
finished d5blade02 1504270513 269 0.05
finished d5blade02 1504270513 269 0.1
finished d5blade02 1504270513 269 0.25
finished d5blade02 1504270513 269 0.5
finished d5blade02 1504270513 269 0.75
finished d5blade02 1504270513 269 0.8
finished d5blade02 1504270513 269 0.6
finished d5blade02 1504270513 269 0.35
finished d5blade02 1504270513 269 0.7
finished d5blade02 1504270513 269 0.2
finished d5blade02 1504270513 269 0.15
finished d5blade02 1504270513 269 0.9
finished d5blade02 1504270513 269 0.55
finished d5blade02 1504270513 269 0.01
finished d5blade02 1504270513 269 0.45
finished d5blade02 1504270513 269 0.3
finished d5blade02 1504270513 269 0.95
finished d5blade02 1504270513 269 0.65
finished d5blade02 1504270513 269 0.85
finished d5blade02 1504270513 269 0.4
finished d5blade02 1504270513 270 0.25
finished d5blade02 1504270513 270 0.35
finished d5blade02 1504270513 270 0.3
finished d5blade02 1504270513 270 0.01
finished d5blade02 1504270513 270 0.5
finished d5blade02 1504270513 270 0.05
finished d5blade02 1504270513 270 0.8
finished d5blade02 1504270513 270 0.7
finished d5blade02 1504270513 270 0.55
finished d5blade02 1504270513 270 0.4
finished d5blade02 1504270513 270 0.75
finished d5blade02 1504270513 270 0.2
finished d5blade02 1504270513 270 0.15
finished d5blade02 1504270513 270 0.45
finished d5blade02 1504270513 270 0.95
finished d5blade02 1504270513 270 0.1
finished d5blade02 1504270513 270 0.65
finished d5blade02 1504270513 270 0.9
finished d5blade02 1504270513 270 0.6
finished d5blade02 1504270513 270 0.85
finished d5blade02 1504270513 271 0.05
finished d5blade02 1504270513 271 0.2
finished d5blade02 1504270513 271 0.6
finished d5blade02 1504270513 271 0.15
finished d5blade02 1504270513 271 0.3
finished d5blade02 1504270513 271 0.1
finished d5blade02 1504270513 271 0.7
finished d5blade02 1504270513 271 0.01
finished d5blade02 1504270513 271 0.55
finished d5blade02 1504270513 271 0.5
finished d5blade02 1504270513 271 0.65
finished d5blade02 1504270513 271 0.45
finished d5blade02 1504270513 271 0.25
finished d5blade02 1504270513 271 0.9
finished d5blade02 1504270513 271 0.95
finished d5blade02 1504270513 271 0.85
finished d5blade02 1504270513 271 0.75
finished d5blade02 1504270513 271 0.4
finished d5blade02 1504270513 271 0.8
finished d5blade02 1504270513 271 0.35
finished d5blade02 1504270513 272 0.15
finished d5blade02 1504270513 272 0.85
finished d5blade02 1504270513 272 0.25
finished d5blade02 1504270513 272 0.9
finished d5blade02 1504270513 272 0.8
finished d5blade02 1504270513 272 0.75
finished d5blade02 1504270513 272 0.65
finished d5blade02 1504270513 272 0.55
finished d5blade02 1504270513 272 0.1
finished d5blade02 1504270513 272 0.4
finished d5blade02 1504270513 272 0.5
finished d5blade02 1504270513 272 0.45
finished d5blade02 1504270513 272 0.2
finished d5blade02 1504270513 272 0.05
finished d5blade02 1504270513 272 0.01
finished d5blade02 1504270513 272 0.3
finished d5blade02 1504270513 272 0.35
finished d5blade02 1504270513 272 0.6
finished d5blade02 1504270513 272 0.7
finished d5blade02 1504270513 272 0.95
finished d5blade02 1504270513 273 0.01
finished d5blade02 1504270513 273 0.3
finished d5blade02 1504270513 273 0.05
finished d5blade02 1504270513 273 0.1
finished d5blade02 1504270513 273 0.25
finished d5blade02 1504270513 273 0.55
finished d5blade02 1504270513 273 0.75
finished d5blade02 1504270513 273 0.7
finished d5blade02 1504270513 273 0.35
finished d5blade02 1504270513 273 0.95
finished d5blade02 1504270513 273 0.9
finished d5blade02 1504270513 273 0.4
finished d5blade02 1504270513 273 0.45
finished d5blade02 1504270513 273 0.5
finished d5blade02 1504270513 273 0.65
finished d5blade02 1504270513 273 0.8
finished d5blade02 1504270513 273 0.6
finished d5blade02 1504270513 273 0.2
finished d5blade02 1504270513 273 0.85
finished d5blade02 1504270513 274 0.1
finished d5blade02 1504270513 274 0.6
finished d5blade02 1504270513 274 0.35
finished d5blade02 1504270513 274 0.15
finished d5blade02 1504270513 274 0.9
finished d5blade02 1504270513 274 0.55
finished d5blade02 1504270513 274 0.01
finished d5blade02 1504270513 274 0.05
finished d5blade02 1504270513 274 0.3
finished d5blade02 1504270513 274 0.7
finished d5blade02 1504270513 274 0.8
finished d5blade02 1504270513 274 0.45
finished d5blade02 1504270513 274 0.5
finished d5blade02 1504270513 274 0.2
finished d5blade02 1504270513 274 0.25
finished d5blade02 1504270513 274 0.95
finished d5blade02 1504270513 274 0.85
finished d5blade02 1504270513 274 0.4
finished d5blade02 1504270513 274 0.75
finished d5blade02 1504270513 274 0.65
finished d5blade02 1504270513 275 0.01
finished d5blade02 1504270513 275 0.15
finished d5blade02 1504270513 275 0.7
finished d5blade02 1504270513 275 0.2
finished d5blade02 1504270513 275 0.5
finished d5blade02 1504270513 275 0.1
finished d5blade02 1504270513 275 0.6
finished d5blade02 1504270513 275 0.9
finished d5blade02 1504270513 275 0.05
finished d5blade02 1504270513 275 0.95
finished d5blade02 1504270513 275 0.35
finished d5blade02 1504270513 275 0.45
finished d5blade02 1504270513 275 0.25
finished d5blade02 1504270513 275 0.65
finished d5blade02 1504270513 275 0.75
finished d5blade02 1504270513 275 0.4
finished d5blade02 1504270513 275 0.85
finished d5blade02 1504270513 275 0.8
finished d5blade02 1504270513 275 0.3
finished d5blade02 1504270513 275 0.55
finished d5blade02 1504270513 276 0.05
finished d5blade02 1504270513 276 0.95
finished d5blade02 1504270513 276 0.8
finished d5blade02 1504270513 276 0.65
finished d5blade02 1504270513 276 0.45
finished d5blade02 1504270513 276 0.01
finished d5blade02 1504270513 276 0.2
finished d5blade02 1504270513 276 0.9
finished d5blade02 1504270513 276 0.55
finished d5blade02 1504270513 276 0.4
finished d5blade02 1504270513 276 0.75
finished d5blade02 1504270513 276 0.5
finished d5blade02 1504270513 276 0.25
finished d5blade02 1504270513 276 0.3
finished d5blade02 1504270513 276 0.15
finished d5blade02 1504270513 276 0.35
finished d5blade02 1504270513 276 0.1
finished d5blade02 1504270513 276 0.6
finished d5blade02 1504270513 276 0.7
finished d5blade02 1504270513 276 0.85
finished d5blade02 1504270513 277 0.4
finished d5blade02 1504270513 277 0.15
finished d5blade02 1504270513 277 0.1
finished d5blade02 1504270513 277 0.45
finished d5blade02 1504270513 277 0.75
finished d5blade02 1504270513 277 0.2
finished d5blade02 1504270513 277 0.35
finished d5blade02 1504270513 277 0.65
finished d5blade02 1504270513 277 0.7
finished d5blade02 1504270513 277 0.01
finished d5blade02 1504270513 277 0.5
finished d5blade02 1504270513 277 0.05
finished d5blade02 1504270513 277 0.8
finished d5blade02 1504270513 277 0.95
finished d5blade02 1504270513 277 0.55
finished d5blade02 1504270513 277 0.85
finished d5blade02 1504270513 277 0.6
finished d5blade02 1504270513 277 0.25
finished d5blade02 1504270513 277 0.9
finished d5blade02 1504270513 277 0.3
finished d5blade02 1504270513 278 0.95
finished d5blade02 1504270513 278 0.65
finished d5blade02 1504270513 278 0.6
finished d5blade02 1504270513 278 0.1
finished d5blade02 1504270513 278 0.4
finished d5blade02 1504270513 278 0.01
finished d5blade02 1504270513 278 0.7
finished d5blade02 1504270513 278 0.35
finished d5blade02 1504270513 278 0.45
finished d5blade02 1504270513 278 0.05
finished d5blade02 1504270513 278 0.25
finished d5blade02 1504270513 278 0.15
finished d5blade02 1504270513 278 0.55
finished d5blade02 1504270513 278 0.85
finished d5blade02 1504270513 278 0.9
finished d5blade02 1504270513 278 0.2
finished d5blade02 1504270513 278 0.75
finished d5blade02 1504270513 278 0.5
finished d5blade02 1504270513 278 0.8
finished d5blade02 1504270513 278 0.3
finished d5blade02 1504270513 279 0.75
finished d5blade02 1504270513 279 0.6
finished d5blade02 1504270513 279 0.9
finished d5blade02 1504270513 279 0.01
finished d5blade02 1504270513 279 0.35
finished d5blade02 1504270513 279 0.4
finished d5blade02 1504270513 279 0.1
finished d5blade02 1504270513 279 0.05
finished d5blade02 1504270513 279 0.8
finished d5blade02 1504270513 279 0.55
finished d5blade02 1504270513 279 0.15
finished d5blade02 1504270513 279 0.65
finished d5blade02 1504270513 279 0.7
finished d5blade02 1504270513 279 0.3
finished d5blade02 1504270513 279 0.5
finished d5blade02 1504270513 279 0.2
finished d5blade02 1504270513 279 0.85
finished d5blade02 1504270513 279 0.45
finished d5blade02 1504270513 279 0.25
finished d5blade02 1504270513 279 0.95
finished d5blade02 1504270513 280 0.75
finished d5blade02 1504270513 280 0.65
finished d5blade02 1504270513 280 0.7
finished d5blade02 1504270513 280 0.3
finished d5blade02 1504270513 280 0.2
finished d5blade02 1504270513 280 0.1
finished d5blade02 1504270513 280 0.9
finished d5blade02 1504270513 280 0.01
finished d5blade02 1504270513 280 0.85
finished d5blade02 1504270513 280 0.15
finished d5blade02 1504270513 280 0.35
finished d5blade02 1504270513 280 0.05
finished d5blade02 1504270513 280 0.8
finished d5blade02 1504270513 280 0.55
finished d5blade02 1504270513 280 0.25
finished d5blade02 1504270513 280 0.6
finished d5blade02 1504270513 280 0.5
finished d5blade02 1504270513 280 0.4
finished d5blade02 1504270513 280 0.45
finished d5blade02 1504270513 280 0.95
finished d5blade02 1504270513 281 0.35
finished d5blade02 1504270513 281 0.75
finished d5blade02 1504270513 281 0.01
finished d5blade02 1504270513 281 0.5
finished d5blade02 1504270513 281 0.7
finished d5blade02 1504270513 281 0.05
finished d5blade02 1504270513 281 0.15
finished d5blade02 1504270513 281 0.9
finished d5blade02 1504270513 281 0.3
finished d5blade02 1504270513 281 0.8
finished d5blade02 1504270513 281 0.55
finished d5blade02 1504270513 281 0.6
finished d5blade02 1504270513 281 0.85
finished d5blade02 1504270513 281 0.2
finished d5blade02 1504270513 281 0.1
finished d5blade02 1504270513 281 0.4
finished d5blade02 1504270513 281 0.95
finished d5blade02 1504270513 281 0.25
finished d5blade02 1504270513 281 0.45
finished d5blade02 1504270513 281 0.65
finished d5blade02 1504270513 282 0.4
finished d5blade02 1504270513 282 0.5
finished d5blade02 1504270513 282 0.2
finished d5blade02 1504270513 282 0.55
finished d5blade02 1504270513 282 0.3
finished d5blade02 1504270513 282 0.45
finished d5blade02 1504270513 282 0.75
finished d5blade02 1504270513 282 0.6
finished d5blade02 1504270513 282 0.05
finished d5blade02 1504270513 282 0.15
finished d5blade02 1504270513 282 0.1
finished d5blade02 1504270513 282 0.8
finished d5blade02 1504270513 282 0.7
finished d5blade02 1504270513 282 0.01
finished d5blade02 1504270513 282 0.25
finished d5blade02 1504270513 282 0.85
finished d5blade02 1504270513 282 0.65
finished d5blade02 1504270513 282 0.35
finished d5blade02 1504270513 282 0.9
finished d5blade02 1504270513 282 0.95
finished d5blade02 1504270513 283 0.65
finished d5blade02 1504270513 283 0.3
finished d5blade02 1504270513 283 0.95
finished d5blade02 1504270513 283 0.85
finished d5blade02 1504270513 283 0.45
finished d5blade02 1504270513 283 0.25
finished d5blade02 1504270513 283 0.05
finished d5blade02 1504270513 283 0.35
finished d5blade02 1504270513 283 0.4
finished d5blade02 1504270513 283 0.8
finished d5blade02 1504270513 283 0.15
finished d5blade02 1504270513 283 0.1
finished d5blade02 1504270513 283 0.5
finished d5blade02 1504270513 283 0.7
finished d5blade02 1504270513 283 0.01
finished d5blade02 1504270513 283 0.2
finished d5blade02 1504270513 283 0.6
finished d5blade02 1504270513 283 0.75
finished d5blade02 1504270513 283 0.55
finished d5blade02 1504270513 283 0.9
finished d5blade02 1504270513 284 0.3
finished d5blade02 1504270513 284 0.85
finished d5blade02 1504270513 284 0.01
finished d5blade02 1504270513 284 0.95
finished d5blade02 1504270513 284 0.6
finished d5blade02 1504270513 284 0.5
finished d5blade02 1504270513 284 0.15
finished d5blade02 1504270513 284 0.1
finished d5blade02 1504270513 284 0.7
finished d5blade02 1504270513 284 0.55
finished d5blade02 1504270513 284 0.4
finished d5blade02 1504270513 284 0.2
finished d5blade02 1504270513 284 0.05
finished d5blade02 1504270513 284 0.65
finished d5blade02 1504270513 284 0.45
finished d5blade02 1504270513 284 0.25
finished d5blade02 1504270513 284 0.8
finished d5blade02 1504270513 284 0.9
finished d5blade02 1504270513 284 0.35
finished d5blade02 1504270513 284 0.75
finished d5blade02 1504270513 285 0.01
finished d5blade02 1504270513 285 0.25
finished d5blade02 1504270513 285 0.1
finished d5blade02 1504270513 285 0.5
finished d5blade02 1504270513 285 0.05
finished d5blade02 1504270513 285 0.75
finished d5blade02 1504270513 285 0.15
finished d5blade02 1504270513 285 0.65
finished d5blade02 1504270513 285 0.4
finished d5blade02 1504270513 285 0.8
finished d5blade02 1504270513 285 0.6
finished d5blade02 1504270513 285 0.35
finished d5blade02 1504270513 285 0.3
finished d5blade02 1504270513 285 0.45
finished d5blade02 1504270513 285 0.55
finished d5blade02 1504270513 285 0.9
finished d5blade02 1504270513 285 0.2
finished d5blade02 1504270513 285 0.85
finished d5blade02 1504270513 286 0.05
finished d5blade02 1504270513 286 0.9
finished d5blade02 1504270513 286 0.2
finished d5blade02 1504270513 286 0.5
finished d5blade02 1504270513 286 0.7
finished d5blade02 1504270513 286 0.8
finished d5blade02 1504270513 286 0.55
finished d5blade02 1504270513 286 0.1
finished d5blade02 1504270513 286 0.6
finished d5blade02 1504270513 286 0.75
finished d5blade02 1504270513 286 0.3
finished d5blade02 1504270513 286 0.85
finished d5blade02 1504270513 286 0.45
finished d5blade02 1504270513 286 0.01
finished d5blade02 1504270513 286 0.4
finished d5blade02 1504270513 286 0.35
finished d5blade02 1504270513 286 0.15
finished d5blade02 1504270513 286 0.95
finished d5blade02 1504270513 286 0.65
finished d5blade02 1504270513 286 0.25
finished d5blade02 1504270513 287 0.35
finished d5blade02 1504270513 287 0.8
finished d5blade02 1504270513 287 0.95
finished d5blade02 1504270513 287 0.4
finished d5blade02 1504270513 287 0.9
finished d5blade02 1504270513 287 0.7
finished d5blade02 1504270513 287 0.15
finished d5blade02 1504270513 287 0.01
finished d5blade02 1504270513 287 0.75
finished d5blade02 1504270513 287 0.85
finished d5blade02 1504270513 287 0.1
finished d5blade02 1504270513 287 0.05
finished d5blade02 1504270513 287 0.55
finished d5blade02 1504270513 287 0.65
finished d5blade02 1504270513 287 0.5
finished d5blade02 1504270513 287 0.25
finished d5blade02 1504270513 287 0.45
finished d5blade02 1504270513 287 0.3
finished d5blade02 1504270513 287 0.6
finished d5blade02 1504270513 287 0.2
finished d5blade02 1504270513 288 0.8
finished d5blade02 1504270513 288 0.9
finished d5blade02 1504270513 288 0.05
finished d5blade02 1504270513 288 0.95
finished d5blade02 1504270513 288 0.55
finished d5blade02 1504270513 288 0.01
finished d5blade02 1504270513 288 0.15
finished d5blade02 1504270513 288 0.85
finished d5blade02 1504270513 288 0.5
finished d5blade02 1504270513 288 0.75
finished d5blade02 1504270513 288 0.65
finished d5blade02 1504270513 288 0.7
finished d5blade02 1504270513 288 0.3
finished d5blade02 1504270513 288 0.6
finished d5blade02 1504270513 288 0.25
finished d5blade02 1504270513 288 0.4
finished d5blade02 1504270513 288 0.45
finished d5blade02 1504270513 288 0.2
finished d5blade02 1504270513 288 0.1
finished d5blade02 1504270513 288 0.35
finished d5blade02 1504270513 289 0.1
finished d5blade02 1504270513 289 0.2
finished d5blade02 1504270513 289 0.6
finished d5blade02 1504270513 289 0.4
finished d5blade02 1504270513 289 0.05
finished d5blade02 1504270513 289 0.45
finished d5blade02 1504270513 289 0.65
finished d5blade02 1504270513 289 0.95
finished d5blade02 1504270513 289 0.55
finished d5blade02 1504270513 289 0.25
finished d5blade02 1504270513 289 0.8
finished d5blade02 1504270513 289 0.3
finished d5blade02 1504270513 289 0.9
finished d5blade02 1504270513 289 0.5
finished d5blade02 1504270513 289 0.7
finished d5blade02 1504270513 289 0.01
finished d5blade02 1504270513 289 0.15
finished d5blade02 1504270513 289 0.35
finished d5blade02 1504270513 289 0.75
finished d5blade02 1504270513 289 0.85
finished d5blade02 1504270513 290 0.8
finished d5blade02 1504270513 290 0.6
finished d5blade02 1504270513 290 0.9
finished d5blade02 1504270513 290 0.3
finished d5blade02 1504270513 290 0.05
finished d5blade02 1504270513 290 0.25
finished d5blade02 1504270513 290 0.45
finished d5blade02 1504270513 290 0.01
finished d5blade02 1504270513 290 0.85
finished d5blade02 1504270513 290 0.65
finished d5blade02 1504270513 290 0.95
finished d5blade02 1504270513 290 0.35
finished d5blade02 1504270513 290 0.75
finished d5blade02 1504270513 290 0.7
finished d5blade02 1504270513 290 0.4
finished d5blade02 1504270513 290 0.15
finished d5blade02 1504270513 290 0.2
finished d5blade02 1504270513 290 0.55
finished d5blade02 1504270513 290 0.1
finished d5blade02 1504270513 290 0.5
finished d5blade02 1504270513 291 0.65
finished d5blade02 1504270513 291 0.7
finished d5blade02 1504270513 291 0.1
finished d5blade02 1504270513 291 0.15
finished d5blade02 1504270513 291 0.2
finished d5blade02 1504270513 291 0.3
finished d5blade02 1504270513 291 0.9
finished d5blade02 1504270513 291 0.01
finished d5blade02 1504270513 291 0.55
finished d5blade02 1504270513 291 0.75
finished d5blade02 1504270513 291 0.5
finished d5blade02 1504270513 291 0.4
finished d5blade02 1504270513 291 0.85
finished d5blade02 1504270513 291 0.35
finished d5blade02 1504270513 291 0.95
finished d5blade02 1504270513 291 0.6
finished d5blade02 1504270513 291 0.05
finished d5blade02 1504270513 291 0.25
finished d5blade02 1504270513 291 0.8
finished d5blade02 1504270513 291 0.45
finished d5blade02 1504270513 292 0.1
finished d5blade02 1504270513 292 0.35
finished d5blade02 1504270513 292 0.45
finished d5blade02 1504270513 292 0.7
finished d5blade02 1504270513 292 0.5
finished d5blade02 1504270513 292 0.2
finished d5blade02 1504270513 292 0.4
finished d5blade02 1504270513 292 0.05
finished d5blade02 1504270513 292 0.65
finished d5blade02 1504270513 292 0.3
finished d5blade02 1504270513 292 0.75
finished d5blade02 1504270513 292 0.6
finished d5blade02 1504270513 292 0.15
finished d5blade02 1504270513 292 0.01
finished d5blade02 1504270513 292 0.55
finished d5blade02 1504270513 292 0.9
finished d5blade02 1504270513 292 0.95
finished d5blade02 1504270513 292 0.85
finished d5blade02 1504270513 292 0.25
finished d5blade02 1504270513 292 0.8
finished d5blade02 1504270513 293 0.01
finished d5blade02 1504270513 293 0.05
finished d5blade02 1504270513 293 0.2
finished d5blade02 1504270513 293 0.25
finished d5blade02 1504270513 293 0.65
finished d5blade02 1504270513 293 0.8
finished d5blade02 1504270513 293 0.95
finished d5blade02 1504270513 293 0.15
finished d5blade02 1504270513 293 0.1
finished d5blade02 1504270513 293 0.7
finished d5blade02 1504270513 293 0.75
finished d5blade02 1504270513 293 0.3
finished d5blade02 1504270513 293 0.45
finished d5blade02 1504270513 293 0.9
finished d5blade02 1504270513 293 0.4
finished d5blade02 1504270513 293 0.35
finished d5blade02 1504270513 293 0.6
finished d5blade02 1504270513 293 0.5
finished d5blade02 1504270513 293 0.85
finished d5blade02 1504270513 293 0.55
finished d5blade02 1504270513 294 0.95
finished d5blade02 1504270513 294 0.55
finished d5blade02 1504270513 294 0.25
finished d5blade02 1504270513 294 0.4
finished d5blade02 1504270513 294 0.05
finished d5blade02 1504270513 294 0.6
finished d5blade02 1504270513 294 0.3
finished d5blade02 1504270513 294 0.7
finished d5blade02 1504270513 294 0.65
finished d5blade02 1504270513 294 0.15
finished d5blade02 1504270513 294 0.5
finished d5blade02 1504270513 294 0.85
finished d5blade02 1504270513 294 0.9
finished d5blade02 1504270513 294 0.8
finished d5blade02 1504270513 294 0.01
finished d5blade02 1504270513 294 0.35
finished d5blade02 1504270513 294 0.75
finished d5blade02 1504270513 294 0.2
finished d5blade02 1504270513 294 0.45
finished d5blade02 1504270513 295 0.3
finished d5blade02 1504270513 295 0.75
finished d5blade02 1504270513 295 0.05
finished d5blade02 1504270513 295 0.7
finished d5blade02 1504270513 295 0.85
finished d5blade02 1504270513 295 0.35
finished d5blade02 1504270513 295 0.25
finished d5blade02 1504270513 295 0.45
finished d5blade02 1504270513 295 0.55
finished d5blade02 1504270513 295 0.5
finished d5blade02 1504270513 295 0.8
finished d5blade02 1504270513 295 0.1
finished d5blade02 1504270513 295 0.4
finished d5blade02 1504270513 295 0.01
finished d5blade02 1504270513 295 0.9
finished d5blade02 1504270513 295 0.2
finished d5blade02 1504270513 295 0.65
finished d5blade02 1504270513 295 0.95
finished d5blade02 1504270513 295 0.6
finished d5blade02 1504270513 295 0.15
finished d5blade02 1504270513 296 0.1
finished d5blade02 1504270513 296 0.35
finished d5blade02 1504270513 296 0.4
finished d5blade02 1504270513 296 0.15
finished d5blade02 1504270513 296 0.3
finished d5blade02 1504270513 296 0.7
finished d5blade02 1504270513 296 0.6
finished d5blade02 1504270513 296 0.05
finished d5blade02 1504270513 296 0.55
finished d5blade02 1504270513 296 0.75
finished d5blade02 1504270513 296 0.01
finished d5blade02 1504270513 296 0.8
finished d5blade02 1504270513 296 0.2
finished d5blade02 1504270513 296 0.45
finished d5blade02 1504270513 296 0.85
finished d5blade02 1504270513 296 0.9
finished d5blade02 1504270513 296 0.25
finished d5blade02 1504270513 296 0.95
finished d5blade02 1504270513 296 0.5
finished d5blade02 1504270513 297 0.05
finished d5blade02 1504270513 297 0.15
finished d5blade02 1504270513 297 0.35
finished d5blade02 1504270513 297 0.7
finished d5blade02 1504270513 297 0.9
finished d5blade02 1504270513 297 0.85
finished d5blade02 1504270513 297 0.8
finished d5blade02 1504270513 297 0.3
finished d5blade02 1504270513 297 0.95
finished d5blade02 1504270513 297 0.75
finished d5blade02 1504270513 297 0.1
finished d5blade02 1504270513 297 0.01
finished d5blade02 1504270513 297 0.5
finished d5blade02 1504270513 297 0.6
finished d5blade02 1504270513 297 0.25
finished d5blade02 1504270513 297 0.55
finished d5blade02 1504270513 297 0.45
finished d5blade02 1504270513 297 0.4
finished d5blade02 1504270513 297 0.2
finished d5blade02 1504270513 297 0.65
finished d5blade02 1504270513 298 0.3
finished d5blade02 1504270513 298 0.9
finished d5blade02 1504270513 298 0.25
finished d5blade02 1504270513 298 0.45
finished d5blade02 1504270513 298 0.2
finished d5blade02 1504270513 298 0.1
finished d5blade02 1504270513 298 0.01
finished d5blade02 1504270513 298 0.15
finished d5blade02 1504270513 298 0.35
finished d5blade02 1504270513 298 0.5
finished d5blade02 1504270513 298 0.95
finished d5blade02 1504270513 298 0.6
finished d5blade02 1504270513 298 0.7
finished d5blade02 1504270513 298 0.05
finished d5blade02 1504270513 298 0.85
finished d5blade02 1504270513 298 0.65
finished d5blade02 1504270513 298 0.55
finished d5blade02 1504270513 298 0.4
finished d5blade02 1504270513 298 0.8
finished d5blade02 1504270513 298 0.75
finished d5blade02 1504270513 299 0.2
finished d5blade02 1504270513 299 0.01
finished d5blade02 1504270513 299 0.35
finished d5blade02 1504270513 299 0.3
finished d5blade02 1504270513 299 0.25
finished d5blade02 1504270513 299 0.95
finished d5blade02 1504270513 299 0.75
finished d5blade02 1504270513 299 0.45
finished d5blade02 1504270513 299 0.8
finished d5blade02 1504270513 299 0.05
finished d5blade02 1504270513 299 0.85
finished d5blade02 1504270513 299 0.9
finished d5blade02 1504270513 299 0.5
finished d5blade02 1504270513 299 0.7
finished d5blade02 1504270513 299 0.55
finished d5blade02 1504270513 299 0.1
finished d5blade02 1504270513 299 0.6
finished d5blade02 1504270513 299 0.4
finished d5blade02 1504270513 299 0.15
finished d5blade02 1504270513 299 0.65
finished d5blade02 1504270513 300 0.6
finished d5blade02 1504270513 300 0.4
finished d5blade02 1504270513 300 0.2
finished d5blade02 1504270513 300 0.65
finished d5blade02 1504270513 300 0.9
finished d5blade02 1504270513 300 0.15
finished d5blade02 1504270513 300 0.95
finished d5blade02 1504270513 300 0.85
finished d5blade02 1504270513 300 0.05
finished d5blade02 1504270513 300 0.01
finished d5blade02 1504270513 300 0.45
finished d5blade02 1504270513 300 0.25
finished d5blade02 1504270513 300 0.75
finished d5blade02 1504270513 300 0.5
finished d5blade02 1504270513 300 0.55
finished d5blade02 1504270513 300 0.1
finished d5blade02 1504270513 300 0.35
finished d5blade02 1504270513 300 0.3
finished d5blade02 1504270513 300 0.8
finished d5blade02 1504270513 300 0.7
