nohup: ignoring input
finished ganymede 1504301827 251 0.25
finished ganymede 1504301827 251 0.5
finished ganymede 1504301827 251 0.4
finished ganymede 1504301827 251 0.8
finished ganymede 1504301827 251 0.3
finished ganymede 1504301827 251 0.65
finished ganymede 1504301827 251 0.01
finished ganymede 1504301827 251 0.2
finished ganymede 1504301827 251 0.05
finished ganymede 1504301827 251 0.15
finished ganymede 1504301827 251 0.9
finished ganymede 1504301827 251 0.85
finished ganymede 1504301827 251 0.95
finished ganymede 1504301827 251 0.7
finished ganymede 1504301827 251 0.35
finished ganymede 1504301827 251 0.55
finished ganymede 1504301827 251 0.1
finished ganymede 1504301827 251 0.45
finished ganymede 1504301827 251 0.75
finished ganymede 1504301827 252 0.95
finished ganymede 1504301827 252 0.15
finished ganymede 1504301827 252 0.35
finished ganymede 1504301827 252 0.25
finished ganymede 1504301827 252 0.75
finished ganymede 1504301827 252 0.1
finished ganymede 1504301827 252 0.4
finished ganymede 1504301827 252 0.85
finished ganymede 1504301827 252 0.05
finished ganymede 1504301827 252 0.9
finished ganymede 1504301827 252 0.5
finished ganymede 1504301827 252 0.8
finished ganymede 1504301827 252 0.6
finished ganymede 1504301827 252 0.2
finished ganymede 1504301827 252 0.65
finished ganymede 1504301827 252 0.45
finished ganymede 1504301827 252 0.7
finished ganymede 1504301827 252 0.01
finished ganymede 1504301827 252 0.3
finished ganymede 1504301827 252 0.55
finished ganymede 1504301827 253 0.3
finished ganymede 1504301827 253 0.8
finished ganymede 1504301827 253 0.1
finished ganymede 1504301827 253 0.01
finished ganymede 1504301827 253 0.6
finished ganymede 1504301827 253 0.2
finished ganymede 1504301827 253 0.05
finished ganymede 1504301827 253 0.95
finished ganymede 1504301827 253 0.4
finished ganymede 1504301827 253 0.9
finished ganymede 1504301827 253 0.25
finished ganymede 1504301827 253 0.7
finished ganymede 1504301827 253 0.85
finished ganymede 1504301827 253 0.5
finished ganymede 1504301827 253 0.45
finished ganymede 1504301827 253 0.15
finished ganymede 1504301827 253 0.75
finished ganymede 1504301827 253 0.35
finished ganymede 1504301827 253 0.55
finished ganymede 1504301827 253 0.65
finished ganymede 1504301827 254 0.8
finished ganymede 1504301827 254 0.01
finished ganymede 1504301827 254 0.1
finished ganymede 1504301827 254 0.55
finished ganymede 1504301827 254 0.05
finished ganymede 1504301827 254 0.3
finished ganymede 1504301827 254 0.15
finished ganymede 1504301827 254 0.2
finished ganymede 1504301827 254 0.25
finished ganymede 1504301827 254 0.5
finished ganymede 1504301827 254 0.45
finished ganymede 1504301827 254 0.7
finished ganymede 1504301827 254 0.95
finished ganymede 1504301827 254 0.6
finished ganymede 1504301827 254 0.35
finished ganymede 1504301827 254 0.9
finished ganymede 1504301827 254 0.65
finished ganymede 1504301827 254 0.4
finished ganymede 1504301827 254 0.85
finished ganymede 1504301827 254 0.75
finished ganymede 1504301827 255 0.05
finished ganymede 1504301827 255 0.65
finished ganymede 1504301827 255 0.8
finished ganymede 1504301827 255 0.2
finished ganymede 1504301827 255 0.95
finished ganymede 1504301827 255 0.01
finished ganymede 1504301827 255 0.4
finished ganymede 1504301827 255 0.5
finished ganymede 1504301827 255 0.9
finished ganymede 1504301827 255 0.25
finished ganymede 1504301827 255 0.1
finished ganymede 1504301827 255 0.15
finished ganymede 1504301827 255 0.55
finished ganymede 1504301827 255 0.3
finished ganymede 1504301827 255 0.75
finished ganymede 1504301827 255 0.35
finished ganymede 1504301827 255 0.6
finished ganymede 1504301827 255 0.45
finished ganymede 1504301827 255 0.7
finished ganymede 1504301827 255 0.85
finished ganymede 1504301827 256 0.4
finished ganymede 1504301827 256 0.5
finished ganymede 1504301827 256 0.01
finished ganymede 1504301827 256 0.25
finished ganymede 1504301827 256 0.9
finished ganymede 1504301827 256 0.65
finished ganymede 1504301827 256 0.1
finished ganymede 1504301827 256 0.2
finished ganymede 1504301827 256 0.55
finished ganymede 1504301827 256 0.95
finished ganymede 1504301827 256 0.75
finished ganymede 1504301827 256 0.05
finished ganymede 1504301827 256 0.45
finished ganymede 1504301827 256 0.85
finished ganymede 1504301827 256 0.6
finished ganymede 1504301827 256 0.8
finished ganymede 1504301827 256 0.7
finished ganymede 1504301827 256 0.15
finished ganymede 1504301827 256 0.3
finished ganymede 1504301827 256 0.35
finished ganymede 1504301827 257 0.65
finished ganymede 1504301827 257 0.45
finished ganymede 1504301827 257 0.25
finished ganymede 1504301827 257 0.85
finished ganymede 1504301827 257 0.75
finished ganymede 1504301827 257 0.7
finished ganymede 1504301827 257 0.2
finished ganymede 1504301827 257 0.95
finished ganymede 1504301827 257 0.3
finished ganymede 1504301827 257 0.35
finished ganymede 1504301827 257 0.5
finished ganymede 1504301827 257 0.15
finished ganymede 1504301827 257 0.01
finished ganymede 1504301827 257 0.05
finished ganymede 1504301827 257 0.55
finished ganymede 1504301827 257 0.8
finished ganymede 1504301827 257 0.4
finished ganymede 1504301827 257 0.1
finished ganymede 1504301827 257 0.9
finished ganymede 1504301827 258 0.75
finished ganymede 1504301827 258 0.45
finished ganymede 1504301827 258 0.35
finished ganymede 1504301827 258 0.85
finished ganymede 1504301827 258 0.55
finished ganymede 1504301827 258 0.1
finished ganymede 1504301827 258 0.01
finished ganymede 1504301827 258 0.7
finished ganymede 1504301827 258 0.3
finished ganymede 1504301827 258 0.6
finished ganymede 1504301827 258 0.65
finished ganymede 1504301827 258 0.8
finished ganymede 1504301827 258 0.4
finished ganymede 1504301827 258 0.95
finished ganymede 1504301827 258 0.9
finished ganymede 1504301827 258 0.15
finished ganymede 1504301827 258 0.05
finished ganymede 1504301827 258 0.2
finished ganymede 1504301827 258 0.25
finished ganymede 1504301827 259 0.05
finished ganymede 1504301827 259 0.1
finished ganymede 1504301827 259 0.4
finished ganymede 1504301827 259 0.01
finished ganymede 1504301827 259 0.85
finished ganymede 1504301827 259 0.45
finished ganymede 1504301827 259 0.95
finished ganymede 1504301827 259 0.2
finished ganymede 1504301827 259 0.8
finished ganymede 1504301827 259 0.3
finished ganymede 1504301827 259 0.9
finished ganymede 1504301827 259 0.35
finished ganymede 1504301827 259 0.55
finished ganymede 1504301827 259 0.15
finished ganymede 1504301827 259 0.25
finished ganymede 1504301827 259 0.5
finished ganymede 1504301827 259 0.75
finished ganymede 1504301827 259 0.6
finished ganymede 1504301827 259 0.65
finished ganymede 1504301827 259 0.7
finished ganymede 1504301827 260 0.2
finished ganymede 1504301827 260 0.5
finished ganymede 1504301827 260 0.45
finished ganymede 1504301827 260 0.75
finished ganymede 1504301827 260 0.01
finished ganymede 1504301827 260 0.05
finished ganymede 1504301827 260 0.8
finished ganymede 1504301827 260 0.15
finished ganymede 1504301827 260 0.55
finished ganymede 1504301827 260 0.95
finished ganymede 1504301827 260 0.3
finished ganymede 1504301827 260 0.35
finished ganymede 1504301827 260 0.9
finished ganymede 1504301827 260 0.25
finished ganymede 1504301827 260 0.65
finished ganymede 1504301827 260 0.6
finished ganymede 1504301827 260 0.4
finished ganymede 1504301827 260 0.7
finished ganymede 1504301827 260 0.1
finished ganymede 1504301827 260 0.85
finished ganymede 1504301827 261 0.05
finished ganymede 1504301827 261 0.01
finished ganymede 1504301827 261 0.3
finished ganymede 1504301827 261 0.9
finished ganymede 1504301827 261 0.8
finished ganymede 1504301827 261 0.2
finished ganymede 1504301827 261 0.7
finished ganymede 1504301827 261 0.45
finished ganymede 1504301827 261 0.4
finished ganymede 1504301827 261 0.15
finished ganymede 1504301827 261 0.25
finished ganymede 1504301827 261 0.85
finished ganymede 1504301827 261 0.1
finished ganymede 1504301827 261 0.65
finished ganymede 1504301827 261 0.5
finished ganymede 1504301827 261 0.35
finished ganymede 1504301827 261 0.6
finished ganymede 1504301827 261 0.55
finished ganymede 1504301827 261 0.75
finished ganymede 1504301827 261 0.95
finished ganymede 1504301827 262 0.5
finished ganymede 1504301827 262 0.1
finished ganymede 1504301827 262 0.01
finished ganymede 1504301827 262 0.2
finished ganymede 1504301827 262 0.6
finished ganymede 1504301827 262 0.75
finished ganymede 1504301827 262 0.8
finished ganymede 1504301827 262 0.3
finished ganymede 1504301827 262 0.25
finished ganymede 1504301827 262 0.4
finished ganymede 1504301827 262 0.15
finished ganymede 1504301827 262 0.9
finished ganymede 1504301827 262 0.35
finished ganymede 1504301827 262 0.65
finished ganymede 1504301827 262 0.95
finished ganymede 1504301827 262 0.45
finished ganymede 1504301827 262 0.05
finished ganymede 1504301827 262 0.85
finished ganymede 1504301827 262 0.7
finished ganymede 1504301827 262 0.55
finished ganymede 1504301827 263 0.01
finished ganymede 1504301827 263 0.4
finished ganymede 1504301827 263 0.7
finished ganymede 1504301827 263 0.15
finished ganymede 1504301827 263 0.6
finished ganymede 1504301827 263 0.5
finished ganymede 1504301827 263 0.55
finished ganymede 1504301827 263 0.8
finished ganymede 1504301827 263 0.2
finished ganymede 1504301827 263 0.85
finished ganymede 1504301827 263 0.3
finished ganymede 1504301827 263 0.05
finished ganymede 1504301827 263 0.9
finished ganymede 1504301827 263 0.35
finished ganymede 1504301827 263 0.25
finished ganymede 1504301827 263 0.95
finished ganymede 1504301827 263 0.1
finished ganymede 1504301827 263 0.45
finished ganymede 1504301827 263 0.75
finished ganymede 1504301827 263 0.65
finished ganymede 1504301827 264 0.9
finished ganymede 1504301827 264 0.65
finished ganymede 1504301827 264 0.55
finished ganymede 1504301827 264 0.1
finished ganymede 1504301827 264 0.45
finished ganymede 1504301827 264 0.75
finished ganymede 1504301827 264 0.05
finished ganymede 1504301827 264 0.95
finished ganymede 1504301827 264 0.15
finished ganymede 1504301827 264 0.2
finished ganymede 1504301827 264 0.85
finished ganymede 1504301827 264 0.01
finished ganymede 1504301827 264 0.7
finished ganymede 1504301827 264 0.5
finished ganymede 1504301827 264 0.8
finished ganymede 1504301827 264 0.3
finished ganymede 1504301827 264 0.35
finished ganymede 1504301827 264 0.25
finished ganymede 1504301827 264 0.4
finished ganymede 1504301827 264 0.6
finished ganymede 1504301827 265 0.2
finished ganymede 1504301827 265 0.35
finished ganymede 1504301827 265 0.25
finished ganymede 1504301827 265 0.1
finished ganymede 1504301827 265 0.05
finished ganymede 1504301827 265 0.85
finished ganymede 1504301827 265 0.7
finished ganymede 1504301827 265 0.3
finished ganymede 1504301827 265 0.6
finished ganymede 1504301827 265 0.9
finished ganymede 1504301827 265 0.8
finished ganymede 1504301827 265 0.75
finished ganymede 1504301827 265 0.5
finished ganymede 1504301827 265 0.95
finished ganymede 1504301827 265 0.15
finished ganymede 1504301827 265 0.4
finished ganymede 1504301827 265 0.55
finished ganymede 1504301827 266 0.4
finished ganymede 1504301827 266 0.35
finished ganymede 1504301827 266 0.5
finished ganymede 1504301827 266 0.8
finished ganymede 1504301827 266 0.15
finished ganymede 1504301827 266 0.95
finished ganymede 1504301827 266 0.65
finished ganymede 1504301827 266 0.85
finished ganymede 1504301827 266 0.55
finished ganymede 1504301827 266 0.45
finished ganymede 1504301827 266 0.6
finished ganymede 1504301827 266 0.1
finished ganymede 1504301827 266 0.75
finished ganymede 1504301827 266 0.01
finished ganymede 1504301827 266 0.3
finished ganymede 1504301827 266 0.2
finished ganymede 1504301827 266 0.7
finished ganymede 1504301827 266 0.25
finished ganymede 1504301827 266 0.05
finished ganymede 1504301827 266 0.9
finished ganymede 1504301827 267 0.7
finished ganymede 1504301827 267 0.25
finished ganymede 1504301827 267 0.1
finished ganymede 1504301827 267 0.9
finished ganymede 1504301827 267 0.45
finished ganymede 1504301827 267 0.8
finished ganymede 1504301827 267 0.65
finished ganymede 1504301827 267 0.35
finished ganymede 1504301827 267 0.95
finished ganymede 1504301827 267 0.55
finished ganymede 1504301827 267 0.05
finished ganymede 1504301827 267 0.85
finished ganymede 1504301827 267 0.75
finished ganymede 1504301827 267 0.2
finished ganymede 1504301827 267 0.15
finished ganymede 1504301827 267 0.3
finished ganymede 1504301827 267 0.4
finished ganymede 1504301827 267 0.5
finished ganymede 1504301827 267 0.6
finished ganymede 1504301827 267 0.01
finished ganymede 1504301827 268 0.85
finished ganymede 1504301827 268 0.45
finished ganymede 1504301827 268 0.15
finished ganymede 1504301827 268 0.55
finished ganymede 1504301827 268 0.1
finished ganymede 1504301827 268 0.7
finished ganymede 1504301827 268 0.2
finished ganymede 1504301827 268 0.25
finished ganymede 1504301827 268 0.05
finished ganymede 1504301827 268 0.3
finished ganymede 1504301827 268 0.5
finished ganymede 1504301827 268 0.35
finished ganymede 1504301827 268 0.4
finished ganymede 1504301827 268 0.01
finished ganymede 1504301827 268 0.75
finished ganymede 1504301827 268 0.6
finished ganymede 1504301827 268 0.9
finished ganymede 1504301827 268 0.95
finished ganymede 1504301827 268 0.65
finished ganymede 1504301827 269 0.35
finished ganymede 1504301827 269 0.45
finished ganymede 1504301827 269 0.05
finished ganymede 1504301827 269 0.55
finished ganymede 1504301827 269 0.65
finished ganymede 1504301827 269 0.2
finished ganymede 1504301827 269 0.25
finished ganymede 1504301827 269 0.3
finished ganymede 1504301827 269 0.6
finished ganymede 1504301827 269 0.7
finished ganymede 1504301827 269 0.75
finished ganymede 1504301827 269 0.5
finished ganymede 1504301827 269 0.8
finished ganymede 1504301827 269 0.85
finished ganymede 1504301827 269 0.15
finished ganymede 1504301827 269 0.9
finished ganymede 1504301827 269 0.01
finished ganymede 1504301827 269 0.1
finished ganymede 1504301827 269 0.4
finished ganymede 1504301827 270 0.15
finished ganymede 1504301827 270 0.35
finished ganymede 1504301827 270 0.1
finished ganymede 1504301827 270 0.2
finished ganymede 1504301827 270 0.7
finished ganymede 1504301827 270 0.5
finished ganymede 1504301827 270 0.55
finished ganymede 1504301827 270 0.25
finished ganymede 1504301827 270 0.01
finished ganymede 1504301827 270 0.4
finished ganymede 1504301827 270 0.8
finished ganymede 1504301827 270 0.3
finished ganymede 1504301827 270 0.6
finished ganymede 1504301827 270 0.95
finished ganymede 1504301827 270 0.05
finished ganymede 1504301827 270 0.45
finished ganymede 1504301827 270 0.65
finished ganymede 1504301827 270 0.75
finished ganymede 1504301827 270 0.9
finished ganymede 1504301827 271 0.8
finished ganymede 1504301827 271 0.6
finished ganymede 1504301827 271 0.65
finished ganymede 1504301827 271 0.2
finished ganymede 1504301827 271 0.25
finished ganymede 1504301827 271 0.3
finished ganymede 1504301827 271 0.85
finished ganymede 1504301827 271 0.05
finished ganymede 1504301827 271 0.01
finished ganymede 1504301827 271 0.1
finished ganymede 1504301827 271 0.95
finished ganymede 1504301827 271 0.9
finished ganymede 1504301827 271 0.5
finished ganymede 1504301827 271 0.75
finished ganymede 1504301827 271 0.7
finished ganymede 1504301827 271 0.35
finished ganymede 1504301827 271 0.55
finished ganymede 1504301827 272 0.3
finished ganymede 1504301827 272 0.15
finished ganymede 1504301827 272 0.1
finished ganymede 1504301827 272 0.4
finished ganymede 1504301827 272 0.35
finished ganymede 1504301827 272 0.55
finished ganymede 1504301827 272 0.9
finished ganymede 1504301827 272 0.2
finished ganymede 1504301827 272 0.6
finished ganymede 1504301827 272 0.8
finished ganymede 1504301827 272 0.01
finished ganymede 1504301827 272 0.5
finished ganymede 1504301827 272 0.65
finished ganymede 1504301827 272 0.25
finished ganymede 1504301827 272 0.05
finished ganymede 1504301827 272 0.85
finished ganymede 1504301827 272 0.75
finished ganymede 1504301827 272 0.95
finished ganymede 1504301827 272 0.45
finished ganymede 1504301827 272 0.7
finished ganymede 1504301827 273 0.2
finished ganymede 1504301827 273 0.55
finished ganymede 1504301827 273 0.45
finished ganymede 1504301827 273 0.65
finished ganymede 1504301827 273 0.25
finished ganymede 1504301827 273 0.05
finished ganymede 1504301827 273 0.75
finished ganymede 1504301827 273 0.7
finished ganymede 1504301827 273 0.1
finished ganymede 1504301827 273 0.35
finished ganymede 1504301827 273 0.9
finished ganymede 1504301827 273 0.3
finished ganymede 1504301827 273 0.85
finished ganymede 1504301827 273 0.01
finished ganymede 1504301827 273 0.8
finished ganymede 1504301827 273 0.5
finished ganymede 1504301827 273 0.15
finished ganymede 1504301827 273 0.6
finished ganymede 1504301827 274 0.9
finished ganymede 1504301827 274 0.7
finished ganymede 1504301827 274 0.85
finished ganymede 1504301827 274 0.4
finished ganymede 1504301827 274 0.6
finished ganymede 1504301827 274 0.55
finished ganymede 1504301827 274 0.05
finished ganymede 1504301827 274 0.95
finished ganymede 1504301827 274 0.5
finished ganymede 1504301827 274 0.45
finished ganymede 1504301827 274 0.35
finished ganymede 1504301827 274 0.2
finished ganymede 1504301827 274 0.15
finished ganymede 1504301827 274 0.25
finished ganymede 1504301827 274 0.75
finished ganymede 1504301827 274 0.8
finished ganymede 1504301827 274 0.65
finished ganymede 1504301827 274 0.01
finished ganymede 1504301827 274 0.1
finished ganymede 1504301827 274 0.3
finished ganymede 1504301827 275 0.85
finished ganymede 1504301827 275 0.3
finished ganymede 1504301827 275 0.25
finished ganymede 1504301827 275 0.05
finished ganymede 1504301827 275 0.4
finished ganymede 1504301827 275 0.5
finished ganymede 1504301827 275 0.15
finished ganymede 1504301827 275 0.35
finished ganymede 1504301827 275 0.8
finished ganymede 1504301827 275 0.75
finished ganymede 1504301827 275 0.9
finished ganymede 1504301827 275 0.7
finished ganymede 1504301827 275 0.95
finished ganymede 1504301827 275 0.2
finished ganymede 1504301827 275 0.6
finished ganymede 1504301827 275 0.65
finished ganymede 1504301827 275 0.1
finished ganymede 1504301827 275 0.01
finished ganymede 1504301827 275 0.55
finished ganymede 1504301827 276 0.8
finished ganymede 1504301827 276 0.1
finished ganymede 1504301827 276 0.85
finished ganymede 1504301827 276 0.6
finished ganymede 1504301827 276 0.55
finished ganymede 1504301827 276 0.7
finished ganymede 1504301827 276 0.35
finished ganymede 1504301827 276 0.5
finished ganymede 1504301827 276 0.2
finished ganymede 1504301827 276 0.4
finished ganymede 1504301827 276 0.15
finished ganymede 1504301827 276 0.75
finished ganymede 1504301827 276 0.65
finished ganymede 1504301827 276 0.9
finished ganymede 1504301827 276 0.95
finished ganymede 1504301827 276 0.25
finished ganymede 1504301827 276 0.45
finished ganymede 1504301827 276 0.01
finished ganymede 1504301827 276 0.3
finished ganymede 1504301827 276 0.05
finished ganymede 1504301827 277 0.01
finished ganymede 1504301827 277 0.45
finished ganymede 1504301827 277 0.05
finished ganymede 1504301827 277 0.75
finished ganymede 1504301827 277 0.8
finished ganymede 1504301827 277 0.2
finished ganymede 1504301827 277 0.9
finished ganymede 1504301827 277 0.7
finished ganymede 1504301827 277 0.4
finished ganymede 1504301827 277 0.1
finished ganymede 1504301827 277 0.5
finished ganymede 1504301827 277 0.95
finished ganymede 1504301827 277 0.15
finished ganymede 1504301827 277 0.3
finished ganymede 1504301827 277 0.55
finished ganymede 1504301827 277 0.65
finished ganymede 1504301827 277 0.35
finished ganymede 1504301827 277 0.25
finished ganymede 1504301827 277 0.85
finished ganymede 1504301827 278 0.1
finished ganymede 1504301827 278 0.25
finished ganymede 1504301827 278 0.95
finished ganymede 1504301827 278 0.55
finished ganymede 1504301827 278 0.8
finished ganymede 1504301827 278 0.2
finished ganymede 1504301827 278 0.05
finished ganymede 1504301827 278 0.5
finished ganymede 1504301827 278 0.01
finished ganymede 1504301827 278 0.4
finished ganymede 1504301827 278 0.6
finished ganymede 1504301827 278 0.85
finished ganymede 1504301827 278 0.35
finished ganymede 1504301827 278 0.65
finished ganymede 1504301827 278 0.15
finished ganymede 1504301827 278 0.45
finished ganymede 1504301827 278 0.3
finished ganymede 1504301827 279 0.2
finished ganymede 1504301827 279 0.35
finished ganymede 1504301827 279 0.45
finished ganymede 1504301827 279 0.05
finished ganymede 1504301827 279 0.01
finished ganymede 1504301827 279 0.1
finished ganymede 1504301827 279 0.75
finished ganymede 1504301827 279 0.5
finished ganymede 1504301827 279 0.4
finished ganymede 1504301827 279 0.3
finished ganymede 1504301827 279 0.55
finished ganymede 1504301827 279 0.65
finished ganymede 1504301827 279 0.7
finished ganymede 1504301827 279 0.9

finished ganymede 1504301827 279 0.15
finished ganymede 1504301827 279 0.6
finished ganymede 1504301827 279 0.85
finished ganymede 1504301827 279 0.8
finished ganymede 1504301827 280 0.2
finished ganymede 1504301827 280 0.4
finished ganymede 1504301827 280 0.05
finished ganymede 1504301827 280 0.6
finished ganymede 1504301827 280 0.3
finished ganymede 1504301827 280 0.5
finished ganymede 1504301827 280 0.7
finished ganymede 1504301827 280 0.75
finished ganymede 1504301827 280 0.25
finished ganymede 1504301827 280 0.45
finished ganymede 1504301827 280 0.9
finished ganymede 1504301827 280 0.35
finished ganymede 1504301827 280 0.15
finished ganymede 1504301827 280 0.1
finished ganymede 1504301827 280 0.85
finished ganymede 1504301827 280 0.65
finished ganymede 1504301827 280 0.8
finished ganymede 1504301827 280 0.95
finished ganymede 1504301827 281 0.75
finished ganymede 1504301827 281 0.4
finished ganymede 1504301827 281 0.2
finished ganymede 1504301827 281 0.55
finished ganymede 1504301827 281 0.5
finished ganymede 1504301827 281 0.9
finished ganymede 1504301827 281 0.15
finished ganymede 1504301827 281 0.95
finished ganymede 1504301827 281 0.1
finished ganymede 1504301827 281 0.6
finished ganymede 1504301827 281 0.01
finished ganymede 1504301827 281 0.45
finished ganymede 1504301827 281 0.05
finished ganymede 1504301827 281 0.85
finished ganymede 1504301827 281 0.35
finished ganymede 1504301827 281 0.25
finished ganymede 1504301827 281 0.8
finished ganymede 1504301827 281 0.7
finished ganymede 1504301827 282 0.65
finished ganymede 1504301827 282 0.95
finished ganymede 1504301827 282 0.2
finished ganymede 1504301827 282 0.55
finished ganymede 1504301827 282 0.01
finished ganymede 1504301827 282 0.5
finished ganymede 1504301827 282 0.05
finished ganymede 1504301827 282 0.8
finished ganymede 1504301827 282 0.75
finished ganymede 1504301827 282 0.9
finished ganymede 1504301827 282 0.4
finished ganymede 1504301827 282 0.35
finished ganymede 1504301827 282 0.1
finished ganymede 1504301827 282 0.6
finished ganymede 1504301827 282 0.85
finished ganymede 1504301827 282 0.15
finished ganymede 1504301827 282 0.45
finished ganymede 1504301827 282 0.7
finished ganymede 1504301827 282 0.3
finished ganymede 1504301827 283 0.15
finished ganymede 1504301827 283 0.65
finished ganymede 1504301827 283 0.85
finished ganymede 1504301827 283 0.3
finished ganymede 1504301827 283 0.35
finished ganymede 1504301827 283 0.5
finished ganymede 1504301827 283 0.9
finished ganymede 1504301827 283 0.7
finished ganymede 1504301827 283 0.1
finished ganymede 1504301827 283 0.6
finished ganymede 1504301827 283 0.4
finished ganymede 1504301827 283 0.75
finished ganymede 1504301827 283 0.01
finished ganymede 1504301827 283 0.2
finished ganymede 1504301827 283 0.55
finished ganymede 1504301827 283 0.8
finished ganymede 1504301827 283 0.05
finished ganymede 1504301827 283 0.25
finished ganymede 1504301827 283 0.95
finished ganymede 1504301827 283 0.45
finished ganymede 1504301827 284 0.5
finished ganymede 1504301827 284 0.65
finished ganymede 1504301827 284 0.3
finished ganymede 1504301827 284 0.7
finished ganymede 1504301827 284 0.4
finished ganymede 1504301827 284 0.25
finished ganymede 1504301827 284 0.15
finished ganymede 1504301827 284 0.01
finished ganymede 1504301827 284 0.05
finished ganymede 1504301827 284 0.1
finished ganymede 1504301827 284 0.75
finished ganymede 1504301827 284 0.45
finished ganymede 1504301827 284 0.8
finished ganymede 1504301827 284 0.95
finished ganymede 1504301827 284 0.2
finished ganymede 1504301827 284 0.35
finished ganymede 1504301827 284 0.9
finished ganymede 1504301827 284 0.6
finished ganymede 1504301827 284 0.85
finished ganymede 1504301827 285 0.05
finished ganymede 1504301827 285 0.65
finished ganymede 1504301827 285 0.8
finished ganymede 1504301827 285 0.01
finished ganymede 1504301827 285 0.9
finished ganymede 1504301827 285 0.25
finished ganymede 1504301827 285 0.7
finished ganymede 1504301827 285 0.5
finished ganymede 1504301827 285 0.45
finished ganymede 1504301827 285 0.1
finished ganymede 1504301827 285 0.95
finished ganymede 1504301827 285 0.75
finished ganymede 1504301827 285 0.6
finished ganymede 1504301827 285 0.35
finished ganymede 1504301827 285 0.3
finished ganymede 1504301827 285 0.4
finished ganymede 1504301827 285 0.15
finished ganymede 1504301827 285 0.2
finished ganymede 1504301827 285 0.55
finished ganymede 1504301827 286 0.95
finished ganymede 1504301827 286 0.65
finished ganymede 1504301827 286 0.6
finished ganymede 1504301827 286 0.75
finished ganymede 1504301827 286 0.1
finished ganymede 1504301827 286 0.2
finished ganymede 1504301827 286 0.55
finished ganymede 1504301827 286 0.05
finished ganymede 1504301827 286 0.01
finished ganymede 1504301827 286 0.3
finished ganymede 1504301827 286 0.85
finished ganymede 1504301827 286 0.25
finished ganymede 1504301827 286 0.8
finished ganymede 1504301827 286 0.5
finished ganymede 1504301827 286 0.4
finished ganymede 1504301827 286 0.9
finished ganymede 1504301827 286 0.35
finished ganymede 1504301827 286 0.15
finished ganymede 1504301827 286 0.45
finished ganymede 1504301827 287 0.01
finished ganymede 1504301827 287 0.2
finished ganymede 1504301827 287 0.25
finished ganymede 1504301827 287 0.7
finished ganymede 1504301827 287 0.55
finished ganymede 1504301827 287 0.65
finished ganymede 1504301827 287 0.4
finished ganymede 1504301827 287 0.45
finished ganymede 1504301827 287 0.3
finished ganymede 1504301827 287 0.85
finished ganymede 1504301827 287 0.1
finished ganymede 1504301827 287 0.8
finished ganymede 1504301827 287 0.35
finished ganymede 1504301827 287 0.15
finished ganymede 1504301827 287 0.95
finished ganymede 1504301827 287 0.05
finished ganymede 1504301827 287 0.9
finished ganymede 1504301827 287 0.5
finished ganymede 1504301827 287 0.75
finished ganymede 1504301827 288 0.35
finished ganymede 1504301827 288 0.85
finished ganymede 1504301827 288 0.45
finished ganymede 1504301827 288 0.1
finished ganymede 1504301827 288 0.5
finished ganymede 1504301827 288 0.8
finished ganymede 1504301827 288 0.05
finished ganymede 1504301827 288 0.15
finished ganymede 1504301827 288 0.01
finished ganymede 1504301827 288 0.3
finished ganymede 1504301827 288 0.6
finished ganymede 1504301827 288 0.95
finished ganymede 1504301827 288 0.4
finished ganymede 1504301827 288 0.2

finished ganymede 1504301827 288 0.9
finished ganymede 1504301827 288 0.65
finished ganymede 1504301827 289 0.05
finished ganymede 1504301827 289 0.65
finished ganymede 1504301827 289 0.9
finished ganymede 1504301827 289 0.45
finished ganymede 1504301827 289 0.6
finished ganymede 1504301827 289 0.4
finished ganymede 1504301827 289 0.1
finished ganymede 1504301827 289 0.55
finished ganymede 1504301827 289 0.5
finished ganymede 1504301827 289 0.2
finished ganymede 1504301827 289 0.3
finished ganymede 1504301827 289 0.95
finished ganymede 1504301827 289 0.35
finished ganymede 1504301827 289 0.25
finished ganymede 1504301827 289 0.75
finished ganymede 1504301827 289 0.15
finished ganymede 1504301827 289 0.7
finished ganymede 1504301827 289 0.8
finished ganymede 1504301827 289 0.01
finished ganymede 1504301827 289 0.85
finished ganymede 1504301827 290 0.4
finished ganymede 1504301827 290 0.01
finished ganymede 1504301827 290 0.15
finished ganymede 1504301827 290 0.9
finished ganymede 1504301827 290 0.5
finished ganymede 1504301827 290 0.45
finished ganymede 1504301827 290 0.95
finished ganymede 1504301827 290 0.6
finished ganymede 1504301827 290 0.75
finished ganymede 1504301827 290 0.1
finished ganymede 1504301827 290 0.85
finished ganymede 1504301827 290 0.3
finished ganymede 1504301827 290 0.2
finished ganymede 1504301827 290 0.65
finished ganymede 1504301827 290 0.8
finished ganymede 1504301827 290 0.7
finished ganymede 1504301827 290 0.35
finished ganymede 1504301827 290 0.25
finished ganymede 1504301827 290 0.55
finished ganymede 1504301827 290 0.05
finished ganymede 1504301827 291 0.01
finished ganymede 1504301827 291 0.1
finished ganymede 1504301827 291 0.7
finished ganymede 1504301827 291 0.2
finished ganymede 1504301827 291 0.25
finished ganymede 1504301827 291 0.3
finished ganymede 1504301827 291 0.05
finished ganymede 1504301827 291 0.8
finished ganymede 1504301827 291 0.6
finished ganymede 1504301827 291 0.55
finished ganymede 1504301827 291 0.5
finished ganymede 1504301827 291 0.65
finished ganymede 1504301827 291 0.45
finished ganymede 1504301827 291 0.95
finished ganymede 1504301827 291 0.4
finished ganymede 1504301827 291 0.35
finished ganymede 1504301827 291 0.9
finished ganymede 1504301827 291 0.15
finished ganymede 1504301827 291 0.75
finished ganymede 1504301827 292 0.5
finished ganymede 1504301827 292 0.25
finished ganymede 1504301827 292 0.65
finished ganymede 1504301827 292 0.2
finished ganymede 1504301827 292 0.1
finished ganymede 1504301827 292 0.6
finished ganymede 1504301827 292 0.05
finished ganymede 1504301827 292 0.45
finished ganymede 1504301827 292 0.55
finished ganymede 1504301827 292 0.35
finished ganymede 1504301827 292 0.95
finished ganymede 1504301827 292 0.8
finished ganymede 1504301827 292 0.3
finished ganymede 1504301827 292 0.7
finished ganymede 1504301827 292 0.85
finished ganymede 1504301827 292 0.15
finished ganymede 1504301827 292 0.9

finished ganymede 1504301827 292 0.01
finished ganymede 1504301827 293 0.65
finished ganymede 1504301827 293 0.05
finished ganymede 1504301827 293 0.4
finished ganymede 1504301827 293 0.15
finished ganymede 1504301827 293 0.8
finished ganymede 1504301827 293 0.3
finished ganymede 1504301827 293 0.7
finished ganymede 1504301827 293 0.35
finished ganymede 1504301827 293 0.6
finished ganymede 1504301827 293 0.01
finished ganymede 1504301827 293 0.45
finished ganymede 1504301827 293 0.95
finished ganymede 1504301827 293 0.1
finished ganymede 1504301827 293 0.9
finished ganymede 1504301827 293 0.75
finished ganymede 1504301827 293 0.5
finished ganymede 1504301827 293 0.55
finished ganymede 1504301827 293 0.85
finished ganymede 1504301827 294 0.01
finished ganymede 1504301827 294 0.15
finished ganymede 1504301827 294 0.05
finished ganymede 1504301827 294 0.85
finished ganymede 1504301827 294 0.6
finished ganymede 1504301827 294 0.35
finished ganymede 1504301827 294 0.25
finished ganymede 1504301827 294 0.1
finished ganymede 1504301827 294 0.7
finished ganymede 1504301827 294 0.9
finished ganymede 1504301827 294 0.65
finished ganymede 1504301827 294 0.3
finished ganymede 1504301827 294 0.2
finished ganymede 1504301827 294 0.45
finished ganymede 1504301827 294 0.8
finished ganymede 1504301827 294 0.75
finished ganymede 1504301827 294 0.95
finished ganymede 1504301827 294 0.5
finished ganymede 1504301827 294 0.4
finished ganymede 1504301827 294 0.55
finished ganymede 1504301827 295 0.35
finished ganymede 1504301827 295 0.25
finished ganymede 1504301827 295 0.75
finished ganymede 1504301827 295 0.5
finished ganymede 1504301827 295 0.65
finished ganymede 1504301827 295 0.05
finished ganymede 1504301827 295 0.7
finished ganymede 1504301827 295 0.95
finished ganymede 1504301827 295 0.2
finished ganymede 1504301827 295 0.4
finished ganymede 1504301827 295 0.1
finished ganymede 1504301827 295 0.6

finished ganymede 1504301827 295 0.01
finished ganymede 1504301827 295 0.15
finished ganymede 1504301827 295 0.3
finished ganymede 1504301827 295 0.9
finished ganymede 1504301827 296 0.2
finished ganymede 1504301827 296 0.35
finished ganymede 1504301827 296 0.45
finished ganymede 1504301827 296 0.01
finished ganymede 1504301827 296 0.8
finished ganymede 1504301827 296 0.65
finished ganymede 1504301827 296 0.6
finished ganymede 1504301827 296 0.75
finished ganymede 1504301827 296 0.05
finished ganymede 1504301827 296 0.15
finished ganymede 1504301827 296 0.7
finished ganymede 1504301827 296 0.25
finished ganymede 1504301827 296 0.1
finished ganymede 1504301827 296 0.4
finished ganymede 1504301827 296 0.55
finished ganymede 1504301827 296 0.95
finished ganymede 1504301827 297 0.05
finished ganymede 1504301827 297 0.2
finished ganymede 1504301827 297 0.7
finished ganymede 1504301827 297 0.3
finished ganymede 1504301827 297 0.5
finished ganymede 1504301827 297 0.65
finished ganymede 1504301827 297 0.15
finished ganymede 1504301827 297 0.85
finished ganymede 1504301827 297 0.01
finished ganymede 1504301827 297 0.45
finished ganymede 1504301827 297 0.75
finished ganymede 1504301827 297 0.55
finished ganymede 1504301827 297 0.35
finished ganymede 1504301827 297 0.1
finished ganymede 1504301827 297 0.25
finished ganymede 1504301827 297 0.4
finished ganymede 1504301827 297 0.8
finished ganymede 1504301827 297 0.95
finished ganymede 1504301827 298 0.2
finished ganymede 1504301827 298 0.5
finished ganymede 1504301827 298 0.15
finished ganymede 1504301827 298 0.95
finished ganymede 1504301827 298 0.35
finished ganymede 1504301827 298 0.65
finished ganymede 1504301827 298 0.85
finished ganymede 1504301827 298 0.3
finished ganymede 1504301827 298 0.6
finished ganymede 1504301827 298 0.05
finished ganymede 1504301827 298 0.9
finished ganymede 1504301827 298 0.45
finished ganymede 1504301827 298 0.55
finished ganymede 1504301827 298 0.25
finished ganymede 1504301827 298 0.8
finished ganymede 1504301827 298 0.01
finished ganymede 1504301827 298 0.75
finished ganymede 1504301827 298 0.1
finished ganymede 1504301827 298 0.7
finished ganymede 1504301827 298 0.4
finished ganymede 1504301827 299 0.45
finished ganymede 1504301827 299 0.2
finished ganymede 1504301827 299 0.6
finished ganymede 1504301827 299 0.85
finished ganymede 1504301827 299 0.9
finished ganymede 1504301827 299 0.35
finished ganymede 1504301827 299 0.4
finished ganymede 1504301827 299 0.05
finished ganymede 1504301827 299 0.01
finished ganymede 1504301827 299 0.25
finished ganymede 1504301827 299 0.1
finished ganymede 1504301827 299 0.55
finished ganymede 1504301827 299 0.3
finished ganymede 1504301827 299 0.8
finished ganymede 1504301827 299 0.7
finished ganymede 1504301827 299 0.15
finished ganymede 1504301827 299 0.75
finished ganymede 1504301827 299 0.95
finished ganymede 1504301827 299 0.5
finished ganymede 1504301827 299 0.65
finished ganymede 1504301827 300 0.4
finished ganymede 1504301827 300 0.65
finished ganymede 1504301827 300 0.15
finished ganymede 1504301827 300 0.75
finished ganymede 1504301827 300 0.05
finished ganymede 1504301827 300 0.3
finished ganymede 1504301827 300 0.1
finished ganymede 1504301827 300 0.8
finished ganymede 1504301827 300 0.6
finished ganymede 1504301827 300 0.5
finished ganymede 1504301827 300 0.01
finished ganymede 1504301827 300 0.2
finished ganymede 1504301827 300 0.25
finished ganymede 1504301827 300 0.35
finished ganymede 1504301827 300 0.55
finished ganymede 1504301827 300 0.7
finished ganymede 1504301827 300 0.45
finished ganymede 1504301827 300 0.85
finished ganymede 1504301827 300 0.9
finished ganymede 1504301827 300 0.95
