nohup: ignoring input
current pid: 23384
/scratch/GW/pool0/khui/result/2stagelowcost/comparativestd/statAPl/qrels/0.01/14 finished
/scratch/GW/pool0/khui/result/2stagelowcost/comparativestd/statAPl/qrels/0.01/19 finished
/scratch/GW/pool0/khui/result/2stagelowcost/comparativestd/statAPl/qrels/0.05/11 finished
/scratch/GW/pool0/khui/result/2stagelowcost/comparativestd/statAPl/qrels/0.01/24 finished
/scratch/GW/pool0/khui/result/2stagelowcost/comparativestd/statAPl/qrels/0.05/16 finished
/scratch/GW/pool0/khui/result/2stagelowcost/comparativestd/statAPl/qrels/0.01/2 finished
/scratch/GW/pool0/khui/result/2stagelowcost/comparativestd/statAPl/qrels/0.05/3 finished
/scratch/GW/pool0/khui/result/2stagelowcost/comparativestd/statAPl/qrels/0.01/30 finished
/scratch/GW/pool0/khui/result/2stagelowcost/comparativestd/statAPl/qrels/0.01/23 finished
/scratch/GW/pool0/khui/result/2stagelowcost/comparativestd/statAPl/qrels/0.01/18 finished
/scratch/GW/pool0/khui/result/2stagelowcost/comparativestd/statAPl/qrels/0.01/9 finished
/scratch/GW/pool0/khui/result/2stagelowcost/comparativestd/statAPl/qrels/0.05/18 finished
/scratch/GW/pool0/khui/result/2stagelowcost/comparativestd/statAPl/qrels/0.01/25 finished
/scratch/GW/pool0/khui/result/2stagelowcost/comparativestd/statAPl/qrels/0.01/20 finished
/scratch/GW/pool0/khui/result/2stagelowcost/comparativestd/statAPl/qrels/0.01/13 finished
/scratch/GW/pool0/khui/result/2stagelowcost/comparativestd/statAPl/qrels/0.01/26 finished
/scratch/GW/pool0/khui/result/2stagelowcost/comparativestd/statAPl/qrels/0.01/17 finished
/scratch/GW/pool0/khui/result/2stagelowcost/comparativestd/statAPl/qrels/0.1/24 finished
/scratch/GW/pool0/khui/result/2stagelowcost/comparativestd/statAPl/qrels/0.01/28 finished
/scratch/GW/pool0/khui/result/2stagelowcost/comparativestd/statAPl/qrels/0.15/16 finished
/scratch/GW/pool0/khui/result/2stagelowcost/comparativestd/statAPl/qrels/0.01/15 finished
/scratch/GW/pool0/khui/result/2stagelowcost/comparativestd/statAPl/qrels/0.01/21 finished
/scratch/GW/pool0/khui/result/2stagelowcost/comparativestd/statAPl/qrels/0.01/3 finished
/scratch/GW/pool0/khui/result/2stagelowcost/comparativestd/statAPl/qrels/0.01/10 finished
/scratch/GW/pool0/khui/result/2stagelowcost/comparativestd/statAPl/qrels/0.01/11 finished
/scratch/GW/pool0/khui/result/2stagelowcost/comparativestd/statAPl/qrels/0.05/20 finished
/scratch/GW/pool0/khui/result/2stagelowcost/comparativestd/statAPl/qrels/0.05/14 finished
/scratch/GW/pool0/khui/result/2stagelowcost/comparativestd/statAPl/qrels/0.01/29 finished
/scratch/GW/pool0/khui/result/2stagelowcost/comparativestd/statAPl/qrels/0.01/7 finished
/scratch/GW/pool0/khui/result/2stagelowcost/comparativestd/statAPl/qrels/0.1/6 finished
/scratch/GW/pool0/khui/result/2stagelowcost/comparativestd/statAPl/qrels/0.2/11 finished
/scratch/GW/pool0/khui/result/2stagelowcost/comparativestd/statAPl/qrels/0.05/2 finished
/scratch/GW/pool0/khui/result/2stagelowcost/comparativestd/statAPl/qrels/0.01/1 finished
/scratch/GW/pool0/khui/result/2stagelowcost/comparativestd/statAPl/qrels/0.01/27 finished
/scratch/GW/pool0/khui/result/2stagelowcost/comparativestd/statAPl/qrels/0.4/4 finished
/scratch/GW/pool0/khui/result/2stagelowcost/comparativestd/statAPl/qrels/0.05/23 finished
/scratch/GW/pool0/khui/result/2stagelowcost/comparativestd/statAPl/qrels/0.1/5 finished
/scratch/GW/pool0/khui/result/2stagelowcost/comparativestd/statAPl/qrels/0.01/22 finished
/scratch/GW/pool0/khui/result/2stagelowcost/comparativestd/statAPl/qrels/0.01/12 finished
/scratch/GW/pool0/khui/result/2stagelowcost/comparativestd/statAPl/qrels/0.15/27 finished
/scratch/GW/pool0/khui/result/2stagelowcost/comparativestd/statAPl/qrels/0.01/6 finished
/scratch/GW/pool0/khui/result/2stagelowcost/comparativestd/statAPl/qrels/0.01/16 finished
/scratch/GW/pool0/khui/result/2stagelowcost/comparativestd/statAPl/qrels/0.6/17 finished
/scratch/GW/pool0/khui/result/2stagelowcost/comparativestd/statAPl/qrels/0.05/15 finished
/scratch/GW/pool0/khui/result/2stagelowcost/comparativestd/statAPl/qrels/0.2/27 finished
/scratch/GW/pool0/khui/result/2stagelowcost/comparativestd/statAPl/qrels/0.1/25 finished
/scratch/GW/pool0/khui/result/2stagelowcost/comparativestd/statAPl/qrels/0.3/11 finished
/scratch/GW/pool0/khui/result/2stagelowcost/comparativestd/statAPl/qrels/0.01/4 finished
/scratch/GW/pool0/khui/result/2stagelowcost/comparativestd/statAPl/qrels/0.4/11 finished
/scratch/GW/pool0/khui/result/2stagelowcost/comparativestd/statAPl/qrels/0.1/4 finished
/scratch/GW/pool0/khui/result/2stagelowcost/comparativestd/statAPl/qrels/0.25/13 finished
/scratch/GW/pool0/khui/result/2stagelowcost/comparativestd/statAPl/qrels/0.05/1 finished
/scratch/GW/pool0/khui/result/2stagelowcost/comparativestd/statAPl/qrels/0.3/9 finished
/scratch/GW/pool0/khui/result/2stagelowcost/comparativestd/statAPl/qrels/0.15/22 finished
/scratch/GW/pool0/khui/result/2stagelowcost/comparativestd/statAPl/qrels/0.15/26 finished
/scratch/GW/pool0/khui/result/2stagelowcost/comparativestd/statAPl/qrels/0.75/11 finished
/scratch/GW/pool0/khui/result/2stagelowcost/comparativestd/statAPl/qrels/0.5/25 finished
/scratch/GW/pool0/khui/result/2stagelowcost/comparativestd/statAPl/qrels/0.35/5 finished
/scratch/GW/pool0/khui/result/2stagelowcost/comparativestd/statAPl/qrels/0.65/18 finished
/scratch/GW/pool0/khui/result/2stagelowcost/comparativestd/statAPl/qrels/0.9/25 finished
/scratch/GW/pool0/khui/result/2stagelowcost/comparativestd/statAPl/qrels/0.95/1 finished
/scratch/GW/pool0/khui/result/2stagelowcost/comparativestd/statAPl/qrels/0.25/2 finished
/scratch/GW/pool0/khui/result/2stagelowcost/comparativestd/statAPl/qrels/0.25/11 finished
/scratch/GW/pool0/khui/result/2stagelowcost/comparativestd/statAPl/qrels/0.8/26 finished
/scratch/GW/pool0/khui/result/2stagelowcost/comparativestd/statAPl/qrels/0.7/19 finished
/scratch/GW/pool0/khui/result/2stagelowcost/comparativestd/statAPl/qrels/0.4/1 finished
/scratch/GW/pool0/khui/result/2stagelowcost/comparativestd/statAPl/qrels/0.9/9 finished
/scratch/GW/pool0/khui/result/2stagelowcost/comparativestd/statAPl/qrels/0.4/25 finished
/scratch/GW/pool0/khui/result/2stagelowcost/comparativestd/statAPl/qrels/0.6/9 finished
/scratch/GW/pool0/khui/result/2stagelowcost/comparativestd/statAPl/qrels/0.65/11 finished
/scratch/GW/pool0/khui/result/2stagelowcost/comparativestd/statAPl/qrels/0.45/10 finished
/scratch/GW/pool0/khui/result/2stagelowcost/comparativestd/statAPl/qrels/0.65/1 finished
/scratch/GW/pool0/khui/result/2stagelowcost/comparativestd/statAPl/qrels/0.85/18 finished
/scratch/GW/pool0/khui/result/2stagelowcost/comparativestd/statAPl/qrels/0.75/23 finished
/scratch/GW/pool0/khui/result/2stagelowcost/comparativestd/statAPl/qrels/0.4/10 finished
/scratch/GW/pool0/khui/result/2stagelowcost/comparativestd/statAPl/qrels/0.15/15 finished
/scratch/GW/pool0/khui/result/2stagelowcost/comparativestd/statAPl/qrels/0.2/5 finished
/scratch/GW/pool0/khui/result/2stagelowcost/comparativestd/statAPl/qrels/0.5/7 finished
/scratch/GW/pool0/khui/result/2stagelowcost/comparativestd/statAPl/qrels/0.05/29 finished
/scratch/GW/pool0/khui/result/2stagelowcost/comparativestd/statAPl/qrels/0.45/16 finished
/scratch/GW/pool0/khui/result/2stagelowcost/comparativestd/statAPl/qrels/0.1/15 finished
/scratch/GW/pool0/khui/result/2stagelowcost/comparativestd/statAPl/qrels/0.25/27 finished
/scratch/GW/pool0/khui/result/2stagelowcost/comparativestd/statAPl/qrels/0.35/1 finished
/scratch/GW/pool0/khui/result/2stagelowcost/comparativestd/statAPl/qrels/0.05/9 finished
/scratch/GW/pool0/khui/result/2stagelowcost/comparativestd/statAPl/qrels/0.9/22 finished
/scratch/GW/pool0/khui/result/2stagelowcost/comparativestd/statAPl/qrels/0.75/5 finished
/scratch/GW/pool0/khui/result/2stagelowcost/comparativestd/statAPl/qrels/0.35/4 finished
/scratch/GW/pool0/khui/result/2stagelowcost/comparativestd/statAPl/qrels/0.05/28 finished
/scratch/GW/pool0/khui/result/2stagelowcost/comparativestd/statAPl/qrels/0.85/13 finished
/scratch/GW/pool0/khui/result/2stagelowcost/comparativestd/statAPl/qrels/0.3/7 finished
/scratch/GW/pool0/khui/result/2stagelowcost/comparativestd/statAPl/qrels/0.65/22 finished
/scratch/GW/pool0/khui/result/2stagelowcost/comparativestd/statAPl/qrels/0.6/15 finished
/scratch/GW/pool0/khui/result/2stagelowcost/comparativestd/statAPl/qrels/0.45/12 finished
/scratch/GW/pool0/khui/result/2stagelowcost/comparativestd/statAPl/qrels/0.5/24 finished
/scratch/GW/pool0/khui/result/2stagelowcost/comparativestd/statAPl/qrels/0.25/26 finished
/scratch/GW/pool0/khui/result/2stagelowcost/comparativestd/statAPl/qrels/0.35/20 finished
/scratch/GW/pool0/khui/result/2stagelowcost/comparativestd/statAPl/qrels/0.9/26 finished
/scratch/GW/pool0/khui/result/2stagelowcost/comparativestd/statAPl/qrels/0.2/16 finished
/scratch/GW/pool0/khui/result/2stagelowcost/comparativestd/statAPl/qrels/0.65/14 finished
/scratch/GW/pool0/khui/result/2stagelowcost/comparativestd/statAPl/qrels/0.1/3 finished
/scratch/GW/pool0/khui/result/2stagelowcost/comparativestd/statAPl/qrels/0.8/25 finished
/scratch/GW/pool0/khui/result/2stagelowcost/comparativestd/statAPl/qrels/0.1/13 finished
/scratch/GW/pool0/khui/result/2stagelowcost/comparativestd/statAPl/qrels/0.4/21 finished
/scratch/GW/pool0/khui/result/2stagelowcost/comparativestd/statAPl/qrels/0.3/20 finished
/scratch/GW/pool0/khui/result/2stagelowcost/comparativestd/statAPl/qrels/0.85/5 finished
/scratch/GW/pool0/khui/result/2stagelowcost/comparativestd/statAPl/qrels/0.95/17 finished
/scratch/GW/pool0/khui/result/2stagelowcost/comparativestd/statAPl/qrels/0.7/15 finished
/scratch/GW/pool0/khui/result/2stagelowcost/comparativestd/statAPl/qrels/0.1/27 finished
/scratch/GW/pool0/khui/result/2stagelowcost/comparativestd/statAPl/qrels/0.55/2 finished
/scratch/GW/pool0/khui/result/2stagelowcost/comparativestd/statAPl/qrels/0.9/7 finished
/scratch/GW/pool0/khui/result/2stagelowcost/comparativestd/statAPl/qrels/0.65/4 finished
/scratch/GW/pool0/khui/result/2stagelowcost/comparativestd/statAPl/qrels/0.75/14 finished
/scratch/GW/pool0/khui/result/2stagelowcost/comparativestd/statAPl/qrels/0.9/27 finished
/scratch/GW/pool0/khui/result/2stagelowcost/comparativestd/statAPl/qrels/0.1/23 finished
/scratch/GW/pool0/khui/result/2stagelowcost/comparativestd/statAPl/qrels/0.05/17 finished
/scratch/GW/pool0/khui/result/2stagelowcost/comparativestd/statAPl/qrels/0.6/24 finished
/scratch/GW/pool0/khui/result/2stagelowcost/comparativestd/statAPl/qrels/0.75/9 finished
/scratch/GW/pool0/khui/result/2stagelowcost/comparativestd/statAPl/qrels/0.65/3 finished
/scratch/GW/pool0/khui/result/2stagelowcost/comparativestd/statAPl/qrels/0.75/15 finished
/scratch/GW/pool0/khui/result/2stagelowcost/comparativestd/statAPl/qrels/0.95/24 finished
/scratch/GW/pool0/khui/result/2stagelowcost/comparativestd/statAPl/qrels/0.55/29 finished
/scratch/GW/pool0/khui/result/2stagelowcost/comparativestd/statAPl/qrels/0.5/3 finished
/scratch/GW/pool0/khui/result/2stagelowcost/comparativestd/statAPl/qrels/0.6/14 finished
/scratch/GW/pool0/khui/result/2stagelowcost/comparativestd/statAPl/qrels/0.1/1 finished
/scratch/GW/pool0/khui/result/2stagelowcost/comparativestd/statAPl/qrels/0.2/18 finished
/scratch/GW/pool0/khui/result/2stagelowcost/comparativestd/statAPl/qrels/0.2/20 finished
/scratch/GW/pool0/khui/result/2stagelowcost/comparativestd/statAPl/qrels/0.5/16 finished
/scratch/GW/pool0/khui/result/2stagelowcost/comparativestd/statAPl/qrels/0.15/5 finished
/scratch/GW/pool0/khui/result/2stagelowcost/comparativestd/statAPl/qrels/0.15/9 finished
/scratch/GW/pool0/khui/result/2stagelowcost/comparativestd/statAPl/qrels/0.6/20 finished
/scratch/GW/pool0/khui/result/2stagelowcost/comparativestd/statAPl/qrels/0.6/12 finished
/scratch/GW/pool0/khui/result/2stagelowcost/comparativestd/statAPl/qrels/0.2/4 finished
/scratch/GW/pool0/khui/result/2stagelowcost/comparativestd/statAPl/qrels/0.65/17 finished
/scratch/GW/pool0/khui/result/2stagelowcost/comparativestd/statAPl/qrels/0.9/19 finished
/scratch/GW/pool0/khui/result/2stagelowcost/comparativestd/statAPl/qrels/0.8/6 finished
/scratch/GW/pool0/khui/result/2stagelowcost/comparativestd/statAPl/qrels/0.15/3 finished
/scratch/GW/pool0/khui/result/2stagelowcost/comparativestd/statAPl/qrels/0.4/3 finished
/scratch/GW/pool0/khui/result/2stagelowcost/comparativestd/statAPl/qrels/0.5/23 finished
/scratch/GW/pool0/khui/result/2stagelowcost/comparativestd/statAPl/qrels/0.6/29 finished
/scratch/GW/pool0/khui/result/2stagelowcost/comparativestd/statAPl/qrels/0.05/10 finished
/scratch/GW/pool0/khui/result/2stagelowcost/comparativestd/statAPl/qrels/0.15/17 finished
/scratch/GW/pool0/khui/result/2stagelowcost/comparativestd/statAPl/qrels/0.4/12 finished
/scratch/GW/pool0/khui/result/2stagelowcost/comparativestd/statAPl/qrels/0.75/2 finished
/scratch/GW/pool0/khui/result/2stagelowcost/comparativestd/statAPl/qrels/0.05/19 finished
/scratch/GW/pool0/khui/result/2stagelowcost/comparativestd/statAPl/qrels/0.95/28 finished
/scratch/GW/pool0/khui/result/2stagelowcost/comparativestd/statAPl/qrels/0.25/1 finished
/scratch/GW/pool0/khui/result/2stagelowcost/comparativestd/statAPl/qrels/0.1/9 finished
/scratch/GW/pool0/khui/result/2stagelowcost/comparativestd/statAPl/qrels/0.6/6 finished
/scratch/GW/pool0/khui/result/2stagelowcost/comparativestd/statAPl/qrels/0.15/2 finished
/scratch/GW/pool0/khui/result/2stagelowcost/comparativestd/statAPl/qrels/0.3/6 finished
/scratch/GW/pool0/khui/result/2stagelowcost/comparativestd/statAPl/qrels/0.25/25 finished
/scratch/GW/pool0/khui/result/2stagelowcost/comparativestd/statAPl/qrels/0.01/8 finished
/scratch/GW/pool0/khui/result/2stagelowcost/comparativestd/statAPl/qrels/0.1/19 finished
/scratch/GW/pool0/khui/result/2stagelowcost/comparativestd/statAPl/qrels/0.3/22 finished
/scratch/GW/pool0/khui/result/2stagelowcost/comparativestd/statAPl/qrels/0.55/21 finished
/scratch/GW/pool0/khui/result/2stagelowcost/comparativestd/statAPl/qrels/0.4/14 finished
/scratch/GW/pool0/khui/result/2stagelowcost/comparativestd/statAPl/qrels/0.2/23 finished
/scratch/GW/pool0/khui/result/2stagelowcost/comparativestd/statAPl/qrels/0.05/12 finished
/scratch/GW/pool0/khui/result/2stagelowcost/comparativestd/statAPl/qrels/0.9/8 finished
/scratch/GW/pool0/khui/result/2stagelowcost/comparativestd/statAPl/qrels/0.75/30 finished
/scratch/GW/pool0/khui/result/2stagelowcost/comparativestd/statAPl/qrels/0.4/15 finished
/scratch/GW/pool0/khui/result/2stagelowcost/comparativestd/statAPl/qrels/0.85/17 finished
/scratch/GW/pool0/khui/result/2stagelowcost/comparativestd/statAPl/qrels/0.35/12 finished
/scratch/GW/pool0/khui/result/2stagelowcost/comparativestd/statAPl/qrels/0.75/22 finished
/scratch/GW/pool0/khui/result/2stagelowcost/comparativestd/statAPl/qrels/0.05/21 finished
/scratch/GW/pool0/khui/result/2stagelowcost/comparativestd/statAPl/qrels/0.45/7 finished
/scratch/GW/pool0/khui/result/2stagelowcost/comparativestd/statAPl/qrels/0.65/6 finished
/scratch/GW/pool0/khui/result/2stagelowcost/comparativestd/statAPl/qrels/0.85/20 finished
/scratch/GW/pool0/khui/result/2stagelowcost/comparativestd/statAPl/qrels/0.85/11 finished
/scratch/GW/pool0/khui/result/2stagelowcost/comparativestd/statAPl/qrels/0.25/12 finished
/scratch/GW/pool0/khui/result/2stagelowcost/comparativestd/statAPl/qrels/0.25/30 finished
/scratch/GW/pool0/khui/result/2stagelowcost/comparativestd/statAPl/qrels/0.35/11 finished
/scratch/GW/pool0/khui/result/2stagelowcost/comparativestd/statAPl/qrels/0.45/3 finished
/scratch/GW/pool0/khui/result/2stagelowcost/comparativestd/statAPl/qrels/0.45/6 finished
/scratch/GW/pool0/khui/result/2stagelowcost/comparativestd/statAPl/qrels/0.4/24 finished
/scratch/GW/pool0/khui/result/2stagelowcost/comparativestd/statAPl/qrels/0.45/28 finished
/scratch/GW/pool0/khui/result/2stagelowcost/comparativestd/statAPl/qrels/0.5/26 finished
/scratch/GW/pool0/khui/result/2stagelowcost/comparativestd/statAPl/qrels/0.9/29 finished
/scratch/GW/pool0/khui/result/2stagelowcost/comparativestd/statAPl/qrels/0.75/1 finished
/scratch/GW/pool0/khui/result/2stagelowcost/comparativestd/statAPl/qrels/0.05/6 finished
/scratch/GW/pool0/khui/result/2stagelowcost/comparativestd/statAPl/qrels/0.25/21 finished
/scratch/GW/pool0/khui/result/2stagelowcost/comparativestd/statAPl/qrels/0.15/19 finished
/scratch/GW/pool0/khui/result/2stagelowcost/comparativestd/statAPl/qrels/0.65/24 finished
/scratch/GW/pool0/khui/result/2stagelowcost/comparativestd/statAPl/qrels/0.7/24 finished
/scratch/GW/pool0/khui/result/2stagelowcost/comparativestd/statAPl/qrels/0.7/10 finished
/scratch/GW/pool0/khui/result/2stagelowcost/comparativestd/statAPl/qrels/0.95/7 finished
/scratch/GW/pool0/khui/result/2stagelowcost/comparativestd/statAPl/qrels/0.35/17 finished
/scratch/GW/pool0/khui/result/2stagelowcost/comparativestd/statAPl/qrels/0.3/5 finished
/scratch/GW/pool0/khui/result/2stagelowcost/comparativestd/statAPl/qrels/0.5/17 finished
/scratch/GW/pool0/khui/result/2stagelowcost/comparativestd/statAPl/qrels/0.35/29 finished
/scratch/GW/pool0/khui/result/2stagelowcost/comparativestd/statAPl/qrels/0.4/8 finished
/scratch/GW/pool0/khui/result/2stagelowcost/comparativestd/statAPl/qrels/0.8/8 finished
/scratch/GW/pool0/khui/result/2stagelowcost/comparativestd/statAPl/qrels/0.45/15 finished
/scratch/GW/pool0/khui/result/2stagelowcost/comparativestd/statAPl/qrels/0.3/27 finished
/scratch/GW/pool0/khui/result/2stagelowcost/comparativestd/statAPl/qrels/0.15/24 finished
/scratch/GW/pool0/khui/result/2stagelowcost/comparativestd/statAPl/qrels/0.45/22 finished
/scratch/GW/pool0/khui/result/2stagelowcost/comparativestd/statAPl/qrels/0.15/23 finished
/scratch/GW/pool0/khui/result/2stagelowcost/comparativestd/statAPl/qrels/0.7/6 finished
/scratch/GW/pool0/khui/result/2stagelowcost/comparativestd/statAPl/qrels/0.5/10 finished
/scratch/GW/pool0/khui/result/2stagelowcost/comparativestd/statAPl/qrels/0.3/21 finished
/scratch/GW/pool0/khui/result/2stagelowcost/comparativestd/statAPl/qrels/0.4/18 finished
/scratch/GW/pool0/khui/result/2stagelowcost/comparativestd/statAPl/qrels/0.1/28 finished
/scratch/GW/pool0/khui/result/2stagelowcost/comparativestd/statAPl/qrels/0.75/29 finished
/scratch/GW/pool0/khui/result/2stagelowcost/comparativestd/statAPl/qrels/0.1/20 finished
/scratch/GW/pool0/khui/result/2stagelowcost/comparativestd/statAPl/qrels/0.3/28 finished
/scratch/GW/pool0/khui/result/2stagelowcost/comparativestd/statAPl/qrels/0.2/19 finished
/scratch/GW/pool0/khui/result/2stagelowcost/comparativestd/statAPl/qrels/0.01/5 finished
/scratch/GW/pool0/khui/result/2stagelowcost/comparativestd/statAPl/qrels/0.1/14 finished
/scratch/GW/pool0/khui/result/2stagelowcost/comparativestd/statAPl/qrels/0.65/27 finished
/scratch/GW/pool0/khui/result/2stagelowcost/comparativestd/statAPl/qrels/0.4/30 finished
/scratch/GW/pool0/khui/result/2stagelowcost/comparativestd/statAPl/qrels/0.85/8 finished
/scratch/GW/pool0/khui/result/2stagelowcost/comparativestd/statAPl/qrels/0.25/15 finished
/scratch/GW/pool0/khui/result/2stagelowcost/comparativestd/statAPl/qrels/0.25/16 finished
/scratch/GW/pool0/khui/result/2stagelowcost/comparativestd/statAPl/qrels/0.2/30 finished
/scratch/GW/pool0/khui/result/2stagelowcost/comparativestd/statAPl/qrels/0.75/26 finished
/scratch/GW/pool0/khui/result/2stagelowcost/comparativestd/statAPl/qrels/0.25/5 finished
/scratch/GW/pool0/khui/result/2stagelowcost/comparativestd/statAPl/qrels/0.4/28 finished
/scratch/GW/pool0/khui/result/2stagelowcost/comparativestd/statAPl/qrels/0.55/6 finished
/scratch/GW/pool0/khui/result/2stagelowcost/comparativestd/statAPl/qrels/0.85/6 finished
/scratch/GW/pool0/khui/result/2stagelowcost/comparativestd/statAPl/qrels/0.35/9 finished
/scratch/GW/pool0/khui/result/2stagelowcost/comparativestd/statAPl/qrels/0.8/22 finished
/scratch/GW/pool0/khui/result/2stagelowcost/comparativestd/statAPl/qrels/0.95/6 finished
/scratch/GW/pool0/khui/result/2stagelowcost/comparativestd/statAPl/qrels/0.95/3 finished
/scratch/GW/pool0/khui/result/2stagelowcost/comparativestd/statAPl/qrels/0.2/3 finished
/scratch/GW/pool0/khui/result/2stagelowcost/comparativestd/statAPl/qrels/0.8/11 finished
/scratch/GW/pool0/khui/result/2stagelowcost/comparativestd/statAPl/qrels/0.9/20 finished
/scratch/GW/pool0/khui/result/2stagelowcost/comparativestd/statAPl/qrels/0.75/3 finished
/scratch/GW/pool0/khui/result/2stagelowcost/comparativestd/statAPl/qrels/0.35/21 finished
/scratch/GW/pool0/khui/result/2stagelowcost/comparativestd/statAPl/qrels/0.55/14 finished
/scratch/GW/pool0/khui/result/2stagelowcost/comparativestd/statAPl/qrels/0.5/15 finished
/scratch/GW/pool0/khui/result/2stagelowcost/comparativestd/statAPl/qrels/0.4/9 finished
/scratch/GW/pool0/khui/result/2stagelowcost/comparativestd/statAPl/qrels/0.9/28 finished
/scratch/GW/pool0/khui/result/2stagelowcost/comparativestd/statAPl/qrels/0.6/3 finished
/scratch/GW/pool0/khui/result/2stagelowcost/comparativestd/statAPl/qrels/0.35/15 finished
/scratch/GW/pool0/khui/result/2stagelowcost/comparativestd/statAPl/qrels/0.9/2 finished
/scratch/GW/pool0/khui/result/2stagelowcost/comparativestd/statAPl/qrels/0.7/4 finished
/scratch/GW/pool0/khui/result/2stagelowcost/comparativestd/statAPl/qrels/0.1/30 finished
/scratch/GW/pool0/khui/result/2stagelowcost/comparativestd/statAPl/qrels/0.65/7 finished
/scratch/GW/pool0/khui/result/2stagelowcost/comparativestd/statAPl/qrels/0.6/28 finished
/scratch/GW/pool0/khui/result/2stagelowcost/comparativestd/statAPl/qrels/0.75/27 finished
/scratch/GW/pool0/khui/result/2stagelowcost/comparativestd/statAPl/qrels/0.85/1 finished
/scratch/GW/pool0/khui/result/2stagelowcost/comparativestd/statAPl/qrels/0.35/10 finished
/scratch/GW/pool0/khui/result/2stagelowcost/comparativestd/statAPl/qrels/0.45/5 finished
/scratch/GW/pool0/khui/result/2stagelowcost/comparativestd/statAPl/qrels/0.15/12 finished
/scratch/GW/pool0/khui/result/2stagelowcost/comparativestd/statAPl/qrels/0.75/19 finished
/scratch/GW/pool0/khui/result/2stagelowcost/comparativestd/statAPl/qrels/0.8/27 finished
/scratch/GW/pool0/khui/result/2stagelowcost/comparativestd/statAPl/qrels/0.5/22 finished
/scratch/GW/pool0/khui/result/2stagelowcost/comparativestd/statAPl/qrels/0.05/26 finished
/scratch/GW/pool0/khui/result/2stagelowcost/comparativestd/statAPl/qrels/0.8/13 finished
/scratch/GW/pool0/khui/result/2stagelowcost/comparativestd/statAPl/qrels/0.15/28 finished
/scratch/GW/pool0/khui/result/2stagelowcost/comparativestd/statAPl/qrels/0.85/7 finished
/scratch/GW/pool0/khui/result/2stagelowcost/comparativestd/statAPl/qrels/0.3/23 finished
/scratch/GW/pool0/khui/result/2stagelowcost/comparativestd/statAPl/qrels/0.6/13 finished
/scratch/GW/pool0/khui/result/2stagelowcost/comparativestd/statAPl/qrels/0.2/14 finished
/scratch/GW/pool0/khui/result/2stagelowcost/comparativestd/statAPl/qrels/0.3/24 finished
/scratch/GW/pool0/khui/result/2stagelowcost/comparativestd/statAPl/qrels/0.3/10 finished
/scratch/GW/pool0/khui/result/2stagelowcost/comparativestd/statAPl/qrels/0.75/25 finished
/scratch/GW/pool0/khui/result/2stagelowcost/comparativestd/statAPl/qrels/0.6/18 finished
/scratch/GW/pool0/khui/result/2stagelowcost/comparativestd/statAPl/qrels/0.55/11 finished
/scratch/GW/pool0/khui/result/2stagelowcost/comparativestd/statAPl/qrels/0.3/17 finished
/scratch/GW/pool0/khui/result/2stagelowcost/comparativestd/statAPl/qrels/0.45/17 finished
/scratch/GW/pool0/khui/result/2stagelowcost/comparativestd/statAPl/qrels/0.7/23 finished
/scratch/GW/pool0/khui/result/2stagelowcost/comparativestd/statAPl/qrels/0.85/27 finished
/scratch/GW/pool0/khui/result/2stagelowcost/comparativestd/statAPl/qrels/0.1/10 finished
/scratch/GW/pool0/khui/result/2stagelowcost/comparativestd/statAPl/qrels/0.05/22 finished
/scratch/GW/pool0/khui/result/2stagelowcost/comparativestd/statAPl/qrels/0.1/21 finished
/scratch/GW/pool0/khui/result/2stagelowcost/comparativestd/statAPl/qrels/0.85/22 finished
/scratch/GW/pool0/khui/result/2stagelowcost/comparativestd/statAPl/qrels/0.25/29 finished
/scratch/GW/pool0/khui/result/2stagelowcost/comparativestd/statAPl/qrels/0.15/14 finished
/scratch/GW/pool0/khui/result/2stagelowcost/comparativestd/statAPl/qrels/0.7/17 finished
/scratch/GW/pool0/khui/result/2stagelowcost/comparativestd/statAPl/qrels/0.95/12 finished
/scratch/GW/pool0/khui/result/2stagelowcost/comparativestd/statAPl/qrels/0.15/1 finished
/scratch/GW/pool0/khui/result/2stagelowcost/comparativestd/statAPl/qrels/0.4/5 finished
/scratch/GW/pool0/khui/result/2stagelowcost/comparativestd/statAPl/qrels/0.9/6 finished
/scratch/GW/pool0/khui/result/2stagelowcost/comparativestd/statAPl/qrels/0.75/7 finished
/scratch/GW/pool0/khui/result/2stagelowcost/comparativestd/statAPl/qrels/0.15/6 finished
/scratch/GW/pool0/khui/result/2stagelowcost/comparativestd/statAPl/qrels/0.9/21 finished
/scratch/GW/pool0/khui/result/2stagelowcost/comparativestd/statAPl/qrels/0.25/4 finished
/scratch/GW/pool0/khui/result/2stagelowcost/comparativestd/statAPl/qrels/0.6/19 finished
/scratch/GW/pool0/khui/result/2stagelowcost/comparativestd/statAPl/qrels/0.2/2 finished
/scratch/GW/pool0/khui/result/2stagelowcost/comparativestd/statAPl/qrels/0.55/22 finished
/scratch/GW/pool0/khui/result/2stagelowcost/comparativestd/statAPl/qrels/0.1/26 finished
/scratch/GW/pool0/khui/result/2stagelowcost/comparativestd/statAPl/qrels/0.2/28 finished
/scratch/GW/pool0/khui/result/2stagelowcost/comparativestd/statAPl/qrels/0.55/27 finished
/scratch/GW/pool0/khui/result/2stagelowcost/comparativestd/statAPl/qrels/0.45/2 finished
/scratch/GW/pool0/khui/result/2stagelowcost/comparativestd/statAPl/qrels/0.95/11 finished
/scratch/GW/pool0/khui/result/2stagelowcost/comparativestd/statAPl/qrels/0.3/2 finished
/scratch/GW/pool0/khui/result/2stagelowcost/comparativestd/statAPl/qrels/0.55/13 finished
/scratch/GW/pool0/khui/result/2stagelowcost/comparativestd/statAPl/qrels/0.5/18 finished
/scratch/GW/pool0/khui/result/2stagelowcost/comparativestd/statAPl/qrels/0.75/13 finished
/scratch/GW/pool0/khui/result/2stagelowcost/comparativestd/statAPl/qrels/0.2/24 finished
/scratch/GW/pool0/khui/result/2stagelowcost/comparativestd/statAPl/qrels/0.35/22 finished
/scratch/GW/pool0/khui/result/2stagelowcost/comparativestd/statAPl/qrels/0.55/25 finished
/scratch/GW/pool0/khui/result/2stagelowcost/comparativestd/statAPl/qrels/0.7/8 finished
/scratch/GW/pool0/khui/result/2stagelowcost/comparativestd/statAPl/qrels/0.65/2 finished
/scratch/GW/pool0/khui/result/2stagelowcost/comparativestd/statAPl/qrels/0.85/12 finished
/scratch/GW/pool0/khui/result/2stagelowcost/comparativestd/statAPl/qrels/0.8/20 finished
/scratch/GW/pool0/khui/result/2stagelowcost/comparativestd/statAPl/qrels/0.95/20 finished
/scratch/GW/pool0/khui/result/2stagelowcost/comparativestd/statAPl/qrels/0.6/16 finished
/scratch/GW/pool0/khui/result/2stagelowcost/comparativestd/statAPl/qrels/0.2/17 finished
/scratch/GW/pool0/khui/result/2stagelowcost/comparativestd/statAPl/qrels/0.7/20 finished
/scratch/GW/pool0/khui/result/2stagelowcost/comparativestd/statAPl/qrels/0.85/19 finished
/scratch/GW/pool0/khui/result/2stagelowcost/comparativestd/statAPl/qrels/0.8/18 finished
/scratch/GW/pool0/khui/result/2stagelowcost/comparativestd/statAPl/qrels/0.2/13 finished
/scratch/GW/pool0/khui/result/2stagelowcost/comparativestd/statAPl/qrels/0.85/3 finished
/scratch/GW/pool0/khui/result/2stagelowcost/comparativestd/statAPl/qrels/0.75/24 finished
/scratch/GW/pool0/khui/result/2stagelowcost/comparativestd/statAPl/qrels/0.5/13 finished
/scratch/GW/pool0/khui/result/2stagelowcost/comparativestd/statAPl/qrels/0.5/14 finished
/scratch/GW/pool0/khui/result/2stagelowcost/comparativestd/statAPl/qrels/0.1/16 finished
/scratch/GW/pool0/khui/result/2stagelowcost/comparativestd/statAPl/qrels/0.4/2 finished
/scratch/GW/pool0/khui/result/2stagelowcost/comparativestd/statAPl/qrels/0.3/29 finished
/scratch/GW/pool0/khui/result/2stagelowcost/comparativestd/statAPl/qrels/0.65/12 finished
/scratch/GW/pool0/khui/result/2stagelowcost/comparativestd/statAPl/qrels/0.85/29 finished
/scratch/GW/pool0/khui/result/2stagelowcost/comparativestd/statAPl/qrels/0.95/14 finished
/scratch/GW/pool0/khui/result/2stagelowcost/comparativestd/statAPl/qrels/0.95/5 finished
/scratch/GW/pool0/khui/result/2stagelowcost/comparativestd/statAPl/qrels/0.1/11 finished
/scratch/GW/pool0/khui/result/2stagelowcost/comparativestd/statAPl/qrels/0.45/21 finished
/scratch/GW/pool0/khui/result/2stagelowcost/comparativestd/statAPl/qrels/0.7/11 finished
/scratch/GW/pool0/khui/result/2stagelowcost/comparativestd/statAPl/qrels/0.3/13 finished
/scratch/GW/pool0/khui/result/2stagelowcost/comparativestd/statAPl/qrels/0.3/14 finished
/scratch/GW/pool0/khui/result/2stagelowcost/comparativestd/statAPl/qrels/0.9/24 finished
/scratch/GW/pool0/khui/result/2stagelowcost/comparativestd/statAPl/qrels/0.45/8 finished
/scratch/GW/pool0/khui/result/2stagelowcost/comparativestd/statAPl/qrels/0.65/30 finished
/scratch/GW/pool0/khui/result/2stagelowcost/comparativestd/statAPl/qrels/0.85/4 finished
/scratch/GW/pool0/khui/result/2stagelowcost/comparativestd/statAPl/qrels/0.35/27 finished
/scratch/GW/pool0/khui/result/2stagelowcost/comparativestd/statAPl/qrels/0.3/15 finished
/scratch/GW/pool0/khui/result/2stagelowcost/comparativestd/statAPl/qrels/0.1/29 finished
/scratch/GW/pool0/khui/result/2stagelowcost/comparativestd/statAPl/qrels/0.15/30 finished
/scratch/GW/pool0/khui/result/2stagelowcost/comparativestd/statAPl/qrels/0.9/4 finished
/scratch/GW/pool0/khui/result/2stagelowcost/comparativestd/statAPl/qrels/0.8/1 finished
/scratch/GW/pool0/khui/result/2stagelowcost/comparativestd/statAPl/qrels/0.65/29 finished
/scratch/GW/pool0/khui/result/2stagelowcost/comparativestd/statAPl/qrels/0.9/1 finished
/scratch/GW/pool0/khui/result/2stagelowcost/comparativestd/statAPl/qrels/0.5/12 finished
/scratch/GW/pool0/khui/result/2stagelowcost/comparativestd/statAPl/qrels/0.2/26 finished
/scratch/GW/pool0/khui/result/2stagelowcost/comparativestd/statAPl/qrels/0.75/6 finished//scratch/GW/pool0/khui/result/2stagelowcost/comparativestd/statAPl/qrels/0.7/22 finished
/scratch/GW/pool0/khui/result/2stagelowcost/comparativestd/statAPl/qrels/0.95/8 finished
/scratch/GW/pool0/khui/result/2stagelowcost/comparativestd/statAPl/qrels/0.95/23 finished
/scratch/GW/pool0/khui/result/2stagelowcost/comparativestd/statAPl/qrels/0.25/10 finished
/scratch/GW/pool0/khui/result/2stagelowcost/comparativestd/statAPl/qrels/0.75/8 finished
/scratch/GW/pool0/khui/result/2stagelowcost/comparativestd/statAPl/qrels/0.1/2 finished
/scratch/GW/pool0/khui/result/2stagelowcost/comparativestd/statAPl/qrels/0.25/19 finished
/scratch/GW/pool0/khui/result/2stagelowcost/comparativestd/statAPl/qrels/0.2/25 finished
/scratch/GW/pool0/khui/result/2stagelowcost/comparativestd/statAPl/qrels/0.7/7 finished
/scratch/GW/pool0/khui/result/2stagelowcost/comparativestd/statAPl/qrels/0.95/16 finished
/scratch/GW/pool0/khui/result/2stagelowcost/comparativestd/statAPl/qrels/0.65/21 finished
/scratch/GW/pool0/khui/result/2stagelowcost/comparativestd/statAPl/qrels/0.3/8 finished
/scratch/GW/pool0/khui/result/2stagelowcost/comparativestd/statAPl/qrels/0.15/10 finished
/scratch/GW/pool0/khui/result/2stagelowcost/comparativestd/statAPl/qrels/0.45/13 finishe/scratch/GW/pool0/khui/result/2stagelowcost/comparativestd/statAPl/qrels/0.7/3 finished
/scratch/GW/pool0/khui/result/2stagelowcost/comparativestd/statAPl/qrels/0.9/3 finished
/scratch/GW/pool0/khui/result/2stagelowcost/comparativestd/statAPl/qrels/0.55/23 finished
/scratch/GW/pool0/khui/result/2stagelowcost/comparativestd/statAPl/qrels/0.8/28 finished
/scratch/GW/pool0/khui/result/2stagelowcost/comparativestd/statAPl/qrels/0.8/5 finished
/scratch/GW/pool0/khui/result/2stagelowcost/comparativestd/statAPl/qrels/0.9/15 finished
/scratch/GW/pool0/khui/result/2stagelowcost/comparativestd/statAPl/qrels/0.95/29 finished/scratch/GW/pool0/khui/result/2stagelowcost/comparativestd/statAPl/qrels/0.95/26 finished//scratch/GW/pool0/khui/result/2stagelowcost/comparativestd/statAPl/qrels/0.8/15 finishe///scratch/GW/pool0/khui/result/2stagelowcost/comparativestd/statAPl/qrels/0.85/28 finish/s/scratch/GW/pool0/khui/result/2stagelowcost/comparativestd/statAPl/qrels/0.3/3 finished
/scratch/GW/pool0/khui/result/2stagelowcost/comparativestd/statAPl/qrels/0.45/20 finished
/scratch/GW/pool0/khui/result/2stagelowcost/comparativestd/statAPl/qrels/0.45/18 finished
/scratch/GW/pool0/khui/result/2stagelowcost/comparativestd/statAPl/qrels/0.6/4 finished
/scratch/GW/pool0/khui/result/2stagelowcost/comparativestd/statAPl/qrels/0.5/11 finished
/scratch/GW/pool0/khui/result/2stagelowcost/comparativestd/statAPl/qrels/0.95/30 finished
/scratch/GW/pool0/khui/result/2stagelowcost/comparativestd/statAPl/qrels/0.9/11 finished
/scratch/GW/pool0/khui/result/2stagelowcost/comparativestd/statAPl/qrels/0.15/7 finished
/scratch/GW/pool0/khui/result/2stagelowcost/comparativestd/statAPl/qrels/0.35/13 finished
/scratch/GW/pool0/khui/result/2stagelowcost/comparativestd/statAPl/qrels/0.2/9 finished
/scratch/GW/pool0/khui/result/2stagelowcost/comparativestd/statAPl/qrels/0.05/5 finished
/scratch/GW/pool0/khui/result/2stagelowcost/comparativestd/statAPl/qrels/0.15/18 finished
/scratch/GW/pool0/khui/result/2stagelowcost/comparativestd/statAPl/qrels/0.45/23 finished
/scratch/GW/pool0/khui/result/2stagelowcost/comparativestd/statAPl/qrels/0.75/16 finished
/scratch/GW/pool0/khui/result/2stagelowcost/comparativestd/statAPl/qrels/0.35/23 finishe/s/scratch/GW/pool0/khui/result/2stagelowcost/comparativestd/statAPl/qrels/0.3/19 finished
/scratch/GW/pool0/khui/result/2stagelowcost/comparativestd/statAPl/qrels/0.4/13 finished
/scratch/GW/pool0/khui/result/2stagelowcost/comparativestd/statAPl/qrels/0.8/30 finished
/scratch/GW/pool0/khui/result/2stagelowcost/comparativestd/statAPl/qrels/0.4/27 finished
/scratch/GW/pool0/khui/result/2stagelowcost/comparativestd/statAPl/qrels/0.8/3 finished
/scratch/GW/pool0/khui/result/2stagelowcost/comparativestd/statAPl/qrels/0.6/1 finished
/scratch/GW/pool0/khui/result/2stagelowcost/comparativestd/statAPl/qrels/0.3/26 finished

/scratch/GW/pool0/khui/result/2stagelowcost/comparativestd/statAPl/qrels/0.7/13 finished
/scratch/GW/pool0/khui/result/2stagelowcost/comparativestd/statAPl/qrels/0.2/22 finished/scratch/GW/pool0/khui/result/2stagelowcost/comparativestd/statAPl/qrels/0.45/29 finished
d
/scratch/GW/pool0/khui/result/2stagelowcost/comparativestd/statAPl/qrels/0.55/5 finished
/scratch/GW/pool0/khui/result/2stagelowcost/comparativestd/statAPl/qrels/0.5/21 finished
/scratch/GW/pool0/khui/result/2stagelowcost/comparativestd/statAPl/qrels/0.95/9 finished
/scratch/GW/pool0/khui/result/2stagelowcost/comparativestd/statAPl/qrels/0.25/22 finished
/scratch/GW/pool0/khui/result/2stagelowcost/comparativestd/statAPl/qrels/0.65/19 finished
/scratch/GW/pool0/khui/result/2stagelowcost/comparativestd/statAPl/qrels/0.55/1 finished
/scratch/GW/pool0/khui/result/2stagelowcost/comparativestd/statAPl/qrels/0.9/17 finished
/scratch/GW/pool0/khui/result/2stagelowcost/comparativestd/statAPl/qrels/0.55/12 finished
/scratch/GW/pool0/khui/result/2stagelowcost/comparativestd/statAPl/qrels/0.95/15 finished
/scratch/GW/pool0/khui/result/2stagelowcost/comparativestd/statAPl/qrels/0.7/2 finished
/scratch/GW/pool0/khui/result/2stagelowcost/comparativestd/statAPl/qrels/0.5/28 finished
/scratch/GW/pool0/khui/result/2stagelowcost/comparativestd/statAPl/qrels/0.55/3 finished
/scratch/GW/pool0/khui/result/2stagelowcost/comparativestd/statAPl/qrels/0.3/18 finished
ed
/scratch/GW/pool0/khui/result/2stagelowcost/comparativestd/statAPl/qrels/0.85/14 finished
/scratch/GW/pool0/khui/result/2stagelowcost/comparativestd/statAPl/qrels/0.8/23 finished
/scratch/GW/pool0/khui/result/2stagelowcost/comparativestd/statAPl/qrels/0.25/9 finished
/scratch/GW/pool0/khui/result/2stagelowcost/comparativestd/statAPl/qrels/0.95/18 finished
/scratch/GW/pool0/khui/result/2stagelowcost/comparativestd/statAPl/qrels/0.25/20 finished
/scratch/GW/pool0/khui/result/2stagelowcost/comparativestd/statAPl/qrels/0.65/20 finished
/scratch/GW/pool0/khui/result/2stagelowcost/comparativestd/statAPl/qrels/0.7/18 finished
/scratch/GW/pool0/khui/result/2stagelowcost/comparativestd/statAPl/qrels/0.95/27 finished
/scratch/GW/pool0/khui/result/2stagelowcost/comparativestd/statAPl/qrels/0.4/17 finished
/scratch/GW/pool0/khui/result/2stagelowcost/comparativestd/statAPl/qrels/0.25/3 finished
/scratch/GW/pool0/khui/result/2stagelowcost/comparativestd/statAPl/qrels/0.55/8 finished
/scratch/GW/pool0/khui/result/2stagelowcost/comparativestd/statAPl/qrels/0.05/25 finished
/scratch/GW/pool0/khui/result/2stagelowcost/comparativestd/statAPl/qrels/0.65/10 finished
/scratch/GW/pool0/khui/result/2stagelowcost/comparativestd/statAPl/qrels/0.8/10 finished
/scratch/GW/pool0/khui/result/2stagelowcost/comparativestd/statAPl/qrels/0.55/16 finished
/scratch/GW/pool0/khui/result/2stagelowcost/comparativestd/statAPl/qrels/0.6/10 finished
/scratch/GW/pool0/khui/result/2stagelowcost/comparativestd/statAPl/qrels/0.6/21 finished
/scratch/GW/pool0/khui/result/2stagelowcost/comparativestd/statAPl/qrels/0.1/17 finished
/scratch/GW/pool0/khui/result/2stagelowcost/comparativestd/statAPl/qrels/0.9/30 finished
/scratch/GW/pool0/khui/result/2stagelowcost/comparativestd/statAPl/qrels/0.85/16 finished
/scratch/GW/pool0/khui/result/2stagelowcost/comparativestd/statAPl/qrels/0.5/5 finished
/scratch/GW/pool0/khui/result/2stagelowcost/comparativestd/statAPl/qrels/0.9/10 finished
/scratch/GW/pool0/khui/result/2stagelowcost/comparativestd/statAPl/qrels/0.4/6 finished
/scratch/GW/pool0/khui/result/2stagelowcost/comparativestd/statAPl/qrels/0.8/12 finished
/scratch/GW/pool0/khui/result/2stagelowcost/comparativestd/statAPl/qrels/0.15/25 finished
/scratch/GW/pool0/khui/result/2stagelowcost/comparativestd/statAPl/qrels/0.05/24 finished
/scratch/GW/pool0/khui/result/2stagelowcost/comparativestd/statAPl/qrels/0.9/12 finished
/scratch/GW/pool0/khui/result/2stagelowcost/comparativestd/statAPl/qrels/0.3/4 finished
/scratch/GW/pool0/khui/result/2stagelowcost/comparativestd/statAPl/qrels/0.3/16 finished
/scratch/GW/pool0/khui/result/2stagelowcost/comparativestd/statAPl/qrels/0.2/7 finished
/scratch/GW/pool0/khui/result/2stagelowcost/comparativestd/statAPl/qrels/0.95/4 finished
/scratch/GW/pool0/khui/result/2stagelowcost/comparativestd/statAPl/qrels/0.25/17 finished
/scratch/GW/pool0/khui/result/2stagelowcost/comparativestd/statAPl/qrels/0.35/18 finished
/scratch/GW/pool0/khui/result/2stagelowcost/comparativestd/statAPl/qrels/0.8/9 finished
/scratch/GW/pool0/khui/result/2stagelowcost/comparativestd/statAPl/qrels/0.05/27 finished
/scratch/GW/pool0/khui/result/2stagelowcost/comparativestd/statAPl/qrels/0.2/6 finished
/scratch/GW/pool0/khui/result/2stagelowcost/comparativestd/statAPl/qrels/0.35/7 finished
/scratch/GW/pool0/khui/result/2stagelowcost/comparativestd/statAPl/qrels/0.95/13 finished/scratch/GW/pool0/khui/result/2stagelowcost/comparativestd/statAPl/qrels/0.3/25 finished

/scratch/GW/pool0/khui/result/2stagelowcost/comparativestd/statAPl/qrels/0.6/11 finished

/scratch/GW/pool0/khui/result/2stagelowcost/comparativestd/statAPl/qrels/0.15/4 finished
/scratch/GW/pool0/khui/result/2stagelowcost/comparativestd/statAPl/qrels/0.55/17 finished
/scratch/GW/pool0/khui/result/2stagelowcost/comparativestd/statAPl/qrels/0.15/11 finished/scratch/GW/pool0/khui/result/2stagelowcost/comparativestd/statAPl/qrels/0.35/6 finished
/scratch/GW/pool0/khui/result/2stagelowcost/comparativestd/statAPl/qrels/0.35/2 finished
/scratch/GW/pool0/khui/result/2stagelowcost/comparativestd/statAPl/qrels/0.6/30 finished
/scratch/GW/pool0/khui/result/2stagelowcost/comparativestd/statAPl/qrels/0.75/17 finished
/scratch/GW/pool0/khui/result/2stagelowcost/comparativestd/statAPl/qrels/0.1/8 finished
/scratch/GW/pool0/khui/result/2stagelowcost/comparativestd/statAPl/qrels/0.65/5 finished
/scratch/GW/pool0/khui/result/2stagelowcost/comparativestd/statAPl/qrels/0.6/2 finished
/scratch/GW/pool0/khui/result/2stagelowcost/comparativestd/statAPl/qrels/0.5/20 finished
/scratch/GW/pool0/khui/result/2stagelowcost/comparativestd/statAPl/qrels/0.85/30 finished
/scratch/GW/pool0/khui/result/2stagelowcost/comparativestd/statAPl/qrels/0.85/10 finished
/scratch/GW/pool0/khui/result/2stagelowcost/comparativestd/statAPl/qrels/0.6/7 finished
/scratch/GW/pool0/khui/result/2stagelowcost/comparativestd/statAPl/qrels/0.9/16 finished
/scratch/GW/pool0/khui/result/2stagelowcost/comparativestd/statAPl/qrels/0.8/16 finished
/scratch/GW/pool0/khui/result/2stagelowcost/comparativestd/statAPl/qrels/0.15/13 finished
/scratch/GW/pool0/khui/result/2stagelowcost/comparativestd/statAPl/qrels/0.7/16 finished
/scratch/GW/pool0/khui/result/2stagelowcost/comparativestd/statAPl/qrels/0.85/15 finished//scratch/GW/pool0/khui/result/2stagelowcost/comparativestd/statAPl/qrels/0.1/18 finished
/scratch/GW/pool0/khui/result/2stagelowcost/comparativestd/statAPl/qrels/0.7/26 finished
/scratch/GW/pool0/khui/result/2stagelowcost/comparativestd/statAPl/qrels/0.65/15 finished
/scratch/GW/pool0/khui/result/2stagelowcost/comparativestd/statAPl/qrels/0.55/28 finished
/scratch/GW/pool0/khui/result/2stagelowcost/comparativestd/statAPl/qrels/0.5/1 finished
/scratch/GW/pool0/khui/result/2stagelowcost/comparativestd/statAPl/qrels/0.6/22 finished
/scratch/GW/pool0/khui/result/2stagelowcost/comparativestd/statAPl/qrels/0.4/19 finished
/scratch/GW/pool0/khui/result/2stagelowcost/comparativestd/statAPl/qrels/0.05/8 finished
 finished: 1489.619911375
