nohup: ignoring input
current pid: 9124
skip qid:95 for /scratch/GW/pool0/khui/result/2stagelowcost/comparativestd/pooling/incrementalpool/qrels/0.01
skip qid:100 for /scratch/GW/pool0/khui/result/2stagelowcost/comparativestd/pooling/incrementalpool/qrels/0.01
/scratch/GW/pool0/khui/result/2stagelowcost/comparativestd/pooling/incrementalpool/qrels/0.01 finished
skip qid:95 for /scratch/GW/pool0/khui/result/2stagelowcost/comparativestd/pooling/incrementalpool/qrels/0.05
skip qid:100 for /scratch/GW/pool0/khui/result/2stagelowcost/comparativestd/pooling/incrementalpool/qrels/0.05
/scratch/GW/pool0/khui/result/2stagelowcost/comparativestd/pooling/incrementalpool/qrels/0.05 finished
skip qid:95 for /scratch/GW/pool0/khui/result/2stagelowcost/comparativestd/pooling/incrementalpool/qrels/0.1
skip qid:100 for /scratch/GW/pool0/khui/result/2stagelowcost/comparativestd/pooling/incrementalpool/qrels/0.1
/scratch/GW/pool0/khui/result/2stagelowcost/comparativestd/pooling/incrementalpool/qrels/0.1 finished
skip qid:95 for /scratch/GW/pool0/khui/result/2stagelowcost/comparativestd/pooling/incrementalpool/qrels/0.15
skip qid:100 for /scratch/GW/pool0/khui/result/2stagelowcost/comparativestd/pooling/incrementalpool/qrels/0.15
/scratch/GW/pool0/khui/result/2stagelowcost/comparativestd/pooling/incrementalpool/qrels/0.15 finished
skip qid:95 for /scratch/GW/pool0/khui/result/2stagelowcost/comparativestd/pooling/incrementalpool/qrels/0.2
skip qid:100 for /scratch/GW/pool0/khui/result/2stagelowcost/comparativestd/pooling/incrementalpool/qrels/0.2
/scratch/GW/pool0/khui/result/2stagelowcost/comparativestd/pooling/incrementalpool/qrels/0.2 finished
skip qid:95 for /scratch/GW/pool0/khui/result/2stagelowcost/comparativestd/pooling/incrementalpool/qrels/0.25
skip qid:100 for /scratch/GW/pool0/khui/result/2stagelowcost/comparativestd/pooling/incrementalpool/qrels/0.25
/scratch/GW/pool0/khui/result/2stagelowcost/comparativestd/pooling/incrementalpool/qrels/0.25 finished
skip qid:95 for /scratch/GW/pool0/khui/result/2stagelowcost/comparativestd/pooling/incrementalpool/qrels/0.3
skip qid:100 for /scratch/GW/pool0/khui/result/2stagelowcost/comparativestd/pooling/incrementalpool/qrels/0.3
/scratch/GW/pool0/khui/result/2stagelowcost/comparativestd/pooling/incrementalpool/qrels/0.3 finished
skip qid:95 for /scratch/GW/pool0/khui/result/2stagelowcost/comparativestd/pooling/incrementalpool/qrels/0.35
skip qid:100 for /scratch/GW/pool0/khui/result/2stagelowcost/comparativestd/pooling/incrementalpool/qrels/0.35
/scratch/GW/pool0/khui/result/2stagelowcost/comparativestd/pooling/incrementalpool/qrels/0.35 finished
skip qid:95 for /scratch/GW/pool0/khui/result/2stagelowcost/comparativestd/pooling/incrementalpool/qrels/0.4
skip qid:100 for /scratch/GW/pool0/khui/result/2stagelowcost/comparativestd/pooling/incrementalpool/qrels/0.4
/scratch/GW/pool0/khui/result/2stagelowcost/comparativestd/pooling/incrementalpool/qrels/0.4 finished
skip qid:95 for /scratch/GW/pool0/khui/result/2stagelowcost/comparativestd/pooling/incrementalpool/qrels/0.45
skip qid:100 for /scratch/GW/pool0/khui/result/2stagelowcost/comparativestd/pooling/incrementalpool/qrels/0.45
/scratch/GW/pool0/khui/result/2stagelowcost/comparativestd/pooling/incrementalpool/qrels/0.45 finished
skip qid:95 for /scratch/GW/pool0/khui/result/2stagelowcost/comparativestd/pooling/incrementalpool/qrels/0.5
skip qid:100 for /scratch/GW/pool0/khui/result/2stagelowcost/comparativestd/pooling/incrementalpool/qrels/0.5
/scratch/GW/pool0/khui/result/2stagelowcost/comparativestd/pooling/incrementalpool/qrels/0.5 finished
skip qid:95 for /scratch/GW/pool0/khui/result/2stagelowcost/comparativestd/pooling/incrementalpool/qrels/0.55
skip qid:100 for /scratch/GW/pool0/khui/result/2stagelowcost/comparativestd/pooling/incrementalpool/qrels/0.55
/scratch/GW/pool0/khui/result/2stagelowcost/comparativestd/pooling/incrementalpool/qrels/0.55 finished
skip qid:95 for /scratch/GW/pool0/khui/result/2stagelowcost/comparativestd/pooling/incrementalpool/qrels/0.6
skip qid:100 for /scratch/GW/pool0/khui/result/2stagelowcost/comparativestd/pooling/incrementalpool/qrels/0.6
/scratch/GW/pool0/khui/result/2stagelowcost/comparativestd/pooling/incrementalpool/qrels/0.6 finished
skip qid:95 for /scratch/GW/pool0/khui/result/2stagelowcost/comparativestd/pooling/incrementalpool/qrels/0.65
skip qid:100 for /scratch/GW/pool0/khui/result/2stagelowcost/comparativestd/pooling/incrementalpool/qrels/0.65
/scratch/GW/pool0/khui/result/2stagelowcost/comparativestd/pooling/incrementalpool/qrels/0.65 finished
skip qid:95 for /scratch/GW/pool0/khui/result/2stagelowcost/comparativestd/pooling/incrementalpool/qrels/0.7
skip qid:100 for /scratch/GW/pool0/khui/result/2stagelowcost/comparativestd/pooling/incrementalpool/qrels/0.7
/scratch/GW/pool0/khui/result/2stagelowcost/comparativestd/pooling/incrementalpool/qrels/0.7 finished
skip qid:95 for /scratch/GW/pool0/khui/result/2stagelowcost/comparativestd/pooling/incrementalpool/qrels/0.75
skip qid:100 for /scratch/GW/pool0/khui/result/2stagelowcost/comparativestd/pooling/incrementalpool/qrels/0.75
/scratch/GW/pool0/khui/result/2stagelowcost/comparativestd/pooling/incrementalpool/qrels/0.75 finished
skip qid:95 for /scratch/GW/pool0/khui/result/2stagelowcost/comparativestd/pooling/incrementalpool/qrels/0.8
skip qid:100 for /scratch/GW/pool0/khui/result/2stagelowcost/comparativestd/pooling/incrementalpool/qrels/0.8
/scratch/GW/pool0/khui/result/2stagelowcost/comparativestd/pooling/incrementalpool/qrels/0.8 finished
skip qid:95 for /scratch/GW/pool0/khui/result/2stagelowcost/comparativestd/pooling/incrementalpool/qrels/0.85
skip qid:100 for /scratch/GW/pool0/khui/result/2stagelowcost/comparativestd/pooling/incrementalpool/qrels/0.85
/scratch/GW/pool0/khui/result/2stagelowcost/comparativestd/pooling/incrementalpool/qrels/0.85 finished
skip qid:95 for /scratch/GW/pool0/khui/result/2stagelowcost/comparativestd/pooling/incrementalpool/qrels/0.9
skip qid:100 for /scratch/GW/pool0/khui/result/2stagelowcost/comparativestd/pooling/incrementalpool/qrels/0.9
/scratch/GW/pool0/khui/result/2stagelowcost/comparativestd/pooling/incrementalpool/qrels/0.9 finished
skip qid:95 for /scratch/GW/pool0/khui/result/2stagelowcost/comparativestd/pooling/incrementalpool/qrels/0.95
skip qid:100 for /scratch/GW/pool0/khui/result/2stagelowcost/comparativestd/pooling/incrementalpool/qrels/0.95
/scratch/GW/pool0/khui/result/2stagelowcost/comparativestd/pooling/incrementalpool/qrels/0.95 finished
skip qid:95 for /scratch/GW/pool0/khui/result/2stagelowcost/comparativestd/pooling/trecpool/qrels/1
skip qid:100 for /scratch/GW/pool0/khui/result/2stagelowcost/comparativestd/pooling/trecpool/qrels/1
/scratch/GW/pool0/khui/result/2stagelowcost/comparativestd/pooling/trecpool/qrels/1 finished
skip qid:95 for /scratch/GW/pool0/khui/result/2stagelowcost/comparativestd/pooling/trecpool/qrels/10
skip qid:100 for /scratch/GW/pool0/khui/result/2stagelowcost/comparativestd/pooling/trecpool/qrels/10
/scratch/GW/pool0/khui/result/2stagelowcost/comparativestd/pooling/trecpool/qrels/10 finished
skip qid:95 for /scratch/GW/pool0/khui/result/2stagelowcost/comparativestd/pooling/trecpool/qrels/11
skip qid:100 for /scratch/GW/pool0/khui/result/2stagelowcost/comparativestd/pooling/trecpool/qrels/11
/scratch/GW/pool0/khui/result/2stagelowcost/comparativestd/pooling/trecpool/qrels/11 finished
skip qid:95 for /scratch/GW/pool0/khui/result/2stagelowcost/comparativestd/pooling/trecpool/qrels/12
skip qid:100 for /scratch/GW/pool0/khui/result/2stagelowcost/comparativestd/pooling/trecpool/qrels/12
/scratch/GW/pool0/khui/result/2stagelowcost/comparativestd/pooling/trecpool/qrels/12 finished
skip qid:95 for /scratch/GW/pool0/khui/result/2stagelowcost/comparativestd/pooling/trecpool/qrels/13
skip qid:100 for /scratch/GW/pool0/khui/result/2stagelowcost/comparativestd/pooling/trecpool/qrels/13
/scratch/GW/pool0/khui/result/2stagelowcost/comparativestd/pooling/trecpool/qrels/13 finished
skip qid:95 for /scratch/GW/pool0/khui/result/2stagelowcost/comparativestd/pooling/trecpool/qrels/14
skip qid:100 for /scratch/GW/pool0/khui/result/2stagelowcost/comparativestd/pooling/trecpool/qrels/14
/scratch/GW/pool0/khui/result/2stagelowcost/comparativestd/pooling/trecpool/qrels/14 finished
skip qid:95 for /scratch/GW/pool0/khui/result/2stagelowcost/comparativestd/pooling/trecpool/qrels/15
skip qid:100 for /scratch/GW/pool0/khui/result/2stagelowcost/comparativestd/pooling/trecpool/qrels/15
/scratch/GW/pool0/khui/result/2stagelowcost/comparativestd/pooling/trecpool/qrels/15 finished
skip qid:95 for /scratch/GW/pool0/khui/result/2stagelowcost/comparativestd/pooling/trecpool/qrels/16
skip qid:100 for /scratch/GW/pool0/khui/result/2stagelowcost/comparativestd/pooling/trecpool/qrels/16
/scratch/GW/pool0/khui/result/2stagelowcost/comparativestd/pooling/trecpool/qrels/16 finished
skip qid:95 for /scratch/GW/pool0/khui/result/2stagelowcost/comparativestd/pooling/trecpool/qrels/17
skip qid:100 for /scratch/GW/pool0/khui/result/2stagelowcost/comparativestd/pooling/trecpool/qrels/17
/scratch/GW/pool0/khui/result/2stagelowcost/comparativestd/pooling/trecpool/qrels/17 finished
skip qid:95 for /scratch/GW/pool0/khui/result/2stagelowcost/comparativestd/pooling/trecpool/qrels/18
skip qid:100 for /scratch/GW/pool0/khui/result/2stagelowcost/comparativestd/pooling/trecpool/qrels/18
/scratch/GW/pool0/khui/result/2stagelowcost/comparativestd/pooling/trecpool/qrels/18 finished
skip qid:95 for /scratch/GW/pool0/khui/result/2stagelowcost/comparativestd/pooling/trecpool/qrels/19
skip qid:100 for /scratch/GW/pool0/khui/result/2stagelowcost/comparativestd/pooling/trecpool/qrels/19
/scratch/GW/pool0/khui/result/2stagelowcost/comparativestd/pooling/trecpool/qrels/19 finished
skip qid:95 for /scratch/GW/pool0/khui/result/2stagelowcost/comparativestd/pooling/trecpool/qrels/2
skip qid:100 for /scratch/GW/pool0/khui/result/2stagelowcost/comparativestd/pooling/trecpool/qrels/2
/scratch/GW/pool0/khui/result/2stagelowcost/comparativestd/pooling/trecpool/qrels/2 finished
skip qid:95 for /scratch/GW/pool0/khui/result/2stagelowcost/comparativestd/pooling/trecpool/qrels/20
skip qid:100 for /scratch/GW/pool0/khui/result/2stagelowcost/comparativestd/pooling/trecpool/qrels/20
/scratch/GW/pool0/khui/result/2stagelowcost/comparativestd/pooling/trecpool/qrels/20 finished
skip qid:95 for /scratch/GW/pool0/khui/result/2stagelowcost/comparativestd/pooling/trecpool/qrels/3
skip qid:100 for /scratch/GW/pool0/khui/result/2stagelowcost/comparativestd/pooling/trecpool/qrels/3
/scratch/GW/pool0/khui/result/2stagelowcost/comparativestd/pooling/trecpool/qrels/3 finished
skip qid:95 for /scratch/GW/pool0/khui/result/2stagelowcost/comparativestd/pooling/trecpool/qrels/4
skip qid:100 for /scratch/GW/pool0/khui/result/2stagelowcost/comparativestd/pooling/trecpool/qrels/4
/scratch/GW/pool0/khui/result/2stagelowcost/comparativestd/pooling/trecpool/qrels/4 finished
skip qid:95 for /scratch/GW/pool0/khui/result/2stagelowcost/comparativestd/pooling/trecpool/qrels/5
skip qid:100 for /scratch/GW/pool0/khui/result/2stagelowcost/comparativestd/pooling/trecpool/qrels/5
/scratch/GW/pool0/khui/result/2stagelowcost/comparativestd/pooling/trecpool/qrels/5 finished
skip qid:95 for /scratch/GW/pool0/khui/result/2stagelowcost/comparativestd/pooling/trecpool/qrels/6
skip qid:100 for /scratch/GW/pool0/khui/result/2stagelowcost/comparativestd/pooling/trecpool/qrels/6
/scratch/GW/pool0/khui/result/2stagelowcost/comparativestd/pooling/trecpool/qrels/6 finished
skip qid:95 for /scratch/GW/pool0/khui/result/2stagelowcost/comparativestd/pooling/trecpool/qrels/7
skip qid:100 for /scratch/GW/pool0/khui/result/2stagelowcost/comparativestd/pooling/trecpool/qrels/7
/scratch/GW/pool0/khui/result/2stagelowcost/comparativestd/pooling/trecpool/qrels/7 finished
skip qid:95 for /scratch/GW/pool0/khui/result/2stagelowcost/comparativestd/pooling/trecpool/qrels/8
skip qid:100 for /scratch/GW/pool0/khui/result/2stagelowcost/comparativestd/pooling/trecpool/qrels/8
/scratch/GW/pool0/khui/result/2stagelowcost/comparativestd/pooling/trecpool/qrels/8 finished
skip qid:95 for /scratch/GW/pool0/khui/result/2stagelowcost/comparativestd/pooling/trecpool/qrels/9
skip qid:100 for /scratch/GW/pool0/khui/result/2stagelowcost/comparativestd/pooling/trecpool/qrels/9
/scratch/GW/pool0/khui/result/2stagelowcost/comparativestd/pooling/trecpool/qrels/9 finished
output erel finished: 14633.033630488
