1 55 256 21%
2 47 230 20%
3 135 375 36%
4 82 336 24%
5 85 321 26%
6 54 298 18%
7 105 357 29%
8 119 345 34%
9 96 326 29%
10 85 329 25%
11 71 257 27%
12 117 342 34%
13 163 372 43%
14 116 362 32%
15 84 334 25%
16 59 286 20%
17 100 334 29%
18 58 228 25%
19 151 391 38%
20 101 337 29%
21 88 352 25%
22 45 268 16%
23 121 332 36%
24 151 356 42%
25 63 306 20%
26 79 301 26%
27 81 304 26%
28 86 351 24%
29 115 343 33%
30 103 374 27%
31 103 334 30%
32 109 348 31%
33 72 333 21%
34 114 363 31%
35 62 313 19%
36 105 334 31%
37 51 270 18%
38 109 342 31%
39 77 343 22%
40 56 197 28%
41 60 250 24%
42 78 305 25%
43 32 254 12%
44 125 348 35%
45 93 347 26%
46 22 209 10%
47 62 280 22%
48 65 292 22%
49 69 269 25%
50 101 316 31%
51 75 367 20%
52 111 365 30%
53 68 303 22%
54 145 530 27%
55 150 436 34%
56 123 314 39%
57 88 387 22%
58 139 403 34%
59 177 421 42%
60 80 388 20%
61 108 406 26%
62 93 303 30%
63 130 389 33%
64 104 385 27%
65 140 381 36%
66 138 356 38%
67 76 276 27%
68 128 401 31%
69 129 396 32%
70 227 519 43%
71 131 409 32%
72 189 531 35%
73 85 342 24%
74 136 371 36%
75 70 324 21%
76 84 311 27%
77 111 348 31%
78 112 414 27%
79 164 389 42%
80 89 391 22%
81 148 449 32%
82 180 460 39%
83 250 560 44%
84 52 257 20%
85 54 241 22%
86 142 347 40%
87 175 447 39%
88 63 320 19%
89 100 338 29%
90 73 299 24%
91 139 374 37%
92 202 492 41%
93 122 335 36%
94 136 365 37%
96 111 408 27%
97 171 468 36%
98 140 434 32%
99 86 366 23%
101 0 274 0%
102 1 279 0%
103 0 135 0%
104 0 291 0%
105 1 308 0%
106 1 356 0%
107 5 270 1%
108 2 214 0%
109 0 288 0%
110 0 337 0%
111 0 193 0%
112 0 296 0%
113 0 254 0%
114 0 351 0%
115 2 274 0%
116 4 256 1%
117 0 357 0%
118 4 336 1%
119 0 282 0%
120 3 474 0%
121 0 303 0%
122 1 189 0%
123 0 207 0%
124 0 266 0%
125 0 251 0%
126 0 429 0%
127 0 221 0%
128 0 253 0%
129 0 305 0%
130 0 294 0%
131 3 306 0%
132 0 417 0%
133 0 376 0%
134 1 330 0%
135 0 234 0%
136 0 318 0%
137 1 351 0%
138 0 312 0%
139 1 345 0%
140 1 321 0%
141 0 300 0%
142 5 331 1%
143 2 318 0%
144 0 387 0%
145 1 357 0%
146 0 279 0%
147 0 277 0%
148 0 213 0%
149 0 270 0%
150 0 246 0%
151 2 224 0%
152 0 177 0%
153 5 222 2%
154 6 292 2%
155 0 154 0%
156 1 276 0%
157 1 219 0%
158 0 170 0%
159 3 193 1%
160 2 293 0%
161 0 244 0%
162 3 308 0%
163 1 310 0%
164 2 275 0%
165 0 232 0%
166 0 352 0%
167 13 344 3%
168 0 118 0%
169 3 306 0%
170 4 359 1%
171 0 186 0%
172 0 260 0%
173 1 174 0%
174 4 239 1%
175 0 323 0%
176 0 246 0%
177 1 238 0%
178 0 147 0%
179 5 251 1%
180 4 344 1%
181 8 270 2%
182 4 304 1%
183 1 321 0%
184 1 243 0%
185 4 186 2%
186 5 274 1%
187 0 243 0%
188 2 248 0%
189 0 183 0%
190 0 169 0%
191 0 227 0%
192 5 314 1%
193 0 249 0%
194 0 260 0%
195 0 322 0%
196 0 225 0%
197 0 240 0%
198 0 180 0%
199 1 260 0%
200 0 158 0%
