clueweb09-en0000-04-31482 43
clueweb09-en0000-73-11567 45
clueweb09-en0001-26-29677 2
clueweb09-en0001-52-25215 79
clueweb09-en0001-57-12800 90
clueweb09-en0001-63-29922 73
clueweb09-en0002-08-23998 87
clueweb09-en0002-67-22352 57
clueweb09-en0003-26-09420 20
clueweb09-en0003-26-09421 20
clueweb09-en0003-26-09422 20
clueweb09-en0003-26-09423 19
clueweb09-en0003-26-09424 20
clueweb09-en0003-26-09425 20
clueweb09-en0003-55-08162 85
clueweb09-en0004-25-21087 67
clueweb09-en0004-43-22081 86
clueweb09-en0004-43-22082 84
clueweb09-en0004-72-07235 68
clueweb09-en0005-39-13387 59
clueweb09-en0005-41-23415 95
clueweb09-en0005-41-23416 95
clueweb09-en0005-62-07727 76
clueweb09-en0005-66-26525 57
clueweb09-en0005-84-27159 85
clueweb09-en0006-08-33548 94
clueweb09-en0006-50-13416 56
clueweb09-en0006-56-02493 85
clueweb09-en0006-79-29732 71
clueweb09-en0007-04-29782 92
clueweb09-en0007-19-28546 60
clueweb09-en0007-25-22389 47
clueweb09-en0007-37-34556 9
clueweb09-en0007-63-01597 61
clueweb09-en0007-66-08708 74
clueweb09-en0007-66-09019 71
clueweb09-en0007-66-09102 81
clueweb09-en0008-03-32374 8
clueweb09-en0008-10-00953 55
clueweb09-en0008-39-28723 87
clueweb09-en0009-39-28982 81
clueweb09-en0009-69-09439 39
clueweb09-en0010-03-06399 66
clueweb09-en0010-33-32161 88
clueweb09-en0010-40-00856 38
clueweb09-en0010-43-00694 84
clueweb09-en0010-82-18268 45
clueweb09-en0010-88-01445 64
clueweb09-en0010-98-10802 57
clueweb09-en0011-28-29543 90
clueweb09-en0011-63-18737 95
clueweb09-en0011-75-32063 81
clueweb09-en0012-46-32189 81
clueweb09-en0013-30-01021 57
clueweb09-en0014-04-02042 79
clueweb09-en0016-13-34074 88
clueweb09-en0016-26-25216 33
clueweb09-en0018-11-01661 70
clueweb09-en0021-31-09830 54
clueweb09-en0025-94-05429 73
clueweb09-en0026-33-23167 35
clueweb09-en0026-38-00241 57
clueweb09-en0030-79-29509 28
clueweb09-en0031-99-18596 63
clueweb09-en0036-10-06334 67
clueweb09-en0037-59-31658 26
clueweb09-en0039-54-31958 27
clueweb09-en0039-73-32381 72
clueweb09-en0040-83-37025 66
clueweb09-en0048-25-34273 11
clueweb09-en0049-76-11861 51
clueweb09-en0049-76-12371 47
clueweb09-en0051-87-06944 24
clueweb09-en0051-91-40132 15
clueweb09-en0053-54-36643 35
clueweb09-en0054-06-25619 50
clueweb09-en0059-20-27165 3
clueweb09-en0059-83-11041 19
clueweb09-en0061-12-07435 0
clueweb09-en0065-56-11866 14
clueweb09-en0065-74-39119 16
clueweb09-en0066-35-36390 32
clueweb09-en0072-94-15994 62
clueweb09-en0076-21-33871 30
clueweb09-en0079-43-29281 25
clueweb09-en0080-02-18835 22
clueweb09-en0091-03-32453 72
clueweb09-en0091-37-02313 48
clueweb09-en0096-04-06891 56
clueweb09-en0105-93-24542 42
clueweb09-en0106-28-00661 53
clueweb09-en0106-50-06607 52
clueweb09-en0106-78-28082 23
clueweb09-en0108-78-36464 64
clueweb09-en0108-79-41801 20
clueweb09-en0112-76-27833 18
clueweb09-en0118-02-01906 19
clueweb09-en0123-36-30007 66
clueweb09-en0123-70-08941 66
clueweb09-en0124-35-06426 90
clueweb09-en0126-03-18149 65
clueweb09-en0126-13-03953 58
clueweb09-en0126-16-15781 41
clueweb09-en0126-16-15791 35
clueweb09-en0126-16-15793 32
clueweb09-en0126-16-15795 36
clueweb09-en0126-16-15817 38
clueweb09-en0126-16-15823 45
clueweb09-en0126-56-17123 41
clueweb09-en0126-76-19658 18
clueweb09-en0126-87-42947 77
clueweb09-en0126-93-27944 82
clueweb09-en0126-95-36159 71
clueweb09-en0127-21-19016 66
clueweb09-en0127-28-16332 37
clueweb09-en0127-32-28190 35
clueweb09-en0127-47-21504 23
clueweb09-en0127-47-21558 19
clueweb09-en0127-47-21821 25
clueweb09-en0127-59-26612 57
clueweb09-en0127-62-15081 69
clueweb09-en0127-81-11703 34
clueweb09-en0127-91-36719 74
clueweb09-en0127-93-20212 43
clueweb09-en0128-01-39451 35
clueweb09-en0128-07-20539 63
clueweb09-en0128-10-27060 47
clueweb09-en0128-14-43909 40
clueweb09-en0128-49-43902 52
clueweb09-en0128-67-30828 33
clueweb09-en0128-91-47797 58
clueweb09-en0129-01-23874 35
clueweb09-en0129-06-16057 63
clueweb09-en0129-19-27085 61
clueweb09-en0129-36-37507 39
clueweb09-en0129-44-50229 34
clueweb09-en0129-44-51146 73
clueweb09-en0129-44-51147 70
clueweb09-en0129-48-24976 41
clueweb09-en0129-59-09100 49
clueweb09-en0129-75-33699 77
clueweb09-en0129-78-44149 78
clueweb09-en0129-86-39625 68
clueweb09-en0129-86-39626 66
clueweb09-en0129-86-39627 67
clueweb09-en0129-86-39628 66
clueweb09-en0129-86-39629 67
clueweb09-en0129-86-39632 56
clueweb09-en0129-90-33087 30
clueweb09-en0130-09-44387 32
clueweb09-en0130-18-21597 57
clueweb09-en0130-42-17225 46
clueweb09-en0130-46-08111 47
clueweb09-en0130-46-08129 36
clueweb09-en0130-46-08131 42
clueweb09-en0130-46-08185 43
clueweb09-en0130-53-51459 32
clueweb09-en0130-61-37634 29
clueweb09-en0130-64-25396 71
clueweb09-en0130-67-13248 30
clueweb09-en0130-69-20914 65
clueweb09-en0130-71-28234 47
clueweb09-en0130-71-28235 46
clueweb09-en0130-72-54759 32
clueweb09-en0130-82-42444 65
clueweb09-en0130-86-45325 69
clueweb09-en0130-87-02694 45
clueweb09-en0130-95-44767 58
clueweb09-en0130-99-31247 72
clueweb09-en0131-00-44740 0
clueweb09-en0131-05-11040 68
clueweb09-en0131-13-08544 62
clueweb09-en0131-15-11645 71
clueweb09-en0131-28-35043 30
clueweb09-en0131-30-20192 87
clueweb09-en0131-30-27972 46
clueweb09-en0131-34-01727 52
clueweb09-en0131-38-22208 65
clueweb09-en0131-46-01222 61
clueweb09-en0131-53-27122 80
clueweb09-en0131-58-29886 54
clueweb09-en0131-64-01113 59
clueweb09-en0131-65-19932 48
clueweb09-en0131-69-51994 33
clueweb09-en0131-78-50981 57
clueweb09-en0131-80-01148 57
clueweb09-en0131-80-01153 60
clueweb09-en0131-80-01156 69
clueweb09-en0131-80-01160 60
clueweb09-en0131-80-30877 28
clueweb09-en0131-83-19964 75
clueweb09-en0131-83-19979 83
clueweb09-en0131-83-19997 87
clueweb09-en0131-83-20054 88
clueweb09-en0131-98-35989 54
clueweb09-en0131-98-36020 51
clueweb09-en0132-00-49061 81
clueweb09-en0132-13-37288 69
clueweb09-en0132-30-44373 49
clueweb09-en0132-30-44377 51
clueweb09-en0132-31-04642 58
clueweb09-en0132-35-14429 43
clueweb09-en0132-37-44502 78
clueweb09-en0132-38-39877 52
clueweb09-en0132-52-49288 42
clueweb09-en0132-61-21737 56
clueweb09-en0132-65-20478 32
clueweb09-en0132-75-38978 48
clueweb09-en0132-79-19596 60
clueweb09-en0132-96-14147 72
clueweb09-en0132-96-14174 64
clueweb09-en0132-96-22416 62
clueweb09-en0133-07-00132 40
clueweb09-en0133-10-10369 44
clueweb09-en0133-22-00959 24
clueweb09-en0133-24-08171 53
clueweb09-en0133-24-08297 52
clueweb09-en0133-24-18565 89
clueweb09-en0133-41-07620 77
clueweb09-en0133-41-23203 47
clueweb09-en0133-44-33955 61
clueweb09-en0133-46-42295 77
clueweb09-en0133-48-21277 50
clueweb09-en0133-52-18359 66
clueweb09-en0133-52-18360 65
clueweb09-en0133-52-18361 73
clueweb09-en0133-54-57862 84
clueweb09-en0133-57-20183 35
clueweb09-en0133-62-30282 72
clueweb09-en0133-63-01038 70
clueweb09-en0133-65-26190 25
clueweb09-en0133-71-50053 48
clueweb09-en0133-81-46855 66
clueweb09-en0133-85-26474 64
clueweb09-en0133-90-44654 28
clueweb09-en0133-91-22561 39
clueweb09-en0133-94-08425 68
clueweb09-en0133-97-06800 32
