1 214 450 47%
2 113 322 35%
3 390 703 55%
4 217 530 40%
5 232 514 45%
6 211 486 43%
7 311 608 51%
8 304 598 50%
9 344 603 57%
10 298 579 51%
11 163 393 41%
12 328 593 55%
13 408 724 56%
14 279 598 46%
15 246 542 45%
16 151 405 37%
17 253 544 46%
18 179 386 46%
19 409 745 54%
20 311 604 51%
21 267 556 48%
22 174 421 41%
23 286 551 51%
24 351 642 54%
25 177 467 37%
26 263 512 51%
27 204 471 43%
28 263 568 46%
29 383 668 57%
30 300 621 48%
31 223 520 42%
32 350 633 55%
33 231 515 44%
34 322 620 51%
35 200 484 41%
36 293 559 52%
37 174 422 41%
38 263 559 47%
39 210 515 40%
40 123 311 39%
41 163 394 41%
42 296 550 53%
43 200 433 46%
44 292 599 48%
45 251 550 45%
46 122 311 39%
47 172 434 39%
48 149 412 36%
49 209 455 45%
50 272 537 50%
51 46 418 11%
52 40 399 10%
53 39 345 11%
54 58 578 10%
55 52 489 10%
56 44 375 11%
57 45 426 10%
58 52 440 11%
59 46 462 9%
60 45 434 10%
61 51 474 10%
62 30 342 8%
63 55 441 12%
64 48 415 11%
65 48 412 11%
66 43 495 8%
67 30 308 9%
68 48 477 10%
69 52 462 11%
70 66 575 11%
71 54 470 11%
72 70 590 11%
73 43 391 10%
74 47 416 11%
75 42 368 11%
76 32 341 9%
77 39 390 10%
78 66 557 11%
79 47 471 9%
80 39 420 9%
81 52 494 10%
82 53 502 10%
83 78 623 12%
84 47 302 15%
85 32 295 10%
86 31 376 8%
87 55 570 9%
88 52 372 13%
89 37 371 9%
90 37 346 10%
91 51 464 10%
92 66 564 11%
93 46 383 12%
94 50 403 12%
95 534 534 100%
96 59 465 12%
97 66 524 12%
98 58 504 11%
99 60 460 13%
100 355 355 100%
101 11 309 3%
102 20 319 6%
103 2 241 0%
104 8 320 2%
105 6 334 1%
106 6 385 1%
107 4 315 1%
108 4 236 1%
109 26 327 7%
110 11 379 2%
111 5 227 2%
112 3 348 0%
113 10 279 3%
114 2 379 0%
115 4 294 1%
116 10 292 3%
117 6 370 1%
118 10 380 2%
119 11 332 3%
120 9 520 1%
121 5 331 1%
122 3 214 1%
123 1 214 0%
124 2 320 0%
125 1 273 0%
126 9 464 1%
127 3 255 1%
128 2 285 0%
129 3 344 0%
130 5 325 1%
131 6 354 1%
132 10 483 2%
133 3 405 0%
134 8 367 2%
135 0 254 0%
136 20 357 5%
137 4 400 1%
138 4 347 1%
139 10 373 2%
140 7 354 1%
141 12 345 3%
142 13 386 3%
143 11 336 3%
144 15 429 3%
145 13 403 3%
146 5 306 1%
147 13 294 4%
148 2 243 0%
149 1 302 0%
150 9 291 3%
151 9 285 3%
152 24 202 11%
153 0 254 0%
154 10 326 3%
155 9 208 4%
156 30 311 9%
157 9 252 3%
158 11 203 5%
159 23 217 10%
160 26 337 7%
161 33 286 11%
162 11 336 3%
163 9 380 2%
164 27 322 8%
165 9 266 3%
166 34 408 8%
167 30 379 7%
168 8 153 5%
169 22 332 6%
170 11 411 2%
171 5 218 2%
172 9 315 2%
173 25 205 12%
174 11 266 4%
175 6 349 1%
176 2 279 0%
177 40 287 13%
178 8 178 4%
179 28 291 9%
180 2 376 0%
181 34 303 11%
182 10 359 2%
183 33 355 9%
184 25 270 9%
185 26 328 7%
186 10 312 3%
187 8 264 3%
188 52 314 16%
189 18 211 8%
190 24 202 11%
191 22 250 8%
192 24 359 6%
193 32 280 11%
194 8 292 2%
195 32 365 8%
196 20 255 7%
197 7 284 2%
198 21 209 10%
199 7 326 2%
200 3 180 1%
201 20 332 6%
202 26 246 10%
203 21 382 5%
204 21 336 6%
205 31 372 8%
206 32 429 7%
207 160 385 41%
208 27 269 10%
209 155 335 46%
210 23 350 6%
211 36 441 8%
212 29 451 6%
213 166 354 46%
214 36 325 11%
215 28 379 7%
216 37 411 9%
217 33 341 9%
218 30 364 8%
219 47 523 8%
220 33 481 6%
221 24 372 6%
222 169 333 50%
223 19 277 6%
224 40 376 10%
225 44 518 8%
226 36 417 8%
227 227 463 49%
228 151 303 49%
229 163 317 51%
230 191 355 53%
231 178 344 51%
232 28 313 8%
233 29 405 7%
234 18 306 5%
235 170 351 48%
236 158 323 48%
237 130 288 45%
238 209 370 56%
239 17 256 6%
240 46 427 10%
241 280 545 51%
242 175 371 47%
243 37 360 10%
244 167 335 49%
245 137 281 48%
246 200 393 50%
247 53 457 11%
248 169 354 47%
249 206 422 48%
250 216 412 52%
251 9 224 4%
252 7 233 3%
253 7 175 4%
254 8 204 3%
255 11 295 3%
256 14 218 6%
257 11 174 6%
258 5 205 2%
259 8 205 3%
260 14 246 5%
261 17 240 7%
262 16 259 6%
263 23 269 8%
264 24 241 9%
265 18 196 9%
266 20 282 7%
267 8 192 4%
268 17 267 6%
269 16 257 6%
270 25 210 11%
271 31 228 13%
272 10 271 3%
273 8 207 3%
274 12 247 4%
275 16 195 8%
276 14 249 5%
277 11 232 4%
278 5 190 2%
279 6 235 2%
280 30 305 9%
281 3 177 1%
282 15 256 5%
283 4 175 2%
284 17 233 7%
285 14 236 5%
286 11 252 4%
287 10 144 6%
288 12 220 5%
289 16 297 5%
290 11 218 5%
291 8 178 4%
292 60 278 21%
293 11 276 3%
294 19 302 6%
295 13 190 6%
296 8 212 3%
297 6 196 3%
298 21 218 9%
299 15 199 7%
300 19 303 6%
201 1 207 0%
202 7 145 4%
203 2 223 0%
204 2 203 0%
205 1 192 0%
206 4 231 1%
207 29 246 11%
208 4 150 2%
209 15 188 7%
210 0 202 0%
211 7 246 2%
212 1 256 0%
213 23 204 11%
214 0 182 0%
215 7 216 3%
216 5 220 2%
217 1 187 0%
218 6 201 2%
219 7 278 2%
220 2 262 0%
221 3 221 1%
222 22 180 12%
223 4 153 2%
224 6 191 3%
225 4 260 1%
226 4 242 1%
227 31 252 12%
228 22 166 13%
229 27 170 15%
230 34 191 17%
231 16 182 8%
232 1 171 0%
233 1 222 0%
234 2 175 1%
235 23 198 11%
236 26 189 13%
237 16 172 9%
238 34 184 18%
239 1 134 0%
240 4 223 1%
241 28 282 9%
242 26 213 12%
243 9 208 4%
244 24 181 13%
245 16 158 10%
246 33 220 15%
247 3 245 1%
248 20 197 10%
249 21 232 9%
250 33 220 15%
