100 clueweb09-en0018-08-38237 43
100 clueweb09-en0113-80-14976 57
100 clueweb09-en0061-70-02875 23
100 clueweb09-en0004-62-01419 49
100 clueweb09-en0003-66-17609 69
100 clueweb09-en0133-48-09640 29
100 clueweb09-en0009-59-04248 96
100 clueweb09-en0007-22-27771 55
100 clueweb09-en0082-60-04480 57
100 clueweb09-en0010-95-34059 85
100 clueweb09-en0010-95-34051 90
100 clueweb09-en0123-27-40338 95
100 clueweb09-en0004-66-04430 33
100 clueweb09-en0002-80-29131 69
100 clueweb09-en0123-27-40337 89
100 clueweb09-en0103-66-33418 58
100 clueweb09-en0005-91-16611 83
100 clueweb09-en0005-73-20806 63
100 clueweb09-en0010-09-15987 82
100 clueweb09-enwp00-46-17036 93
100 clueweb09-en0054-82-21854 60
100 clueweb09-en0010-68-33167 90
100 clueweb09-en0010-89-35013 98
100 clueweb09-en0019-03-27203 60
100 clueweb09-en0009-37-32550 75
100 clueweb09-en0133-86-29601 86
100 clueweb09-en0003-05-13432 93
100 clueweb09-en0011-71-02402 98
100 clueweb09-en0060-66-12295 11
100 clueweb09-en0060-66-12297 10
100 clueweb09-en0004-12-08844 75
100 clueweb09-en0085-73-28233 14
100 clueweb09-en0053-88-32149 51
100 clueweb09-enwp03-39-19829 94
100 clueweb09-en0006-70-19699 56
100 clueweb09-en0006-70-19698 59
100 clueweb09-en0007-39-15966 10
100 clueweb09-en0027-28-01119 69
100 clueweb09-en0005-18-10280 44
100 clueweb09-enwp00-13-11687 96
100 clueweb09-en0061-01-01915 49
100 clueweb09-en0003-10-17755 90
100 clueweb09-en0018-59-01797 17
100 clueweb09-en0011-05-17404 59
100 clueweb09-en0082-60-04458 61
100 clueweb09-en0018-52-19796 60
100 clueweb09-en0000-73-21420 18
100 clueweb09-en0004-82-07040 20
100 clueweb09-en0015-39-03117 52
100 clueweb09-enwp02-13-19192 92
100 clueweb09-en0120-75-11505 0
100 clueweb09-en0059-32-29612 14
100 clueweb09-en0009-35-26195 67
100 clueweb09-en0004-37-03637 21
100 clueweb09-en0095-16-01280 45
100 clueweb09-en0005-21-40287 88
100 clueweb09-en0012-37-01838 99
100 clueweb09-enwp01-71-16234 89
100 clueweb09-enwp01-71-16233 97
100 clueweb09-enwp00-47-10170 87
100 clueweb09-en0072-33-05374 3
100 clueweb09-enwp00-26-01037 74
100 clueweb09-en0066-72-36836 53
100 clueweb09-en0010-09-15986 75
100 clueweb09-en0105-14-31763 63
100 clueweb09-en0009-49-38377 70
100 clueweb09-en0015-11-23832 77
100 clueweb09-en0009-49-38379 89
100 clueweb09-enwp02-00-18724 88
100 clueweb09-en0007-41-22245 89
100 clueweb09-en0011-66-01422 96
100 clueweb09-en0069-93-02875 24
100 clueweb09-enwp01-97-17754 89
100 clueweb09-en0026-80-06213 51
100 clueweb09-en0013-41-04845 75
100 clueweb09-en0019-31-22218 54
100 clueweb09-en0023-66-41173 81
100 clueweb09-en0075-28-11583 24
100 clueweb09-en0019-31-22217 65
100 clueweb09-en0002-06-22388 69
100 clueweb09-en0095-61-07063 70
100 clueweb09-en0104-58-40335 61
100 clueweb09-en0125-38-08070 4
100 clueweb09-en0090-07-03310 25
100 clueweb09-en0090-07-03311 22
100 clueweb09-en0095-91-07078 33
100 clueweb09-enwp01-20-10444 90
100 clueweb09-en0094-82-43160 44
100 clueweb09-en0000-50-11566 96
100 clueweb09-en0094-82-43163 32
100 clueweb09-en0009-50-20467 68
100 clueweb09-en0061-01-01921 75
100 clueweb09-en0091-32-30294 2
100 clueweb09-en0034-62-13690 88
100 clueweb09-en0009-30-32303 81
100 clueweb09-enwp01-53-17002 97
100 clueweb09-en0132-95-52332 50
100 clueweb09-en0000-73-21418 30
100 clueweb09-en0040-05-04419 61
100 clueweb09-en0000-73-21413 29
100 clueweb09-en0000-73-21415 50
100 clueweb09-en0000-73-21417 46
100 clueweb09-en0000-73-21416 36
100 clueweb09-enwp00-59-18380 93
100 clueweb09-en0011-39-00443 77
100 clueweb09-en0015-82-13897 86
100 clueweb09-enwp00-81-11687 96
100 clueweb09-en0108-53-09839 39
100 clueweb09-enwp01-78-01037 75
100 clueweb09-en0011-28-13042 91
100 clueweb09-en0009-00-23395 64
100 clueweb09-en0010-84-01547 48
100 clueweb09-en0010-17-32804 93
100 clueweb09-en0075-00-10345 79
100 clueweb09-en0011-26-00219 80
100 clueweb09-enwp00-61-04524 58
100 clueweb09-en0003-12-04212 41
100 clueweb09-en0109-75-37374 77
100 clueweb09-en0009-00-23430 83
100 clueweb09-en0009-00-23431 61
100 clueweb09-en0007-83-17808 46
100 clueweb09-en0095-20-30365 57
100 clueweb09-en0008-28-20012 42
100 clueweb09-en0010-32-35757 88
100 clueweb09-en0128-81-39304 1
100 clueweb09-en0011-89-21081 79
100 clueweb09-enwp01-25-04593 69
100 clueweb09-en0095-77-12818 51
100 clueweb09-en0004-65-12670 51
100 clueweb09-en0122-68-21154 30
100 clueweb09-en0047-47-26518 46
100 clueweb09-en0047-47-26515 30
100 clueweb09-en0047-47-26514 66
100 clueweb09-en0047-47-26510 38
100 clueweb09-en0046-50-33320 66
100 clueweb09-en0075-28-11582 23
100 clueweb09-en0040-99-05174 28
100 clueweb09-en0053-98-32750 29
100 clueweb09-en0000-73-21354 12
100 clueweb09-en0004-64-31812 81
100 clueweb09-en0066-66-15777 54
100 clueweb09-en0066-66-15776 62
100 clueweb09-en0013-41-04681 75
100 clueweb09-en0011-30-33365 73
100 clueweb09-en0004-76-21851 97
100 clueweb09-en0011-29-32416 63
100 clueweb09-en0002-95-05642 36
100 clueweb09-en0005-07-10300 75
100 clueweb09-en0037-29-35096 56
100 clueweb09-en0009-00-23376 44
100 clueweb09-en0025-71-12396 29
100 clueweb09-en0003-92-30206 83
100 clueweb09-en0003-92-30207 57
100 clueweb09-en0011-52-18233 55
100 clueweb09-en0009-02-36578 62
100 clueweb09-en0094-72-19574 69
100 clueweb09-en0017-54-01185 71
100 clueweb09-en0090-07-03323 40
100 clueweb09-en0090-07-03322 24
100 clueweb09-en0058-96-11958 60
100 clueweb09-en0090-07-03325 72
100 clueweb09-en0090-07-03324 36
100 clueweb09-en0005-60-15452 39
100 clueweb09-en0011-74-01937 74
100 clueweb09-en0125-73-10371 70
100 clueweb09-enwp02-26-03389 69
100 clueweb09-en0129-92-07879 1
100 clueweb09-en0089-28-09400 54
100 clueweb09-en0091-33-06288 51
100 clueweb09-en0067-62-09665 23
100 clueweb09-en0067-62-09664 26
100 clueweb09-en0067-62-09666 24
100 clueweb09-en0004-12-08862 78
100 clueweb09-en0067-62-09668 32
100 clueweb09-en0004-12-08860 49
100 clueweb09-en0004-12-08861 84
100 clueweb09-en0011-64-18272 84
100 clueweb09-en0006-64-13002 71
100 clueweb09-en0004-72-12427 60
100 clueweb09-en0004-72-12426 60
100 clueweb09-en0004-72-12425 63
100 clueweb09-en0089-28-09398 80
100 clueweb09-enwp00-59-02559 91
100 clueweb09-en0004-72-12428 32
100 clueweb09-en0002-96-04905 83
100 clueweb09-enwp01-26-17321 92
100 clueweb09-enwp03-31-20847 94
100 clueweb09-en0012-83-18630 64
100 clueweb09-en0009-00-23419 56
100 clueweb09-en0100-03-12740 57
100 clueweb09-en0010-57-33492 50
100 clueweb09-en0007-22-03311 69
100 clueweb09-en0013-76-00146 83
100 clueweb09-en0034-62-13689 86
100 clueweb09-en0089-08-15711 41
100 clueweb09-en0027-73-38270 88
100 clueweb09-en0027-73-38271 85
100 clueweb09-enwp00-40-02380 38
100 clueweb09-en0018-96-26318 85
100 clueweb09-en0108-53-09834 47
100 clueweb09-en0108-53-09836 47
100 clueweb09-en0011-05-17385 66
100 clueweb09-en0006-75-11346 66
100 clueweb09-enwp01-31-03236 70
100 clueweb09-en0004-66-07339 57
100 clueweb09-en0035-12-03702 12
100 clueweb09-en0006-10-01173 71
100 clueweb09-en0009-49-38368 66
100 clueweb09-en0046-36-30320 12
100 clueweb09-en0116-44-26838 39
100 clueweb09-enwp01-99-17036 93
100 clueweb09-en0091-43-08590 4
100 clueweb09-en0012-37-01847 95
100 clueweb09-en0089-08-15714 25
100 clueweb09-en0129-64-00454 43
100 clueweb09-enwp00-67-03032 73
100 clueweb09-en0089-08-15712 40
100 clueweb09-en0089-08-15713 29
100 clueweb09-en0011-66-01435 82
100 clueweb09-en0005-86-03005 46
100 clueweb09-en0015-93-04378 78
100 clueweb09-en0046-50-33317 86
100 clueweb09-en0053-11-00513 50
100 clueweb09-en0005-63-09776 89
100 clueweb09-en0076-60-11577 63
100 clueweb09-en0009-49-38383 68
100 clueweb09-en0010-34-40606 92
100 clueweb09-en0009-49-38381 84
100 clueweb09-en0009-49-38380 88
100 clueweb09-en0007-76-23749 93
100 clueweb09-en0015-11-22953 75
100 clueweb09-en0126-05-10189 1
100 clueweb09-en0075-00-10350 78
100 clueweb09-en0074-91-01191 88
100 clueweb09-en0004-13-10337 97
100 clueweb09-en0010-01-08827 44
100 clueweb09-en0003-46-06978 78
100 clueweb09-en0011-39-00453 81
100 clueweb09-en0010-09-15955 59
100 clueweb09-en0010-09-15952 86
100 clueweb09-en0015-91-11245 51
100 clueweb09-en0033-93-27775 18
100 clueweb09-en0006-01-35958 92
100 clueweb09-en0000-66-01609 73
100 clueweb09-en0005-44-24948 91
100 clueweb09-en0122-52-35514 45
100 clueweb09-en0032-72-29486 5
100 clueweb09-en0019-89-04123 61
100 clueweb09-en0126-28-23728 1
100 clueweb09-enwp00-84-04868 93
100 clueweb09-en0006-98-35673 28
100 clueweb09-en0008-83-36274 87
100 clueweb09-en0024-82-11194 75
100 clueweb09-en0011-52-15379 21
100 clueweb09-en0047-47-26509 39
100 clueweb09-en0027-57-30311 88
100 clueweb09-en0027-33-00133 13
100 clueweb09-en0060-33-32665 14
100 clueweb09-en0006-86-11584 29
100 clueweb09-en0011-05-17333 69
100 clueweb09-enwp03-33-20843 94
100 clueweb09-en0007-39-16239 20
100 clueweb09-enwp00-44-10444 90
100 clueweb09-en0011-29-10273 82
100 clueweb09-en0046-27-16887 16
100 clueweb09-en0109-36-03076 74
100 clueweb09-en0005-10-13169 45
100 clueweb09-en0003-66-17615 56
100 clueweb09-en0003-66-17617 70
100 clueweb09-en0003-66-17616 64
100 clueweb09-en0003-66-17611 64
100 clueweb09-en0003-66-17610 63
100 clueweb09-en0003-66-17612 63
100 clueweb09-enwp01-23-01414 76
100 clueweb09-en0013-06-25750 69
100 clueweb09-enwp01-85-19333 88
100 clueweb09-en0082-70-26613 24
100 clueweb09-en0009-86-40011 53
100 clueweb09-en0011-09-41933 89
100 clueweb09-enwp02-04-16303 89
100 clueweb09-en0006-33-37923 72
100 clueweb09-en0006-33-37924 71
100 clueweb09-en0006-33-37925 67
100 clueweb09-en0005-06-28003 88
100 clueweb09-enwp03-11-05936 92
100 clueweb09-en0009-49-38359 93
100 clueweb09-en0047-91-03166 28
100 clueweb09-en0006-39-12482 62
100 clueweb09-en0120-66-09987 1
100 clueweb09-en0000-47-10480 64
100 clueweb09-en0010-46-25230 46
100 clueweb09-en0013-22-10912 90
100 clueweb09-en0046-79-25820 76
100 clueweb09-en0005-68-08207 54
100 clueweb09-en0123-85-07240 40
100 clueweb09-en0005-68-08203 52
100 clueweb09-en0008-17-10037 45
100 clueweb09-en0004-12-08859 51
100 clueweb09-enwp02-00-17479 87
100 clueweb09-en0012-25-02062 87
100 clueweb09-en0045-12-27056 10
100 clueweb09-en0004-61-07277 47
100 clueweb09-en0045-12-27052 15
100 clueweb09-en0011-64-18268 89
100 clueweb09-en0090-99-15177 6
100 clueweb09-en0010-87-09623 58
100 clueweb09-en0008-18-18412 61
100 clueweb09-enwp00-59-02642 40
100 clueweb09-en0007-22-03309 76
100 clueweb09-en0002-32-26981 74
100 clueweb09-en0007-22-03305 61
100 clueweb09-en0002-11-09141 95
100 clueweb09-en0010-67-00671 59
100 clueweb09-enwp00-70-02601 73
100 clueweb09-enwp01-55-02056 92
100 clueweb09-en0029-22-18055 19
100 clueweb09-en0016-17-01483 28
100 clueweb09-en0133-64-08447 50
100 clueweb09-enwp00-59-03454 38
100 clueweb09-en0005-73-27823 43
100 clueweb09-en0011-38-21609 70
100 clueweb09-enwp01-32-04561 68
100 clueweb09-en0010-83-35276 8
100 clueweb09-en0045-12-27054 10
100 clueweb09-en0006-33-37919 79
100 clueweb09-enwp00-09-11753 96
100 clueweb09-en0046-36-30319 11
100 clueweb09-en0046-36-30318 11
100 clueweb09-enwp03-26-03157 93
100 clueweb09-en0033-23-01618 55
100 clueweb09-en0010-62-17268 91
100 clueweb09-en0058-90-18794 17
100 clueweb09-en0046-50-33321 59
100 clueweb09-en0009-59-02175 74
100 clueweb09-en0011-29-10215 50
100 clueweb09-en0064-37-32019 9
100 clueweb09-en0011-29-10337 60
100 clueweb09-en0001-15-22024 54
100 clueweb09-en0008-90-15227 75
100 clueweb09-en0011-52-19109 20
100 clueweb09-en0044-19-03348 62
100 clueweb09-enwp01-27-04498 81
100 clueweb09-en0009-49-38367 90
100 clueweb09-en0129-93-18874 1
100 clueweb09-en0009-49-38360 62
100 clueweb09-en0010-83-35283 7
100 clueweb09-en0009-49-38362 40
100 clueweb09-en0009-49-38369 63
100 clueweb09-en0009-00-23321 92
100 clueweb09-en0055-08-25607 9
100 clueweb09-en0053-88-32171 50
100 clueweb09-enwp01-17-02740 74
100 clueweb09-en0011-66-01432 86
100 clueweb09-en0053-45-02228 50
100 clueweb09-en0101-76-37482 12
100 clueweb09-enwp01-49-09414 69
100 clueweb09-en0010-56-11799 78
100 clueweb09-en0053-88-32196 51
100 clueweb09-en0075-43-06574 2
100 clueweb09-enwp01-57-08659 90
100 clueweb09-enwp01-77-08741 94
100 clueweb09-en0012-83-18627 82
100 clueweb09-en0007-39-00238 30
100 clueweb09-en0090-07-03309 27
100 clueweb09-en0004-17-32971 89
100 clueweb09-en0132-65-34219 57
100 clueweb09-en0027-96-26184 65
100 clueweb09-en0005-52-10536 22
100 clueweb09-en0009-49-38366 91
100 clueweb09-enwp00-19-11860 96
100 clueweb09-en0120-72-17703 61
100 clueweb09-en0007-18-18119 92
