102 clueweb09-en0011-44-09522 10
102 clueweb09-en0001-34-28088 79
102 clueweb09-en0006-93-11967 11
102 clueweb09-en0001-12-11494 86
102 clueweb09-en0000-45-20059 90
102 clueweb09-en0002-56-34168 97
102 clueweb09-en0001-16-09978 47
102 clueweb09-en0001-27-05668 84
102 clueweb09-en0001-74-02456 81
102 clueweb09-en0001-85-00632 96
102 clueweb09-en0000-88-32757 50
102 clueweb09-en0002-49-14779 64
102 clueweb09-en0004-61-14298 8
102 clueweb09-en0002-78-06565 81
102 clueweb09-en0011-10-20899 26
102 clueweb09-en0001-07-15352 46
102 clueweb09-en0001-74-02454 74
102 clueweb09-en0001-15-13339 90
102 clueweb09-en0001-93-25042 82
102 clueweb09-en0003-46-28558 3
102 clueweb09-en0002-08-22002 46
