109 clueweb09-en0002-73-19173 99
109 clueweb09-en0002-73-19172 99
109 clueweb09-en0000-01-13444 14
109 clueweb09-en0000-01-13443 11
109 clueweb09-en0000-02-05744 23
109 clueweb09-en0000-04-05538 88
109 clueweb09-en0000-02-00208 7
109 clueweb09-en0000-01-15766 0
109 clueweb09-en0000-01-06752 71
109 clueweb09-en0000-00-24716 85
109 clueweb09-en0000-00-24848 82
109 clueweb09-en0000-00-04184 84
109 clueweb09-en0000-01-12335 73
109 clueweb09-en0000-04-13691 19
109 clueweb09-en0000-01-16225 6
109 clueweb09-en0000-01-16520 0
109 clueweb09-en0000-01-16075 15
109 clueweb09-en0000-79-39005 99
109 clueweb09-en0006-76-08636 31
109 clueweb09-en0000-79-39008 99
109 clueweb09-en0002-23-12121 85
109 clueweb09-en0000-00-24788 78
109 clueweb09-en0000-02-02439 76
109 clueweb09-en0000-00-17608 0
109 clueweb09-en0000-01-13470 41
109 clueweb09-en0000-00-17602 0
109 clueweb09-en0001-17-25502 45
