136 clueweb09-en0004-41-28258 96
136 clueweb09-en0011-04-05527 5
136 clueweb09-en0009-72-08980 7
136 clueweb09-en0002-85-08688 16
136 clueweb09-en0002-37-04482 86
136 clueweb09-en0004-41-28271 99
136 clueweb09-en0004-41-28270 99
136 clueweb09-en0004-41-28273 98
136 clueweb09-en0004-41-28272 98
136 clueweb09-en0007-96-01748 46
136 clueweb09-en0011-04-05560 4
136 clueweb09-en0010-37-39396 77
136 clueweb09-en0006-16-36630 11
136 clueweb09-en0004-41-28263 99
136 clueweb09-en0004-41-28260 93
136 clueweb09-en0004-41-28266 99
136 clueweb09-en0004-41-28267 98
136 clueweb09-en0004-41-28264 98
136 clueweb09-en0004-41-28265 99
136 clueweb09-en0004-41-28268 98
136 clueweb09-en0004-41-28269 97
136 clueweb09-en0009-76-14547 46
