152 clueweb09-en0117-71-41465 25
152 clueweb09-en0117-71-41464 22
152 clueweb09-en0117-71-41461 21
152 clueweb09-en0112-08-36175 3
152 clueweb09-en0011-76-34166 63
152 clueweb09-en0003-53-07594 58
152 clueweb09-en0125-65-19088 11
152 clueweb09-en0033-32-30339 34
152 clueweb09-en0019-27-20756 37
152 clueweb09-en0019-27-20757 26
152 clueweb09-en0019-27-20770 35
152 clueweb09-en0019-27-20771 36
152 clueweb09-en0033-32-30330 21
152 clueweb09-en0033-32-30333 33
152 clueweb09-en0129-86-40147 21
152 clueweb09-en0000-80-04192 52
152 clueweb09-en0029-35-04388 33
152 clueweb09-enwp00-71-11769 99
152 clueweb09-en0001-66-19041 16
152 clueweb09-en0002-19-12934 40
152 clueweb09-enwp01-12-04673 94
152 clueweb09-en0027-45-00256 29
152 clueweb09-en0009-52-29965 51
152 clueweb09-en0003-53-07608 76
152 clueweb09-enwp00-29-17779 95
152 clueweb09-enwp00-19-18210 96
152 clueweb09-en0009-11-19018 84
152 clueweb09-en0033-32-30340 36
152 clueweb09-en0019-27-20765 34
152 clueweb09-en0019-27-20767 36
152 clueweb09-enwp00-09-18224 99
152 clueweb09-en0090-29-04930 21
