156 clueweb09-en0008-79-00012 59
156 clueweb09-en0011-46-08936 77
156 clueweb09-en0027-42-09056 79
156 clueweb09-en0008-79-00008 57
156 clueweb09-en0010-96-37442 97
156 clueweb09-en0004-38-13204 95
156 clueweb09-en0095-89-00632 12
156 clueweb09-en0005-51-14321 85
156 clueweb09-en0108-61-29962 10
156 clueweb09-en0013-03-16490 80
156 clueweb09-en0108-64-27983 13
156 clueweb09-en0073-78-24705 77
156 clueweb09-en0020-37-34760 25
156 clueweb09-en0010-55-39995 53
156 clueweb09-en0033-80-12417 16
156 clueweb09-en0049-64-16113 8
156 clueweb09-en0119-91-21369 14
156 clueweb09-en0008-79-32153 62
156 clueweb09-en0000-60-13709 94
156 clueweb09-en0126-04-33382 37
156 clueweb09-en0130-93-10923 75
156 clueweb09-en0012-96-10127 34
156 clueweb09-en0072-72-06578 76
156 clueweb09-en0133-01-15109 31
156 clueweb09-en0010-82-32850 72
156 clueweb09-en0003-19-22927 55
156 clueweb09-en0003-21-24827 98
156 clueweb09-en0000-49-20646 98
156 clueweb09-en0041-58-36175 71
156 clueweb09-en0083-33-10726 72
156 clueweb09-en0132-15-44009 59
156 clueweb09-en0004-29-21316 92
156 clueweb09-en0003-13-04442 55
156 clueweb09-en0004-91-29211 81
156 clueweb09-en0098-10-14602 2
156 clueweb09-en0058-15-12286 73
156 clueweb09-en0006-96-02414 48
156 clueweb09-en0005-57-37230 13
156 clueweb09-en0000-88-22912 26
156 clueweb09-en0000-60-13715 96
156 clueweb09-en0095-86-14108 12
156 clueweb09-en0090-40-43177 71
