159 clueweb09-en0035-85-00659 15
159 clueweb09-en0106-70-19153 19
159 clueweb09-en0034-89-02389 75
159 clueweb09-en0104-28-12036 28
159 clueweb09-en0007-52-02378 92
159 clueweb09-en0053-81-08464 62
159 clueweb09-en0130-63-36305 56
159 clueweb09-en0067-59-18039 83
159 clueweb09-en0106-48-40284 15
159 clueweb09-en0132-02-56165 50
159 clueweb09-en0130-63-36308 92
159 clueweb09-en0108-73-03926 31
159 clueweb09-en0108-73-03927 37
159 clueweb09-en0024-23-40051 89
159 clueweb09-en0013-73-20502 75
159 clueweb09-en0108-83-22266 10
159 clueweb09-en0005-32-28028 95
159 clueweb09-en0080-39-11635 9
159 clueweb09-en0078-30-01095 6
159 clueweb09-en0122-16-35887 46
159 clueweb09-en0010-81-05318 94
159 clueweb09-en0066-65-16309 78
159 clueweb09-en0063-53-30098 2
159 clueweb09-en0091-14-38570 6
159 clueweb09-en0131-88-33537 63
159 clueweb09-en0011-36-09199 95
159 clueweb09-en0010-81-05325 95
159 clueweb09-en0106-73-11029 74
159 clueweb09-en0035-50-20635 3
159 clueweb09-en0009-47-23825 96
159 clueweb09-enwp03-30-12964 87
159 clueweb09-en0067-02-06900 52
159 clueweb09-en0021-84-21822 5
159 clueweb09-en0002-58-24794 40
