160 clueweb09-en0007-36-06765 69
160 clueweb09-en0079-62-01494 94
160 clueweb09-en0131-03-16383 62
160 clueweb09-en0106-12-23476 82
160 clueweb09-en0000-95-14516 97
160 clueweb09-en0038-53-06526 86
160 clueweb09-en0133-51-11536 60
160 clueweb09-en0002-98-14571 45
160 clueweb09-en0131-55-29264 6
160 clueweb09-en0067-87-38075 48
160 clueweb09-en0015-95-07636 86
160 clueweb09-en0009-03-37559 93
160 clueweb09-en0009-03-37448 93
160 clueweb09-en0127-41-23874 56
160 clueweb09-en0008-85-24775 24
160 clueweb09-en0131-93-35358 70
160 clueweb09-en0131-12-45797 68
160 clueweb09-en0000-64-07472 94
160 clueweb09-en0005-81-06974 40
160 clueweb09-en0085-09-20289 57
160 clueweb09-en0001-68-02064 1
160 clueweb09-en0071-95-19244 89
160 clueweb09-en0131-09-33538 69
160 clueweb09-en0007-39-05614 32
160 clueweb09-en0045-66-04687 70
160 clueweb09-en0129-24-37285 44
160 clueweb09-en0000-84-17285 56
160 clueweb09-en0000-95-14504 98
160 clueweb09-en0004-65-06651 0
160 clueweb09-en0000-95-14178 97
160 clueweb09-en0090-44-15528 2
160 clueweb09-en0009-03-36629 83
160 clueweb09-en0050-19-31319 16
160 clueweb09-en0062-92-20080 62
160 clueweb09-en0057-95-16670 94
160 clueweb09-en0065-86-06247 37
160 clueweb09-en0021-98-15924 98
160 clueweb09-en0000-54-27485 94
160 clueweb09-en0026-72-22141 70
160 clueweb09-en0009-03-36626 86
