161 clueweb09-en0081-35-20457 62
161 clueweb09-en0003-48-29085 45
161 clueweb09-en0075-01-22326 49
161 clueweb09-en0093-17-12420 15
161 clueweb09-en0121-54-29371 26
161 clueweb09-en0006-52-21583 66
161 clueweb09-en0123-44-16692 53
161 clueweb09-en0009-41-17329 69
161 clueweb09-en0010-08-00433 71
161 clueweb09-en0008-49-14308 35
161 clueweb09-en0005-39-21790 93
161 clueweb09-en0038-88-25240 88
161 clueweb09-en0075-01-22329 37
161 clueweb09-en0075-01-22328 44
161 clueweb09-en0075-01-22325 49
161 clueweb09-en0075-01-22327 42
161 clueweb09-en0086-62-35178 20
161 clueweb09-en0075-01-22323 39
161 clueweb09-en0005-98-07621 70
161 clueweb09-en0117-75-11570 44
161 clueweb09-en0050-26-34144 26
161 clueweb09-en0080-24-08022 77
161 clueweb09-en0050-80-43985 33
161 clueweb09-en0000-25-32932 65
161 clueweb09-en0011-06-26827 68
161 clueweb09-en0006-27-22666 93
161 clueweb09-en0100-64-05046 6
161 clueweb09-en0123-85-24614 90
161 clueweb09-en0011-76-22677 70
161 clueweb09-en0033-08-06088 52
161 clueweb09-en0005-97-07943 97
161 clueweb09-en0005-97-07939 98
161 clueweb09-en0075-01-22338 47
161 clueweb09-en0075-01-22339 36
161 clueweb09-en0075-01-22335 42
161 clueweb09-en0075-01-22333 48
161 clueweb09-en0075-01-22331 42
161 clueweb09-en0076-92-22809 72
161 clueweb09-en0031-13-22732 78
161 clueweb09-en0000-06-12865 63
