164 clueweb09-en0108-84-26262 33
164 clueweb09-en0002-02-11472 92
164 clueweb09-en0040-86-17671 42
164 clueweb09-en0026-67-02496 42
164 clueweb09-en0088-27-08846 0
164 clueweb09-en0113-33-23712 87
164 clueweb09-en0003-03-19642 90
164 clueweb09-en0007-75-26231 67
164 clueweb09-en0112-31-06339 87
164 clueweb09-en0003-93-19078 41
164 clueweb09-en0123-33-26955 29
164 clueweb09-en0024-30-05282 78
164 clueweb09-en0097-24-06367 25
164 clueweb09-en0000-44-05973 72
164 clueweb09-en0101-87-27232 88
164 clueweb09-en0108-50-35290 23
164 clueweb09-en0037-41-05363 28
164 clueweb09-en0001-43-24851 17
164 clueweb09-en0033-56-22541 41
164 clueweb09-en0081-97-09203 27
164 clueweb09-en0001-12-29092 43
164 clueweb09-en0099-97-12288 77
164 clueweb09-en0113-12-25944 88
164 clueweb09-en0009-00-15453 48
164 clueweb09-en0039-26-13686 43
164 clueweb09-en0000-66-15034 46
164 clueweb09-en0001-58-08077 16
164 clueweb09-en0095-01-23584 26
164 clueweb09-en0104-32-15956 14
164 clueweb09-en0108-50-35263 25
164 clueweb09-en0037-20-35524 76
164 clueweb09-en0037-20-35525 73
164 clueweb09-en0095-51-40454 18
164 clueweb09-en0018-75-06734 9
164 clueweb09-en0098-97-32191 89
164 clueweb09-en0046-18-28377 7
