166 clueweb09-en0003-28-20671 15
166 clueweb09-en0001-70-13904 97
166 clueweb09-en0113-55-15997 4
166 clueweb09-en0113-55-15999 5
166 clueweb09-en0022-70-25716 42
166 clueweb09-en0113-55-16015 6
166 clueweb09-en0026-07-16470 84
166 clueweb09-en0113-55-16012 5
166 clueweb09-en0113-55-16013 5
166 clueweb09-en0113-55-16033 6
166 clueweb09-en0118-51-00264 76
166 clueweb09-en0086-49-05243 6
166 clueweb09-en0001-71-29338 88
166 clueweb09-en0086-49-05240 6
166 clueweb09-en0001-50-26802 94
166 clueweb09-en0010-72-19114 97
166 clueweb09-en0101-79-24495 24
166 clueweb09-en0005-22-30663 96
166 clueweb09-enwp02-13-15121 97
166 clueweb09-en0004-27-28357 81
166 clueweb09-en0000-64-10899 93
166 clueweb09-en0002-82-20048 90
166 clueweb09-en0026-07-16982 75
166 clueweb09-en0022-22-14394 72
166 clueweb09-en0102-41-31217 10
166 clueweb09-en0008-27-02353 90
166 clueweb09-en0011-24-35850 46
166 clueweb09-en0054-96-05795 77
166 clueweb09-en0113-55-16002 5
166 clueweb09-en0004-65-32724 71
166 clueweb09-en0113-55-16000 6
166 clueweb09-en0113-55-16007 6
166 clueweb09-en0006-67-26894 41
166 clueweb09-en0113-55-16025 6
166 clueweb09-en0113-55-16008 6
166 clueweb09-en0051-24-38263 77
166 clueweb09-en0099-36-29218 3
166 clueweb09-en0001-61-22564 19
166 clueweb09-en0005-85-32393 7
166 clueweb09-en0011-38-28977 80
166 clueweb09-en0004-60-10988 32
166 clueweb09-enwp00-80-00133 87
166 clueweb09-en0011-59-18481 28
166 clueweb09-en0007-07-05585 63
166 clueweb09-enwp00-56-14442 85
166 clueweb09-en0043-07-23335 7
166 clueweb09-en0009-08-17759 36
