167 clueweb09-en0040-18-23647 41
167 clueweb09-en0126-16-15779 38
167 clueweb09-en0126-16-15792 38
167 clueweb09-en0040-18-23664 47
167 clueweb09-en0024-30-17734 81
167 clueweb09-en0040-18-23649 41
167 clueweb09-en0003-93-13461 34
167 clueweb09-en0005-44-27765 79
167 clueweb09-en0000-15-14716 74
167 clueweb09-en0026-47-30597 47
167 clueweb09-en0026-47-30596 48
167 clueweb09-en0130-46-08127 42
167 clueweb09-enwp01-39-05374 93
167 clueweb09-enwp00-66-07200 96
167 clueweb09-en0026-47-30599 46
167 clueweb09-en0026-47-30598 34
167 clueweb09-en0126-16-15794 34
167 clueweb09-en0024-30-17910 83
167 clueweb09-en0085-82-16942 61
167 clueweb09-en0133-41-06849 34
167 clueweb09-en0005-27-26875 72
167 clueweb09-en0011-26-18695 92
167 clueweb09-en0001-42-17339 71
167 clueweb09-enwp00-54-12496 96
167 clueweb09-en0005-27-27092 74
167 clueweb09-en0040-18-23648 32
167 clueweb09-enwp01-72-06536 90
167 clueweb09-en0000-20-07650 10
167 clueweb09-en0091-22-25268 70
167 clueweb09-enwp00-27-06128 99
167 clueweb09-en0001-97-27917 20
167 clueweb09-en0054-33-24041 42
167 clueweb09-en0026-47-30600 51
167 clueweb09-en0127-26-43737 12
167 clueweb09-en0133-78-37431 49
167 clueweb09-en0009-07-10905 55
167 clueweb09-en0002-83-00338 70
167 clueweb09-en0040-18-23650 43
167 clueweb09-en0130-46-08112 40
167 clueweb09-en0011-73-09078 62
167 clueweb09-en0054-33-24040 42
167 clueweb09-en0007-99-05021 79
167 clueweb09-en0005-17-38203 60
167 clueweb09-en0000-17-01260 7
167 clueweb09-en0000-63-03410 74
