169 clueweb09-en0005-98-13977 63
169 clueweb09-en0006-11-00633 98
169 clueweb09-en0116-99-29800 1
169 clueweb09-en0073-65-10821 53
169 clueweb09-en0001-88-16163 0
169 clueweb09-en0045-41-30255 19
169 clueweb09-en0067-25-36118 86
169 clueweb09-enwp01-01-07565 96
169 clueweb09-en0131-59-11148 42
169 clueweb09-en0001-50-19317 98
169 clueweb09-en0049-91-08852 38
169 clueweb09-en0004-59-17484 54
169 clueweb09-en0036-60-22743 84
169 clueweb09-en0000-66-06895 98
169 clueweb09-en0130-43-43521 63
169 clueweb09-en0008-85-15917 78
169 clueweb09-en0131-59-11147 52
169 clueweb09-en0045-81-13661 54
169 clueweb09-en0000-61-28945 22
169 clueweb09-en0131-59-11141 46
169 clueweb09-en0011-66-37505 59
169 clueweb09-en0003-63-24007 63
169 clueweb09-en0000-93-36236 95
169 clueweb09-en0000-72-09830 60
169 clueweb09-en0054-81-00741 49
169 clueweb09-en0083-33-39257 49
169 clueweb09-enwp01-27-07259 97
169 clueweb09-en0035-26-18125 68
169 clueweb09-en0038-30-04813 61
169 clueweb09-en0013-35-03452 84
169 clueweb09-en0002-82-23952 95
169 clueweb09-en0081-81-43429 73
169 clueweb09-en0000-66-07008 97
169 clueweb09-en0131-40-12254 14
169 clueweb09-enwp01-46-16948 72
