173 clueweb09-en0066-18-26256 52
173 clueweb09-en0007-39-09614 66
173 clueweb09-en0003-35-15349 19
173 clueweb09-en0103-91-20423 5
173 clueweb09-en0103-91-20422 4
173 clueweb09-en0103-91-20424 5
173 clueweb09-en0052-16-26232 81
173 clueweb09-en0120-09-39675 37
173 clueweb09-en0064-15-33602 50
173 clueweb09-en0133-36-21866 50
173 clueweb09-en0093-13-06787 80
173 clueweb09-en0117-30-27351 7
173 clueweb09-en0050-67-41244 43
173 clueweb09-en0050-67-41249 48
173 clueweb09-en0007-13-32656 44
173 clueweb09-en0133-55-36978 56
173 clueweb09-en0126-95-28374 95
173 clueweb09-en0105-71-03593 58
173 clueweb09-en0131-32-18696 56
173 clueweb09-enwp00-24-13962 46
173 clueweb09-en0100-16-17847 20
173 clueweb09-en0031-68-20974 98
173 clueweb09-en0000-53-30027 97
173 clueweb09-en0002-50-10183 97
173 clueweb09-en0011-58-29329 74
173 clueweb09-en0060-61-18566 79
173 clueweb09-en0007-87-32322 48
173 clueweb09-en0044-42-28723 19
173 clueweb09-en0120-26-38948 35
173 clueweb09-en0051-16-15973 36
173 clueweb09-en0065-89-02136 41
173 clueweb09-en0005-44-03246 13
173 clueweb09-en0065-89-02138 41
