177 clueweb09-en0007-48-09583 97
177 clueweb09-en0093-13-38360 38
177 clueweb09-en0004-71-25850 84
177 clueweb09-en0000-93-38468 1
177 clueweb09-en0009-81-29943 94
177 clueweb09-en0001-66-09574 34
177 clueweb09-en0007-90-32645 68
177 clueweb09-en0051-95-44220 34
177 clueweb09-en0093-13-38347 38
177 clueweb09-en0004-49-28578 73
177 clueweb09-en0058-02-09680 1
177 clueweb09-enwp01-77-00547 99
177 clueweb09-en0004-60-30191 30
177 clueweb09-en0093-13-38349 38
177 clueweb09-en0086-66-20523 84
177 clueweb09-en0002-31-32409 88
177 clueweb09-en0093-13-38341 40
177 clueweb09-en0066-88-39516 91
177 clueweb09-enwp00-97-00140 79
177 clueweb09-en0093-13-38344 38
177 clueweb09-en0051-95-44216 36
177 clueweb09-en0006-01-15357 93
177 clueweb09-enwp00-63-23624 76
177 clueweb09-en0009-26-18677 59
177 clueweb09-en0005-17-41679 35
177 clueweb09-enwp01-65-08253 99
177 clueweb09-en0038-52-29426 36
177 clueweb09-en0009-32-05517 96
177 clueweb09-en0038-52-29422 40
177 clueweb09-en0008-75-29575 47
177 clueweb09-en0020-51-31370 76
177 clueweb09-en0008-75-29576 48
177 clueweb09-en0057-59-12307 8
177 clueweb09-enwp00-84-00908 77
177 clueweb09-en0071-22-03712 10
177 clueweb09-en0009-83-30858 99
177 clueweb09-en0045-84-24584 56
177 clueweb09-en0065-72-36331 38
177 clueweb09-en0093-13-38358 39
177 clueweb09-en0093-13-38346 40
177 clueweb09-en0093-13-38311 38
177 clueweb09-en0002-31-10091 3
177 clueweb09-en0093-13-38353 40
177 clueweb09-en0036-93-32349 71
177 clueweb09-en0093-13-38356 38
177 clueweb09-en0093-13-38354 39
177 clueweb09-enwp00-82-12192 79
177 clueweb09-en0087-41-33872 61
177 clueweb09-en0009-26-18400 64
177 clueweb09-en0037-53-36779 77
177 clueweb09-en0080-65-30111 41
177 clueweb09-en0107-08-33622 75
