179 clueweb09-en0037-46-33344 44
179 clueweb09-en0130-34-02036 87
179 clueweb09-en0131-16-43232 48
179 clueweb09-en0001-11-11018 51
179 clueweb09-en0091-68-19729 75
179 clueweb09-en0038-25-15463 59
179 clueweb09-en0023-18-33731 79
179 clueweb09-en0006-80-03687 95
179 clueweb09-en0129-44-20870 63
179 clueweb09-en0107-18-20814 91
179 clueweb09-en0034-20-19970 93
179 clueweb09-en0089-72-13725 80
179 clueweb09-en0097-50-15204 93
179 clueweb09-en0005-23-18612 21
179 clueweb09-en0006-42-34678 96
179 clueweb09-en0008-81-22263 79
179 clueweb09-en0008-81-22265 77
179 clueweb09-en0058-00-25241 67
179 clueweb09-en0131-89-01731 70
179 clueweb09-en0131-45-36406 60
179 clueweb09-en0024-82-14507 99
179 clueweb09-en0003-59-24813 98
179 clueweb09-en0129-81-44056 60
179 clueweb09-en0033-99-05158 96
179 clueweb09-en0127-89-01883 77
179 clueweb09-en0063-58-24934 39
179 clueweb09-en0034-70-24026 80
179 clueweb09-en0091-07-05552 22
179 clueweb09-en0002-40-06594 98
179 clueweb09-en0002-65-04925 84
179 clueweb09-en0005-36-44132 75
179 clueweb09-en0096-48-04473 97
179 clueweb09-en0128-35-25314 95
179 clueweb09-en0005-30-25280 65
179 clueweb09-en0009-77-13472 73
179 clueweb09-en0048-44-11731 78
