181 clueweb09-en0061-25-20775 2
181 clueweb09-en0088-75-29581 2
181 clueweb09-en0089-69-29085 2
181 clueweb09-en0005-37-26847 42
181 clueweb09-en0039-99-22675 56
181 clueweb09-en0087-07-22887 2
181 clueweb09-en0106-52-16261 81
181 clueweb09-enwp01-39-14477 94
181 clueweb09-en0024-94-26224 66
181 clueweb09-en0072-71-25856 2
181 clueweb09-en0009-31-25939 8
181 clueweb09-en0071-49-34869 2
181 clueweb09-en0066-04-10843 11
181 clueweb09-en0060-32-16147 1
181 clueweb09-en0085-42-17890 2
181 clueweb09-en0006-65-10465 46
181 clueweb09-en0000-87-27782 63
181 clueweb09-en0064-15-23509 85
181 clueweb09-en0005-56-29315 19
181 clueweb09-en0074-88-29274 2
181 clueweb09-en0043-07-00571 60
181 clueweb09-en0004-36-10926 37
181 clueweb09-en0000-62-00073 5
181 clueweb09-en0107-97-13985 2
181 clueweb09-en0000-62-00056 4
181 clueweb09-en0002-47-06860 94
181 clueweb09-enwp01-60-13884 97
181 clueweb09-en0009-31-25945 7
181 clueweb09-en0005-31-35235 12
181 clueweb09-en0086-05-22694 2
181 clueweb09-en0068-97-35914 86
181 clueweb09-en0006-65-10487 33
181 clueweb09-en0059-30-22681 1
181 clueweb09-en0007-44-03281 79
181 clueweb09-en0088-27-29174 2
181 clueweb09-en0085-82-26804 2
181 clueweb09-en0061-43-21645 1
181 clueweb09-en0072-01-18420 2
181 clueweb09-en0088-20-03575 2
181 clueweb09-en0071-29-01129 16
181 clueweb09-en0002-77-28706 52
181 clueweb09-en0107-97-13971 1
181 clueweb09-en0087-91-13480 2
181 clueweb09-en0058-98-07126 1
