183 clueweb09-en0001-14-30936 27
183 clueweb09-en0132-81-19545 47
183 clueweb09-en0010-31-09140 5
183 clueweb09-en0108-36-42115 36
183 clueweb09-en0132-48-14213 19
183 clueweb09-en0004-26-27645 97
183 clueweb09-en0005-33-27298 44
183 clueweb09-en0041-62-31994 53
183 clueweb09-en0027-67-19314 85
183 clueweb09-en0116-10-17838 10
183 clueweb09-en0011-83-35844 84
183 clueweb09-en0010-07-28133 69
183 clueweb09-en0004-34-24596 82
183 clueweb09-en0031-00-17055 53
183 clueweb09-en0011-30-18007 54
183 clueweb09-en0005-36-25463 51
183 clueweb09-en0007-24-00966 54
183 clueweb09-en0011-30-18024 51
183 clueweb09-en0011-30-18026 51
183 clueweb09-en0005-96-07305 99
183 clueweb09-enwp01-05-13450 93
183 clueweb09-en0011-66-21282 29
183 clueweb09-en0089-65-00248 82
183 clueweb09-en0132-69-52226 33
183 clueweb09-en0005-29-24364 41
183 clueweb09-enwp01-02-13403 90
183 clueweb09-en0018-22-13938 28
183 clueweb09-en0007-79-37703 75
183 clueweb09-en0099-42-30517 78
183 clueweb09-en0018-77-19715 88
183 clueweb09-en0003-14-19451 63
183 clueweb09-en0005-32-05433 29
183 clueweb09-en0008-63-20348 47
183 clueweb09-en0001-09-10281 14
183 clueweb09-en0010-03-12010 30
183 clueweb09-en0059-77-17987 51
183 clueweb09-en0003-26-27001 0
183 clueweb09-enwp00-96-06116 93
183 clueweb09-en0094-38-28982 75
183 clueweb09-en0009-37-33071 64
183 clueweb09-en0001-72-28667 22
183 clueweb09-enwp01-05-13449 93
183 clueweb09-en0017-96-32432 27
183 clueweb09-en0095-18-30527 7
183 clueweb09-en0086-19-08229 90
183 clueweb09-en0035-51-11783 86
183 clueweb09-en0002-05-12502 94
183 clueweb09-en0009-59-35769 11
183 clueweb09-en0078-66-31740 82
183 clueweb09-en0004-31-23627 85
183 clueweb09-en0005-35-20499 18
183 clueweb09-en0002-12-01662 66
