184 clueweb09-en0002-90-01139 59
184 clueweb09-en0007-80-05172 90
184 clueweb09-en0041-18-05461 27
184 clueweb09-en0007-93-17715 91
184 clueweb09-en0002-71-30211 97
184 clueweb09-en0035-46-34599 76
184 clueweb09-en0007-72-11711 51
184 clueweb09-en0038-01-20801 93
184 clueweb09-en0006-04-16628 82
184 clueweb09-en0041-18-05050 28
184 clueweb09-en0121-99-40708 14
184 clueweb09-en0002-92-08100 96
184 clueweb09-en0000-88-07815 35
184 clueweb09-en0064-70-12359 12
184 clueweb09-en0012-74-07126 18
184 clueweb09-en0012-40-08173 83
184 clueweb09-en0041-18-06306 18
184 clueweb09-en0126-32-43532 48
184 clueweb09-en0110-65-11734 24
184 clueweb09-en0110-65-11735 23
184 clueweb09-en0004-50-19988 73
184 clueweb09-en0010-57-25560 95
184 clueweb09-en0029-73-28058 77
184 clueweb09-en0038-01-20838 85
184 clueweb09-en0005-61-23277 68
184 clueweb09-enwp00-53-10435 98
184 clueweb09-en0127-58-38973 44
184 clueweb09-en0029-93-19634 91
184 clueweb09-en0097-70-05012 40
184 clueweb09-en0004-17-06707 92
184 clueweb09-enwp00-43-09807 99
184 clueweb09-en0011-79-13795 67
184 clueweb09-en0007-93-17875 89
184 clueweb09-en0035-42-33962 34
184 clueweb09-enwp01-79-17599 75
