185 clueweb09-en0072-57-16630 9
185 clueweb09-en0003-81-09361 96
185 clueweb09-en0049-03-25606 73
185 clueweb09-en0005-52-29458 45
185 clueweb09-en0005-60-30939 72
185 clueweb09-en0130-10-17786 85
185 clueweb09-en0129-04-42184 30
185 clueweb09-en0011-58-18838 6
185 clueweb09-en0059-18-15342 1
185 clueweb09-en0007-29-00665 75
185 clueweb09-en0131-53-12566 50
185 clueweb09-en0010-91-22220 78
185 clueweb09-en0004-16-00627 13
185 clueweb09-en0005-17-20240 4
185 clueweb09-en0008-86-14627 35
185 clueweb09-en0000-08-14617 4
185 clueweb09-en0010-77-27161 52
185 clueweb09-en0131-55-02630 88
185 clueweb09-en0029-77-19749 31
185 clueweb09-en0005-22-36121 34
185 clueweb09-en0006-44-23840 42
185 clueweb09-en0062-14-11924 52
185 clueweb09-en0131-47-02936 71
185 clueweb09-en0032-42-15469 35
185 clueweb09-en0129-17-26009 71
185 clueweb09-en0004-05-35239 56
185 clueweb09-en0001-74-14195 6
185 clueweb09-en0085-87-08199 24
185 clueweb09-en0088-58-11573 38
185 clueweb09-en0006-68-33191 97
185 clueweb09-en0003-45-27201 17
185 clueweb09-en0081-14-43380 1
185 clueweb09-en0004-22-27785 19
185 clueweb09-en0011-42-19805 93
185 clueweb09-en0007-09-34900 52
185 clueweb09-en0007-80-14165 58
