188 clueweb09-en0102-28-05835 1
188 clueweb09-en0003-59-32044 84
188 clueweb09-en0012-20-02015 70
188 clueweb09-enwp00-98-19738 82
188 clueweb09-enwp01-01-16833 80
188 clueweb09-en0066-38-44841 8
188 clueweb09-en0012-36-33034 30
188 clueweb09-en0072-26-29590 35
188 clueweb09-en0116-01-30528 37
188 clueweb09-en0007-20-03738 58
188 clueweb09-en0012-90-37013 89
188 clueweb09-en0005-14-22261 69
188 clueweb09-enwp00-96-23624 84
188 clueweb09-en0117-59-24750 9
188 clueweb09-en0010-74-07770 83
188 clueweb09-en0004-54-00319 0
188 clueweb09-enwp00-46-24316 74
188 clueweb09-en0009-01-08427 59
188 clueweb09-en0002-78-12404 34
188 clueweb09-en0060-36-32138 6
188 clueweb09-en0095-55-01813 7
188 clueweb09-enwp00-32-16368 81
188 clueweb09-enwp00-83-23029 83
188 clueweb09-en0125-65-02582 84
188 clueweb09-enwp00-56-25374 75
188 clueweb09-en0034-05-06010 30
188 clueweb09-en0007-34-33163 91
188 clueweb09-enwp00-23-16129 80
188 clueweb09-enwp00-23-16128 80
188 clueweb09-enwp00-23-16127 81
188 clueweb09-en0075-17-02184 8
188 clueweb09-enwp01-04-00025 84
188 clueweb09-en0009-90-31820 74
188 clueweb09-en0113-91-22754 1
188 clueweb09-enwp00-84-20148 72
188 clueweb09-enwp00-90-19704 82
188 clueweb09-enwp00-84-20152 71
188 clueweb09-en0011-38-07251 13
188 clueweb09-en0013-00-03193 8
188 clueweb09-en0004-37-11714 17
188 clueweb09-en0006-90-29356 39
188 clueweb09-en0006-36-25197 63
188 clueweb09-en0041-47-38016 87
188 clueweb09-en0126-66-32266 52
188 clueweb09-en0131-64-47919 32
188 clueweb09-enwp00-83-22998 82
188 clueweb09-enwp00-25-16833 80
188 clueweb09-en0031-67-10986 66
188 clueweb09-en0004-52-24814 52
188 clueweb09-en0033-27-13407 7
188 clueweb09-en0004-52-24813 51
188 clueweb09-en0004-52-24812 50
188 clueweb09-en0004-52-24815 51
188 clueweb09-enwp00-20-16198 81
188 clueweb09-en0009-95-22103 6
188 clueweb09-enwp00-32-04073 79
188 clueweb09-en0130-18-40576 22
188 clueweb09-en0113-50-38393 32
188 clueweb09-enwp00-83-19157 82
188 clueweb09-en0022-94-00598 94
188 clueweb09-enwp00-82-23510 71
188 clueweb09-en0005-15-30129 60
188 clueweb09-enwp00-83-19158 82
188 clueweb09-en0001-87-07528 93
