189 clueweb09-en0009-75-27273 57
189 clueweb09-en0011-89-03020 81
189 clueweb09-en0066-83-34464 70
189 clueweb09-en0035-57-32765 69
189 clueweb09-en0009-75-27238 53
189 clueweb09-en0018-28-00897 73
189 clueweb09-en0106-08-17963 62
189 clueweb09-en0039-86-14720 77
189 clueweb09-en0106-08-17967 67
189 clueweb09-en0106-08-17965 70
189 clueweb09-en0106-08-17964 65
189 clueweb09-en0037-23-28789 57
189 clueweb09-en0032-93-07148 96
189 clueweb09-en0059-72-04646 91
189 clueweb09-en0054-21-31851 91
189 clueweb09-en0108-35-29774 68
189 clueweb09-en0095-90-04105 55
189 clueweb09-en0009-75-27229 59
189 clueweb09-en0039-86-14760 72
189 clueweb09-en0086-42-17290 1
189 clueweb09-en0108-35-30200 56
189 clueweb09-en0053-55-05624 68
189 clueweb09-en0039-86-14725 78
189 clueweb09-en0001-12-20286 99
189 clueweb09-en0064-52-19758 94
189 clueweb09-en0120-24-33230 77
