190 clueweb09-en0001-77-27993 78
190 clueweb09-en0061-45-01754 19
190 clueweb09-en0081-29-09540 67
190 clueweb09-en0078-49-19639 43
190 clueweb09-en0007-33-05171 77
190 clueweb09-en0009-36-21783 73
190 clueweb09-en0122-35-26226 62
190 clueweb09-en0081-94-26855 76
190 clueweb09-en0049-37-08350 25
190 clueweb09-en0077-16-19376 32
190 clueweb09-en0048-19-35091 87
190 clueweb09-en0005-63-37331 81
190 clueweb09-en0095-04-06993 61
190 clueweb09-en0011-23-25000 69
190 clueweb09-en0122-95-34146 25
190 clueweb09-en0050-94-03511 47
190 clueweb09-en0002-38-15724 99
190 clueweb09-enwp00-60-00920 83
190 clueweb09-en0001-64-18868 85
190 clueweb09-en0119-76-05143 25
190 clueweb09-en0011-22-23115 88
190 clueweb09-en0023-61-06473 56
190 clueweb09-en0006-48-12405 17
190 clueweb09-en0007-91-14678 69
190 clueweb09-en0063-13-01160 25
190 clueweb09-en0005-05-17187 81
190 clueweb09-en0010-94-02007 82
190 clueweb09-en0010-94-02006 87
190 clueweb09-en0113-90-26404 28
190 clueweb09-en0078-17-12765 16
190 clueweb09-en0009-36-21837 74
190 clueweb09-en0081-88-33418 5
190 clueweb09-en0099-13-21309 27
190 clueweb09-en0030-76-20445 36
190 clueweb09-en0094-31-35124 79
190 clueweb09-en0122-35-26229 65
