191 clueweb09-en0067-72-35086 96
191 clueweb09-enwp00-44-10342 97
191 clueweb09-en0008-48-04490 94
191 clueweb09-en0009-23-21932 89
191 clueweb09-en0091-40-26170 7
191 clueweb09-en0001-21-14147 48
191 clueweb09-en0090-96-28269 7
191 clueweb09-en0081-52-18489 8
191 clueweb09-en0110-28-05240 6
191 clueweb09-en0044-60-25781 90
191 clueweb09-en0066-24-35169 37
191 clueweb09-en0049-83-06139 70
191 clueweb09-en0005-97-26864 98
191 clueweb09-en0005-97-26865 96
191 clueweb09-en0084-48-03396 7
191 clueweb09-en0006-90-32838 95
191 clueweb09-en0074-20-16069 58
191 clueweb09-enwp01-23-15237 92
191 clueweb09-en0090-55-29290 7
191 clueweb09-en0004-09-05159 0
191 clueweb09-enwp01-14-08259 99
191 clueweb09-enwp01-00-23757 87
191 clueweb09-en0039-09-27704 93
191 clueweb09-enwp01-02-08822 99
191 clueweb09-en0132-94-35029 7
191 clueweb09-enwp00-41-09281 94
191 clueweb09-en0119-89-00091 74
191 clueweb09-en0081-04-05566 44
191 clueweb09-enwp03-25-21311 95
191 clueweb09-en0105-20-11415 22
