192 clueweb09-en0106-54-21423 24
192 clueweb09-en0128-49-33180 69
192 clueweb09-en0095-11-41823 14
192 clueweb09-en0006-00-30091 87
192 clueweb09-en0003-59-11641 30
192 clueweb09-en0000-40-04835 13
192 clueweb09-en0006-83-14385 13
192 clueweb09-en0009-33-10611 6
192 clueweb09-en0086-40-30918 70
192 clueweb09-en0132-00-14213 80
192 clueweb09-en0092-96-11700 94
192 clueweb09-en0009-89-10553 49
192 clueweb09-en0064-54-12459 65
192 clueweb09-en0009-05-06998 76
192 clueweb09-en0025-34-26569 53
192 clueweb09-en0105-57-40759 80
192 clueweb09-en0108-69-28716 67
192 clueweb09-en0009-60-13173 55
192 clueweb09-en0039-24-18450 44
192 clueweb09-en0006-69-24226 47
192 clueweb09-en0131-82-09240 51
192 clueweb09-en0124-53-18598 70
192 clueweb09-en0009-44-27344 46
192 clueweb09-en0127-16-12151 95
192 clueweb09-en0010-10-19757 35
192 clueweb09-en0120-93-11654 25
192 clueweb09-en0120-93-11582 21
192 clueweb09-en0133-05-17393 41
192 clueweb09-en0118-96-16419 36
192 clueweb09-en0005-81-14591 39
192 clueweb09-en0131-38-29752 84
192 clueweb09-en0003-08-20991 86
192 clueweb09-en0011-38-10200 80
192 clueweb09-en0040-77-10150 61
192 clueweb09-en0004-79-10015 73
192 clueweb09-en0027-54-07404 35
192 clueweb09-en0130-47-32930 24
192 clueweb09-en0010-10-14591 88
192 clueweb09-en0013-26-20761 73
192 clueweb09-en0004-60-07363 49
192 clueweb09-en0007-90-26271 87
192 clueweb09-en0005-35-23495 71
