193 clueweb09-en0010-58-06984 74
193 clueweb09-en0023-32-21258 86
193 clueweb09-en0039-92-09987 85
193 clueweb09-en0002-80-36569 18
193 clueweb09-en0007-37-01443 47
193 clueweb09-en0007-37-01442 74
193 clueweb09-en0041-41-05646 77
193 clueweb09-en0006-43-21043 55
193 clueweb09-en0007-92-03469 81
193 clueweb09-en0011-55-21470 67
193 clueweb09-en0011-55-21454 60
193 clueweb09-en0006-09-18658 27
193 clueweb09-en0084-30-12147 35
193 clueweb09-en0081-69-32519 84
193 clueweb09-en0049-92-09904 69
193 clueweb09-en0107-33-01254 79
193 clueweb09-en0031-33-02448 96
193 clueweb09-en0055-89-10554 32
193 clueweb09-en0027-90-09436 59
193 clueweb09-en0011-55-21487 61
193 clueweb09-en0027-90-09433 51
193 clueweb09-en0027-90-09439 59
193 clueweb09-en0004-25-30576 18
193 clueweb09-en0012-47-32120 52
193 clueweb09-en0006-20-36356 40
193 clueweb09-en0063-82-30548 17
193 clueweb09-en0010-66-32089 97
193 clueweb09-en0027-90-09440 42
193 clueweb09-en0011-85-09554 87
193 clueweb09-en0129-21-45681 59
193 clueweb09-en0006-43-21037 53
193 clueweb09-en0036-90-36338 58
193 clueweb09-en0096-78-30886 28
193 clueweb09-en0057-07-06634 85
193 clueweb09-en0009-86-02510 18
193 clueweb09-en0003-04-06735 91
193 clueweb09-en0011-85-09671 36
193 clueweb09-en0008-49-31922 91
193 clueweb09-en0012-47-32119 47
193 clueweb09-en0041-03-08639 64
193 clueweb09-en0006-78-25083 31
193 clueweb09-en0079-31-17369 75
193 clueweb09-en0041-03-08632 63
193 clueweb09-en0027-90-09438 57
193 clueweb09-en0041-03-08635 48
