195 clueweb09-en0048-40-28329 96
195 clueweb09-en0010-68-22079 80
195 clueweb09-en0007-66-12443 97
195 clueweb09-en0011-23-37640 40
195 clueweb09-en0066-62-24124 4
195 clueweb09-en0000-30-11380 67
195 clueweb09-en0000-06-17519 81
195 clueweb09-en0040-66-05331 77
195 clueweb09-en0005-60-19478 81
195 clueweb09-en0026-68-16765 83
195 clueweb09-en0131-54-09646 56
195 clueweb09-en0010-50-37188 21
195 clueweb09-en0005-78-07276 14
195 clueweb09-en0106-41-41284 63
195 clueweb09-en0081-15-08931 5
195 clueweb09-en0106-69-19905 47
195 clueweb09-en0041-15-10568 2
195 clueweb09-en0081-15-08938 4
195 clueweb09-en0065-96-21286 36
195 clueweb09-en0121-88-14429 93
195 clueweb09-en0065-96-21285 34
195 clueweb09-en0004-58-23575 69
195 clueweb09-en0065-96-21283 32
195 clueweb09-en0052-90-32364 4
195 clueweb09-en0011-23-22312 85
195 clueweb09-en0080-93-12380 39
195 clueweb09-en0080-93-12384 32
195 clueweb09-en0053-98-22796 86
195 clueweb09-en0002-87-12899 45
195 clueweb09-en0051-91-20390 79
195 clueweb09-en0093-50-19391 29
195 clueweb09-en0093-50-19393 35
195 clueweb09-en0006-58-36839 70
195 clueweb09-en0025-94-03122 90
195 clueweb09-en0106-97-04750 18
195 clueweb09-en0052-90-32368 5
195 clueweb09-en0037-11-20962 31
195 clueweb09-en0042-47-04175 28
195 clueweb09-en0010-68-22100 87
195 clueweb09-en0010-68-22107 91
195 clueweb09-en0052-90-32363 4
