196 clueweb09-en0023-04-16856 13
196 clueweb09-en0023-16-09727 8
196 clueweb09-en0001-59-13472 63
196 clueweb09-en0001-84-30975 91
196 clueweb09-en0079-33-10397 10
196 clueweb09-en0023-04-16810 18
196 clueweb09-en0037-55-19491 14
196 clueweb09-en0046-88-36869 13
196 clueweb09-en0037-55-19685 13
196 clueweb09-en0092-41-33170 76
196 clueweb09-en0037-55-19687 10
196 clueweb09-en0001-86-11776 53
196 clueweb09-en0000-92-06739 5
196 clueweb09-en0010-37-19198 88
196 clueweb09-en0024-25-22306 49
196 clueweb09-en0012-16-09365 89
196 clueweb09-en0037-57-32357 44
196 clueweb09-en0005-08-05453 85
196 clueweb09-en0001-05-07272 68
196 clueweb09-en0083-28-19823 56
196 clueweb09-en0123-96-03696 61
196 clueweb09-en0132-50-23048 72
196 clueweb09-en0023-04-16908 12
196 clueweb09-en0037-55-19631 15
196 clueweb09-en0037-55-19632 13
196 clueweb09-en0011-94-06298 56
