198 clueweb09-enwp00-82-19569 98
198 clueweb09-en0096-67-17074 47
198 clueweb09-en0036-15-41491 60
198 clueweb09-en0005-12-16743 57
198 clueweb09-en0008-73-00064 45
198 clueweb09-en0082-24-30246 87
198 clueweb09-en0007-40-24802 33
198 clueweb09-en0008-73-00068 42
198 clueweb09-enwp00-84-22762 98
198 clueweb09-enwp02-21-22231 93
198 clueweb09-enwp00-95-12538 92
198 clueweb09-en0133-04-53589 59
198 clueweb09-en0068-09-09790 91
198 clueweb09-en0068-09-09792 88
198 clueweb09-enwp00-95-23146 96
198 clueweb09-en0022-00-31985 98
198 clueweb09-enwp00-95-23124 83
198 clueweb09-en0104-30-27705 74
198 clueweb09-enwp00-79-22247 97
198 clueweb09-enwp00-96-22295 96
198 clueweb09-en0082-24-30251 92
198 clueweb09-en0007-34-33740 50
198 clueweb09-en0133-04-53588 70
198 clueweb09-en0131-64-26296 19
198 clueweb09-enwp01-46-08574 98
198 clueweb09-en0011-53-18444 48
198 clueweb09-en0106-34-34999 71
198 clueweb09-enwp00-92-22501 96
198 clueweb09-enwp00-79-22084 80
198 clueweb09-enwp00-79-22085 96
