51 clueweb09-en0023-20-21908 93
51 clueweb09-en0011-01-13174 88
51 clueweb09-en0007-74-19204 48
51 clueweb09-en0010-87-16850 89
51 clueweb09-enwp00-83-16491 75
51 clueweb09-en0008-94-34851 84
51 clueweb09-en0003-93-25571 70
51 clueweb09-en0006-18-03874 94
51 clueweb09-en0076-11-21474 87
51 clueweb09-en0009-84-44823 21
51 clueweb09-en0008-81-08725 88
51 clueweb09-en0030-65-32863 92
51 clueweb09-en0007-86-24047 50
51 clueweb09-en0064-76-35909 65
51 clueweb09-en0007-15-05466 96
51 clueweb09-en0007-89-20452 32
51 clueweb09-en0001-01-18108 56
51 clueweb09-en0005-59-14038 76
51 clueweb09-en0001-21-25404 86
51 clueweb09-en0008-52-30058 80
51 clueweb09-en0007-26-26699 36
51 clueweb09-en0001-12-06954 29
51 clueweb09-en0009-37-08945 34
51 clueweb09-en0009-73-39333 97
51 clueweb09-en0005-27-09222 80
51 clueweb09-en0073-86-08760 92
51 clueweb09-en0001-12-06928 32
51 clueweb09-en0005-98-14151 71
51 clueweb09-en0006-34-12131 82
51 clueweb09-en0008-56-28635 70
51 clueweb09-en0008-40-14671 64
51 clueweb09-en0079-63-37807 50
51 clueweb09-en0009-31-16498 71
51 clueweb09-en0011-16-29949 73
51 clueweb09-en0008-16-19299 35
51 clueweb09-enwp00-43-17002 78
51 clueweb09-en0007-15-05478 96
51 clueweb09-en0005-21-16901 95
51 clueweb09-en0023-89-00788 75
51 clueweb09-en0008-52-29761 90
51 clueweb09-en0010-86-27055 93
51 clueweb09-en0000-95-17354 90
51 clueweb09-en0007-86-24731 90
51 clueweb09-en0008-66-10851 65
51 clueweb09-en0017-29-07887 89
51 clueweb09-en0026-77-09305 72
51 clueweb09-en0009-30-04045 56
51 clueweb09-en0008-65-06270 57
51 clueweb09-en0121-39-03068 54
51 clueweb09-en0041-02-18277 90
51 clueweb09-en0007-89-20254 37
51 clueweb09-en0011-01-24937 87
51 clueweb09-en0006-67-29605 20
51 clueweb09-en0009-43-25277 84
51 clueweb09-en0000-25-13013 67
51 clueweb09-en0007-72-18225 81
51 clueweb09-en0001-83-03852 73
51 clueweb09-en0011-41-17215 58
