52 clueweb09-en0004-01-30757 90
52 clueweb09-en0010-35-03237 94
52 clueweb09-enwp00-06-14709 91
52 clueweb09-en0019-06-01666 81
52 clueweb09-en0033-06-28025 33
52 clueweb09-en0080-40-43263 63
52 clueweb09-en0009-05-40989 40
52 clueweb09-en0008-81-24406 65
52 clueweb09-en0008-12-20440 72
52 clueweb09-enwp03-07-02929 95
52 clueweb09-en0011-47-03985 30
52 clueweb09-en0006-66-14170 88
52 clueweb09-en0072-58-13456 54
52 clueweb09-en0002-05-02085 18
52 clueweb09-en0005-40-06832 60
52 clueweb09-en0085-93-26134 3
52 clueweb09-en0057-49-16336 4
52 clueweb09-en0103-90-42412 91
52 clueweb09-en0075-99-17614 37
52 clueweb09-en0006-49-07506 44
52 clueweb09-en0005-07-06667 99
52 clueweb09-en0007-95-25392 57
52 clueweb09-en0005-08-37244 94
52 clueweb09-en0000-01-15943 35
52 clueweb09-en0004-01-30767 81
52 clueweb09-en0002-19-02449 88
52 clueweb09-en0008-99-30076 97
52 clueweb09-en0009-64-05327 93
52 clueweb09-en0006-39-08080 96
52 clueweb09-en0005-93-30537 65
52 clueweb09-en0009-09-19085 80
52 clueweb09-en0011-61-40154 61
52 clueweb09-enwp03-35-09667 92
52 clueweb09-en0011-56-04903 56
52 clueweb09-en0000-03-30474 56
52 clueweb09-en0001-12-31815 16
52 clueweb09-en0010-61-35320 2
52 clueweb09-en0015-93-15934 87
52 clueweb09-enwp03-00-01556 94
52 clueweb09-en0005-54-28904 75
52 clueweb09-en0004-36-21066 87
52 clueweb09-en0071-71-17607 50
52 clueweb09-en0005-97-14842 81
52 clueweb09-en0006-62-38318 53
52 clueweb09-en0010-91-20528 79
52 clueweb09-en0032-33-28443 49
52 clueweb09-en0006-39-16035 42
52 clueweb09-en0098-72-22777 92
52 clueweb09-en0052-83-23287 70
52 clueweb09-en0005-93-19420 68
52 clueweb09-en0007-23-32853 5
52 clueweb09-en0008-75-19565 51
