53 clueweb09-en0001-41-06475 87
53 clueweb09-en0058-39-20242 55
53 clueweb09-enwp00-76-17489 84
53 clueweb09-en0010-70-38148 12
53 clueweb09-en0011-77-27170 43
53 clueweb09-en0011-01-19668 61
53 clueweb09-enwp00-67-00224 93
53 clueweb09-en0005-91-24916 6
53 clueweb09-en0009-21-39134 21
53 clueweb09-en0002-48-07069 70
53 clueweb09-en0011-27-09905 84
53 clueweb09-en0001-05-11186 93
53 clueweb09-en0001-41-07117 88
53 clueweb09-en0011-75-03327 16
53 clueweb09-en0011-59-01171 24
53 clueweb09-en0007-32-24356 25
53 clueweb09-en0009-57-20527 31
53 clueweb09-en0006-50-14828 59
53 clueweb09-en0011-82-03790 81
53 clueweb09-en0007-18-00247 93
53 clueweb09-en0063-60-38989 91
53 clueweb09-en0001-41-06900 97
53 clueweb09-en0011-19-37436 66
53 clueweb09-en0011-65-20474 92
53 clueweb09-en0011-82-35618 53
53 clueweb09-en0008-21-07178 67
53 clueweb09-en0011-16-22592 28
53 clueweb09-enwp01-79-17544 35
53 clueweb09-en0031-29-30656 89
53 clueweb09-en0001-05-15953 40
53 clueweb09-en0011-98-20029 41
53 clueweb09-en0119-01-11167 6
53 clueweb09-en0010-07-23827 7
53 clueweb09-en0037-20-02182 49
53 clueweb09-en0107-31-22338 9
53 clueweb09-en0001-41-06272 86
53 clueweb09-en0023-59-17131 97
53 clueweb09-en0003-38-13416 95
53 clueweb09-en0005-83-39934 27
53 clueweb09-en0011-19-04800 11
53 clueweb09-en0008-26-11406 88
53 clueweb09-en0005-56-01756 79
53 clueweb09-en0011-25-22644 12
53 clueweb09-enwp00-58-25031 94
53 clueweb09-en0077-49-27704 15
53 clueweb09-en0008-70-07451 51
53 clueweb09-en0016-66-06882 70
53 clueweb09-en0001-14-25522 50
53 clueweb09-enwp02-03-17382 66
53 clueweb09-en0009-66-05330 89
53 clueweb09-en0002-57-38440 51
53 clueweb09-en0009-04-11240 39
