54 clueweb09-en0016-59-29841 93
54 clueweb09-en0008-97-34543 51
54 clueweb09-en0011-51-22257 82
54 clueweb09-enwp00-02-04651 91
54 clueweb09-en0001-11-20191 90
54 clueweb09-en0002-32-21243 77
54 clueweb09-en0004-70-01333 97
54 clueweb09-en0068-80-39251 91
54 clueweb09-en0018-58-17385 83
54 clueweb09-en0090-12-06578 8
54 clueweb09-en0000-98-00676 94
54 clueweb09-en0006-06-30991 90
54 clueweb09-en0067-46-09156 80
54 clueweb09-en0017-88-21163 64
54 clueweb09-enwp03-33-02931 52
54 clueweb09-en0010-09-32861 95
54 clueweb09-en0011-79-30836 85
54 clueweb09-en0016-31-39033 64
54 clueweb09-en0005-97-00559 48
54 clueweb09-en0031-88-20940 33
54 clueweb09-en0075-65-05279 84
54 clueweb09-en0018-12-08292 17
54 clueweb09-en0006-32-24604 33
54 clueweb09-en0063-42-37008 53
54 clueweb09-en0007-08-37104 95
54 clueweb09-en0130-10-03663 5
54 clueweb09-en0001-27-10167 75
54 clueweb09-enwp01-18-02172 69
54 clueweb09-enwp03-24-09218 53
54 clueweb09-en0007-41-04984 90
54 clueweb09-en0007-81-27621 10
54 clueweb09-en0000-50-22928 23
54 clueweb09-en0001-10-29744 76
54 clueweb09-en0108-03-12639 55
54 clueweb09-en0006-89-23884 77
54 clueweb09-enwp02-00-18720 63
54 clueweb09-en0011-82-18204 84
54 clueweb09-en0002-97-01589 10
54 clueweb09-en0005-16-12725 52
54 clueweb09-enwp01-73-07287 95
54 clueweb09-en0001-02-32794 45
54 clueweb09-en0004-43-13765 72
54 clueweb09-enwp01-57-07573 98
54 clueweb09-en0008-65-22640 85
54 clueweb09-en0010-51-28047 26
54 clueweb09-en0010-26-31453 66
54 clueweb09-en0064-44-10637 74
54 clueweb09-en0012-43-12675 96
54 clueweb09-en0007-20-29097 15
54 clueweb09-enwp01-71-06613 95
54 clueweb09-enwp03-15-08950 97
54 clueweb09-en0024-13-35296 32
54 clueweb09-en0005-20-19567 94
54 clueweb09-en0072-58-33561 87
54 clueweb09-en0009-90-13655 58
54 clueweb09-en0010-98-34408 87
54 clueweb09-en0001-46-21313 51
54 clueweb09-en0011-30-21819 78
54 clueweb09-en0006-12-07676 54
54 clueweb09-en0011-06-31379 68
54 clueweb09-en0008-41-37799 44
54 clueweb09-en0011-08-20689 68
54 clueweb09-en0008-11-27589 5
54 clueweb09-en0001-84-34893 62
54 clueweb09-en0009-18-38871 41
54 clueweb09-enwp01-92-02667 78
54 clueweb09-en0011-68-30964 68
54 clueweb09-en0007-66-10288 74
54 clueweb09-en0005-18-37969 58
54 clueweb09-en0000-44-14932 81
54 clueweb09-en0131-04-36628 87
54 clueweb09-en0006-15-17710 76
54 clueweb09-en0074-26-27192 9
54 clueweb09-en0005-96-07674 85
54 clueweb09-en0004-48-22898 83
54 clueweb09-en0010-20-31405 69
54 clueweb09-en0008-79-34483 46
54 clueweb09-en0034-07-02720 15
54 clueweb09-enwp01-95-13365 89
54 clueweb09-en0010-92-02688 16
