55 clueweb09-en0001-33-22145 4
55 clueweb09-en0010-49-21032 13
55 clueweb09-en0086-49-36012 74
55 clueweb09-en0007-00-34024 49
55 clueweb09-en0008-63-30009 9
55 clueweb09-en0007-65-37059 65
55 clueweb09-en0008-37-10682 21
55 clueweb09-en0006-16-24514 64
55 clueweb09-en0011-79-26058 59
55 clueweb09-en0024-61-07603 84
55 clueweb09-en0000-05-07321 41
55 clueweb09-en0009-37-29827 71
55 clueweb09-en0008-16-34324 17
55 clueweb09-en0005-97-32700 10
55 clueweb09-en0009-61-04144 15
55 clueweb09-en0011-57-21083 80
55 clueweb09-en0009-50-34984 77
55 clueweb09-en0006-78-30996 11
55 clueweb09-en0008-65-23390 83
55 clueweb09-en0010-22-20265 84
55 clueweb09-en0007-73-01846 12
55 clueweb09-en0007-84-27271 8
55 clueweb09-en0001-33-22158 4
55 clueweb09-en0006-80-26583 76
55 clueweb09-en0011-41-17915 17
55 clueweb09-en0011-27-02656 96
55 clueweb09-en0007-15-40236 89
55 clueweb09-en0005-27-32775 73
55 clueweb09-en0013-13-34404 86
55 clueweb09-en0001-33-22155 4
55 clueweb09-en0006-16-24460 49
55 clueweb09-en0006-17-24908 58
55 clueweb09-en0010-51-10046 31
55 clueweb09-en0006-88-22413 26
55 clueweb09-en0005-91-05533 76
55 clueweb09-en0004-02-22489 85
55 clueweb09-en0106-68-26354 52
55 clueweb09-enwp01-48-15918 80
55 clueweb09-en0009-16-17295 65
55 clueweb09-en0068-28-18109 21
55 clueweb09-en0010-84-04895 16
55 clueweb09-en0131-29-35101 54
55 clueweb09-en0006-73-12665 27
55 clueweb09-en0131-29-35102 52
55 clueweb09-en0001-82-03065 98
55 clueweb09-en0005-73-34918 45
55 clueweb09-en0007-54-14204 80
55 clueweb09-en0113-74-02160 52
55 clueweb09-en0006-91-10656 44
55 clueweb09-enwp00-22-01566 81
55 clueweb09-en0009-18-09714 73
55 clueweb09-en0012-22-01010 97
55 clueweb09-en0037-12-30257 62
55 clueweb09-en0006-14-08387 6
55 clueweb09-en0001-38-22229 80
55 clueweb09-en0085-35-30622 54
55 clueweb09-en0011-69-24864 83
55 clueweb09-en0008-19-16474 82
55 clueweb09-en0009-18-09738 68
55 clueweb09-en0006-17-05917 32
55 clueweb09-en0011-14-19130 70
55 clueweb09-en0009-05-24536 69
55 clueweb09-en0010-35-38897 55
55 clueweb09-en0094-90-17775 76
55 clueweb09-en0005-67-38363 17
55 clueweb09-en0000-05-12325 6
55 clueweb09-en0007-03-37726 58
55 clueweb09-en0131-17-20648 51
55 clueweb09-en0001-84-31498 93
