56 clueweb09-en0020-24-01464 93
56 clueweb09-en0007-78-02214 96
56 clueweb09-en0017-54-36500 67
56 clueweb09-en0008-78-30179 34
56 clueweb09-en0005-67-03773 30
56 clueweb09-enwp00-69-01757 94
56 clueweb09-en0054-39-30425 0
56 clueweb09-en0002-93-21823 90
56 clueweb09-en0010-77-35604 56
56 clueweb09-en0010-88-11361 28
56 clueweb09-en0008-52-33008 39
56 clueweb09-en0104-54-06858 65
56 clueweb09-en0007-59-34609 75
56 clueweb09-en0062-20-39848 0
56 clueweb09-en0007-66-33571 46
56 clueweb09-en0010-36-09557 50
56 clueweb09-en0011-67-10127 76
56 clueweb09-en0011-64-07093 63
56 clueweb09-enwp01-87-15006 93
56 clueweb09-en0024-78-09424 91
56 clueweb09-en0006-52-22623 53
56 clueweb09-en0049-21-21660 28
56 clueweb09-en0011-02-03828 80
56 clueweb09-en0010-09-33465 83
56 clueweb09-en0004-44-22901 97
56 clueweb09-en0113-17-00002 0
56 clueweb09-en0002-68-23225 71
56 clueweb09-en0041-86-35227 93
56 clueweb09-enwp01-97-05208 98
56 clueweb09-en0059-78-23958 0
56 clueweb09-enwp00-67-02204 94
56 clueweb09-enwp01-44-13963 93
56 clueweb09-en0007-75-25150 80
56 clueweb09-en0010-44-20598 64
56 clueweb09-en0011-51-32445 23
56 clueweb09-enwp01-22-02467 86
56 clueweb09-en0074-04-04401 0
56 clueweb09-en0001-25-26377 89
56 clueweb09-en0078-43-41133 70
56 clueweb09-enwp03-23-10102 97
56 clueweb09-en0034-08-10352 90
56 clueweb09-en0008-27-09395 79
56 clueweb09-en0001-74-33777 97
56 clueweb09-enwp03-30-10176 98
56 clueweb09-en0010-21-01595 59
56 clueweb09-en0008-02-20673 64
56 clueweb09-en0047-15-21456 71
56 clueweb09-enwp01-89-14244 89
56 clueweb09-en0006-36-10875 68
56 clueweb09-en0011-09-41199 2
56 clueweb09-en0006-06-02251 31
56 clueweb09-en0005-24-30331 50
56 clueweb09-en0010-59-01394 96
56 clueweb09-en0003-05-13432 93
56 clueweb09-en0069-78-02776 57
56 clueweb09-enwp01-79-13530 95
56 clueweb09-en0065-16-05432 68
56 clueweb09-en0006-80-13820 70
