57 clueweb09-en0035-25-08027 61
57 clueweb09-en0009-55-29243 25
57 clueweb09-en0006-25-32959 57
57 clueweb09-en0006-74-25589 41
57 clueweb09-en0004-69-02585 92
57 clueweb09-en0076-30-26856 79
57 clueweb09-en0054-42-10661 82
57 clueweb09-en0017-33-04458 55
57 clueweb09-en0005-95-11637 81
57 clueweb09-en0130-99-11495 7
57 clueweb09-enwp01-78-19064 99
57 clueweb09-en0006-04-36289 92
57 clueweb09-en0052-86-01895 73
57 clueweb09-en0005-17-07245 86
57 clueweb09-en0008-29-12186 82
57 clueweb09-en0008-36-35207 22
57 clueweb09-en0060-06-28150 77
57 clueweb09-en0002-85-14742 93
57 clueweb09-en0008-58-07239 83
57 clueweb09-en0131-32-32453 39
57 clueweb09-en0009-48-34289 66
57 clueweb09-en0008-58-29515 44
57 clueweb09-enwp01-58-11115 98
57 clueweb09-en0002-35-11453 25
57 clueweb09-en0116-69-14232 5
57 clueweb09-en0006-41-33280 98
57 clueweb09-en0002-98-28101 82
57 clueweb09-en0064-88-18160 59
57 clueweb09-en0008-07-12565 83
57 clueweb09-en0000-53-34901 4
57 clueweb09-en0035-25-08019 57
57 clueweb09-en0001-02-08269 5
57 clueweb09-en0066-60-45612 78
57 clueweb09-enwp01-36-01755 86
57 clueweb09-en0002-95-08564 45
57 clueweb09-en0001-55-29323 96
57 clueweb09-en0001-68-32691 22
57 clueweb09-en0030-95-21771 97
57 clueweb09-en0009-24-15514 66
57 clueweb09-en0010-15-24588 73
57 clueweb09-en0006-79-04792 86
57 clueweb09-en0063-14-35431 69
57 clueweb09-enwp01-41-02901 87
57 clueweb09-en0006-38-30891 94
57 clueweb09-en0007-30-25427 99
57 clueweb09-en0007-32-34300 80
57 clueweb09-en0008-14-27513 14
57 clueweb09-en0000-11-32730 63
57 clueweb09-en0010-83-09750 82
57 clueweb09-en0005-64-29507 92
57 clueweb09-en0005-15-10023 27
57 clueweb09-en0007-57-07743 85
57 clueweb09-en0116-69-14223 4
57 clueweb09-en0007-01-01185 59
57 clueweb09-en0007-90-33954 96
57 clueweb09-en0006-55-33199 70
57 clueweb09-en0002-85-02665 61
57 clueweb09-en0005-77-12592 57
