58 clueweb09-enwp01-97-17742 57
58 clueweb09-en0003-83-11623 86
58 clueweb09-en0008-92-16776 91
58 clueweb09-en0005-01-08465 99
58 clueweb09-en0133-95-22026 59
58 clueweb09-en0006-68-16355 65
58 clueweb09-en0004-60-03264 84
58 clueweb09-enwp01-96-18137 86
58 clueweb09-en0007-99-11942 23
58 clueweb09-en0005-21-26242 59
58 clueweb09-en0009-58-32704 82
58 clueweb09-en0043-86-34015 83
58 clueweb09-en0018-13-08865 16
58 clueweb09-en0007-40-10985 41
58 clueweb09-en0002-58-34055 78
58 clueweb09-en0130-37-17835 64
58 clueweb09-en0009-45-12152 36
58 clueweb09-en0001-41-28608 2
58 clueweb09-en0006-09-34054 21
58 clueweb09-en0008-42-28118 71
58 clueweb09-en0006-00-34174 91
58 clueweb09-en0018-91-04890 65
58 clueweb09-en0000-12-19224 18
58 clueweb09-en0005-39-08712 24
58 clueweb09-en0010-19-18983 70
58 clueweb09-enwp00-51-11861 88
58 clueweb09-en0009-41-33644 91
58 clueweb09-en0006-37-24106 91
58 clueweb09-en0102-29-23693 49
58 clueweb09-en0006-10-34131 57
58 clueweb09-en0009-21-08343 61
58 clueweb09-en0008-51-18519 21
58 clueweb09-en0103-03-27179 45
58 clueweb09-en0011-47-07119 3
58 clueweb09-en0002-19-17306 73
58 clueweb09-en0008-12-24251 91
58 clueweb09-en0007-81-37541 14
58 clueweb09-en0001-74-29617 5
58 clueweb09-en0008-30-16363 51
58 clueweb09-en0009-26-17197 83
58 clueweb09-en0130-37-17836 68
58 clueweb09-en0009-13-24835 20
58 clueweb09-en0086-17-19807 23
58 clueweb09-en0001-44-01161 61
58 clueweb09-en0010-19-18982 59
58 clueweb09-en0005-12-34870 22
58 clueweb09-en0003-27-08560 35
58 clueweb09-en0018-51-24620 54
58 clueweb09-en0008-67-14076 80
58 clueweb09-en0030-56-12807 28
58 clueweb09-en0005-39-08709 23
58 clueweb09-en0008-41-38401 49
58 clueweb09-en0009-41-33640 60
58 clueweb09-en0005-19-23543 52
58 clueweb09-en0003-59-05631 88
58 clueweb09-en0008-29-40103 98
58 clueweb09-en0005-58-35286 16
58 clueweb09-en0130-83-02537 70
58 clueweb09-en0009-41-33647 92
58 clueweb09-en0002-05-20939 59
58 clueweb09-en0011-09-33793 60
58 clueweb09-en0005-55-30248 11
58 clueweb09-en0130-37-17834 71
58 clueweb09-en0008-98-16925 44
58 clueweb09-en0010-19-18946 82
58 clueweb09-en0005-03-00956 71
58 clueweb09-en0000-13-03172 85
58 clueweb09-en0010-19-18945 83
