59 clueweb09-en0011-85-26477 66
59 clueweb09-enwp01-57-01937 99
59 clueweb09-en0005-03-25472 88
59 clueweb09-en0006-50-28803 50
59 clueweb09-en0011-49-38616 67
59 clueweb09-en0041-92-11754 76
59 clueweb09-en0002-08-17591 88
59 clueweb09-en0006-16-06576 80
59 clueweb09-en0008-57-41069 87
59 clueweb09-en0005-17-19077 91
59 clueweb09-en0010-05-43070 95
59 clueweb09-en0035-67-01092 95
59 clueweb09-en0028-28-15750 10
59 clueweb09-en0007-21-39819 69
59 clueweb09-en0003-25-12301 67
59 clueweb09-en0011-56-39705 93
59 clueweb09-en0000-34-21182 68
59 clueweb09-en0006-69-26038 92
59 clueweb09-enwp01-78-14167 98
59 clueweb09-en0005-99-21398 97
59 clueweb09-en0007-29-03181 99
59 clueweb09-en0010-91-27055 64
59 clueweb09-en0009-37-20655 41
59 clueweb09-en0039-76-14959 85
59 clueweb09-en0004-83-00062 52
59 clueweb09-en0007-16-16587 78
59 clueweb09-en0011-17-39006 71
59 clueweb09-en0004-01-21961 66
59 clueweb09-en0004-90-08207 0
59 clueweb09-en0005-21-33270 94
59 clueweb09-en0072-07-08002 65
59 clueweb09-en0009-59-27008 36
59 clueweb09-en0001-60-26134 75
59 clueweb09-en0006-53-34396 61
59 clueweb09-en0011-90-04809 54
59 clueweb09-en0010-00-11977 97
59 clueweb09-en0092-19-17174 8
59 clueweb09-en0006-77-12854 61
59 clueweb09-enwp01-93-17701 73
59 clueweb09-en0005-27-27142 54
59 clueweb09-en0008-78-16547 7
59 clueweb09-en0011-18-16566 86
59 clueweb09-en0005-65-32847 37
59 clueweb09-en0051-99-12712 41
59 clueweb09-en0009-73-14977 96
59 clueweb09-en0022-01-18567 60
59 clueweb09-en0006-50-26765 27
59 clueweb09-en0000-26-08607 66
59 clueweb09-en0051-99-12713 28
59 clueweb09-en0012-34-14151 50
59 clueweb09-en0010-37-35172 62
59 clueweb09-en0133-58-34264 78
59 clueweb09-en0007-89-20374 25
59 clueweb09-en0006-81-30650 85
59 clueweb09-en0020-12-38130 89
59 clueweb09-en0082-24-34523 58
59 clueweb09-enwp00-77-06240 95
59 clueweb09-en0122-19-08669 57
59 clueweb09-enwp02-03-17382 66
59 clueweb09-enwp00-30-22116 98
59 clueweb09-enwp00-06-16315 99
59 clueweb09-en0006-28-34124 62
