60 clueweb09-en0010-74-35557 66
60 clueweb09-en0002-52-25057 91
60 clueweb09-en0009-46-16337 56
60 clueweb09-en0011-84-25346 26
60 clueweb09-en0009-83-33971 5
60 clueweb09-en0009-53-08661 13
60 clueweb09-enwp00-22-08405 98
60 clueweb09-en0008-45-33054 99
60 clueweb09-en0095-39-09275 82
60 clueweb09-en0006-34-14222 33
60 clueweb09-en0006-19-14129 13
60 clueweb09-en0005-67-00053 55
60 clueweb09-en0125-47-09223 69
60 clueweb09-en0007-73-29507 44
60 clueweb09-en0008-84-08719 49
60 clueweb09-en0066-27-07931 56
60 clueweb09-en0002-66-16621 53
60 clueweb09-en0011-03-35402 73
60 clueweb09-en0007-37-12712 15
60 clueweb09-en0008-82-08799 30
60 clueweb09-enwp03-10-22206 83
60 clueweb09-en0008-32-10751 46
60 clueweb09-en0008-66-13338 22
60 clueweb09-en0010-05-44978 34
60 clueweb09-en0130-80-22682 57
60 clueweb09-en0000-31-16072 93
60 clueweb09-en0007-00-12247 37
60 clueweb09-en0007-59-08772 10
60 clueweb09-en0007-49-37504 83
60 clueweb09-en0008-18-27181 6
60 clueweb09-en0009-43-22134 20
60 clueweb09-enwp03-05-22314 82
60 clueweb09-en0080-92-32555 93
60 clueweb09-en0002-53-33020 98
60 clueweb09-en0005-87-00880 0
60 clueweb09-en0006-92-07828 83
60 clueweb09-en0094-98-07702 50
60 clueweb09-en0005-82-08002 97
60 clueweb09-en0000-78-14288 17
60 clueweb09-en0009-61-36253 19
60 clueweb09-en0108-56-13571 76
60 clueweb09-en0005-41-12021 17
60 clueweb09-enwp00-37-08514 99
60 clueweb09-en0104-34-10357 19
60 clueweb09-en0010-88-02568 26
60 clueweb09-enwp00-23-08258 97
60 clueweb09-en0000-29-14949 83
60 clueweb09-en0004-82-02478 36
60 clueweb09-en0128-10-42595 69
60 clueweb09-en0003-05-13432 93
60 clueweb09-en0007-92-33075 99
60 clueweb09-enwp01-75-20833 99
60 clueweb09-en0011-68-08155 47
60 clueweb09-en0001-95-19945 56
60 clueweb09-enwp00-20-08289 98
60 clueweb09-en0011-79-25561 20
60 clueweb09-en0002-74-10220 37
60 clueweb09-en0010-34-10503 72
60 clueweb09-en0005-57-27785 99
