61 clueweb09-en0005-00-18648 91
61 clueweb09-en0000-68-18742 9
61 clueweb09-en0009-04-18094 85
61 clueweb09-en0011-38-11580 5
61 clueweb09-en0008-79-31296 48
61 clueweb09-en0009-17-24418 19
61 clueweb09-en0000-29-11888 7
61 clueweb09-en0006-55-32975 86
61 clueweb09-en0006-16-16294 84
61 clueweb09-enwp01-89-19677 98
61 clueweb09-en0129-78-43796 90
61 clueweb09-en0129-78-43795 90
61 clueweb09-en0009-55-09530 37
61 clueweb09-en0051-99-15515 73
61 clueweb09-en0039-89-30993 60
61 clueweb09-en0046-99-27839 75
61 clueweb09-en0011-19-13439 10
61 clueweb09-en0010-73-15916 88
61 clueweb09-enwp03-20-22340 99
61 clueweb09-en0011-11-14973 90
61 clueweb09-en0010-46-21605 32
61 clueweb09-en0000-55-25530 75
61 clueweb09-en0098-10-20522 12
61 clueweb09-en0006-98-01051 43
61 clueweb09-en0005-96-33441 59
61 clueweb09-en0011-23-27670 56
61 clueweb09-en0009-77-27450 9
61 clueweb09-en0000-27-26424 96
61 clueweb09-en0000-06-13634 87
61 clueweb09-enwp02-22-09144 86
61 clueweb09-en0007-75-20845 21
61 clueweb09-en0008-07-23621 91
61 clueweb09-en0007-46-20940 58
61 clueweb09-en0009-84-11911 14
61 clueweb09-en0005-65-35802 34
61 clueweb09-en0021-23-03441 49
61 clueweb09-en0114-59-13922 48
61 clueweb09-en0022-10-11183 69
61 clueweb09-en0010-32-22729 60
61 clueweb09-enwp03-37-22448 87
61 clueweb09-en0011-18-30699 14
61 clueweb09-en0009-60-37934 63
61 clueweb09-en0010-19-18406 54
61 clueweb09-en0006-82-18688 96
61 clueweb09-en0007-96-13943 26
61 clueweb09-en0011-66-27646 40
61 clueweb09-en0008-98-16728 30
61 clueweb09-en0006-58-12528 58
61 clueweb09-en0009-03-00858 65
61 clueweb09-en0000-75-23174 12
61 clueweb09-en0007-32-12543 25
61 clueweb09-en0000-49-24182 4
61 clueweb09-en0008-11-10672 61
61 clueweb09-en0009-67-27719 51
61 clueweb09-en0008-71-16492 46
61 clueweb09-en0002-85-20884 44
61 clueweb09-en0002-68-07896 89
61 clueweb09-en0090-65-27830 54
61 clueweb09-en0008-14-13679 10
61 clueweb09-en0001-94-08044 51
61 clueweb09-en0000-90-00449 14
61 clueweb09-en0007-69-33247 53
61 clueweb09-en0000-00-06932 62
61 clueweb09-en0009-77-12340 57
61 clueweb09-en0007-55-13344 14
61 clueweb09-enwp02-01-20399 77
61 clueweb09-en0005-40-03032 20
61 clueweb09-enwp01-95-17813 70
