62 clueweb09-en0079-91-40800 68
62 clueweb09-en0001-55-19870 94
62 clueweb09-en0043-28-16416 54
62 clueweb09-en0076-56-36729 77
62 clueweb09-en0081-74-31600 71
62 clueweb09-enwp01-27-18495 85
62 clueweb09-en0062-01-23951 82
62 clueweb09-en0076-69-28890 56
62 clueweb09-en0092-27-38618 91
62 clueweb09-en0098-37-14046 85
62 clueweb09-enwp01-76-17758 68
62 clueweb09-en0105-68-30278 57
62 clueweb09-enwp03-34-09686 87
62 clueweb09-en0114-29-05196 58
62 clueweb09-enwp02-01-13966 77
62 clueweb09-en0121-91-21424 70
62 clueweb09-en0007-88-17811 68
62 clueweb09-en0009-50-20318 48
62 clueweb09-enwp01-85-15645 84
62 clueweb09-en0086-99-30526 71
62 clueweb09-en0076-56-36574 81
62 clueweb09-en0002-85-05488 78
62 clueweb09-en0120-72-29409 19
62 clueweb09-en0046-67-01566 84
62 clueweb09-en0016-88-12843 94
62 clueweb09-en0106-80-23702 78
62 clueweb09-en0097-52-01639 69
62 clueweb09-en0020-36-04052 0
62 clueweb09-enwp01-85-16014 83
62 clueweb09-en0022-04-31033 75
62 clueweb09-enwp03-32-02638 98
62 clueweb09-en0050-91-40265 96
62 clueweb09-en0007-82-00416 97
62 clueweb09-en0041-34-04900 82
62 clueweb09-en0090-71-31193 62
62 clueweb09-enwp01-89-18311 70
62 clueweb09-en0012-22-36925 86
62 clueweb09-en0031-50-03401 88
62 clueweb09-en0002-92-34668 91
62 clueweb09-en0009-21-31078 83
62 clueweb09-en0120-47-34017 72
62 clueweb09-en0050-33-12322 69
62 clueweb09-en0007-54-47067 89
