63 clueweb09-enwp01-97-17742 57
63 clueweb09-en0011-85-09480 89
63 clueweb09-en0008-46-19968 52
63 clueweb09-enwp01-93-18065 72
63 clueweb09-en0005-52-25495 35
63 clueweb09-en0003-37-05718 25
63 clueweb09-en0003-66-17172 90
63 clueweb09-en0081-61-07502 57
63 clueweb09-en0064-57-09260 15
63 clueweb09-en0005-71-00876 25
63 clueweb09-en0005-43-01203 95
63 clueweb09-en0000-77-11076 15
63 clueweb09-en0005-10-16000 44
63 clueweb09-en0006-33-03128 48
63 clueweb09-en0003-29-24535 81
63 clueweb09-en0009-29-11521 83
63 clueweb09-en0011-25-24734 14
63 clueweb09-en0006-62-06082 10
63 clueweb09-en0011-77-38478 93
63 clueweb09-en0001-84-13524 38
63 clueweb09-en0131-84-21264 93
63 clueweb09-en0011-80-33467 14
63 clueweb09-en0001-01-08767 90
63 clueweb09-en0008-43-15946 84
63 clueweb09-en0008-47-26483 42
63 clueweb09-en0011-68-09395 51
63 clueweb09-enwp00-77-17366 98
63 clueweb09-en0007-53-22298 84
63 clueweb09-en0034-15-18667 59
63 clueweb09-en0011-22-13597 65
63 clueweb09-en0007-19-17281 75
63 clueweb09-en0002-31-17639 61
63 clueweb09-en0000-33-09499 77
63 clueweb09-en0001-24-07502 42
63 clueweb09-en0024-34-32353 63
63 clueweb09-en0007-94-36559 49
63 clueweb09-en0086-52-33524 16
63 clueweb09-en0000-54-28286 55
63 clueweb09-en0006-84-35210 67
63 clueweb09-en0007-21-41708 67
63 clueweb09-en0011-22-10727 92
63 clueweb09-en0007-99-23523 91
63 clueweb09-en0011-98-21963 72
63 clueweb09-en0011-23-39659 41
63 clueweb09-en0002-31-17660 57
63 clueweb09-en0002-05-34658 16
63 clueweb09-en0000-97-34281 52
63 clueweb09-en0011-21-01493 87
63 clueweb09-en0020-24-00698 60
63 clueweb09-en0000-32-10699 41
63 clueweb09-en0008-32-25134 70
63 clueweb09-en0079-29-30362 47
63 clueweb09-en0009-41-07997 2
63 clueweb09-en0009-95-09869 74
63 clueweb09-en0001-50-21894 97
63 clueweb09-en0000-77-23132 84
63 clueweb09-en0008-85-15404 56
63 clueweb09-en0010-69-30655 91
63 clueweb09-en0108-35-28378 16
63 clueweb09-en0009-16-30237 36
63 clueweb09-en0038-80-26220 7
63 clueweb09-en0007-84-29958 70
63 clueweb09-en0110-56-11543 62
63 clueweb09-en0011-15-08305 20
63 clueweb09-en0000-33-09510 66
63 clueweb09-en0050-23-10034 19
63 clueweb09-en0011-16-30897 84
63 clueweb09-en0010-26-25179 67
63 clueweb09-en0007-32-08968 96
63 clueweb09-en0080-00-27113 30
