64 clueweb09-en0010-96-30028 36
64 clueweb09-enwp02-01-17810 94
64 clueweb09-en0007-52-11703 61
64 clueweb09-en0009-12-21546 99
64 clueweb09-enwp00-44-19356 92
64 clueweb09-en0009-54-29612 85
64 clueweb09-en0001-40-05255 65
64 clueweb09-enwp01-90-17368 93
64 clueweb09-en0010-96-30026 27
64 clueweb09-en0002-93-11862 64
64 clueweb09-en0095-77-42797 53
64 clueweb09-en0009-65-10551 74
64 clueweb09-en0009-44-07580 72
64 clueweb09-enwp00-84-14655 93
64 clueweb09-en0011-81-38339 51
64 clueweb09-en0087-63-11627 78
64 clueweb09-en0101-95-29758 9
64 clueweb09-en0005-49-19430 47
64 clueweb09-en0005-66-12286 76
64 clueweb09-en0008-32-32730 85
64 clueweb09-en0035-06-21208 58
64 clueweb09-en0006-63-12210 82
64 clueweb09-en0010-22-08322 89
64 clueweb09-en0011-11-17781 3
64 clueweb09-en0002-56-10312 50
64 clueweb09-en0008-68-26728 32
64 clueweb09-en0007-82-11834 18
64 clueweb09-en0011-41-14449 94
64 clueweb09-en0005-45-09083 91
64 clueweb09-en0008-26-35298 69
64 clueweb09-en0010-54-09659 65
64 clueweb09-en0009-71-03453 78
64 clueweb09-en0010-15-07514 62
64 clueweb09-en0009-45-18846 85
64 clueweb09-en0010-96-30023 28
64 clueweb09-enwp00-40-07572 98
64 clueweb09-en0006-58-26758 81
64 clueweb09-en0010-20-15651 41
64 clueweb09-en0008-78-27223 26
64 clueweb09-en0001-94-09195 74
64 clueweb09-en0003-76-21508 78
64 clueweb09-en0039-67-08881 78
64 clueweb09-en0121-07-15240 32
64 clueweb09-en0011-66-09118 65
64 clueweb09-en0005-25-07866 77
64 clueweb09-en0009-65-26766 84
64 clueweb09-en0008-90-04889 95
64 clueweb09-en0010-09-01820 65
64 clueweb09-en0007-61-34814 78
64 clueweb09-enwp01-20-19356 92
64 clueweb09-en0000-90-27822 69
64 clueweb09-en0000-90-30824 94
64 clueweb09-en0020-86-12441 48
64 clueweb09-en0005-92-04658 65
64 clueweb09-en0006-87-10718 48
64 clueweb09-en0011-26-26904 38
64 clueweb09-en0008-67-41460 96
64 clueweb09-en0011-26-06796 38
64 clueweb09-en0008-46-02973 54
