65 clueweb09-en0008-06-19589 72
65 clueweb09-en0010-41-06005 65
65 clueweb09-en0005-57-02895 66
65 clueweb09-enwp00-53-08735 96
65 clueweb09-enwp01-85-19405 39
65 clueweb09-en0006-59-22579 73
65 clueweb09-en0008-48-09109 23
65 clueweb09-en0059-30-29544 44
65 clueweb09-en0017-60-18627 94
65 clueweb09-en0005-47-21445 69
65 clueweb09-en0100-45-06308 84
65 clueweb09-en0001-30-11669 46
65 clueweb09-en0007-11-46001 50
65 clueweb09-enwp03-09-14653 95
65 clueweb09-en0007-54-25286 89
65 clueweb09-en0000-18-13614 81
65 clueweb09-enwp03-10-14538 96
65 clueweb09-en0002-67-09234 92
65 clueweb09-en0075-55-02358 54
65 clueweb09-en0011-14-24453 93
65 clueweb09-en0037-87-13221 97
65 clueweb09-en0009-13-23133 72
65 clueweb09-en0008-32-34703 91
65 clueweb09-enwp00-46-08350 96
65 clueweb09-en0008-11-28163 6
65 clueweb09-en0009-64-23016 45
65 clueweb09-enwp03-03-14562 95
65 clueweb09-en0008-76-03033 57
65 clueweb09-en0005-38-03967 71
65 clueweb09-en0006-69-35897 95
65 clueweb09-en0010-85-24077 66
65 clueweb09-en0009-29-15258 75
65 clueweb09-en0017-60-18670 66
65 clueweb09-en0002-97-12613 43
65 clueweb09-en0115-33-13407 50
65 clueweb09-en0001-90-34292 60
65 clueweb09-en0001-08-00394 80
65 clueweb09-enwp03-08-14526 95
65 clueweb09-en0009-16-23659 87
65 clueweb09-en0009-72-05602 78
65 clueweb09-enwp01-24-04759 69
65 clueweb09-en0020-22-18032 61
65 clueweb09-en0006-88-13101 10
65 clueweb09-enwp01-57-10637 97
65 clueweb09-en0009-75-25406 44
65 clueweb09-en0003-94-31516 59
65 clueweb09-en0008-15-23785 62
65 clueweb09-en0011-68-37066 31
65 clueweb09-enwp03-07-14672 95
65 clueweb09-en0005-71-15796 84
65 clueweb09-en0009-15-01619 94
65 clueweb09-en0008-79-33101 40
65 clueweb09-en0011-69-18289 51
65 clueweb09-en0008-35-09135 79
65 clueweb09-en0037-78-36801 95
65 clueweb09-en0009-86-41018 47
65 clueweb09-en0010-55-06535 26
65 clueweb09-en0010-66-19501 99
65 clueweb09-en0044-02-25568 35
