66 clueweb09-enwp00-95-22849 85
66 clueweb09-en0005-67-13344 94
66 clueweb09-en0011-87-26803 19
66 clueweb09-enwp01-96-08606 97
66 clueweb09-en0065-35-26177 82
66 clueweb09-en0011-45-05371 76
66 clueweb09-en0011-26-32614 90
66 clueweb09-en0005-17-29164 82
66 clueweb09-en0007-69-02891 79
66 clueweb09-enwp02-01-18077 60
66 clueweb09-enwp00-05-00673 97
66 clueweb09-en0009-80-08921 58
66 clueweb09-en0010-77-13697 99
66 clueweb09-en0109-09-36946 29
66 clueweb09-en0010-30-11563 64
66 clueweb09-en0006-15-18434 58
66 clueweb09-en0005-69-37449 91
66 clueweb09-en0131-95-40681 49
66 clueweb09-en0121-11-24369 33
66 clueweb09-en0007-25-33675 45
66 clueweb09-en0000-54-31818 40
66 clueweb09-en0007-13-29831 16
66 clueweb09-en0009-60-01754 62
66 clueweb09-en0011-26-32592 82
66 clueweb09-en0079-56-24878 62
66 clueweb09-en0010-17-33416 98
66 clueweb09-en0011-26-32633 88
66 clueweb09-en0003-69-21253 8
66 clueweb09-en0007-87-01073 65
66 clueweb09-en0006-25-23862 27
66 clueweb09-en0002-39-12804 55
66 clueweb09-en0081-95-04746 48
66 clueweb09-en0000-16-22193 68
66 clueweb09-en0120-05-10857 79
66 clueweb09-enwp01-56-21977 86
66 clueweb09-en0010-32-34690 31
66 clueweb09-enwp00-68-19187 97
66 clueweb09-en0036-84-23761 90
66 clueweb09-en0007-64-20479 86
66 clueweb09-enwp01-97-17651 68
66 clueweb09-en0011-73-34733 63
66 clueweb09-en0030-76-00372 70
66 clueweb09-en0006-32-24360 24
66 clueweb09-en0103-22-15195 21
66 clueweb09-en0006-22-12630 76
66 clueweb09-en0011-27-12812 63
66 clueweb09-en0122-55-32290 77
66 clueweb09-en0010-76-28201 5
66 clueweb09-en0045-37-18455 31
66 clueweb09-en0011-17-20318 48
66 clueweb09-en0001-89-15948 42
66 clueweb09-en0053-79-34991 14
66 clueweb09-en0011-97-30846 27
66 clueweb09-en0011-42-10818 64
66 clueweb09-en0051-76-02349 90
66 clueweb09-en0010-38-18998 66
66 clueweb09-en0011-26-32588 92
66 clueweb09-en0006-59-24006 10
66 clueweb09-en0010-84-23397 94
66 clueweb09-en0121-30-12468 83
