67 clueweb09-enwp01-07-20804 57
67 clueweb09-en0096-27-26198 63
67 clueweb09-en0004-20-00981 67
67 clueweb09-en0087-56-33204 4
67 clueweb09-enwp01-22-07408 65
67 clueweb09-enwp01-16-19686 57
67 clueweb09-enwp01-28-06709 59
67 clueweb09-enwp00-90-18992 89
67 clueweb09-en0108-61-38370 84
67 clueweb09-en0008-86-09763 78
67 clueweb09-enwp02-23-16346 52
67 clueweb09-enwp01-96-03089 59
67 clueweb09-enwp01-29-01830 68
67 clueweb09-en0012-96-26384 71
67 clueweb09-enwp00-76-21232 63
67 clueweb09-en0000-42-05677 98
67 clueweb09-enwp01-13-20118 65
67 clueweb09-en0001-01-02902 84
67 clueweb09-en0011-37-18786 89
67 clueweb09-enwp02-16-04534 51
67 clueweb09-enwp01-28-06859 97
67 clueweb09-en0002-25-03025 50
67 clueweb09-en0006-24-16888 84
67 clueweb09-enwp01-27-07491 65
67 clueweb09-en0035-76-02587 83
67 clueweb09-en0010-66-06118 76
67 clueweb09-en0002-60-01418 48
67 clueweb09-en0043-13-11417 96
67 clueweb09-en0041-48-22520 54
67 clueweb09-en0092-03-04591 64
67 clueweb09-en0009-66-11821 82
67 clueweb09-en0005-89-23905 75
67 clueweb09-en0089-51-32877 2
67 clueweb09-en0001-37-25567 79
67 clueweb09-en0021-34-21302 81
67 clueweb09-en0024-84-04771 97
67 clueweb09-en0007-72-05035 42
67 clueweb09-en0024-84-04799 96
67 clueweb09-en0031-59-03786 89
67 clueweb09-en0006-66-04402 70
