68 clueweb09-en0005-94-01954 88
68 clueweb09-en0001-24-18307 21
68 clueweb09-en0010-29-07058 84
68 clueweb09-en0008-59-17035 75
68 clueweb09-en0010-35-00107 60
68 clueweb09-en0005-92-42781 5
68 clueweb09-en0011-70-15461 34
68 clueweb09-en0011-48-06258 43
68 clueweb09-en0005-60-11852 99
68 clueweb09-en0006-30-41944 10
68 clueweb09-enwp02-20-08775 99
68 clueweb09-en0008-78-24432 13
68 clueweb09-en0007-32-02804 13
68 clueweb09-en0106-87-12424 15
68 clueweb09-en0010-00-24698 97
68 clueweb09-en0010-63-24410 77
68 clueweb09-en0109-38-34737 12
68 clueweb09-en0010-38-31811 78
68 clueweb09-en0000-72-00035 65
68 clueweb09-en0000-72-00034 66
68 clueweb09-en0008-96-20482 11
68 clueweb09-en0007-87-17349 93
68 clueweb09-en0122-18-41375 82
68 clueweb09-en0000-11-30948 33
68 clueweb09-en0011-38-18204 61
68 clueweb09-en0007-36-29637 53
68 clueweb09-enwp00-46-08131 82
68 clueweb09-en0019-00-22314 52
68 clueweb09-en0010-04-06468 76
68 clueweb09-en0010-30-09784 21
68 clueweb09-en0009-56-05413 84
68 clueweb09-en0086-14-14896 50
68 clueweb09-en0010-60-30316 19
68 clueweb09-en0004-20-09972 65
68 clueweb09-enwp01-62-08543 76
68 clueweb09-en0011-08-06402 31
68 clueweb09-en0008-32-14547 12
68 clueweb09-en0009-37-20160 70
68 clueweb09-en0000-90-07921 68
68 clueweb09-en0007-38-21410 11
68 clueweb09-enwp01-04-19708 77
68 clueweb09-en0021-55-23389 13
68 clueweb09-en0011-70-15260 30
68 clueweb09-en0007-98-21861 97
68 clueweb09-en0009-17-27158 65
68 clueweb09-en0007-04-13220 45
68 clueweb09-en0004-76-25701 47
68 clueweb09-enwp00-51-08849 99
68 clueweb09-enwp01-99-08131 82
68 clueweb09-en0010-04-06315 95
68 clueweb09-en0006-12-21194 78
68 clueweb09-en0068-11-03204 61
68 clueweb09-en0007-23-12638 69
68 clueweb09-en0010-44-06637 23
68 clueweb09-en0008-22-32025 90
68 clueweb09-en0007-37-00198 52
68 clueweb09-en0000-69-20254 4
68 clueweb09-en0007-03-18229 77
68 clueweb09-en0037-40-29848 25
68 clueweb09-en0010-34-28986 85
68 clueweb09-en0010-72-07315 29
68 clueweb09-en0011-55-32923 98
68 clueweb09-en0020-77-30686 72
68 clueweb09-en0000-94-03371 62
68 clueweb09-en0009-30-42651 6
68 clueweb09-en0008-87-15641 57
