69 clueweb09-en0008-12-15198 75
69 clueweb09-en0000-57-26427 61
69 clueweb09-en0006-67-28827 30
69 clueweb09-en0126-22-22440 14
69 clueweb09-en0013-21-34426 77
69 clueweb09-en0032-17-23311 28
69 clueweb09-en0079-29-38290 50
69 clueweb09-en0051-95-37153 87
69 clueweb09-en0005-39-10582 47
69 clueweb09-en0011-26-28007 87
69 clueweb09-en0034-16-32584 62
69 clueweb09-en0010-11-30292 70
69 clueweb09-en0008-25-18670 85
69 clueweb09-en0009-05-18319 98
69 clueweb09-en0007-31-15622 95
69 clueweb09-en0074-38-33765 1
69 clueweb09-en0009-36-35965 83
69 clueweb09-en0006-92-22432 37
69 clueweb09-en0010-73-30986 31
69 clueweb09-en0013-56-02560 78
69 clueweb09-en0041-48-24336 18
69 clueweb09-en0133-30-28959 43
69 clueweb09-en0011-05-40352 67
69 clueweb09-en0010-04-33982 67
69 clueweb09-en0009-36-35958 77
69 clueweb09-en0005-61-24391 93
69 clueweb09-en0133-28-46831 84
69 clueweb09-en0010-63-17461 70
69 clueweb09-enwp03-32-12468 88
69 clueweb09-en0007-12-34170 81
69 clueweb09-en0133-30-28949 36
69 clueweb09-en0068-39-07396 38
69 clueweb09-en0010-47-14515 92
69 clueweb09-en0002-56-27470 65
69 clueweb09-en0000-63-08137 56
69 clueweb09-en0116-86-35135 22
69 clueweb09-en0013-21-34427 75
69 clueweb09-en0007-85-13996 27
69 clueweb09-en0079-29-38503 53
69 clueweb09-en0009-45-16519 49
69 clueweb09-en0006-30-20922 40
69 clueweb09-en0007-65-12451 73
69 clueweb09-en0010-13-21662 64
69 clueweb09-en0001-78-05374 58
69 clueweb09-en0052-22-25315 60
69 clueweb09-enwp01-93-17803 59
69 clueweb09-en0009-03-34147 73
69 clueweb09-en0011-50-17271 94
69 clueweb09-en0008-73-14666 95
69 clueweb09-en0104-38-21354 67
69 clueweb09-en0008-22-24016 65
69 clueweb09-en0010-43-26622 95
69 clueweb09-en0010-07-21071 67
69 clueweb09-en0005-92-05722 97
69 clueweb09-en0021-66-05113 95
69 clueweb09-en0011-51-07151 93
69 clueweb09-en0007-67-21363 14
69 clueweb09-en0005-13-12415 98
69 clueweb09-en0011-33-15336 69
69 clueweb09-en0009-40-15589 78
69 clueweb09-en0059-33-09879 1
69 clueweb09-en0010-93-25860 40
69 clueweb09-en0007-65-44577 83
69 clueweb09-en0107-89-42117 1
69 clueweb09-en0008-92-21274 12
69 clueweb09-en0007-58-04131 16
69 clueweb09-en0009-72-17215 96
69 clueweb09-en0007-95-14088 20
69 clueweb09-en0006-48-14062 31
69 clueweb09-en0018-42-25580 96
69 clueweb09-enwp03-18-09705 91
69 clueweb09-enwp01-89-15788 77
