70 clueweb09-en0078-58-07709 79
70 clueweb09-en0092-80-12283 81
70 clueweb09-en0133-82-41736 62
70 clueweb09-en0079-92-15797 85
70 clueweb09-en0129-80-26072 57
70 clueweb09-enwp03-39-19244 91
70 clueweb09-en0048-86-05465 59
70 clueweb09-en0004-87-19001 84
70 clueweb09-en0048-33-28560 24
70 clueweb09-en0010-81-12335 93
70 clueweb09-en0008-15-09411 48
70 clueweb09-en0004-12-15942 97
70 clueweb09-enwp00-74-15954 99
70 clueweb09-enwp00-44-14248 99
70 clueweb09-enwp02-08-00916 57
70 clueweb09-en0007-73-32946 49
70 clueweb09-enwp01-95-17710 91
70 clueweb09-en0004-30-11433 17
70 clueweb09-enwp03-01-15435 99
70 clueweb09-en0006-23-20284 66
70 clueweb09-en0106-75-30655 83
70 clueweb09-en0005-14-16746 96
70 clueweb09-en0006-12-24032 89
70 clueweb09-en0008-31-28479 49
70 clueweb09-enwp00-47-14144 99
70 clueweb09-en0009-41-12291 33
70 clueweb09-enwp03-22-19968 88
70 clueweb09-en0000-38-13598 88
70 clueweb09-en0116-21-35296 54
70 clueweb09-enwp01-95-16547 91
70 clueweb09-enwp00-83-23328 94
70 clueweb09-enwp01-51-10235 91
70 clueweb09-en0001-59-09625 87
70 clueweb09-en0000-18-21530 28
70 clueweb09-en0000-16-35645 35
70 clueweb09-en0104-69-36681 70
70 clueweb09-en0064-68-37137 85
70 clueweb09-enwp03-20-19873 91
70 clueweb09-en0031-93-15541 60
70 clueweb09-en0049-75-04341 87
70 clueweb09-en0009-00-06711 71
70 clueweb09-en0002-86-19828 90
70 clueweb09-en0002-60-08226 85
70 clueweb09-enwp00-88-23567 97
70 clueweb09-en0085-56-24542 81
70 clueweb09-en0005-33-34772 27
70 clueweb09-en0085-56-24548 86
70 clueweb09-enwp03-22-19930 91
70 clueweb09-en0000-95-23441 91
70 clueweb09-en0057-94-06263 73
70 clueweb09-en0011-27-14483 64
70 clueweb09-en0048-40-06757 79
70 clueweb09-enwp00-88-07162 99
70 clueweb09-en0005-23-00153 88
70 clueweb09-en0007-80-20856 64
70 clueweb09-en0001-62-13662 6
70 clueweb09-en0004-30-11569 22
70 clueweb09-enwp03-25-01239 98
70 clueweb09-en0008-11-12569 74
70 clueweb09-enwp00-53-13820 99
70 clueweb09-en0004-68-22752 52
70 clueweb09-en0006-70-01822 98
70 clueweb09-en0001-22-29744 83
70 clueweb09-en0008-14-03913 61
70 clueweb09-en0011-89-26086 55
70 clueweb09-enwp01-98-00045 99
70 clueweb09-en0001-41-12710 72
70 clueweb09-en0009-53-05748 72
70 clueweb09-en0011-15-30888 70
70 clueweb09-en0018-86-31837 69
70 clueweb09-en0006-99-24610 84
70 clueweb09-en0010-24-20554 56
70 clueweb09-en0015-61-22320 47
70 clueweb09-en0052-71-03803 92
70 clueweb09-en0004-30-11577 20
70 clueweb09-en0124-92-38109 62
70 clueweb09-en0093-93-29303 53
70 clueweb09-en0004-30-11579 20
70 clueweb09-en0009-27-01526 90
70 clueweb09-en0008-69-12364 95
70 clueweb09-en0048-33-10149 82
70 clueweb09-en0001-44-38165 90
70 clueweb09-en0001-02-18013 57
70 clueweb09-en0002-31-32276 36
70 clueweb09-en0006-05-37623 83
70 clueweb09-en0037-48-15513 88
70 clueweb09-en0058-39-23970 64
70 clueweb09-en0126-40-04475 77
