71 clueweb09-en0019-05-45492 68
71 clueweb09-en0003-69-28098 75
71 clueweb09-en0008-09-18081 34
71 clueweb09-en0009-00-31735 66
71 clueweb09-enwp00-41-22474 86
71 clueweb09-en0001-74-00973 45
71 clueweb09-en0001-00-29464 88
71 clueweb09-en0096-93-10508 67
71 clueweb09-en0010-19-30073 21
71 clueweb09-en0006-96-25937 28
71 clueweb09-en0009-16-06897 65
71 clueweb09-en0008-71-19110 55
71 clueweb09-en0001-01-21343 59
71 clueweb09-en0005-86-39870 50
71 clueweb09-enwp01-11-06155 98
71 clueweb09-en0132-96-11490 82
71 clueweb09-en0000-75-34316 20
71 clueweb09-en0007-86-29446 10
71 clueweb09-en0026-90-33634 49
71 clueweb09-en0017-48-04988 74
71 clueweb09-en0007-77-25326 88
71 clueweb09-enwp02-03-17467 89
71 clueweb09-en0005-18-08622 63
71 clueweb09-en0000-10-24823 31
71 clueweb09-en0008-22-35206 32
71 clueweb09-en0099-87-25580 53
71 clueweb09-en0083-57-03328 74
71 clueweb09-en0008-16-27553 79
71 clueweb09-en0006-32-33051 15
71 clueweb09-en0036-70-02572 32
71 clueweb09-en0009-77-01875 94
71 clueweb09-en0008-74-09301 35
71 clueweb09-en0008-30-00315 44
71 clueweb09-en0007-15-14250 29
71 clueweb09-en0008-43-05464 35
71 clueweb09-en0004-96-07709 23
71 clueweb09-en0009-31-37369 90
71 clueweb09-en0011-62-04401 19
71 clueweb09-en0000-63-12440 56
71 clueweb09-en0009-30-29186 34
71 clueweb09-en0007-38-27983 94
71 clueweb09-en0005-05-29671 30
71 clueweb09-en0011-00-01028 82
71 clueweb09-en0010-42-13786 89
71 clueweb09-en0008-52-15310 55
71 clueweb09-en0098-19-00920 76
71 clueweb09-en0009-54-29769 68
71 clueweb09-en0002-91-14842 3
71 clueweb09-en0034-58-24526 80
71 clueweb09-en0076-72-04762 90
71 clueweb09-en0127-63-28223 94
71 clueweb09-en0009-56-23995 94
71 clueweb09-en0037-77-09887 68
71 clueweb09-en0009-85-21875 79
71 clueweb09-en0127-60-23753 97
71 clueweb09-en0009-10-18250 33
71 clueweb09-en0008-81-16529 22
71 clueweb09-en0005-88-14931 84
71 clueweb09-en0008-94-14663 29
71 clueweb09-en0021-95-17021 74
71 clueweb09-en0058-98-13143 29
71 clueweb09-enwp00-80-22018 89
71 clueweb09-enwp01-97-17873 27
71 clueweb09-en0126-10-19502 14
71 clueweb09-en0000-60-01562 65
71 clueweb09-en0008-45-29966 28
71 clueweb09-en0019-80-00665 10
71 clueweb09-en0003-53-04475 60
71 clueweb09-en0091-02-33445 53
71 clueweb09-en0007-09-33137 57
71 clueweb09-enwp01-07-07045 96
71 clueweb09-en0034-47-29171 38
