72 clueweb09-en0010-86-02367 49
72 clueweb09-en0006-45-24172 12
72 clueweb09-en0002-09-10435 90
72 clueweb09-en0048-62-08615 63
72 clueweb09-en0127-63-01782 69
72 clueweb09-en0071-52-08753 81
72 clueweb09-en0003-76-22597 85
72 clueweb09-en0009-36-28018 11
72 clueweb09-en0008-38-08235 46
72 clueweb09-en0045-99-26876 91
72 clueweb09-enwp02-01-05737 87
72 clueweb09-en0005-53-29697 36
72 clueweb09-en0023-58-16527 69
72 clueweb09-en0008-30-02662 83
72 clueweb09-enwp03-17-19587 99
72 clueweb09-en0007-60-06488 88
72 clueweb09-en0083-12-35788 13
72 clueweb09-en0009-40-17809 94
72 clueweb09-en0008-83-11426 16
72 clueweb09-en0008-29-39663 59
72 clueweb09-en0029-52-07446 85
72 clueweb09-en0011-04-22982 90
72 clueweb09-enwp01-97-18030 58
72 clueweb09-en0002-94-21361 62
72 clueweb09-en0005-66-20092 24
72 clueweb09-enwp02-22-07768 74
72 clueweb09-enwp02-00-06501 99
72 clueweb09-enwp03-19-19908 99
72 clueweb09-en0058-88-13193 80
72 clueweb09-en0004-92-34095 93
72 clueweb09-en0006-63-21135 18
72 clueweb09-en0009-19-33704 57
72 clueweb09-enwp01-97-05649 82
72 clueweb09-enwp03-06-19763 96
72 clueweb09-enwp02-30-06223 98
72 clueweb09-en0010-99-19895 53
72 clueweb09-en0011-78-00214 76
72 clueweb09-en0010-45-10882 95
72 clueweb09-en0001-52-13978 57
72 clueweb09-en0000-50-02435 39
72 clueweb09-en0008-64-20672 7
72 clueweb09-en0009-63-06829 65
72 clueweb09-en0002-17-25112 87
72 clueweb09-en0004-70-16729 48
72 clueweb09-en0008-07-40093 33
72 clueweb09-en0007-31-00331 24
72 clueweb09-enwp03-14-13553 89
72 clueweb09-en0057-38-16919 26
72 clueweb09-enwp00-61-04239 99
72 clueweb09-en0006-30-24839 9
72 clueweb09-en0010-70-09733 68
72 clueweb09-en0004-92-34183 39
72 clueweb09-en0010-28-33836 57
72 clueweb09-en0012-58-21538 61
72 clueweb09-en0003-29-20281 97
72 clueweb09-en0057-38-16909 29
72 clueweb09-enwp00-97-15255 87
72 clueweb09-en0006-15-33054 6
72 clueweb09-enwp03-36-02890 52
72 clueweb09-en0008-80-14208 56
72 clueweb09-enwp02-06-07096 94
72 clueweb09-en0002-85-33763 20
72 clueweb09-enwp01-87-12625 99
72 clueweb09-enwp02-00-06498 94
72 clueweb09-en0007-26-10462 1
72 clueweb09-enwp00-40-14056 74
72 clueweb09-en0005-62-17135 13
72 clueweb09-en0085-52-10609 88
72 clueweb09-en0005-24-23207 72
72 clueweb09-en0118-13-24061 72
72 clueweb09-en0011-87-23786 45
72 clueweb09-en0006-25-06576 52
72 clueweb09-en0010-89-29030 89
72 clueweb09-enwp00-88-12681 86
72 clueweb09-en0026-50-10682 40
72 clueweb09-enwp01-00-19441 96
72 clueweb09-en0008-69-26222 40
72 clueweb09-enwp03-01-19694 99
72 clueweb09-en0003-39-01701 65
72 clueweb09-en0011-41-08245 23
72 clueweb09-en0004-92-34101 93
72 clueweb09-enwp03-38-11992 52
72 clueweb09-en0002-50-15253 77
72 clueweb09-enwp01-99-07789 46
72 clueweb09-enwp02-04-05483 82
72 clueweb09-en0133-38-40586 50
72 clueweb09-enwp03-16-19590 97
72 clueweb09-en0011-82-26451 74
72 clueweb09-en0008-15-07341 67
72 clueweb09-en0003-45-21188 70
72 clueweb09-en0023-49-26804 66
