73 clueweb09-en0006-89-04730 11
73 clueweb09-en0007-79-36014 58
73 clueweb09-en0011-38-04627 18
73 clueweb09-en0002-00-02421 8
73 clueweb09-en0009-33-30732 15
73 clueweb09-en0009-63-25814 18
73 clueweb09-en0010-97-23706 15
73 clueweb09-en0009-99-09857 9
73 clueweb09-en0002-20-07892 27
73 clueweb09-enwp01-95-17842 83
73 clueweb09-en0002-03-04949 95
73 clueweb09-en0006-81-26255 15
73 clueweb09-en0009-83-22661 44
73 clueweb09-en0009-86-20375 41
73 clueweb09-en0005-17-02277 32
73 clueweb09-en0005-41-27294 10
73 clueweb09-en0006-28-09618 74
73 clueweb09-en0028-35-05029 67
73 clueweb09-en0051-90-46403 38
73 clueweb09-en0077-29-18824 77
73 clueweb09-en0013-84-01818 27
73 clueweb09-en0008-40-05441 35
73 clueweb09-enwp01-24-00347 98
73 clueweb09-en0009-10-18900 6
73 clueweb09-en0001-79-28024 79
73 clueweb09-en0008-02-17970 7
73 clueweb09-en0075-52-19402 58
73 clueweb09-en0024-84-24260 3
73 clueweb09-en0001-13-00922 65
73 clueweb09-en0013-84-01859 68
73 clueweb09-en0009-74-23500 19
73 clueweb09-enwp02-01-17753 63
73 clueweb09-en0007-82-31482 20
73 clueweb09-en0003-54-13085 0
73 clueweb09-en0108-69-28000 5
73 clueweb09-en0033-43-32257 84
73 clueweb09-en0008-63-30546 9
73 clueweb09-en0074-92-34632 37
73 clueweb09-en0007-82-29125 12
73 clueweb09-en0006-14-08482 2
73 clueweb09-en0001-16-24848 96
73 clueweb09-en0000-03-24617 84
73 clueweb09-en0008-33-19341 53
73 clueweb09-en0080-30-14937 68
73 clueweb09-en0000-58-18602 29
73 clueweb09-en0010-40-08232 6
73 clueweb09-en0010-20-26817 6
73 clueweb09-en0020-79-03540 93
73 clueweb09-en0010-35-20565 37
73 clueweb09-en0031-49-24857 3
73 clueweb09-en0025-58-27278 64
73 clueweb09-en0126-14-40768 39
73 clueweb09-en0058-81-06987 4
73 clueweb09-en0008-33-37981 4
73 clueweb09-en0006-17-24065 11
73 clueweb09-en0075-94-00202 15
73 clueweb09-en0011-60-16412 38
73 clueweb09-en0010-28-27659 5
