74 clueweb09-enwp01-03-16434 99
74 clueweb09-en0011-69-13947 66
74 clueweb09-en0006-86-32128 40
74 clueweb09-en0067-83-27769 54
74 clueweb09-en0129-37-20624 86
74 clueweb09-en0001-34-13928 2
74 clueweb09-en0117-17-33155 83
74 clueweb09-en0005-89-28406 85
74 clueweb09-en0008-33-06636 95
74 clueweb09-en0007-80-11736 92
74 clueweb09-enwp01-05-17183 99
74 clueweb09-en0008-54-13430 90
74 clueweb09-en0009-17-05500 44
74 clueweb09-en0008-04-12594 67
74 clueweb09-en0007-79-30920 75
74 clueweb09-en0010-60-31059 87
74 clueweb09-en0065-19-24403 50
74 clueweb09-en0008-06-11216 28
74 clueweb09-en0010-58-07453 21
74 clueweb09-en0039-65-11844 88
74 clueweb09-enwp01-73-11274 90
74 clueweb09-enwp01-15-23291 78
74 clueweb09-en0005-59-28553 32
74 clueweb09-en0006-88-18147 20
74 clueweb09-en0001-87-25269 73
74 clueweb09-en0007-49-39948 54
74 clueweb09-en0002-87-28682 56
74 clueweb09-en0007-53-22585 89
74 clueweb09-enwp01-97-17754 89
74 clueweb09-en0010-07-23477 89
74 clueweb09-en0005-11-33947 88
74 clueweb09-en0008-19-26104 81
74 clueweb09-en0039-55-01606 84
74 clueweb09-en0006-23-30219 69
74 clueweb09-en0117-17-33152 82
74 clueweb09-en0117-17-33153 82
74 clueweb09-en0030-82-24893 68
74 clueweb09-en0117-17-33151 80
74 clueweb09-en0010-43-26168 28
74 clueweb09-en0011-19-24688 55
74 clueweb09-en0117-17-33154 83
74 clueweb09-en0001-63-04505 95
74 clueweb09-en0008-86-08427 53
74 clueweb09-en0001-07-26412 93
74 clueweb09-enwp01-92-03420 53
74 clueweb09-en0009-51-39075 55
74 clueweb09-en0008-09-17944 20
74 clueweb09-en0009-16-22537 97
74 clueweb09-en0001-08-27792 38
74 clueweb09-enwp01-11-17092 99
74 clueweb09-en0009-89-16483 24
74 clueweb09-enwp03-07-02574 89
74 clueweb09-en0065-19-24384 56
74 clueweb09-en0007-75-04011 36
74 clueweb09-en0009-19-06401 92
74 clueweb09-en0007-50-05976 45
74 clueweb09-en0010-38-30008 20
74 clueweb09-en0001-88-28638 72
74 clueweb09-en0010-94-33343 66
74 clueweb09-en0009-81-07092 75
74 clueweb09-en0008-96-36023 56
74 clueweb09-en0007-88-25973 83
74 clueweb09-en0008-96-36020 61
