75 clueweb09-en0009-07-37476 84
75 clueweb09-en0000-38-31387 95
75 clueweb09-en0008-79-19617 91
75 clueweb09-en0009-69-17583 77
75 clueweb09-enwp02-20-03322 97
75 clueweb09-en0002-77-04959 95
75 clueweb09-en0019-44-17548 81
75 clueweb09-en0039-02-25491 54
75 clueweb09-en0010-21-24070 47
75 clueweb09-en0008-39-06529 87
75 clueweb09-en0006-54-30708 85
75 clueweb09-en0026-27-08085 74
75 clueweb09-en0011-53-33462 99
75 clueweb09-en0000-13-04654 91
75 clueweb09-en0000-13-04656 76
75 clueweb09-en0009-58-25084 54
75 clueweb09-en0007-66-05346 31
75 clueweb09-en0010-02-15036 65
75 clueweb09-en0006-84-26417 84
75 clueweb09-en0007-70-12375 31
75 clueweb09-en0005-33-35413 24
75 clueweb09-en0008-66-33442 93
75 clueweb09-en0008-75-20756 61
75 clueweb09-en0000-92-33640 94
75 clueweb09-en0001-55-09069 55
75 clueweb09-en0010-98-21484 93
75 clueweb09-enwp03-30-12008 49
75 clueweb09-en0010-32-30213 86
75 clueweb09-en0010-91-08502 53
75 clueweb09-en0001-96-15602 94
75 clueweb09-en0020-67-08297 59
75 clueweb09-en0011-25-34222 90
75 clueweb09-en0007-90-11669 5
75 clueweb09-en0011-16-27761 28
75 clueweb09-en0010-86-13597 32
75 clueweb09-en0025-75-16811 57
75 clueweb09-en0005-75-19569 85
75 clueweb09-en0011-16-27768 47
75 clueweb09-en0001-28-14154 80
75 clueweb09-en0009-42-20547 72
75 clueweb09-en0022-59-29304 69
75 clueweb09-en0000-16-32734 49
75 clueweb09-en0006-18-20075 22
75 clueweb09-en0006-14-34884 93
75 clueweb09-en0008-35-26556 55
75 clueweb09-en0008-43-26560 86
75 clueweb09-enwp03-53-00108 53
75 clueweb09-en0038-55-11243 54
75 clueweb09-en0009-93-37329 21
75 clueweb09-en0007-84-26302 79
75 clueweb09-en0058-11-03456 4
75 clueweb09-en0009-22-08896 72
75 clueweb09-en0010-83-23901 69
75 clueweb09-en0021-16-24237 59
75 clueweb09-en0133-94-28381 93
