76 clueweb09-en0032-69-13379 64
76 clueweb09-en0007-80-16168 20
76 clueweb09-en0008-90-25746 88
76 clueweb09-en0001-28-19513 78
76 clueweb09-enwp01-95-17709 40
76 clueweb09-en0001-06-32013 55
76 clueweb09-en0005-70-17689 38
76 clueweb09-en0123-36-07819 57
76 clueweb09-en0001-41-12802 21
76 clueweb09-en0038-10-16979 66
76 clueweb09-enwp02-22-11601 99
76 clueweb09-enwp01-95-17813 70
76 clueweb09-en0001-15-02818 69
76 clueweb09-enwp03-26-23564 95
76 clueweb09-en0005-43-03001 86
76 clueweb09-en0009-99-35917 96
76 clueweb09-en0011-51-11943 79
76 clueweb09-en0007-83-01507 84
76 clueweb09-en0001-73-09810 30
76 clueweb09-en0010-81-35033 99
76 clueweb09-en0011-71-29797 92
76 clueweb09-en0005-52-02043 95
76 clueweb09-en0036-58-08790 96
76 clueweb09-en0087-51-10100 81
76 clueweb09-en0005-21-16877 97
76 clueweb09-en0008-03-02913 3
76 clueweb09-en0006-69-32928 69
76 clueweb09-en0000-55-27635 55
76 clueweb09-en0002-40-27443 85
76 clueweb09-en0008-87-00829 89
76 clueweb09-enwp02-00-18634 62
76 clueweb09-en0007-53-21362 97
76 clueweb09-en0118-10-14150 5
76 clueweb09-en0025-22-05924 64
76 clueweb09-en0001-08-18800 55
76 clueweb09-en0004-16-29324 98
76 clueweb09-en0000-81-08489 36
76 clueweb09-en0000-21-04493 75
76 clueweb09-en0007-33-22125 47
76 clueweb09-en0008-20-24666 80
76 clueweb09-en0009-81-07095 76
76 clueweb09-en0008-41-35393 47
