77 clueweb09-enwp01-90-14007 78
77 clueweb09-en0005-96-32912 47
77 clueweb09-en0000-76-15507 87
77 clueweb09-en0097-32-12100 72
77 clueweb09-en0006-77-03768 67
77 clueweb09-en0005-65-05149 67
77 clueweb09-en0018-41-32497 70
77 clueweb09-en0064-45-24804 73
77 clueweb09-en0007-85-00743 67
77 clueweb09-en0005-27-36296 75
77 clueweb09-en0000-77-00754 8
77 clueweb09-en0009-62-10716 88
77 clueweb09-en0007-48-07341 57
77 clueweb09-en0008-06-37190 62
77 clueweb09-en0011-91-34141 86
77 clueweb09-en0008-11-34700 86
77 clueweb09-en0008-38-07697 19
77 clueweb09-en0000-82-08181 60
77 clueweb09-en0003-54-10223 43
77 clueweb09-en0079-72-05471 79
77 clueweb09-en0010-48-23315 62
77 clueweb09-en0034-27-05272 95
77 clueweb09-en0005-64-15522 93
77 clueweb09-en0009-10-00422 70
77 clueweb09-en0003-28-16523 71
77 clueweb09-en0009-31-10351 26
77 clueweb09-en0008-03-37537 78
77 clueweb09-en0005-72-03403 94
77 clueweb09-en0001-17-31530 63
77 clueweb09-en0094-09-19637 67
77 clueweb09-en0006-46-16879 50
77 clueweb09-en0007-19-33213 87
77 clueweb09-en0005-87-00495 77
77 clueweb09-enwp01-97-15072 70
77 clueweb09-en0002-76-26571 83
77 clueweb09-en0132-47-50594 88
77 clueweb09-en0001-87-00273 16
77 clueweb09-en0003-28-16487 79
77 clueweb09-en0000-98-19128 81
77 clueweb09-en0000-57-19313 98
77 clueweb09-en0000-87-13204 11
77 clueweb09-en0008-83-35458 21
77 clueweb09-en0118-17-37408 54
77 clueweb09-enwp01-42-15139 87
77 clueweb09-en0005-20-24426 90
77 clueweb09-en0002-14-11425 23
77 clueweb09-en0010-57-16490 83
77 clueweb09-en0005-86-13877 50
77 clueweb09-en0033-05-18059 89
77 clueweb09-en0002-22-14690 35
