78 clueweb09-en0000-37-11107 20
78 clueweb09-en0008-09-17211 21
78 clueweb09-en0052-98-36226 52
78 clueweb09-en0007-10-09086 28
78 clueweb09-en0105-92-08036 16
78 clueweb09-en0007-93-13394 63
78 clueweb09-en0000-07-30468 98
78 clueweb09-enwp00-57-24216 99
78 clueweb09-en0010-69-10153 67
78 clueweb09-en0007-33-14421 6
78 clueweb09-en0005-80-23476 41
78 clueweb09-en0006-54-32032 46
78 clueweb09-en0008-79-02116 68
78 clueweb09-en0005-16-10850 27
78 clueweb09-en0008-78-19682 21
78 clueweb09-enwp03-58-00201 98
78 clueweb09-en0043-19-10510 22
78 clueweb09-en0009-05-20476 33
78 clueweb09-en0008-94-28931 87
78 clueweb09-en0121-13-31104 14
78 clueweb09-en0000-39-11912 20
78 clueweb09-enwp01-96-18275 70
78 clueweb09-en0000-16-26827 88
78 clueweb09-enwp00-57-11406 76
78 clueweb09-en0059-25-03685 61
78 clueweb09-en0053-61-33778 79
78 clueweb09-enwp00-52-23652 91
78 clueweb09-enwp00-83-11594 89
78 clueweb09-en0010-43-20400 26
78 clueweb09-en0008-19-30938 5
78 clueweb09-en0008-57-37843 64
78 clueweb09-en0007-67-20758 9
78 clueweb09-en0006-57-19161 18
78 clueweb09-en0005-32-37930 60
78 clueweb09-en0011-67-26077 29
78 clueweb09-en0000-99-03888 4
78 clueweb09-en0032-66-29668 54
78 clueweb09-en0003-51-15998 45
78 clueweb09-en0021-64-18067 92
78 clueweb09-enwp03-54-00395 98
78 clueweb09-en0050-20-14677 52
78 clueweb09-en0001-18-32427 4
78 clueweb09-enwp01-47-12749 97
78 clueweb09-en0007-90-32486 88
78 clueweb09-en0008-35-22130 10
78 clueweb09-en0010-49-14489 20
78 clueweb09-en0006-99-31868 50
78 clueweb09-en0008-00-32264 76
78 clueweb09-en0010-15-08834 5
78 clueweb09-en0006-86-31537 11
78 clueweb09-enwp00-51-24768 99
78 clueweb09-enwp02-03-04557 98
78 clueweb09-en0077-98-14815 4
78 clueweb09-en0000-70-15042 12
78 clueweb09-enwp01-05-04966 51
78 clueweb09-en0005-99-20702 38
78 clueweb09-en0005-55-24483 30
78 clueweb09-enwp00-88-05527 98
78 clueweb09-en0010-66-05935 65
78 clueweb09-en0010-82-22137 25
78 clueweb09-enwp01-99-24188 99
78 clueweb09-enwp01-60-21549 97
78 clueweb09-en0015-36-15561 24
78 clueweb09-en0031-23-00294 99
78 clueweb09-en0011-92-09493 32
78 clueweb09-en0008-61-21992 65
78 clueweb09-en0005-90-21374 93
78 clueweb09-enwp03-14-24276 91
78 clueweb09-en0098-19-19890 10
78 clueweb09-en0006-65-16704 93
78 clueweb09-en0006-57-19136 26
78 clueweb09-en0000-23-00003 13
78 clueweb09-en0011-28-28365 17
78 clueweb09-en0006-63-31532 19
78 clueweb09-en0008-57-37952 75
78 clueweb09-en0006-03-29735 35
78 clueweb09-enwp01-93-17701 73
78 clueweb09-en0006-07-29842 97
78 clueweb09-en0000-08-02865 47
78 clueweb09-en0007-54-36768 9
78 clueweb09-enwp01-20-25162 97
78 clueweb09-en0004-60-01881 74
78 clueweb09-en0005-97-27825 21
78 clueweb09-en0009-25-29590 71
78 clueweb09-en0009-68-17747 87
78 clueweb09-en0006-89-30200 22
