79 clueweb09-en0025-40-00136 96
79 clueweb09-en0009-09-05029 80
79 clueweb09-en0061-76-09417 52
79 clueweb09-en0000-99-06402 5
79 clueweb09-en0093-41-06329 52
79 clueweb09-en0125-09-08184 69
79 clueweb09-en0007-87-08560 70
79 clueweb09-en0009-00-01413 24
79 clueweb09-en0010-82-09882 67
79 clueweb09-en0006-25-10651 66
79 clueweb09-en0001-37-07181 20
79 clueweb09-en0010-73-30560 31
79 clueweb09-en0004-95-19168 98
79 clueweb09-en0031-80-20205 94
79 clueweb09-en0010-20-29313 49
79 clueweb09-en0026-65-04123 15
79 clueweb09-en0037-04-33618 63
79 clueweb09-en0002-18-34052 72
79 clueweb09-en0001-61-18564 11
79 clueweb09-en0005-81-15662 34
79 clueweb09-en0011-81-37464 70
79 clueweb09-en0004-57-15523 37
79 clueweb09-en0010-44-20079 64
79 clueweb09-enwp02-04-13390 85
79 clueweb09-en0011-39-23760 66
79 clueweb09-en0006-88-16821 20
79 clueweb09-en0006-37-25644 90
79 clueweb09-en0011-33-09819 67
79 clueweb09-en0005-34-08737 19
79 clueweb09-en0006-69-19126 56
79 clueweb09-en0008-71-01257 79
79 clueweb09-en0001-52-10453 34
79 clueweb09-en0010-63-29640 60
79 clueweb09-en0011-72-08799 74
79 clueweb09-en0005-40-04808 34
79 clueweb09-en0011-87-29179 67
79 clueweb09-en0009-07-05506 51
79 clueweb09-en0000-25-23217 88
79 clueweb09-en0010-90-11900 44
79 clueweb09-en0033-17-34119 31
79 clueweb09-en0007-85-35324 71
79 clueweb09-en0003-23-28639 24
79 clueweb09-en0005-07-34225 98
79 clueweb09-en0128-77-09838 96
79 clueweb09-en0008-17-35587 70
79 clueweb09-enwp01-96-18275 70
79 clueweb09-en0019-67-26547 30
79 clueweb09-en0011-17-01265 55
79 clueweb09-en0010-82-34446 72
79 clueweb09-en0011-66-27412 33
79 clueweb09-en0007-22-01372 31
79 clueweb09-en0002-33-06999 85
79 clueweb09-en0019-33-19651 84
79 clueweb09-en0061-76-09413 57
79 clueweb09-en0009-91-25546 85
79 clueweb09-enwp03-20-16067 85
79 clueweb09-en0124-32-10622 69
79 clueweb09-en0006-98-24347 97
79 clueweb09-en0003-80-05084 8
79 clueweb09-en0010-87-01938 69
79 clueweb09-enwp02-03-17382 66
79 clueweb09-en0008-47-01033 98
