80 clueweb09-en0131-59-32256 52
80 clueweb09-en0009-40-37816 50
80 clueweb09-en0002-53-06638 89
80 clueweb09-en0002-95-19880 61
80 clueweb09-enwp02-23-17809 53
80 clueweb09-en0120-66-39214 33
80 clueweb09-en0008-35-23385 81
80 clueweb09-en0010-04-03613 54
80 clueweb09-en0032-54-23311 64
80 clueweb09-en0006-03-02882 16
80 clueweb09-en0107-16-11067 37
80 clueweb09-en0011-18-37053 11
80 clueweb09-en0055-66-18951 84
80 clueweb09-en0011-88-05964 11
80 clueweb09-en0011-93-32419 6
80 clueweb09-en0019-85-12274 1
80 clueweb09-en0065-77-01603 33
80 clueweb09-en0011-74-17152 24
80 clueweb09-en0077-58-11358 95
80 clueweb09-en0011-66-03219 45
80 clueweb09-en0037-22-10085 53
80 clueweb09-en0001-78-15549 42
80 clueweb09-en0103-26-17175 60
80 clueweb09-en0010-14-29470 21
80 clueweb09-enwp00-46-13448 88
80 clueweb09-en0029-60-19987 7
80 clueweb09-en0008-18-01619 53
80 clueweb09-enwp01-99-13448 88
80 clueweb09-en0009-38-18128 36
80 clueweb09-en0005-37-14024 57
80 clueweb09-en0120-66-39228 37
80 clueweb09-en0010-46-27504 81
80 clueweb09-en0005-41-14072 88
80 clueweb09-en0041-17-19432 94
80 clueweb09-en0007-08-00878 13
80 clueweb09-en0011-51-28787 5
80 clueweb09-en0011-81-37130 88
80 clueweb09-en0008-08-33636 63
80 clueweb09-en0120-46-35276 65
80 clueweb09-en0107-16-11074 37
80 clueweb09-en0003-23-11001 60
80 clueweb09-en0079-52-23077 38
80 clueweb09-en0001-05-25882 41
80 clueweb09-en0005-04-18465 82
80 clueweb09-en0005-66-29217 67
80 clueweb09-en0008-75-32697 73
80 clueweb09-en0005-45-35603 15
80 clueweb09-en0080-78-37265 60
80 clueweb09-en0005-39-04860 16
80 clueweb09-en0005-52-25635 95
80 clueweb09-en0009-23-32252 49
80 clueweb09-en0008-11-28151 8
80 clueweb09-enwp02-01-17592 49
80 clueweb09-en0011-01-34642 18
80 clueweb09-en0006-93-33688 40
