81 clueweb09-en0010-03-20097 86
81 clueweb09-enwp02-20-07788 92
81 clueweb09-en0023-10-24213 65
81 clueweb09-en0008-44-04692 50
81 clueweb09-enwp02-01-01715 96
81 clueweb09-enwp02-23-15058 60
81 clueweb09-en0005-79-08917 23
81 clueweb09-en0005-33-19258 97
81 clueweb09-en0002-19-34440 69
81 clueweb09-en0006-18-26750 64
81 clueweb09-en0007-24-10441 75
81 clueweb09-enwp00-23-18970 90
81 clueweb09-en0006-57-07610 18
81 clueweb09-en0005-10-19923 43
81 clueweb09-en0012-74-24645 42
81 clueweb09-en0005-87-15628 63
81 clueweb09-enwp00-10-11289 99
81 clueweb09-en0010-13-26869 47
81 clueweb09-en0006-65-27543 48
81 clueweb09-enwp00-19-11350 97
81 clueweb09-en0091-69-26968 72
81 clueweb09-enwp00-21-20594 96
81 clueweb09-enwp02-16-03616 93
81 clueweb09-en0062-17-35342 61
81 clueweb09-en0005-43-35069 93
81 clueweb09-en0008-62-32662 34
81 clueweb09-en0011-82-33613 61
81 clueweb09-en0000-11-06625 63
81 clueweb09-en0006-56-12116 83
81 clueweb09-en0011-54-20311 89
81 clueweb09-en0000-46-19174 28
81 clueweb09-en0000-76-03690 91
81 clueweb09-en0074-35-18929 86
81 clueweb09-en0006-99-31286 62
81 clueweb09-enwp03-36-04877 98
81 clueweb09-en0000-11-06620 76
81 clueweb09-en0129-24-16044 93
81 clueweb09-en0009-13-24360 82
81 clueweb09-en0049-09-24765 98
81 clueweb09-en0000-15-04448 68
81 clueweb09-en0002-82-25856 25
81 clueweb09-en0119-88-31378 67
81 clueweb09-en0020-92-02981 85
81 clueweb09-en0011-97-30546 76
81 clueweb09-en0000-43-34161 21
81 clueweb09-en0005-58-21453 67
81 clueweb09-en0011-93-00950 9
81 clueweb09-enwp01-90-16297 88
81 clueweb09-en0000-15-04429 93
81 clueweb09-en0005-06-27675 50
81 clueweb09-en0132-85-41806 57
81 clueweb09-en0008-58-16520 40
81 clueweb09-en0009-83-23979 87
81 clueweb09-en0007-98-05500 51
81 clueweb09-en0002-30-27405 93
81 clueweb09-en0007-62-15722 95
81 clueweb09-en0011-58-03515 65
81 clueweb09-en0006-11-04359 16
81 clueweb09-en0006-23-15474 49
81 clueweb09-enwp01-82-18093 79
81 clueweb09-en0005-63-33264 83
81 clueweb09-en0011-66-18060 68
81 clueweb09-enwp00-19-11361 72
81 clueweb09-en0011-02-19561 73
81 clueweb09-en0002-01-25710 13
