82 clueweb09-en0010-09-16068 63
82 clueweb09-en0080-57-05007 92
82 clueweb09-en0023-46-24474 66
82 clueweb09-en0009-40-23636 96
82 clueweb09-en0066-81-45091 33
82 clueweb09-en0009-32-02128 31
82 clueweb09-en0008-62-22133 43
82 clueweb09-en0118-63-20377 16
82 clueweb09-en0007-00-19810 42
82 clueweb09-en0000-28-03662 91
82 clueweb09-en0009-69-13635 88
82 clueweb09-enwp00-98-03426 99
82 clueweb09-en0009-73-38165 87
82 clueweb09-en0011-16-28819 47
82 clueweb09-en0003-54-03296 62
82 clueweb09-en0007-29-23731 46
82 clueweb09-en0077-28-02435 12
82 clueweb09-en0008-33-35647 83
82 clueweb09-en0009-99-14064 91
82 clueweb09-en0093-73-10382 66
82 clueweb09-en0085-08-02884 81
82 clueweb09-en0005-84-06092 29
82 clueweb09-en0006-13-04784 90
82 clueweb09-en0010-90-09480 41
82 clueweb09-en0079-95-22508 9
82 clueweb09-en0004-54-32071 50
82 clueweb09-enwp00-24-19550 89
82 clueweb09-en0008-72-28834 92
82 clueweb09-en0008-01-34452 51
82 clueweb09-en0117-53-33191 34
82 clueweb09-en0053-84-27292 73
82 clueweb09-en0010-68-37186 67
82 clueweb09-en0050-10-21412 91
82 clueweb09-en0001-57-03571 33
82 clueweb09-en0068-15-36082 67
82 clueweb09-enwp00-21-18872 89
82 clueweb09-en0005-93-38372 75
82 clueweb09-en0008-72-22750 98
82 clueweb09-en0011-32-02021 78
82 clueweb09-enwp00-31-19373 89
82 clueweb09-en0085-65-11156 66
82 clueweb09-en0009-92-40911 93
82 clueweb09-en0004-54-32069 50
82 clueweb09-en0000-69-01000 83
82 clueweb09-en0000-73-03209 96
82 clueweb09-en0011-41-03247 57
82 clueweb09-en0008-78-22348 19
82 clueweb09-en0008-60-18724 21
82 clueweb09-en0133-35-50938 59
82 clueweb09-en0006-74-30994 27
82 clueweb09-en0011-14-17928 91
82 clueweb09-enwp01-89-18534 81
82 clueweb09-en0000-34-00923 9
82 clueweb09-en0002-25-16028 4
82 clueweb09-en0059-78-31728 75
82 clueweb09-enwp02-00-18634 62
82 clueweb09-en0006-13-21995 88
82 clueweb09-en0011-77-37448 73
82 clueweb09-en0010-53-36276 14
82 clueweb09-en0005-01-40255 95
82 clueweb09-en0011-66-40029 89
82 clueweb09-en0001-80-24610 21
82 clueweb09-en0001-35-33727 7
82 clueweb09-en0005-10-16726 49
82 clueweb09-en0000-26-20093 64
82 clueweb09-en0006-18-30483 88
82 clueweb09-en0094-51-21759 90
