83 clueweb09-en0006-72-28439 93
83 clueweb09-en0010-85-39621 64
83 clueweb09-en0006-61-06197 76
83 clueweb09-en0036-85-28834 6
83 clueweb09-en0000-79-20294 84
83 clueweb09-en0009-30-08422 29
83 clueweb09-en0008-95-06825 37
83 clueweb09-enwp02-22-19968 87
83 clueweb09-en0006-72-28381 93
83 clueweb09-enwp02-04-17481 63
83 clueweb09-en0094-33-25584 29
83 clueweb09-en0132-47-16146 50
83 clueweb09-en0000-04-08310 61
83 clueweb09-en0132-47-16145 54
83 clueweb09-en0006-72-28422 92
83 clueweb09-en0005-08-25114 60
83 clueweb09-en0008-43-11419 46
83 clueweb09-en0005-83-36567 72
83 clueweb09-en0008-74-16610 60
83 clueweb09-en0010-66-24720 50
83 clueweb09-en0006-61-06207 72
83 clueweb09-en0094-00-02234 71
83 clueweb09-en0009-79-27524 38
83 clueweb09-en0008-85-35911 61
83 clueweb09-en0009-29-35118 88
83 clueweb09-en0006-72-28391 92
83 clueweb09-en0000-31-34488 55
83 clueweb09-en0011-65-05693 86
83 clueweb09-en0006-72-28398 68
83 clueweb09-en0009-76-02866 73
83 clueweb09-enwp03-27-22164 86
83 clueweb09-en0000-06-13833 42
83 clueweb09-en0037-79-32239 65
83 clueweb09-en0004-49-30464 53
83 clueweb09-en0000-06-13834 36
83 clueweb09-en0011-87-23090 44
83 clueweb09-en0128-85-24488 66
83 clueweb09-en0009-29-27759 70
83 clueweb09-en0128-85-24487 66
83 clueweb09-en0006-72-28457 92
83 clueweb09-en0008-30-35414 40
83 clueweb09-en0009-29-34675 89
83 clueweb09-en0010-49-18130 13
83 clueweb09-en0008-95-29576 89
83 clueweb09-en0009-29-35314 65
83 clueweb09-en0006-60-33913 43
83 clueweb09-en0010-53-01772 11
83 clueweb09-enwp02-04-17619 66
83 clueweb09-en0005-51-28460 83
83 clueweb09-en0009-29-34954 88
83 clueweb09-en0009-16-10480 40
83 clueweb09-en0008-65-23795 3
83 clueweb09-en0028-32-28448 50
83 clueweb09-en0011-62-10518 54
83 clueweb09-en0002-59-08411 83
83 clueweb09-en0001-02-21457 97
83 clueweb09-en0008-19-28971 43
83 clueweb09-en0005-12-23812 50
83 clueweb09-en0088-86-07619 63
83 clueweb09-en0009-29-34658 78
83 clueweb09-en0010-68-17871 65
83 clueweb09-en0007-65-14752 80
83 clueweb09-en0005-97-24675 83
83 clueweb09-en0006-72-28461 92
83 clueweb09-en0008-64-20225 12
83 clueweb09-en0132-20-37679 76
83 clueweb09-en0006-72-28470 92
83 clueweb09-en0006-51-18642 77
83 clueweb09-en0006-57-12719 77
83 clueweb09-en0010-23-11620 74
83 clueweb09-en0010-53-39663 65
83 clueweb09-en0006-17-10974 58
83 clueweb09-en0011-91-06261 81
83 clueweb09-en0038-07-01430 69
83 clueweb09-en0005-87-40831 49
83 clueweb09-en0006-32-09659 36
83 clueweb09-en0009-34-19093 72
83 clueweb09-en0006-72-28493 93
83 clueweb09-enwp01-95-18850 78
83 clueweb09-en0008-44-21217 53
83 clueweb09-en0009-29-35143 88
83 clueweb09-en0011-13-26563 69
83 clueweb09-en0024-68-20151 89
83 clueweb09-en0011-60-35520 71
83 clueweb09-en0005-67-36277 75
83 clueweb09-en0000-92-20671 21
83 clueweb09-en0128-29-07824 63
83 clueweb09-en0009-29-35287 86
83 clueweb09-en0009-29-35286 87
83 clueweb09-en0008-19-30866 2
83 clueweb09-en0010-84-17135 54
83 clueweb09-en0007-26-13150 20
83 clueweb09-en0008-89-12458 66
83 clueweb09-en0001-35-04678 83
83 clueweb09-en0129-08-41668 75
83 clueweb09-en0006-72-28407 91
83 clueweb09-en0127-70-17735 16
83 clueweb09-en0006-72-28402 69
83 clueweb09-en0006-72-28524 86
