84 clueweb09-en0005-74-11509 65
84 clueweb09-en0008-81-05545 93
84 clueweb09-en0001-23-32567 98
84 clueweb09-en0011-25-17686 58
84 clueweb09-en0002-31-21192 91
84 clueweb09-en0010-94-00192 80
84 clueweb09-en0007-38-24595 62
84 clueweb09-en0001-11-22328 83
84 clueweb09-en0009-14-15310 97
84 clueweb09-en0011-63-26729 91
84 clueweb09-en0001-94-11831 64
84 clueweb09-en0007-88-23065 82
84 clueweb09-en0002-76-40795 82
84 clueweb09-en0001-79-30281 66
84 clueweb09-en0006-19-12161 95
84 clueweb09-en0006-19-12163 95
84 clueweb09-en0010-12-33381 98
84 clueweb09-en0000-76-15708 91
84 clueweb09-en0094-61-00148 86
84 clueweb09-en0098-75-03864 29
84 clueweb09-en0007-50-38501 51
84 clueweb09-en0007-85-03533 87
84 clueweb09-en0010-22-37488 80
84 clueweb09-en0011-43-23700 71
84 clueweb09-en0075-96-02214 31
84 clueweb09-en0010-64-34243 75
84 clueweb09-en0021-99-34946 94
84 clueweb09-en0002-84-17805 87
84 clueweb09-en0006-82-19228 61
84 clueweb09-en0006-73-36768 82
84 clueweb09-en0006-19-12164 93
84 clueweb09-enwp00-57-17417 83
84 clueweb09-en0108-33-32735 30
84 clueweb09-en0058-86-23587 12
84 clueweb09-en0010-36-14680 74
84 clueweb09-en0006-82-19226 69
84 clueweb09-en0008-20-00078 24
84 clueweb09-en0131-48-13345 31
84 clueweb09-en0010-36-03960 29
84 clueweb09-en0000-25-20519 59
84 clueweb09-en0001-02-11664 26
84 clueweb09-en0005-57-44175 83
84 clueweb09-en0029-87-33273 78
84 clueweb09-en0027-49-34715 93
84 clueweb09-en0007-14-33473 80
84 clueweb09-en0011-10-02550 81
84 clueweb09-enwp01-87-21815 77
84 clueweb09-en0027-49-35660 93
84 clueweb09-en0008-90-18349 92
84 clueweb09-en0007-86-07924 62
84 clueweb09-en0007-32-03390 90
84 clueweb09-en0000-15-12813 65
84 clueweb09-en0005-89-27496 72
