85 clueweb09-enwp01-41-20168 98
85 clueweb09-en0008-74-21324 82
85 clueweb09-en0005-99-44522 84
85 clueweb09-enwp02-00-15304 70
85 clueweb09-en0011-44-12562 87
85 clueweb09-en0008-95-16789 79
85 clueweb09-en0006-73-13874 57
85 clueweb09-en0008-14-06539 70
85 clueweb09-enwp01-22-04263 76
85 clueweb09-en0008-45-36420 92
85 clueweb09-en0008-83-15908 94
85 clueweb09-en0002-04-08435 75
85 clueweb09-en0004-31-25436 99
85 clueweb09-en0007-32-26341 57
85 clueweb09-en0085-57-26775 77
85 clueweb09-en0011-84-34247 78
85 clueweb09-en0000-28-13751 19
85 clueweb09-en0005-91-15794 5
85 clueweb09-en0121-38-35715 87
85 clueweb09-en0000-47-05484 0
85 clueweb09-en0010-32-17025 47
85 clueweb09-en0011-57-07513 97
85 clueweb09-en0120-96-37030 2
85 clueweb09-en0120-96-37031 1
85 clueweb09-en0007-72-14475 93
85 clueweb09-en0002-54-18979 93
85 clueweb09-en0118-74-36363 24
85 clueweb09-enwp01-45-00090 97
85 clueweb09-en0010-97-14172 62
85 clueweb09-en0011-96-11004 22
85 clueweb09-en0008-32-10865 60
85 clueweb09-en0022-29-29178 51
85 clueweb09-enwp01-90-17402 94
85 clueweb09-en0006-78-19948 50
85 clueweb09-en0008-44-12783 90
85 clueweb09-en0010-38-11524 91
85 clueweb09-en0006-13-30876 50
85 clueweb09-en0007-77-04006 56
85 clueweb09-en0007-22-24199 57
85 clueweb09-en0010-93-19449 99
85 clueweb09-en0007-97-00978 96
85 clueweb09-en0002-55-06259 94
85 clueweb09-en0010-73-31606 97
