86 clueweb09-en0005-37-02090 40
86 clueweb09-en0029-03-12476 79
86 clueweb09-en0096-53-12916 23
86 clueweb09-en0032-25-26651 65
86 clueweb09-en0001-73-21845 96
86 clueweb09-en0010-82-14034 33
86 clueweb09-en0057-00-25344 61
86 clueweb09-en0005-35-06839 99
86 clueweb09-en0012-49-02105 74
86 clueweb09-en0006-06-14993 99
86 clueweb09-en0043-57-15289 95
86 clueweb09-en0005-96-11142 88
86 clueweb09-en0066-65-12435 73
86 clueweb09-en0043-57-15286 96
86 clueweb09-en0034-38-24244 96
86 clueweb09-en0006-06-15036 99
86 clueweb09-enwp03-11-05936 92
86 clueweb09-en0088-05-22877 55
86 clueweb09-en0006-06-15050 99
86 clueweb09-en0010-79-35229 45
86 clueweb09-en0011-61-06950 44
86 clueweb09-en0011-81-26638 29
86 clueweb09-en0054-85-32547 81
86 clueweb09-en0004-50-04737 73
86 clueweb09-en0004-51-21018 79
86 clueweb09-en0015-57-09068 96
86 clueweb09-en0010-34-41222 92
86 clueweb09-en0027-84-41919 80
86 clueweb09-en0006-06-14911 96
86 clueweb09-en0008-72-27693 87
86 clueweb09-en0006-06-15029 99
86 clueweb09-en0006-06-14982 58
86 clueweb09-en0002-88-30794 97
86 clueweb09-en0010-78-36268 46
86 clueweb09-en0046-63-27113 12
86 clueweb09-enwp03-28-01489 93
86 clueweb09-en0088-14-14829 67
86 clueweb09-en0001-85-03351 85
86 clueweb09-en0010-61-24273 38
86 clueweb09-en0006-06-15040 99
86 clueweb09-en0010-34-40777 99
86 clueweb09-en0057-03-18352 73
86 clueweb09-en0006-06-15045 99
