87 clueweb09-enwp00-10-10295 98
87 clueweb09-en0009-95-34247 97
87 clueweb09-en0008-70-42485 7
87 clueweb09-en0010-26-00912 22
87 clueweb09-en0009-07-36859 16
87 clueweb09-en0094-90-38301 36
87 clueweb09-enwp00-37-07554 99
87 clueweb09-en0047-80-07351 93
87 clueweb09-en0011-34-02806 50
87 clueweb09-en0008-75-34058 88
87 clueweb09-en0011-30-33532 39
87 clueweb09-enwp00-08-15861 86
87 clueweb09-en0108-03-10895 90
87 clueweb09-en0023-34-29474 68
87 clueweb09-en0127-85-47084 96
87 clueweb09-en0010-01-29213 24
87 clueweb09-en0009-29-10159 3
87 clueweb09-en0000-08-16110 8
87 clueweb09-en0002-42-19982 77
87 clueweb09-en0026-65-05183 79
87 clueweb09-en0000-92-08695 5
87 clueweb09-enwp00-77-16510 97
87 clueweb09-en0000-62-09427 0
87 clueweb09-en0040-65-30137 75
87 clueweb09-en0009-58-16925 66
87 clueweb09-en0010-59-07412 66
87 clueweb09-enwp02-22-19954 46
87 clueweb09-enwp00-67-16833 97
87 clueweb09-en0011-66-12245 49
87 clueweb09-en0104-99-39767 4
87 clueweb09-en0076-04-00392 18
87 clueweb09-en0011-67-05188 58
87 clueweb09-en0010-55-25005 59
87 clueweb09-en0010-55-25004 57
87 clueweb09-enwp02-14-07404 96
87 clueweb09-en0008-47-20936 90
87 clueweb09-en0011-13-40167 51
87 clueweb09-en0011-92-29533 69
87 clueweb09-en0000-40-27403 69
87 clueweb09-en0011-41-21135 86
87 clueweb09-en0042-08-01343 7
87 clueweb09-en0008-37-30719 43
87 clueweb09-en0005-68-21309 40
87 clueweb09-en0000-89-03333 96
87 clueweb09-en0030-15-27055 63
87 clueweb09-enwp01-87-07508 98
87 clueweb09-en0125-69-00218 28
87 clueweb09-en0005-30-13551 64
87 clueweb09-enwp00-07-15776 86
87 clueweb09-enwp02-23-17984 58
87 clueweb09-en0009-30-30614 72
87 clueweb09-en0005-28-02835 47
87 clueweb09-en0007-84-24856 46
87 clueweb09-en0006-60-31534 59
87 clueweb09-en0003-94-01293 0
87 clueweb09-en0011-87-25145 48
87 clueweb09-en0008-43-24927 96
87 clueweb09-en0005-46-12193 5
87 clueweb09-en0000-86-09625 98
87 clueweb09-en0000-50-11780 26
87 clueweb09-en0009-66-04815 55
87 clueweb09-en0042-43-05010 93
87 clueweb09-en0130-90-22288 75
87 clueweb09-enwp01-89-18534 81
87 clueweb09-en0007-09-32825 93
87 clueweb09-en0037-52-37989 60
87 clueweb09-en0006-58-16479 51
87 clueweb09-enwp02-00-18634 62
87 clueweb09-en0011-49-25719 54
87 clueweb09-en0005-18-09528 69
87 clueweb09-en0010-15-18834 91
87 clueweb09-en0009-31-02709 26
87 clueweb09-en0066-06-27948 67
87 clueweb09-en0008-98-30580 91
87 clueweb09-en0011-87-25168 42
87 clueweb09-en0009-45-35880 22
87 clueweb09-en0005-03-29707 54
87 clueweb09-en0003-94-01323 0
