88 clueweb09-en0009-34-31678 46
88 clueweb09-en0006-81-20155 22
88 clueweb09-en0005-18-09297 73
88 clueweb09-en0005-18-16568 82
88 clueweb09-en0011-59-22837 21
88 clueweb09-en0010-89-22073 66
88 clueweb09-en0080-42-28634 59
88 clueweb09-en0007-68-30770 98
88 clueweb09-en0009-43-36862 73
88 clueweb09-en0006-25-39885 97
88 clueweb09-en0079-28-28137 45
88 clueweb09-en0006-66-04311 83
88 clueweb09-en0006-21-33469 86
88 clueweb09-en0006-04-42255 23
88 clueweb09-enwp01-28-03948 85
88 clueweb09-en0051-87-18457 57
88 clueweb09-en0004-95-19168 98
88 clueweb09-en0007-22-24188 59
88 clueweb09-en0002-46-01675 89
88 clueweb09-en0006-06-07988 85
88 clueweb09-enwp01-69-07856 94
88 clueweb09-en0001-59-13443 21
88 clueweb09-en0010-66-06223 83
88 clueweb09-en0007-83-13368 93
88 clueweb09-en0130-68-46934 58
88 clueweb09-en0010-72-16912 21
88 clueweb09-en0066-23-23006 93
88 clueweb09-en0053-96-31302 83
88 clueweb09-en0007-58-03310 58
88 clueweb09-enwp01-36-05684 85
88 clueweb09-en0005-84-28975 0
88 clueweb09-en0005-74-40526 20
88 clueweb09-en0010-47-11002 43
88 clueweb09-en0006-77-43268 96
88 clueweb09-en0010-38-18086 98
88 clueweb09-en0003-29-29801 0
88 clueweb09-en0006-81-20149 21
88 clueweb09-en0008-30-27834 90
88 clueweb09-en0007-43-28190 56
88 clueweb09-en0005-70-24430 80
88 clueweb09-en0009-15-31064 71
88 clueweb09-en0010-28-27914 87
88 clueweb09-en0006-61-16701 74
88 clueweb09-en0006-10-03981 90
88 clueweb09-en0007-79-06109 79
88 clueweb09-en0009-13-33897 88
88 clueweb09-en0031-02-27055 84
88 clueweb09-en0121-49-13698 76
88 clueweb09-en0006-80-17722 89
88 clueweb09-en0009-45-20706 75
88 clueweb09-en0005-04-11280 7
88 clueweb09-en0006-90-05613 7
88 clueweb09-en0066-23-22678 93
88 clueweb09-en0026-78-32554 65
88 clueweb09-en0091-88-10784 70
88 clueweb09-en0006-81-20433 28
88 clueweb09-enwp01-13-00040 99
88 clueweb09-en0005-08-13366 28
88 clueweb09-en0006-26-27824 82
88 clueweb09-en0011-01-31618 93
88 clueweb09-en0005-98-08316 31
88 clueweb09-en0006-67-06946 45
88 clueweb09-en0020-68-37336 71
88 clueweb09-en0010-54-36169 35
88 clueweb09-en0102-97-06672 57
