89 clueweb09-en0046-77-22288 6
89 clueweb09-en0010-48-12470 39
89 clueweb09-en0008-71-14195 62
89 clueweb09-en0007-34-04542 89
89 clueweb09-en0017-46-32938 93
89 clueweb09-en0008-54-13302 96
89 clueweb09-en0007-28-34565 70
89 clueweb09-en0046-73-12239 93
89 clueweb09-en0007-34-04111 88
89 clueweb09-enwp00-59-14544 68
89 clueweb09-en0011-43-05577 98
89 clueweb09-en0007-52-14776 68
89 clueweb09-en0011-13-17776 26
89 clueweb09-en0009-00-08177 49
89 clueweb09-enwp00-12-15997 82
89 clueweb09-en0005-32-37958 80
89 clueweb09-en0006-08-24528 31
89 clueweb09-en0010-39-32327 81
89 clueweb09-en0006-57-15943 27
89 clueweb09-en0007-89-11690 74
89 clueweb09-en0000-73-08129 65
89 clueweb09-en0001-52-14811 34
89 clueweb09-en0022-57-05825 60
89 clueweb09-en0002-26-31056 48
89 clueweb09-enwp00-58-24347 68
89 clueweb09-en0010-68-00809 85
89 clueweb09-en0010-57-41268 21
89 clueweb09-en0005-09-22601 34
89 clueweb09-en0006-07-09628 82
89 clueweb09-en0046-55-03080 68
89 clueweb09-enwp00-12-17267 96
89 clueweb09-en0106-74-05700 64
89 clueweb09-en0002-47-15081 85
89 clueweb09-en0130-84-49472 62
89 clueweb09-en0008-94-23882 35
89 clueweb09-en0010-52-14114 80
89 clueweb09-en0005-23-08413 34
89 clueweb09-en0004-69-17260 77
89 clueweb09-en0009-30-42343 86
89 clueweb09-enwp00-10-16048 81
89 clueweb09-en0006-11-18753 86
89 clueweb09-en0011-07-27693 24
89 clueweb09-en0081-80-22569 52
89 clueweb09-en0017-46-32947 98
89 clueweb09-en0005-96-32453 71
89 clueweb09-en0010-92-10523 64
89 clueweb09-en0000-68-15938 63
89 clueweb09-en0007-55-40138 93
89 clueweb09-en0008-67-35597 57
