91 clueweb09-en0009-73-41555 74
91 clueweb09-en0103-69-11748 27
91 clueweb09-en0001-44-40346 90
91 clueweb09-en0006-82-30446 49
91 clueweb09-en0000-97-15550 38
91 clueweb09-enwp02-05-05077 57
91 clueweb09-en0007-99-39754 31
91 clueweb09-en0002-46-03695 64
91 clueweb09-en0007-45-08432 84
91 clueweb09-en0001-67-16656 2
91 clueweb09-en0015-99-19941 31
91 clueweb09-en0011-03-28893 43
91 clueweb09-en0011-03-28892 49
91 clueweb09-enwp00-89-17652 94
91 clueweb09-en0011-74-13671 28
91 clueweb09-en0009-36-20719 89
91 clueweb09-en0000-96-08814 20
91 clueweb09-en0011-46-18132 62
91 clueweb09-en0010-87-19440 49
91 clueweb09-enwp02-03-17467 89
91 clueweb09-en0010-85-31455 12
91 clueweb09-en0007-05-08466 6
91 clueweb09-en0008-63-43483 94
91 clueweb09-en0008-79-08978 53
91 clueweb09-en0001-55-22789 1
91 clueweb09-en0077-30-39811 50
91 clueweb09-en0116-75-33140 62
91 clueweb09-enwp03-32-07089 96
91 clueweb09-en0011-62-04661 17
91 clueweb09-enwp02-01-17604 70
91 clueweb09-en0021-84-18658 98
91 clueweb09-en0011-14-17166 87
91 clueweb09-enwp02-03-12356 94
91 clueweb09-en0008-38-39364 39
91 clueweb09-en0005-70-10324 91
91 clueweb09-en0008-61-37912 57
91 clueweb09-en0011-95-25803 35
91 clueweb09-en0130-93-29040 87
91 clueweb09-en0010-07-22364 98
91 clueweb09-en0008-47-16635 96
91 clueweb09-en0000-51-20420 0
91 clueweb09-en0010-15-22491 44
91 clueweb09-en0130-93-29042 90
91 clueweb09-en0004-68-26176 93
91 clueweb09-en0061-25-27671 54
91 clueweb09-en0007-63-33725 29
91 clueweb09-enwp02-00-18704 81
91 clueweb09-en0011-46-18143 66
91 clueweb09-en0075-01-17586 67
91 clueweb09-en0010-97-13384 69
91 clueweb09-en0005-81-18125 2
91 clueweb09-en0001-03-28569 94
91 clueweb09-en0010-92-15719 45
91 clueweb09-en0007-12-13639 34
91 clueweb09-en0018-87-11346 69
91 clueweb09-en0006-22-04621 11
91 clueweb09-en0068-64-19853 53
91 clueweb09-en0027-39-02540 26
91 clueweb09-en0005-84-13852 79
91 clueweb09-en0011-32-26540 89
91 clueweb09-enwp00-07-00305 98
91 clueweb09-en0005-61-10539 42
91 clueweb09-en0002-37-14815 88
91 clueweb09-en0049-10-23188 53
91 clueweb09-en0001-55-22790 2
91 clueweb09-en0004-44-33281 95
91 clueweb09-en0021-84-18660 98
91 clueweb09-en0005-37-00890 25
