92 clueweb09-en0009-02-15095 55
92 clueweb09-en0006-77-01018 90
92 clueweb09-en0012-10-23812 88
92 clueweb09-en0006-80-10041 99
92 clueweb09-en0005-87-02127 48
92 clueweb09-en0067-93-14455 71
92 clueweb09-en0005-15-11065 72
92 clueweb09-en0011-64-17210 79
92 clueweb09-en0021-55-04881 64
92 clueweb09-en0009-48-17143 82
92 clueweb09-en0009-92-32682 92
92 clueweb09-en0006-54-06953 65
92 clueweb09-en0008-71-22395 22
92 clueweb09-en0011-02-15761 77
92 clueweb09-en0010-46-14919 35
92 clueweb09-en0005-87-36511 35
92 clueweb09-en0008-70-09803 23
92 clueweb09-en0008-68-09623 80
92 clueweb09-en0022-17-32141 89
92 clueweb09-en0004-76-31026 71
92 clueweb09-enwp01-13-15709 96
92 clueweb09-en0090-90-33101 66
92 clueweb09-en0076-68-17400 37
92 clueweb09-en0081-41-34487 69
92 clueweb09-en0010-61-17713 87
92 clueweb09-en0008-64-20832 10
92 clueweb09-en0009-03-14779 88
92 clueweb09-en0005-54-13795 50
92 clueweb09-en0006-43-18725 75
92 clueweb09-en0130-64-50545 82
92 clueweb09-en0010-46-19010 60
92 clueweb09-enwp01-89-17318 96
92 clueweb09-en0133-51-15734 70
92 clueweb09-enwp00-24-14265 97
92 clueweb09-en0001-56-01392 51
92 clueweb09-en0006-54-05371 27
92 clueweb09-en0011-96-39421 59
92 clueweb09-en0006-30-24834 11
92 clueweb09-en0130-70-23668 93
92 clueweb09-en0010-77-36889 61
92 clueweb09-en0011-14-23774 61
92 clueweb09-en0000-07-12801 50
92 clueweb09-en0006-25-08874 96
92 clueweb09-en0011-58-01909 92
92 clueweb09-en0011-88-00380 55
92 clueweb09-en0000-17-07171 82
92 clueweb09-en0130-64-09460 74
92 clueweb09-en0000-06-05382 2
92 clueweb09-en0010-18-20771 85
92 clueweb09-en0007-42-40245 72
92 clueweb09-enwp01-90-17134 69
92 clueweb09-en0008-37-09865 20
92 clueweb09-en0006-81-26723 21
92 clueweb09-en0006-08-06010 13
92 clueweb09-en0004-15-14239 86
92 clueweb09-en0010-84-11251 89
92 clueweb09-en0029-07-00321 73
92 clueweb09-en0006-82-03979 65
92 clueweb09-en0120-66-14968 58
92 clueweb09-en0000-50-01516 10
92 clueweb09-en0005-06-13404 24
92 clueweb09-en0009-44-40763 87
92 clueweb09-en0010-33-34700 85
92 clueweb09-en0007-22-23538 46
92 clueweb09-en0011-46-37737 65
92 clueweb09-en0010-53-36436 12
92 clueweb09-en0030-68-07430 57
92 clueweb09-en0002-65-31389 32
92 clueweb09-en0001-41-23780 7
92 clueweb09-en0005-70-15903 54
92 clueweb09-en0004-39-32388 94
92 clueweb09-en0017-20-19190 98
92 clueweb09-en0011-13-25873 52
92 clueweb09-en0005-93-02468 55
92 clueweb09-enwp01-97-17873 27
92 clueweb09-en0133-98-00289 55
92 clueweb09-en0000-17-17915 33
92 clueweb09-en0009-73-13419 31
92 clueweb09-en0133-81-50508 69
92 clueweb09-en0008-99-21115 12
92 clueweb09-en0009-77-16288 66
92 clueweb09-en0029-66-13804 27
92 clueweb09-en0002-28-18687 90
92 clueweb09-en0011-63-15236 43
