93 clueweb09-en0009-43-03516 62
93 clueweb09-en0029-98-08154 61
93 clueweb09-en0008-23-03231 59
93 clueweb09-en0010-26-21486 67
93 clueweb09-en0006-06-22009 19
93 clueweb09-en0010-09-19643 80
93 clueweb09-en0010-24-38064 92
93 clueweb09-en0010-71-01217 70
93 clueweb09-en0002-37-35951 25
93 clueweb09-en0008-79-35332 51
93 clueweb09-enwp01-18-00420 82
93 clueweb09-enwp02-28-18105 96
93 clueweb09-en0000-48-19894 69
93 clueweb09-en0081-56-24647 34
93 clueweb09-en0011-33-35347 28
93 clueweb09-en0002-51-22420 81
93 clueweb09-en0010-93-33815 14
93 clueweb09-enwp01-84-12113 99
93 clueweb09-en0001-94-05239 51
93 clueweb09-en0008-13-11549 97
93 clueweb09-en0011-37-29607 84
93 clueweb09-en0011-65-19255 20
93 clueweb09-en0000-61-32048 90
93 clueweb09-en0053-26-05253 85
93 clueweb09-en0010-62-01682 79
93 clueweb09-en0007-59-08723 10
93 clueweb09-en0004-24-22170 80
93 clueweb09-en0009-57-14185 88
93 clueweb09-en0124-31-35637 91
93 clueweb09-en0025-76-27328 79
93 clueweb09-en0032-85-31360 76
93 clueweb09-en0011-51-09692 92
93 clueweb09-en0008-57-07305 76
93 clueweb09-en0007-80-16059 22
93 clueweb09-en0005-65-07428 88
93 clueweb09-en0081-88-01696 85
93 clueweb09-en0043-93-15225 57
93 clueweb09-en0005-32-23743 51
93 clueweb09-en0001-52-32499 8
93 clueweb09-en0009-19-25961 58
93 clueweb09-en0002-58-21255 84
93 clueweb09-en0044-83-17268 70
93 clueweb09-en0000-58-11313 9
93 clueweb09-en0010-33-28668 80
93 clueweb09-en0009-04-06205 18
93 clueweb09-en0005-43-13576 34
93 clueweb09-en0002-53-31723 89
93 clueweb09-en0114-12-23960 85
93 clueweb09-en0071-94-08519 61
93 clueweb09-en0001-13-12612 97
93 clueweb09-en0009-71-31236 75
93 clueweb09-en0010-24-37981 96
93 clueweb09-en0007-70-15764 73
93 clueweb09-en0001-44-11104 44
