94 clueweb09-en0006-88-22990 8
94 clueweb09-en0040-89-12488 62
94 clueweb09-en0077-59-35313 75
94 clueweb09-enwp01-76-12051 82
94 clueweb09-en0040-92-28339 31
94 clueweb09-en0009-72-23931 49
94 clueweb09-en0005-45-15282 64
94 clueweb09-en0005-95-34981 64
94 clueweb09-en0043-14-21914 81
94 clueweb09-en0069-02-03378 73
94 clueweb09-en0010-90-05383 70
94 clueweb09-en0007-35-23459 74
94 clueweb09-en0010-14-03320 63
94 clueweb09-enwp01-95-11944 87
94 clueweb09-en0011-66-40095 79
94 clueweb09-en0000-41-19978 38
94 clueweb09-en0054-43-27030 32
94 clueweb09-enwp02-15-02218 87
94 clueweb09-en0000-37-14770 21
94 clueweb09-en0010-07-13370 78
94 clueweb09-en0011-20-29471 80
94 clueweb09-en0005-34-09917 63
94 clueweb09-en0011-15-28083 81
94 clueweb09-en0007-04-37276 63
94 clueweb09-en0011-33-14579 96
94 clueweb09-en0009-21-26943 70
94 clueweb09-en0010-98-17371 14
94 clueweb09-en0006-09-11690 36
94 clueweb09-en0008-78-25083 14
94 clueweb09-en0010-39-05826 43
94 clueweb09-en0089-11-04378 20
94 clueweb09-enwp01-61-04885 88
94 clueweb09-en0007-00-25592 71
94 clueweb09-en0005-31-09684 76
94 clueweb09-en0009-11-35348 39
94 clueweb09-en0011-43-30281 35
94 clueweb09-en0002-45-29640 60
94 clueweb09-en0002-97-14206 30
94 clueweb09-en0001-60-25247 29
94 clueweb09-en0011-09-27762 80
94 clueweb09-en0000-12-17450 15
94 clueweb09-en0043-55-21213 92
94 clueweb09-en0003-07-01906 5
94 clueweb09-en0077-59-35312 82
94 clueweb09-en0008-31-39997 82
94 clueweb09-en0039-88-01494 84
94 clueweb09-en0010-64-15190 64
94 clueweb09-en0011-61-13645 6
94 clueweb09-en0010-16-21592 68
94 clueweb09-en0026-71-37200 67
94 clueweb09-en0011-50-33089 74
94 clueweb09-en0005-62-10555 25
94 clueweb09-en0009-95-03253 6
94 clueweb09-enwp00-17-11409 77
94 clueweb09-enwp02-13-11325 88
94 clueweb09-en0006-94-19308 45
94 clueweb09-en0000-44-06685 25
94 clueweb09-en0005-35-11924 57
94 clueweb09-en0011-15-27327 68
94 clueweb09-en0005-27-36641 29
94 clueweb09-en0003-25-03695 73
94 clueweb09-en0000-06-12592 23
94 clueweb09-en0000-10-13003 76
94 clueweb09-en0008-92-30449 73
94 clueweb09-en0011-87-23277 60
