95 clueweb09-en0017-69-22419 74
95 clueweb09-en0035-79-35714 30
95 clueweb09-en0127-50-30744 1
95 clueweb09-en0002-88-06750 49
95 clueweb09-en0001-65-30032 5
95 clueweb09-en0036-31-12262 62
95 clueweb09-enwp02-16-00257 64
95 clueweb09-en0008-22-15212 90
95 clueweb09-en0001-18-31815 2
95 clueweb09-en0002-16-24613 81
95 clueweb09-en0065-94-08901 96
95 clueweb09-en0030-79-09389 55
95 clueweb09-en0011-58-19010 3
95 clueweb09-en0068-16-03632 9
95 clueweb09-en0126-31-22661 17
95 clueweb09-en0000-10-03781 1
95 clueweb09-en0107-68-18680 8
95 clueweb09-en0044-14-05297 12
95 clueweb09-en0009-91-09089 50
95 clueweb09-en0003-97-31591 97
95 clueweb09-enwp02-00-18634 62
95 clueweb09-en0062-21-09244 53
95 clueweb09-en0022-13-03183 11
95 clueweb09-en0038-34-30555 5
95 clueweb09-en0032-95-05615 17
95 clueweb09-en0009-69-38327 12
95 clueweb09-en0038-95-34124 25
95 clueweb09-en0026-22-30998 77
95 clueweb09-en0007-73-13361 99
95 clueweb09-en0006-54-25055 67
95 clueweb09-en0025-15-02938 35
95 clueweb09-en0007-87-35980 67
95 clueweb09-en0058-97-21671 13
95 clueweb09-en0024-98-06299 79
95 clueweb09-en0004-72-28292 28
95 clueweb09-en0011-18-18795 4
95 clueweb09-en0011-18-18794 4
95 clueweb09-en0011-18-18797 4
95 clueweb09-en0011-18-18796 4
95 clueweb09-en0011-18-18791 4
95 clueweb09-en0011-18-18790 4
95 clueweb09-en0011-18-18793 4
95 clueweb09-en0011-18-18792 4
95 clueweb09-enwp02-15-02354 86
95 clueweb09-en0011-18-18799 4
95 clueweb09-en0011-18-18798 4
95 clueweb09-en0129-97-30740 74
95 clueweb09-en0065-31-19161 0
95 clueweb09-en0043-48-01058 34
95 clueweb09-en0049-45-30058 26
95 clueweb09-en0035-43-36226 48
95 clueweb09-en0078-83-24065 50
95 clueweb09-en0078-10-38531 7
95 clueweb09-en0007-35-18846 7
95 clueweb09-en0048-63-08909 51
95 clueweb09-en0008-80-18641 53
95 clueweb09-en0002-22-05509 94
95 clueweb09-en0009-75-23242 14
95 clueweb09-en0009-68-23140 30
95 clueweb09-en0009-75-23240 19
95 clueweb09-en0009-75-23246 18
95 clueweb09-en0009-75-23245 10
95 clueweb09-en0009-75-23244 15
95 clueweb09-en0012-84-26373 39
95 clueweb09-en0064-20-06498 23
95 clueweb09-en0040-21-07125 35
95 clueweb09-en0016-96-10364 83
95 clueweb09-en0001-68-17692 6
95 clueweb09-en0014-07-07568 67
95 clueweb09-en0016-26-04877 48
95 clueweb09-en0120-17-31368 59
95 clueweb09-en0003-69-06914 6
95 clueweb09-en0121-35-40422 53
95 clueweb09-en0003-69-06912 5
95 clueweb09-en0000-58-00679 3
95 clueweb09-en0021-47-36497 70
95 clueweb09-en0000-58-00778 2
95 clueweb09-enwp01-97-18179 28
95 clueweb09-en0131-19-31471 20
95 clueweb09-en0049-45-02796 53
95 clueweb09-en0005-52-20736 51
95 clueweb09-en0025-15-33147 50
95 clueweb09-en0009-91-09073 57
95 clueweb09-en0063-03-10243 23
95 clueweb09-en0009-33-22064 52
95 clueweb09-enwp01-98-00070 91
95 clueweb09-en0007-58-01730 45
95 clueweb09-en0034-35-26382 9
95 clueweb09-en0038-77-24901 19
95 clueweb09-en0011-18-18785 4
95 clueweb09-enwp01-96-18148 54
95 clueweb09-en0011-18-18782 4
95 clueweb09-en0004-47-14113 61
95 clueweb09-en0010-65-18027 31
95 clueweb09-en0094-87-30049 76
95 clueweb09-en0050-33-16537 69
95 clueweb09-en0052-68-15045 78
95 clueweb09-en0001-56-24268 79
95 clueweb09-enwp01-97-17873 27
95 clueweb09-en0057-46-26359 18
95 clueweb09-en0057-46-26358 46
95 clueweb09-en0007-15-14014 71
95 clueweb09-en0005-66-20460 68
95 clueweb09-en0123-78-04003 10
95 clueweb09-en0010-97-15789 54
95 clueweb09-en0009-49-20473 42
95 clueweb09-en0020-12-14113 67
95 clueweb09-en0018-80-07741 40
95 clueweb09-enwp02-04-09030 84
95 clueweb09-en0035-06-08911 64
95 clueweb09-en0107-53-22005 65
95 clueweb09-en0008-93-16996 27
95 clueweb09-enwp00-71-04311 94
95 clueweb09-en0080-48-27930 13
95 clueweb09-en0068-16-03650 9
95 clueweb09-en0007-66-19865 27
95 clueweb09-enwp03-42-00868 92
95 clueweb09-en0093-19-07015 3
95 clueweb09-en0006-09-23058 72
95 clueweb09-en0006-09-23052 78
95 clueweb09-en0006-09-23053 79
95 clueweb09-en0006-09-23051 81
95 clueweb09-en0007-78-17243 64
95 clueweb09-en0048-23-43817 12
95 clueweb09-en0113-14-01769 18
95 clueweb09-en0019-48-26559 13
95 clueweb09-en0008-01-32915 82
95 clueweb09-en0010-76-32912 58
95 clueweb09-en0001-49-08106 86
95 clueweb09-en0001-49-08107 88
95 clueweb09-en0001-49-08104 87
95 clueweb09-en0001-49-08105 87
95 clueweb09-en0001-49-08102 90
95 clueweb09-en0001-49-08103 87
95 clueweb09-en0001-49-08108 86
95 clueweb09-en0001-49-08109 86
95 clueweb09-en0007-98-30758 74
95 clueweb09-en0006-00-12838 23
95 clueweb09-en0000-00-01476 32
95 clueweb09-en0009-33-17623 2
95 clueweb09-en0025-86-34868 72
95 clueweb09-en0008-78-22746 16
95 clueweb09-en0093-31-32921 53
95 clueweb09-en0003-07-26865 2
95 clueweb09-en0085-46-27329 47
95 clueweb09-en0009-36-35076 21
95 clueweb09-enwp00-98-16579 64
95 clueweb09-en0009-61-01784 73
95 clueweb09-en0108-65-36028 23
95 clueweb09-en0000-72-02361 86
95 clueweb09-enwp03-36-02050 93
95 clueweb09-en0052-00-23264 3
95 clueweb09-en0127-61-02259 10
95 clueweb09-enwp02-23-17984 58
95 clueweb09-enwp01-93-17804 59
95 clueweb09-en0012-74-31359 68
95 clueweb09-en0016-73-31162 3
95 clueweb09-en0024-15-06406 11
95 clueweb09-en0026-20-35395 32
95 clueweb09-enwp00-30-10958 98
95 clueweb09-en0002-24-24325 53
95 clueweb09-en0004-53-34324 99
95 clueweb09-en0063-14-39209 5
95 clueweb09-en0030-48-11529 80
95 clueweb09-en0030-48-11522 82
95 clueweb09-en0030-48-11521 83
95 clueweb09-en0094-74-06681 76
95 clueweb09-en0038-28-29660 17
95 clueweb09-enwp01-91-19321 92
95 clueweb09-en0011-18-18809 4
95 clueweb09-en0011-18-18808 4
95 clueweb09-en0004-05-35303 65
95 clueweb09-en0072-00-31514 27
95 clueweb09-en0007-80-20876 61
95 clueweb09-en0011-18-18801 4
95 clueweb09-en0011-18-18800 4
95 clueweb09-en0011-18-18803 4
95 clueweb09-en0011-18-18802 3
95 clueweb09-en0011-18-18805 4
95 clueweb09-en0002-23-08137 78
95 clueweb09-en0011-18-18807 3
95 clueweb09-en0011-18-18806 4
95 clueweb09-en0006-97-09683 21
95 clueweb09-en0008-79-16179 19
95 clueweb09-en0038-66-12335 75
95 clueweb09-en0006-09-23062 73
95 clueweb09-en0002-08-00435 26
95 clueweb09-en0007-98-31189 64
95 clueweb09-en0004-12-24932 1
95 clueweb09-en0007-74-10781 24
95 clueweb09-en0022-13-03195 6
95 clueweb09-en0061-39-02252 50
95 clueweb09-enwp01-90-16023 89
95 clueweb09-en0019-41-38481 82
95 clueweb09-en0038-65-02802 34
95 clueweb09-en0008-66-09482 55
95 clueweb09-en0000-18-13094 82
95 clueweb09-en0005-79-08604 10
95 clueweb09-en0009-58-35707 47
95 clueweb09-en0005-62-35455 18
95 clueweb09-en0006-09-23060 71
95 clueweb09-en0011-18-18786 4
95 clueweb09-en0011-18-18787 4
95 clueweb09-en0011-18-18784 4
95 clueweb09-en0012-72-03043 65
95 clueweb09-en0012-72-03044 60
95 clueweb09-en0011-18-18783 4
95 clueweb09-en0011-18-18780 4
95 clueweb09-en0011-18-18781 4
95 clueweb09-en0011-18-18789 4
95 clueweb09-en0006-24-24281 55
95 clueweb09-en0081-10-45226 28
95 clueweb09-en0005-49-41028 31
95 clueweb09-en0010-08-08614 30
95 clueweb09-en0039-58-12160 28
95 clueweb09-en0024-98-06276 41
95 clueweb09-en0024-98-06271 60
95 clueweb09-en0033-24-38267 79
95 clueweb09-en0008-35-25965 38
95 clueweb09-en0024-98-06272 39
95 clueweb09-en0078-05-04846 23
95 clueweb09-en0000-19-07440 0
95 clueweb09-en0004-76-09635 58
95 clueweb09-en0000-11-00011 9
95 clueweb09-en0009-75-23258 13
95 clueweb09-en0081-05-01311 11
95 clueweb09-en0083-69-33274 74
95 clueweb09-en0009-75-23254 10
95 clueweb09-en0009-75-23255 14
95 clueweb09-en0031-48-11647 20
95 clueweb09-en0009-75-23257 11
95 clueweb09-en0009-75-23252 17
95 clueweb09-en0092-03-00086 30
95 clueweb09-en0080-33-37696 24
95 clueweb09-en0127-86-43390 10
95 clueweb09-enwp02-22-19954 46
95 clueweb09-en0001-03-09392 70
95 clueweb09-en0005-57-37006 2
95 clueweb09-en0066-99-22766 25
95 clueweb09-en0131-91-04022 13
95 clueweb09-enwp02-01-17916 80
95 clueweb09-en0065-61-01434 9
95 clueweb09-en0035-82-34668 65
95 clueweb09-en0010-60-19363 44
95 clueweb09-en0052-45-42725 59
95 clueweb09-en0030-58-20114 10
95 clueweb09-en0012-85-11003 22
95 clueweb09-en0012-85-11005 16
95 clueweb09-en0012-85-11004 15
95 clueweb09-enwp03-25-02013 92
95 clueweb09-en0003-24-31446 0
95 clueweb09-en0035-82-34673 60
95 clueweb09-en0022-13-14042 26
95 clueweb09-enwp02-04-15021 81
95 clueweb09-en0010-36-14645 15
95 clueweb09-en0081-78-11951 58
95 clueweb09-en0025-46-01852 17
95 clueweb09-en0025-46-01853 12
95 clueweb09-en0097-48-07514 60
95 clueweb09-en0025-46-01851 10
95 clueweb09-enwp02-13-02054 99
95 clueweb09-en0025-46-01854 15
95 clueweb09-en0012-40-12632 18
95 clueweb09-en0021-47-36480 69
95 clueweb09-en0011-18-18774 47
95 clueweb09-enwp01-23-03638 96
95 clueweb09-en0132-72-24316 84
95 clueweb09-en0037-41-40571 26
95 clueweb09-en0002-91-23617 59
95 clueweb09-enwp01-27-08304 97
95 clueweb09-en0002-05-09092 59
95 clueweb09-en0002-98-28082 73
95 clueweb09-en0004-00-13133 44
95 clueweb09-en0001-56-24270 84
95 clueweb09-en0024-52-21388 60
95 clueweb09-enwp01-72-17653 76
95 clueweb09-en0025-98-02583 72
95 clueweb09-en0006-35-23721 31
95 clueweb09-en0011-11-10085 74
95 clueweb09-en0009-27-01521 57
95 clueweb09-en0009-39-04209 16
95 clueweb09-en0009-88-34731 71
95 clueweb09-enwp01-48-01345 95
95 clueweb09-en0050-35-22331 86
95 clueweb09-en0028-28-02535 68
95 clueweb09-en0003-97-11474 95
95 clueweb09-en0078-70-27408 38
95 clueweb09-en0015-48-00574 51
95 clueweb09-en0062-01-40475 52
95 clueweb09-en0024-74-09497 64
95 clueweb09-en0080-83-27886 13
95 clueweb09-en0011-43-18885 59
95 clueweb09-en0113-34-29772 11
95 clueweb09-en0009-53-00147 48
95 clueweb09-en0029-96-01137 19
95 clueweb09-en0007-68-13642 6
95 clueweb09-en0001-20-16818 15
95 clueweb09-en0038-18-09871 66
95 clueweb09-en0025-82-09846 40
95 clueweb09-en0082-78-05566 14
95 clueweb09-en0006-09-23061 72
95 clueweb09-en0007-26-36257 64
95 clueweb09-en0008-39-11245 17
95 clueweb09-en0006-09-23068 72
95 clueweb09-en0098-03-01451 10
95 clueweb09-enwp00-69-09404 71
95 clueweb09-en0011-58-18312 49
95 clueweb09-en0018-12-25840 18
95 clueweb09-en0078-92-19516 16
95 clueweb09-enwp01-32-08455 98
95 clueweb09-enwp03-16-08920 98
95 clueweb09-enwp03-16-08928 99
95 clueweb09-en0133-47-54563 3
95 clueweb09-en0084-53-24509 11
95 clueweb09-en0021-72-26658 55
95 clueweb09-en0049-78-41549 45
95 clueweb09-en0016-26-04872 49
95 clueweb09-en0120-17-31369 93
95 clueweb09-en0016-26-04876 44
95 clueweb09-en0016-26-04875 54
95 clueweb09-en0007-63-09002 59
95 clueweb09-en0113-25-07432 79
95 clueweb09-en0132-85-43582 19
95 clueweb09-en0003-84-24788 72
95 clueweb09-en0078-64-03154 21
95 clueweb09-enwp01-67-03489 94
95 clueweb09-en0129-10-10868 35
95 clueweb09-en0129-10-10867 40
95 clueweb09-en0041-46-16013 76
95 clueweb09-en0002-86-26659 60
95 clueweb09-enwp01-52-02049 99
95 clueweb09-en0016-96-10343 85
95 clueweb09-en0016-96-10345 85
95 clueweb09-en0008-16-35243 73
95 clueweb09-en0021-47-36460 75
95 clueweb09-en0013-06-16845 94
95 clueweb09-en0021-47-36463 74
95 clueweb09-en0021-47-36464 74
95 clueweb09-en0000-58-00689 3
95 clueweb09-en0006-84-28096 35
95 clueweb09-en0009-57-06228 28
95 clueweb09-en0023-18-28388 58
95 clueweb09-en0013-23-07779 58
95 clueweb09-en0002-32-03908 20
95 clueweb09-en0030-48-11539 82
95 clueweb09-en0030-48-11535 80
95 clueweb09-en0030-48-11530 81
95 clueweb09-enwp01-90-17134 69
95 clueweb09-en0011-18-18810 4
95 clueweb09-enwp03-35-11174 63
95 clueweb09-enwp03-25-01697 59
95 clueweb09-enwp01-85-19365 49
95 clueweb09-en0030-48-11549 81
95 clueweb09-en0030-48-11548 82
95 clueweb09-en0030-48-11545 80
95 clueweb09-en0030-48-11546 69
95 clueweb09-en0009-56-22837 84
95 clueweb09-en0006-93-12866 16
95 clueweb09-enwp00-80-16469 62
95 clueweb09-en0000-74-29342 33
95 clueweb09-en0000-74-29343 30
95 clueweb09-en0000-74-29340 55
95 clueweb09-en0093-77-01340 52
95 clueweb09-en0024-99-30758 63
95 clueweb09-en0011-25-15852 84
95 clueweb09-en0002-13-01021 62
95 clueweb09-en0009-75-23259 11
95 clueweb09-en0041-70-20596 81
95 clueweb09-en0003-41-17899 31
95 clueweb09-en0009-75-23241 11
95 clueweb09-en0068-16-03667 9
95 clueweb09-en0126-01-01199 5
95 clueweb09-enwp02-00-18704 81
95 clueweb09-en0083-69-33273 71
95 clueweb09-en0030-01-21177 56
95 clueweb09-en0037-55-02171 11
95 clueweb09-en0009-14-13916 66
95 clueweb09-en0131-68-07316 38
95 clueweb09-en0007-35-18840 13
95 clueweb09-en0010-48-02813 19
95 clueweb09-en0007-35-18842 17
95 clueweb09-en0007-35-18845 8
95 clueweb09-en0007-35-18844 13
95 clueweb09-en0007-34-13374 16
95 clueweb09-en0007-35-18848 10
95 clueweb09-en0009-75-23238 17
95 clueweb09-en0009-75-23239 14
95 clueweb09-en0004-18-14385 57
95 clueweb09-en0004-18-14386 57
95 clueweb09-en0009-75-23233 19
95 clueweb09-en0009-75-23231 11
95 clueweb09-en0009-75-23236 19
95 clueweb09-en0009-75-23237 15
95 clueweb09-en0009-75-23234 12
95 clueweb09-en0009-75-23235 18
95 clueweb09-en0003-07-27449 2
95 clueweb09-en0006-90-15791 79
95 clueweb09-en0113-49-06265 43
95 clueweb09-enwp01-90-18213 65
95 clueweb09-enwp02-26-00573 91
95 clueweb09-en0010-34-14581 69
95 clueweb09-en0113-46-06864 68
95 clueweb09-en0116-21-03082 51
95 clueweb09-en0107-69-03957 17
95 clueweb09-en0048-24-07017 56
95 clueweb09-en0037-68-37721 57
95 clueweb09-en0003-10-21781 37
95 clueweb09-en0010-87-27179 61
95 clueweb09-en0009-33-22046 42
95 clueweb09-en0133-65-17439 63
95 clueweb09-en0063-68-20943 18
95 clueweb09-en0004-14-24543 77
95 clueweb09-en0001-89-32954 2
95 clueweb09-en0046-29-12216 63
95 clueweb09-en0035-82-34669 63
95 clueweb09-en0006-80-06482 58
95 clueweb09-en0017-80-19873 21
95 clueweb09-enwp03-03-19064 70
95 clueweb09-en0011-63-07590 60
95 clueweb09-en0030-79-09391 47
95 clueweb09-en0030-79-09390 49
95 clueweb09-en0030-79-09392 44
95 clueweb09-en0002-23-00410 7
95 clueweb09-enwp02-30-19056 63
95 clueweb09-en0000-01-20496 74
95 clueweb09-en0001-82-05371 61
95 clueweb09-enwp01-84-02706 95
95 clueweb09-en0063-23-26165 23
95 clueweb09-en0008-67-02179 74
95 clueweb09-en0030-01-21176 53
95 clueweb09-en0020-93-38915 38
95 clueweb09-en0000-74-29341 31
95 clueweb09-en0098-66-28976 19
95 clueweb09-enwp01-79-17667 54
95 clueweb09-en0011-18-18777 4
95 clueweb09-en0011-18-18776 4
95 clueweb09-en0045-91-14424 2
95 clueweb09-en0011-91-00468 45
95 clueweb09-en0011-18-18779 4
95 clueweb09-en0011-18-18778 4
95 clueweb09-en0051-62-26969 76
95 clueweb09-en0002-18-26422 38
95 clueweb09-en0040-56-31486 36
95 clueweb09-en0007-93-24643 13
95 clueweb09-en0001-17-21372 0
95 clueweb09-en0051-62-26965 30
95 clueweb09-en0051-62-26967 17
95 clueweb09-en0000-68-03223 8
95 clueweb09-en0039-49-13121 21
95 clueweb09-en0053-41-27440 10
95 clueweb09-enwp01-76-17933 42
95 clueweb09-en0007-35-18858 11
95 clueweb09-en0079-57-09609 50
95 clueweb09-en0121-45-10746 11
95 clueweb09-en0008-65-00608 71
95 clueweb09-en0010-98-24792 68
95 clueweb09-en0038-28-29659 15
95 clueweb09-en0021-62-23698 50
95 clueweb09-enwp00-76-05337 95
95 clueweb09-en0084-41-06831 10
95 clueweb09-en0013-22-22857 10
95 clueweb09-en0011-16-00988 20
95 clueweb09-en0008-29-24193 19
95 clueweb09-en0038-31-22002 62
95 clueweb09-en0002-41-23573 56
95 clueweb09-en0008-44-20780 6
95 clueweb09-en0013-13-07532 10
95 clueweb09-en0129-10-10878 40
95 clueweb09-en0005-31-06506 80
95 clueweb09-en0004-35-06681 16
95 clueweb09-en0016-96-10350 85
95 clueweb09-en0016-96-10351 84
95 clueweb09-en0016-96-10355 84
95 clueweb09-en0097-67-00115 56
95 clueweb09-en0083-19-27137 24
95 clueweb09-en0080-68-13771 67
95 clueweb09-en0013-23-07486 61
95 clueweb09-en0010-72-15531 95
95 clueweb09-en0024-74-08827 65
95 clueweb09-enwp00-51-04919 54
95 clueweb09-en0008-80-18711 88
95 clueweb09-en0038-88-39991 51
95 clueweb09-en0019-98-18590 88
95 clueweb09-enwp02-04-17619 66
95 clueweb09-en0002-17-01999 63
95 clueweb09-en0019-46-09884 0
95 clueweb09-en0009-83-17938 98
95 clueweb09-en0024-74-09074 69
95 clueweb09-en0000-87-03931 3
95 clueweb09-en0008-78-25419 13
95 clueweb09-en0009-88-34732 68
95 clueweb09-en0030-48-11558 62
95 clueweb09-en0030-48-11559 62
95 clueweb09-en0010-34-40606 92
95 clueweb09-en0030-48-11552 84
95 clueweb09-en0030-48-11550 82
95 clueweb09-en0004-55-33736 13
95 clueweb09-en0007-62-32807 54
95 clueweb09-en0008-78-33137 75
95 clueweb09-enwp03-11-08749 99
95 clueweb09-en0127-06-08052 14
95 clueweb09-en0054-69-06071 8
95 clueweb09-en0005-99-03711 13
95 clueweb09-en0002-08-00798 25
95 clueweb09-en0118-94-07421 24
95 clueweb09-en0076-54-21088 51
95 clueweb09-en0076-54-21089 66
95 clueweb09-en0011-18-18804 3
95 clueweb09-en0008-66-09507 44
95 clueweb09-en0035-43-36242 34
95 clueweb09-en0011-01-09401 68
95 clueweb09-en0006-45-18477 84
95 clueweb09-en0048-62-37787 47
95 clueweb09-enwp03-21-19860 93
95 clueweb09-en0025-26-26105 69
95 clueweb09-en0044-94-15582 50
95 clueweb09-en0044-94-15584 45
95 clueweb09-en0044-94-15586 19
95 clueweb09-en0034-62-18349 9
95 clueweb09-enwp01-95-17813 70
95 clueweb09-enwp00-18-04732 84
95 clueweb09-en0013-16-10772 51
95 clueweb09-en0001-49-08115 88
95 clueweb09-en0001-49-08114 86
95 clueweb09-en0001-49-08116 86
95 clueweb09-en0001-49-08111 87
95 clueweb09-en0001-49-08110 87
95 clueweb09-en0001-49-08113 74
95 clueweb09-en0001-49-08112 85
95 clueweb09-en0015-80-03321 87
95 clueweb09-en0027-70-14548 62
95 clueweb09-en0007-35-18852 11
95 clueweb09-en0007-35-18853 13
95 clueweb09-en0007-35-18850 13
95 clueweb09-en0007-35-18851 10
95 clueweb09-en0007-35-18857 13
95 clueweb09-en0007-35-18854 13
95 clueweb09-en0020-59-26775 45
95 clueweb09-en0020-59-26773 47
95 clueweb09-en0066-70-11711 76
95 clueweb09-en0011-40-02799 69
95 clueweb09-en0006-74-31219 24
95 clueweb09-en0003-45-24611 51
95 clueweb09-en0005-83-03584 15
95 clueweb09-en0054-19-16864 27
95 clueweb09-en0093-31-32916 29
95 clueweb09-en0085-46-27331 22
95 clueweb09-en0085-46-27330 29
95 clueweb09-en0066-31-12668 58
95 clueweb09-en0025-46-01850 16
95 clueweb09-en0004-82-12201 44
95 clueweb09-en0013-23-07431 55
95 clueweb09-en0008-65-17709 12
95 clueweb09-en0106-78-26069 72
95 clueweb09-en0080-10-04180 52
