96 clueweb09-enwp03-22-06203 85
96 clueweb09-en0009-17-27325 67
96 clueweb09-en0005-30-17557 55
96 clueweb09-en0008-37-09870 17
96 clueweb09-en0004-80-11398 54
96 clueweb09-enwp01-53-16047 97
96 clueweb09-en0005-78-00780 90
96 clueweb09-en0005-03-34501 31
96 clueweb09-en0003-49-30101 72
96 clueweb09-enwp02-22-19954 46
96 clueweb09-en0006-16-24152 49
96 clueweb09-en0011-87-12759 90
96 clueweb09-enwp01-95-17709 40
96 clueweb09-en0037-60-39300 83
96 clueweb09-en0037-60-39308 77
96 clueweb09-en0002-65-31155 25
96 clueweb09-en0004-10-31545 95
96 clueweb09-en0127-15-18772 71
96 clueweb09-en0006-11-25911 41
96 clueweb09-en0001-29-23473 69
96 clueweb09-en0002-16-15187 11
96 clueweb09-en0000-01-09612 97
96 clueweb09-en0010-55-03751 49
96 clueweb09-en0011-29-04127 87
96 clueweb09-enwp01-93-17654 57
96 clueweb09-en0008-29-37060 14
96 clueweb09-en0009-55-34825 52
96 clueweb09-en0009-22-09066 86
96 clueweb09-en0004-95-16728 45
96 clueweb09-en0010-95-33731 82
96 clueweb09-en0132-20-13717 75
96 clueweb09-en0006-30-24703 10
96 clueweb09-enwp01-39-18580 98
96 clueweb09-enwp01-67-16898 97
96 clueweb09-enwp03-03-21141 92
96 clueweb09-en0002-94-21332 75
96 clueweb09-en0026-63-31796 76
96 clueweb09-en0005-80-03756 12
96 clueweb09-en0010-94-05968 46
96 clueweb09-en0009-76-24908 35
96 clueweb09-en0007-30-31259 8
96 clueweb09-en0004-10-31485 95
96 clueweb09-en0011-25-09960 67
96 clueweb09-en0006-37-18557 75
96 clueweb09-en0005-49-38894 8
96 clueweb09-en0011-26-11545 38
96 clueweb09-en0006-03-27096 16
96 clueweb09-en0011-25-09967 63
96 clueweb09-en0011-80-09466 98
96 clueweb09-en0009-16-34932 67
96 clueweb09-en0011-48-15953 99
96 clueweb09-en0068-74-07409 59
96 clueweb09-en0006-88-15341 11
96 clueweb09-en0000-01-24312 21
96 clueweb09-en0008-78-03020 11
96 clueweb09-en0003-65-12844 48
96 clueweb09-en0011-84-21568 11
96 clueweb09-en0006-89-17337 67
96 clueweb09-en0011-36-40949 79
96 clueweb09-en0008-57-26315 29
96 clueweb09-en0006-28-02116 75
96 clueweb09-en0003-18-08785 16
96 clueweb09-en0010-49-19222 12
96 clueweb09-en0028-19-10877 10
96 clueweb09-en0006-67-20018 99
96 clueweb09-en0008-69-24871 8
96 clueweb09-en0005-46-06223 66
96 clueweb09-en0005-64-29354 52
96 clueweb09-en0133-60-18321 79
96 clueweb09-en0009-39-29033 85
96 clueweb09-en0006-92-11706 40
96 clueweb09-en0010-42-28763 80
96 clueweb09-en0007-92-01762 32
96 clueweb09-en0007-09-38916 24
96 clueweb09-en0008-19-32222 19
96 clueweb09-en0062-69-04454 31
