97 clueweb09-en0008-79-07905 6
97 clueweb09-en0007-18-18289 95
97 clueweb09-en0130-90-52968 71
97 clueweb09-enwp00-45-03767 86
97 clueweb09-en0008-03-00400 86
97 clueweb09-en0007-03-32152 35
97 clueweb09-en0007-28-30184 39
97 clueweb09-en0008-05-35307 50
97 clueweb09-en0011-43-21803 10
97 clueweb09-en0006-75-12138 89
97 clueweb09-en0008-32-17372 74
97 clueweb09-en0034-54-05234 80
97 clueweb09-enwp00-17-11251 99
97 clueweb09-en0010-47-24378 99
97 clueweb09-en0007-33-33988 78
97 clueweb09-en0005-10-28589 66
97 clueweb09-en0001-55-25179 35
97 clueweb09-en0037-09-23425 89
97 clueweb09-en0041-45-34665 55
97 clueweb09-en0008-46-26804 6
97 clueweb09-en0001-48-25160 60
97 clueweb09-en0009-44-07054 83
97 clueweb09-en0006-24-07077 21
97 clueweb09-en0130-54-14282 56
97 clueweb09-en0009-77-02119 96
97 clueweb09-en0008-55-13749 36
97 clueweb09-en0003-63-19859 69
97 clueweb09-en0008-57-27383 64
97 clueweb09-en0010-51-14509 74
97 clueweb09-enwp01-97-18030 58
97 clueweb09-en0105-75-20709 57
97 clueweb09-en0010-13-34315 30
97 clueweb09-en0009-39-29432 85
97 clueweb09-en0009-39-29433 79
97 clueweb09-en0006-51-18448 60
97 clueweb09-en0010-28-17681 28
97 clueweb09-en0023-92-02649 41
97 clueweb09-en0011-99-19067 43
97 clueweb09-en0008-65-34147 71
97 clueweb09-en0005-17-29498 69
97 clueweb09-en0009-16-13458 91
97 clueweb09-en0000-40-12592 93
97 clueweb09-en0010-63-25749 47
97 clueweb09-en0007-89-39045 50
97 clueweb09-enwp01-46-13018 93
97 clueweb09-en0007-81-14587 86
97 clueweb09-en0130-33-30185 58
97 clueweb09-en0040-72-07481 68
97 clueweb09-enwp01-96-18148 54
97 clueweb09-en0005-54-24144 57
97 clueweb09-en0130-87-52168 79
97 clueweb09-enwp03-38-11992 52
97 clueweb09-enwp00-27-22278 91
97 clueweb09-en0000-38-23997 51
97 clueweb09-en0130-33-39821 58
97 clueweb09-en0130-24-34073 60
97 clueweb09-en0007-81-08307 29
97 clueweb09-enwp01-99-07789 46
97 clueweb09-en0007-84-42205 18
97 clueweb09-en0001-11-31701 80
97 clueweb09-enwp00-55-02465 86
97 clueweb09-en0011-72-10744 84
97 clueweb09-en0005-73-39345 56
97 clueweb09-en0130-79-19793 55
97 clueweb09-en0004-93-16060 37
97 clueweb09-enwp00-33-02251 91
97 clueweb09-en0007-55-11984 36
97 clueweb09-en0011-23-25337 97
97 clueweb09-enwp03-36-02890 52
97 clueweb09-en0132-89-51315 81
97 clueweb09-en0009-02-19675 9
97 clueweb09-en0008-49-09286 74
97 clueweb09-en0008-65-06660 40
97 clueweb09-en0005-09-31503 97
97 clueweb09-en0007-16-28972 13
97 clueweb09-en0006-56-12265 90
97 clueweb09-en0006-69-12361 56
97 clueweb09-en0010-21-02643 61
97 clueweb09-en0011-72-10765 75
97 clueweb09-en0007-09-26304 44
97 clueweb09-en0006-13-12399 82
