98 clueweb09-enwp01-91-19474 59
98 clueweb09-en0019-67-04429 45
98 clueweb09-en0011-95-24391 25
98 clueweb09-en0009-17-19625 11
98 clueweb09-en0131-80-01163 61
98 clueweb09-en0005-00-34244 96
98 clueweb09-en0013-86-04595 79
98 clueweb09-en0009-01-29362 67
98 clueweb09-en0005-53-30042 29
98 clueweb09-en0092-74-17406 56
98 clueweb09-en0007-27-07222 57
98 clueweb09-en0132-38-10378 51
98 clueweb09-en0004-27-03445 42
98 clueweb09-en0005-03-22682 7
98 clueweb09-enwp01-91-19247 67
98 clueweb09-en0007-30-35192 79
98 clueweb09-en0083-85-34060 21
98 clueweb09-en0010-66-22463 64
98 clueweb09-en0005-99-22843 40
98 clueweb09-en0002-10-17916 0
98 clueweb09-en0005-01-17737 22
98 clueweb09-en0007-07-16669 59
98 clueweb09-en0005-92-34721 91
98 clueweb09-en0006-89-14241 85
98 clueweb09-en0011-25-14471 88
98 clueweb09-en0009-50-22323 75
98 clueweb09-en0008-60-15719 34
98 clueweb09-en0132-13-08901 55
98 clueweb09-en0005-59-17399 82
98 clueweb09-en0007-15-30093 28
98 clueweb09-enwp03-07-03492 96
98 clueweb09-en0000-20-27045 13
98 clueweb09-en0009-41-33000 53
98 clueweb09-en0011-64-19359 51
98 clueweb09-en0052-83-44127 65
98 clueweb09-enwp01-79-17544 35
98 clueweb09-en0010-39-23580 50
98 clueweb09-enwp03-13-03360 95
98 clueweb09-en0010-57-07364 41
98 clueweb09-en0011-84-13396 70
98 clueweb09-en0000-56-23529 55
98 clueweb09-en0036-10-06333 70
98 clueweb09-en0010-83-20403 77
98 clueweb09-en0011-21-32055 1
98 clueweb09-en0006-74-28439 37
98 clueweb09-en0000-07-19320 52
98 clueweb09-en0008-75-36214 72
98 clueweb09-en0104-06-16217 34
98 clueweb09-en0000-03-12004 68
98 clueweb09-en0006-95-09616 26
98 clueweb09-en0025-66-09443 98
98 clueweb09-en0005-29-02510 62
98 clueweb09-en0010-73-40836 22
98 clueweb09-en0132-90-08024 85
98 clueweb09-en0000-47-09154 4
98 clueweb09-en0001-08-06961 77
98 clueweb09-en0039-18-34811 92
98 clueweb09-en0022-44-02348 83
98 clueweb09-en0008-56-33853 97
98 clueweb09-en0010-26-32721 17
98 clueweb09-en0011-20-36038 81
98 clueweb09-en0005-06-14826 71
98 clueweb09-en0010-64-05240 76
98 clueweb09-en0011-28-19266 78
98 clueweb09-en0009-10-31744 64
98 clueweb09-en0010-90-34105 94
98 clueweb09-en0128-30-16891 58
98 clueweb09-en0008-27-05716 89
98 clueweb09-en0022-52-10762 56
98 clueweb09-en0011-99-20772 64
98 clueweb09-en0011-11-07112 57
98 clueweb09-en0000-03-12001 68
98 clueweb09-en0007-23-30508 44
98 clueweb09-en0002-81-08468 94
98 clueweb09-en0010-87-23214 57
98 clueweb09-en0010-59-31325 39
