99 clueweb09-en0006-72-28181 4
99 clueweb09-en0005-71-18857 20
99 clueweb09-en0001-56-00354 63
99 clueweb09-en0010-10-09450 50
99 clueweb09-en0006-07-36697 22
99 clueweb09-en0011-03-06155 19
99 clueweb09-en0010-50-18866 47
99 clueweb09-en0008-03-10811 25
99 clueweb09-enwp03-06-07714 91
99 clueweb09-en0049-20-19691 24
99 clueweb09-en0011-29-25254 33
99 clueweb09-en0009-61-04119 16
99 clueweb09-en0008-87-17812 50
99 clueweb09-en0131-84-33416 60
99 clueweb09-enwp00-13-12069 95
99 clueweb09-enwp01-38-04995 87
99 clueweb09-en0001-44-40675 87
99 clueweb09-enwp01-57-20855 85
99 clueweb09-en0023-27-06819 67
99 clueweb09-en0010-05-11506 4
99 clueweb09-en0000-00-30448 69
99 clueweb09-en0007-32-02815 7
99 clueweb09-en0009-32-27812 23
99 clueweb09-en0032-45-24141 55
99 clueweb09-en0006-95-36732 47
99 clueweb09-en0023-27-06821 64
99 clueweb09-en0008-69-24849 10
99 clueweb09-en0005-10-18213 48
99 clueweb09-en0011-15-10718 79
99 clueweb09-en0008-63-36061 76
99 clueweb09-en0011-51-23104 40
99 clueweb09-en0007-53-02523 64
99 clueweb09-en0007-59-01734 18
99 clueweb09-enwp02-04-17764 70
99 clueweb09-en0001-70-24414 5
99 clueweb09-en0008-86-24709 10
99 clueweb09-en0011-16-07043 69
99 clueweb09-en0013-04-16412 91
99 clueweb09-enwp02-00-18691 39
99 clueweb09-en0000-08-19091 97
99 clueweb09-en0026-89-35400 99
99 clueweb09-en0008-82-03197 13
99 clueweb09-en0011-16-00062 3
99 clueweb09-en0000-58-00971 3
99 clueweb09-en0006-99-29629 67
99 clueweb09-en0009-34-12689 60
99 clueweb09-en0010-27-26717 93
99 clueweb09-en0007-57-14697 3
99 clueweb09-en0005-34-33179 0
99 clueweb09-en0002-73-28526 67
99 clueweb09-en0006-07-36696 23
99 clueweb09-en0010-31-16495 83
99 clueweb09-en0001-61-26369 4
99 clueweb09-en0003-20-19011 84
99 clueweb09-en0000-44-21464 16
99 clueweb09-en0063-97-21871 55
99 clueweb09-en0001-18-32376 2
99 clueweb09-en0011-31-21589 14
99 clueweb09-en0001-65-13965 5
99 clueweb09-en0001-60-09667 94
99 clueweb09-enwp01-94-01974 63
99 clueweb09-en0009-21-00223 92
99 clueweb09-en0007-08-05645 49
99 clueweb09-en0000-08-18846 85
99 clueweb09-en0006-47-03954 80
99 clueweb09-en0009-12-33695 38
99 clueweb09-en0010-13-17032 94
99 clueweb09-en0007-94-02914 97
99 clueweb09-en0053-77-32524 54
99 clueweb09-en0006-57-16898 38
99 clueweb09-en0007-09-33304 18
99 clueweb09-en0009-81-14379 12
99 clueweb09-en0105-50-02586 61
99 clueweb09-en0049-20-19700 24
99 clueweb09-en0002-50-32210 88
99 clueweb09-en0005-73-19461 92
99 clueweb09-enwp02-00-18704 81
99 clueweb09-en0005-04-28516 81
99 clueweb09-en0000-58-00992 1
99 clueweb09-en0005-74-04355 8
99 clueweb09-en0000-71-15826 98
