nohup: ignoring input
04160218.d5blade14.1080.
Input cwids size:73184
15/04/16 18:02:29 INFO util.NativeCodeLoader: Loaded the native-hadoop library
15/04/16 18:02:29 INFO zlib.ZlibFactory: Successfully loaded & initialized native-zlib library
15/04/16 18:02:29 INFO compress.CodecPool: Got brand-new decompressor
15/04/16 18:02:29 INFO compress.CodecPool: Got brand-new decompressor
15/04/16 18:02:29 INFO compress.CodecPool: Got brand-new decompressor
15/04/16 18:02:29 INFO compress.CodecPool: Got brand-new decompressor
output:1000
output:2000
output:3000
output:4000
output:5000
output:6000
output:7000
output:8000
output:9000
output:10000
output:11000
output:12000
output:13000
output:14000
output:15000
output:16000
output:17000
output:18000
output:19000
output:20000
output:21000
output:22000
output:23000
output:24000
output:25000
output:26000
output:27000
output:28000
output:29000
output:30000
output:31000
output:32000
output:33000
output:34000
output:35000
output:36000
output:37000
output:38000
output:39000
output:40000
output:41000
output:42000
output:43000
output:44000
output:45000
output:46000
output:47000
output:48000
output:49000
output:50000
output:51000
output:52000
output:53000
output:54000
output:55000
output:56000
output:57000
output:58000
output:59000
output:60000
output:61000
output:62000
output:63000
output:64000
output:65000
output:66000
output:67000
output:68000
output:69000
output:70000
output:71000
output:72000
output cwid did pair: 72946 cwids:73184
printcwid2did.sh is finished for 04160218.d5blade14.1080. at time: 04160019
