100 clueweb09-en0018-08-38237
100 clueweb09-en0113-80-14976
100 clueweb09-en0061-70-02875
100 clueweb09-en0004-62-01419
100 clueweb09-en0003-66-17609
100 clueweb09-en0133-48-09640
100 clueweb09-en0009-59-04248
100 clueweb09-en0007-22-27771
100 clueweb09-en0082-60-04480
100 clueweb09-en0010-95-34059
100 clueweb09-en0010-95-34051
100 clueweb09-en0123-27-40338
100 clueweb09-en0004-66-04430
100 clueweb09-en0002-80-29131
100 clueweb09-en0123-27-40337
100 clueweb09-en0103-66-33418
100 clueweb09-en0005-91-16611
100 clueweb09-en0005-73-20806
100 clueweb09-en0010-09-15987
100 clueweb09-enwp00-46-17036
100 clueweb09-en0054-82-21854
100 clueweb09-en0010-68-33167
100 clueweb09-en0010-89-35013
100 clueweb09-en0019-03-27203
100 clueweb09-en0009-37-32550
100 clueweb09-en0133-86-29601
100 clueweb09-en0003-05-13432
100 clueweb09-en0011-71-02402
100 clueweb09-en0060-66-12295
100 clueweb09-en0060-66-12297
100 clueweb09-en0004-12-08844
100 clueweb09-en0085-73-28233
100 clueweb09-en0053-88-32149
100 clueweb09-enwp03-39-19829
100 clueweb09-en0006-70-19699
100 clueweb09-en0006-70-19698
100 clueweb09-en0007-39-15966
100 clueweb09-en0027-28-01119
100 clueweb09-en0005-18-10280
100 clueweb09-enwp00-13-11687
100 clueweb09-en0061-01-01915
100 clueweb09-en0003-10-17755
100 clueweb09-en0018-59-01797
100 clueweb09-en0011-05-17404
100 clueweb09-en0082-60-04458
100 clueweb09-en0018-52-19796
100 clueweb09-en0000-73-21420
100 clueweb09-en0004-82-07040
100 clueweb09-en0015-39-03117
100 clueweb09-enwp02-13-19192
100 clueweb09-en0120-75-11505
100 clueweb09-en0059-32-29612
100 clueweb09-en0009-35-26195
100 clueweb09-en0004-37-03637
100 clueweb09-en0095-16-01280
100 clueweb09-en0005-21-40287
100 clueweb09-en0012-37-01838
100 clueweb09-enwp01-71-16234
100 clueweb09-enwp01-71-16233
100 clueweb09-enwp00-47-10170
100 clueweb09-en0072-33-05374
100 clueweb09-enwp00-26-01037
100 clueweb09-en0066-72-36836
100 clueweb09-en0010-09-15986
100 clueweb09-en0105-14-31763
100 clueweb09-en0009-49-38377
100 clueweb09-en0015-11-23832
100 clueweb09-en0009-49-38379
100 clueweb09-enwp02-00-18724
100 clueweb09-en0007-41-22245
100 clueweb09-en0011-66-01422
100 clueweb09-en0069-93-02875
100 clueweb09-enwp01-97-17754
100 clueweb09-en0026-80-06213
100 clueweb09-en0013-41-04845
100 clueweb09-en0019-31-22218
100 clueweb09-en0023-66-41173
100 clueweb09-en0075-28-11583
100 clueweb09-en0019-31-22217
100 clueweb09-en0002-06-22388
100 clueweb09-en0095-61-07063
100 clueweb09-en0104-58-40335
100 clueweb09-en0125-38-08070
100 clueweb09-en0090-07-03310
100 clueweb09-en0090-07-03311
100 clueweb09-en0095-91-07078
100 clueweb09-enwp01-20-10444
100 clueweb09-en0094-82-43160
100 clueweb09-en0000-50-11566
100 clueweb09-en0094-82-43163
100 clueweb09-en0009-50-20467
100 clueweb09-en0061-01-01921
100 clueweb09-en0091-32-30294
100 clueweb09-en0034-62-13690
100 clueweb09-en0009-30-32303
100 clueweb09-enwp01-53-17002
100 clueweb09-en0132-95-52332
100 clueweb09-en0000-73-21418
100 clueweb09-en0040-05-04419
100 clueweb09-en0000-73-21413
100 clueweb09-en0000-73-21415
100 clueweb09-en0000-73-21417
100 clueweb09-en0000-73-21416
100 clueweb09-enwp00-59-18380
100 clueweb09-en0011-39-00443
100 clueweb09-en0015-82-13897
100 clueweb09-enwp00-81-11687
100 clueweb09-en0108-53-09839
100 clueweb09-enwp01-78-01037
100 clueweb09-en0011-28-13042
100 clueweb09-en0009-00-23395
100 clueweb09-en0010-84-01547
100 clueweb09-en0010-17-32804
100 clueweb09-en0075-00-10345
100 clueweb09-en0011-26-00219
100 clueweb09-enwp00-61-04524
100 clueweb09-en0003-12-04212
100 clueweb09-en0109-75-37374
100 clueweb09-en0009-00-23430
100 clueweb09-en0009-00-23431
100 clueweb09-en0007-83-17808
100 clueweb09-en0095-20-30365
100 clueweb09-en0008-28-20012
100 clueweb09-en0010-32-35757
100 clueweb09-en0128-81-39304
100 clueweb09-en0011-89-21081
100 clueweb09-enwp01-25-04593
100 clueweb09-en0095-77-12818
100 clueweb09-en0004-65-12670
100 clueweb09-en0122-68-21154
100 clueweb09-en0047-47-26518
100 clueweb09-en0047-47-26515
100 clueweb09-en0047-47-26514
100 clueweb09-en0047-47-26510
100 clueweb09-en0046-50-33320
100 clueweb09-en0075-28-11582
100 clueweb09-en0040-99-05174
100 clueweb09-en0053-98-32750
100 clueweb09-en0000-73-21354
100 clueweb09-en0004-64-31812
100 clueweb09-en0066-66-15777
100 clueweb09-en0066-66-15776
100 clueweb09-en0013-41-04681
100 clueweb09-en0011-30-33365
100 clueweb09-en0004-76-21851
100 clueweb09-en0011-29-32416
100 clueweb09-en0002-95-05642
100 clueweb09-en0005-07-10300
100 clueweb09-en0037-29-35096
100 clueweb09-en0009-00-23376
100 clueweb09-en0025-71-12396
100 clueweb09-en0003-92-30206
100 clueweb09-en0003-92-30207
100 clueweb09-en0011-52-18233
100 clueweb09-en0009-02-36578
100 clueweb09-en0094-72-19574
100 clueweb09-en0017-54-01185
100 clueweb09-en0090-07-03323
100 clueweb09-en0090-07-03322
100 clueweb09-en0058-96-11958
100 clueweb09-en0090-07-03325
100 clueweb09-en0090-07-03324
100 clueweb09-en0005-60-15452
100 clueweb09-en0011-74-01937
100 clueweb09-en0125-73-10371
100 clueweb09-enwp02-26-03389
100 clueweb09-en0129-92-07879
100 clueweb09-en0089-28-09400
100 clueweb09-en0091-33-06288
100 clueweb09-en0067-62-09665
100 clueweb09-en0067-62-09664
100 clueweb09-en0067-62-09666
100 clueweb09-en0004-12-08862
100 clueweb09-en0067-62-09668
100 clueweb09-en0004-12-08860
100 clueweb09-en0004-12-08861
100 clueweb09-en0011-64-18272
100 clueweb09-en0006-64-13002
100 clueweb09-en0004-72-12427
100 clueweb09-en0004-72-12426
100 clueweb09-en0004-72-12425
100 clueweb09-en0089-28-09398
100 clueweb09-enwp00-59-02559
100 clueweb09-en0004-72-12428
100 clueweb09-en0002-96-04905
100 clueweb09-enwp01-26-17321
100 clueweb09-enwp03-31-20847
100 clueweb09-en0012-83-18630
100 clueweb09-en0009-00-23419
100 clueweb09-en0100-03-12740
100 clueweb09-en0010-57-33492
100 clueweb09-en0007-22-03311
100 clueweb09-en0013-76-00146
100 clueweb09-en0034-62-13689
100 clueweb09-en0089-08-15711
100 clueweb09-en0027-73-38270
100 clueweb09-en0027-73-38271
100 clueweb09-enwp00-40-02380
100 clueweb09-en0018-96-26318
100 clueweb09-en0108-53-09834
100 clueweb09-en0108-53-09836
100 clueweb09-en0011-05-17385
100 clueweb09-en0006-75-11346
100 clueweb09-enwp01-31-03236
100 clueweb09-en0004-66-07339
100 clueweb09-en0035-12-03702
100 clueweb09-en0006-10-01173
100 clueweb09-en0009-49-38368
100 clueweb09-en0046-36-30320
100 clueweb09-en0116-44-26838
100 clueweb09-enwp01-99-17036
100 clueweb09-en0091-43-08590
100 clueweb09-en0012-37-01847
100 clueweb09-en0089-08-15714
100 clueweb09-en0129-64-00454
100 clueweb09-enwp00-67-03032
100 clueweb09-en0089-08-15712
100 clueweb09-en0089-08-15713
100 clueweb09-en0011-66-01435
100 clueweb09-en0005-86-03005
100 clueweb09-en0015-93-04378
100 clueweb09-en0046-50-33317
100 clueweb09-en0053-11-00513
100 clueweb09-en0005-63-09776
100 clueweb09-en0076-60-11577
100 clueweb09-en0009-49-38383
100 clueweb09-en0010-34-40606
100 clueweb09-en0009-49-38381
100 clueweb09-en0009-49-38380
100 clueweb09-en0007-76-23749
100 clueweb09-en0015-11-22953
100 clueweb09-en0126-05-10189
100 clueweb09-en0075-00-10350
100 clueweb09-en0074-91-01191
100 clueweb09-en0004-13-10337
100 clueweb09-en0010-01-08827
100 clueweb09-en0003-46-06978
100 clueweb09-en0011-39-00453
100 clueweb09-en0010-09-15955
100 clueweb09-en0010-09-15952
100 clueweb09-en0015-91-11245
100 clueweb09-en0033-93-27775
100 clueweb09-en0006-01-35958
100 clueweb09-en0000-66-01609
100 clueweb09-en0005-44-24948
100 clueweb09-en0122-52-35514
100 clueweb09-en0032-72-29486
100 clueweb09-en0019-89-04123
100 clueweb09-en0126-28-23728
100 clueweb09-enwp00-84-04868
100 clueweb09-en0006-98-35673
100 clueweb09-en0008-83-36274
100 clueweb09-en0024-82-11194
100 clueweb09-en0011-52-15379
100 clueweb09-en0047-47-26509
100 clueweb09-en0027-57-30311
100 clueweb09-en0027-33-00133
100 clueweb09-en0060-33-32665
100 clueweb09-en0006-86-11584
100 clueweb09-en0011-05-17333
100 clueweb09-enwp03-33-20843
100 clueweb09-en0007-39-16239
100 clueweb09-enwp00-44-10444
100 clueweb09-en0011-29-10273
100 clueweb09-en0046-27-16887
100 clueweb09-en0109-36-03076
100 clueweb09-en0005-10-13169
100 clueweb09-en0003-66-17615
100 clueweb09-en0003-66-17617
100 clueweb09-en0003-66-17616
100 clueweb09-en0003-66-17611
100 clueweb09-en0003-66-17610
100 clueweb09-en0003-66-17612
100 clueweb09-enwp01-23-01414
100 clueweb09-en0013-06-25750
100 clueweb09-enwp01-85-19333
100 clueweb09-en0082-70-26613
100 clueweb09-en0009-86-40011
100 clueweb09-en0011-09-41933
100 clueweb09-enwp02-04-16303
100 clueweb09-en0006-33-37923
100 clueweb09-en0006-33-37924
100 clueweb09-en0006-33-37925
100 clueweb09-en0005-06-28003
100 clueweb09-enwp03-11-05936
100 clueweb09-en0009-49-38359
100 clueweb09-en0047-91-03166
100 clueweb09-en0006-39-12482
100 clueweb09-en0120-66-09987
100 clueweb09-en0000-47-10480
100 clueweb09-en0010-46-25230
100 clueweb09-en0013-22-10912
100 clueweb09-en0046-79-25820
100 clueweb09-en0005-68-08207
100 clueweb09-en0123-85-07240
100 clueweb09-en0005-68-08203
100 clueweb09-en0008-17-10037
100 clueweb09-en0004-12-08859
100 clueweb09-enwp02-00-17479
100 clueweb09-en0012-25-02062
100 clueweb09-en0045-12-27056
100 clueweb09-en0004-61-07277
100 clueweb09-en0045-12-27052
100 clueweb09-en0011-64-18268
100 clueweb09-en0090-99-15177
100 clueweb09-en0010-87-09623
100 clueweb09-en0008-18-18412
100 clueweb09-enwp00-59-02642
100 clueweb09-en0007-22-03309
100 clueweb09-en0002-32-26981
100 clueweb09-en0007-22-03305
100 clueweb09-en0002-11-09141
100 clueweb09-en0010-67-00671
100 clueweb09-enwp00-70-02601
100 clueweb09-enwp01-55-02056
100 clueweb09-en0029-22-18055
100 clueweb09-en0016-17-01483
100 clueweb09-en0133-64-08447
100 clueweb09-enwp00-59-03454
100 clueweb09-en0005-73-27823
100 clueweb09-en0011-38-21609
100 clueweb09-enwp01-32-04561
100 clueweb09-en0010-83-35276
100 clueweb09-en0045-12-27054
100 clueweb09-en0006-33-37919
100 clueweb09-enwp00-09-11753
100 clueweb09-en0046-36-30319
100 clueweb09-en0046-36-30318
100 clueweb09-enwp03-26-03157
100 clueweb09-en0033-23-01618
100 clueweb09-en0010-62-17268
100 clueweb09-en0058-90-18794
100 clueweb09-en0046-50-33321
100 clueweb09-en0009-59-02175
100 clueweb09-en0011-29-10215
100 clueweb09-en0064-37-32019
100 clueweb09-en0011-29-10337
100 clueweb09-en0001-15-22024
100 clueweb09-en0008-90-15227
100 clueweb09-en0011-52-19109
100 clueweb09-en0044-19-03348
100 clueweb09-enwp01-27-04498
100 clueweb09-en0009-49-38367
100 clueweb09-en0129-93-18874
100 clueweb09-en0009-49-38360
100 clueweb09-en0010-83-35283
100 clueweb09-en0009-49-38362
100 clueweb09-en0009-49-38369
100 clueweb09-en0009-00-23321
100 clueweb09-en0055-08-25607
100 clueweb09-en0053-88-32171
100 clueweb09-enwp01-17-02740
100 clueweb09-en0011-66-01432
100 clueweb09-en0053-45-02228
100 clueweb09-en0101-76-37482
100 clueweb09-enwp01-49-09414
100 clueweb09-en0010-56-11799
100 clueweb09-en0053-88-32196
100 clueweb09-en0075-43-06574
100 clueweb09-enwp01-57-08659
100 clueweb09-enwp01-77-08741
100 clueweb09-en0012-83-18627
100 clueweb09-en0007-39-00238
100 clueweb09-en0090-07-03309
100 clueweb09-en0004-17-32971
100 clueweb09-en0132-65-34219
100 clueweb09-en0027-96-26184
100 clueweb09-en0005-52-10536
100 clueweb09-en0009-49-38366
100 clueweb09-enwp00-19-11860
100 clueweb09-en0120-72-17703
100 clueweb09-en0007-18-18119
