102 clueweb09-en0011-44-09522
102 clueweb09-en0001-34-28088
102 clueweb09-en0006-93-11967
102 clueweb09-en0001-12-11494
102 clueweb09-en0000-45-20059
102 clueweb09-en0002-56-34168
102 clueweb09-en0001-16-09978
102 clueweb09-en0001-27-05668
102 clueweb09-en0001-74-02456
102 clueweb09-en0001-85-00632
102 clueweb09-en0000-88-32757
102 clueweb09-en0002-49-14779
102 clueweb09-en0004-61-14298
102 clueweb09-en0002-78-06565
102 clueweb09-en0011-10-20899
102 clueweb09-en0001-07-15352
102 clueweb09-en0001-74-02454
102 clueweb09-en0001-15-13339
102 clueweb09-en0001-93-25042
102 clueweb09-en0003-46-28558
102 clueweb09-en0002-08-22002
