109 clueweb09-en0002-73-19173
109 clueweb09-en0002-73-19172
109 clueweb09-en0000-01-13444
109 clueweb09-en0000-01-13443
109 clueweb09-en0000-02-05744
109 clueweb09-en0000-04-05538
109 clueweb09-en0000-02-00208
109 clueweb09-en0000-01-15766
109 clueweb09-en0000-01-06752
109 clueweb09-en0000-00-24716
109 clueweb09-en0000-00-24848
109 clueweb09-en0000-00-04184
109 clueweb09-en0000-01-12335
109 clueweb09-en0000-04-13691
109 clueweb09-en0000-01-16225
109 clueweb09-en0000-01-16520
109 clueweb09-en0000-01-16075
109 clueweb09-en0000-79-39005
109 clueweb09-en0006-76-08636
109 clueweb09-en0000-79-39008
109 clueweb09-en0002-23-12121
109 clueweb09-en0000-00-24788
109 clueweb09-en0000-02-02439
109 clueweb09-en0000-00-17608
109 clueweb09-en0000-01-13470
109 clueweb09-en0000-00-17602
109 clueweb09-en0001-17-25502
