136 clueweb09-en0004-41-28258
136 clueweb09-en0011-04-05527
136 clueweb09-en0009-72-08980
136 clueweb09-en0002-85-08688
136 clueweb09-en0002-37-04482
136 clueweb09-en0004-41-28271
136 clueweb09-en0004-41-28270
136 clueweb09-en0004-41-28273
136 clueweb09-en0004-41-28272
136 clueweb09-en0007-96-01748
136 clueweb09-en0011-04-05560
136 clueweb09-en0010-37-39396
136 clueweb09-en0006-16-36630
136 clueweb09-en0004-41-28263
136 clueweb09-en0004-41-28260
136 clueweb09-en0004-41-28266
136 clueweb09-en0004-41-28267
136 clueweb09-en0004-41-28264
136 clueweb09-en0004-41-28265
136 clueweb09-en0004-41-28268
136 clueweb09-en0004-41-28269
136 clueweb09-en0009-76-14547
