152 clueweb09-en0117-71-41465
152 clueweb09-en0117-71-41464
152 clueweb09-en0117-71-41461
152 clueweb09-en0112-08-36175
152 clueweb09-en0011-76-34166
152 clueweb09-en0003-53-07594
152 clueweb09-en0125-65-19088
152 clueweb09-en0033-32-30339
152 clueweb09-en0019-27-20756
152 clueweb09-en0019-27-20757
152 clueweb09-en0019-27-20770
152 clueweb09-en0019-27-20771
152 clueweb09-en0033-32-30330
152 clueweb09-en0033-32-30333
152 clueweb09-en0129-86-40147
152 clueweb09-en0000-80-04192
152 clueweb09-en0029-35-04388
152 clueweb09-enwp00-71-11769
152 clueweb09-en0001-66-19041
152 clueweb09-en0002-19-12934
152 clueweb09-enwp01-12-04673
152 clueweb09-en0027-45-00256
152 clueweb09-en0009-52-29965
152 clueweb09-en0003-53-07608
152 clueweb09-enwp00-29-17779
152 clueweb09-enwp00-19-18210
152 clueweb09-en0009-11-19018
152 clueweb09-en0033-32-30340
152 clueweb09-en0019-27-20765
152 clueweb09-en0019-27-20767
152 clueweb09-enwp00-09-18224
152 clueweb09-en0090-29-04930
