156 clueweb09-en0008-79-00012
156 clueweb09-en0011-46-08936
156 clueweb09-en0027-42-09056
156 clueweb09-en0008-79-00008
156 clueweb09-en0010-96-37442
156 clueweb09-en0004-38-13204
156 clueweb09-en0095-89-00632
156 clueweb09-en0005-51-14321
156 clueweb09-en0108-61-29962
156 clueweb09-en0013-03-16490
156 clueweb09-en0108-64-27983
156 clueweb09-en0073-78-24705
156 clueweb09-en0020-37-34760
156 clueweb09-en0010-55-39995
156 clueweb09-en0033-80-12417
156 clueweb09-en0049-64-16113
156 clueweb09-en0119-91-21369
156 clueweb09-en0008-79-32153
156 clueweb09-en0000-60-13709
156 clueweb09-en0126-04-33382
156 clueweb09-en0130-93-10923
156 clueweb09-en0012-96-10127
156 clueweb09-en0072-72-06578
156 clueweb09-en0133-01-15109
156 clueweb09-en0010-82-32850
156 clueweb09-en0003-19-22927
156 clueweb09-en0003-21-24827
156 clueweb09-en0000-49-20646
156 clueweb09-en0041-58-36175
156 clueweb09-en0083-33-10726
156 clueweb09-en0132-15-44009
156 clueweb09-en0004-29-21316
156 clueweb09-en0003-13-04442
156 clueweb09-en0004-91-29211
156 clueweb09-en0098-10-14602
156 clueweb09-en0058-15-12286
156 clueweb09-en0006-96-02414
156 clueweb09-en0005-57-37230
156 clueweb09-en0000-88-22912
156 clueweb09-en0000-60-13715
156 clueweb09-en0095-86-14108
156 clueweb09-en0090-40-43177
