159 clueweb09-en0035-85-00659
159 clueweb09-en0106-70-19153
159 clueweb09-en0034-89-02389
159 clueweb09-en0104-28-12036
159 clueweb09-en0007-52-02378
159 clueweb09-en0053-81-08464
159 clueweb09-en0130-63-36305
159 clueweb09-en0067-59-18039
159 clueweb09-en0106-48-40284
159 clueweb09-en0132-02-56165
159 clueweb09-en0130-63-36308
159 clueweb09-en0108-73-03926
159 clueweb09-en0108-73-03927
159 clueweb09-en0024-23-40051
159 clueweb09-en0013-73-20502
159 clueweb09-en0108-83-22266
159 clueweb09-en0005-32-28028
159 clueweb09-en0080-39-11635
159 clueweb09-en0078-30-01095
159 clueweb09-en0122-16-35887
159 clueweb09-en0010-81-05318
159 clueweb09-en0066-65-16309
159 clueweb09-en0063-53-30098
159 clueweb09-en0091-14-38570
159 clueweb09-en0131-88-33537
159 clueweb09-en0011-36-09199
159 clueweb09-en0010-81-05325
159 clueweb09-en0106-73-11029
159 clueweb09-en0035-50-20635
159 clueweb09-en0009-47-23825
159 clueweb09-enwp03-30-12964
159 clueweb09-en0067-02-06900
159 clueweb09-en0021-84-21822
159 clueweb09-en0002-58-24794
