160 clueweb09-en0007-36-06765
160 clueweb09-en0079-62-01494
160 clueweb09-en0131-03-16383
160 clueweb09-en0106-12-23476
160 clueweb09-en0000-95-14516
160 clueweb09-en0038-53-06526
160 clueweb09-en0133-51-11536
160 clueweb09-en0002-98-14571
160 clueweb09-en0131-55-29264
160 clueweb09-en0067-87-38075
160 clueweb09-en0015-95-07636
160 clueweb09-en0009-03-37559
160 clueweb09-en0009-03-37448
160 clueweb09-en0127-41-23874
160 clueweb09-en0008-85-24775
160 clueweb09-en0131-93-35358
160 clueweb09-en0131-12-45797
160 clueweb09-en0000-64-07472
160 clueweb09-en0005-81-06974
160 clueweb09-en0085-09-20289
160 clueweb09-en0001-68-02064
160 clueweb09-en0071-95-19244
160 clueweb09-en0131-09-33538
160 clueweb09-en0007-39-05614
160 clueweb09-en0045-66-04687
160 clueweb09-en0129-24-37285
160 clueweb09-en0000-84-17285
160 clueweb09-en0000-95-14504
160 clueweb09-en0004-65-06651
160 clueweb09-en0000-95-14178
160 clueweb09-en0090-44-15528
160 clueweb09-en0009-03-36629
160 clueweb09-en0050-19-31319
160 clueweb09-en0062-92-20080
160 clueweb09-en0057-95-16670
160 clueweb09-en0065-86-06247
160 clueweb09-en0021-98-15924
160 clueweb09-en0000-54-27485
160 clueweb09-en0026-72-22141
160 clueweb09-en0009-03-36626
