161 clueweb09-en0081-35-20457
161 clueweb09-en0003-48-29085
161 clueweb09-en0075-01-22326
161 clueweb09-en0093-17-12420
161 clueweb09-en0121-54-29371
161 clueweb09-en0006-52-21583
161 clueweb09-en0123-44-16692
161 clueweb09-en0009-41-17329
161 clueweb09-en0010-08-00433
161 clueweb09-en0008-49-14308
161 clueweb09-en0005-39-21790
161 clueweb09-en0038-88-25240
161 clueweb09-en0075-01-22329
161 clueweb09-en0075-01-22328
161 clueweb09-en0075-01-22325
161 clueweb09-en0075-01-22327
161 clueweb09-en0086-62-35178
161 clueweb09-en0075-01-22323
161 clueweb09-en0005-98-07621
161 clueweb09-en0117-75-11570
161 clueweb09-en0050-26-34144
161 clueweb09-en0080-24-08022
161 clueweb09-en0050-80-43985
161 clueweb09-en0000-25-32932
161 clueweb09-en0011-06-26827
161 clueweb09-en0006-27-22666
161 clueweb09-en0100-64-05046
161 clueweb09-en0123-85-24614
161 clueweb09-en0011-76-22677
161 clueweb09-en0033-08-06088
161 clueweb09-en0005-97-07943
161 clueweb09-en0005-97-07939
161 clueweb09-en0075-01-22338
161 clueweb09-en0075-01-22339
161 clueweb09-en0075-01-22335
161 clueweb09-en0075-01-22333
161 clueweb09-en0075-01-22331
161 clueweb09-en0076-92-22809
161 clueweb09-en0031-13-22732
161 clueweb09-en0000-06-12865
