164 clueweb09-en0108-84-26262
164 clueweb09-en0002-02-11472
164 clueweb09-en0040-86-17671
164 clueweb09-en0026-67-02496
164 clueweb09-en0088-27-08846
164 clueweb09-en0113-33-23712
164 clueweb09-en0003-03-19642
164 clueweb09-en0007-75-26231
164 clueweb09-en0112-31-06339
164 clueweb09-en0003-93-19078
164 clueweb09-en0123-33-26955
164 clueweb09-en0024-30-05282
164 clueweb09-en0097-24-06367
164 clueweb09-en0000-44-05973
164 clueweb09-en0101-87-27232
164 clueweb09-en0108-50-35290
164 clueweb09-en0037-41-05363
164 clueweb09-en0001-43-24851
164 clueweb09-en0033-56-22541
164 clueweb09-en0081-97-09203
164 clueweb09-en0001-12-29092
164 clueweb09-en0099-97-12288
164 clueweb09-en0113-12-25944
164 clueweb09-en0009-00-15453
164 clueweb09-en0039-26-13686
164 clueweb09-en0000-66-15034
164 clueweb09-en0001-58-08077
164 clueweb09-en0095-01-23584
164 clueweb09-en0104-32-15956
164 clueweb09-en0108-50-35263
164 clueweb09-en0037-20-35524
164 clueweb09-en0037-20-35525
164 clueweb09-en0095-51-40454
164 clueweb09-en0018-75-06734
164 clueweb09-en0098-97-32191
164 clueweb09-en0046-18-28377
