166 clueweb09-en0003-28-20671
166 clueweb09-en0001-70-13904
166 clueweb09-en0113-55-15997
166 clueweb09-en0113-55-15999
166 clueweb09-en0022-70-25716
166 clueweb09-en0113-55-16015
166 clueweb09-en0026-07-16470
166 clueweb09-en0113-55-16012
166 clueweb09-en0113-55-16013
166 clueweb09-en0113-55-16033
166 clueweb09-en0118-51-00264
166 clueweb09-en0086-49-05243
166 clueweb09-en0001-71-29338
166 clueweb09-en0086-49-05240
166 clueweb09-en0001-50-26802
166 clueweb09-en0010-72-19114
166 clueweb09-en0101-79-24495
166 clueweb09-en0005-22-30663
166 clueweb09-enwp02-13-15121
166 clueweb09-en0004-27-28357
166 clueweb09-en0000-64-10899
166 clueweb09-en0002-82-20048
166 clueweb09-en0026-07-16982
166 clueweb09-en0022-22-14394
166 clueweb09-en0102-41-31217
166 clueweb09-en0008-27-02353
166 clueweb09-en0011-24-35850
166 clueweb09-en0054-96-05795
166 clueweb09-en0113-55-16002
166 clueweb09-en0004-65-32724
166 clueweb09-en0113-55-16000
166 clueweb09-en0113-55-16007
166 clueweb09-en0006-67-26894
166 clueweb09-en0113-55-16025
166 clueweb09-en0113-55-16008
166 clueweb09-en0051-24-38263
166 clueweb09-en0099-36-29218
166 clueweb09-en0001-61-22564
166 clueweb09-en0005-85-32393
166 clueweb09-en0011-38-28977
166 clueweb09-en0004-60-10988
166 clueweb09-enwp00-80-00133
166 clueweb09-en0011-59-18481
166 clueweb09-en0007-07-05585
166 clueweb09-enwp00-56-14442
166 clueweb09-en0043-07-23335
166 clueweb09-en0009-08-17759
