167 clueweb09-en0040-18-23647
167 clueweb09-en0126-16-15779
167 clueweb09-en0126-16-15792
167 clueweb09-en0040-18-23664
167 clueweb09-en0024-30-17734
167 clueweb09-en0040-18-23649
167 clueweb09-en0003-93-13461
167 clueweb09-en0005-44-27765
167 clueweb09-en0000-15-14716
167 clueweb09-en0026-47-30597
167 clueweb09-en0026-47-30596
167 clueweb09-en0130-46-08127
167 clueweb09-enwp01-39-05374
167 clueweb09-enwp00-66-07200
167 clueweb09-en0026-47-30599
167 clueweb09-en0026-47-30598
167 clueweb09-en0126-16-15794
167 clueweb09-en0024-30-17910
167 clueweb09-en0085-82-16942
167 clueweb09-en0133-41-06849
167 clueweb09-en0005-27-26875
167 clueweb09-en0011-26-18695
167 clueweb09-en0001-42-17339
167 clueweb09-enwp00-54-12496
167 clueweb09-en0005-27-27092
167 clueweb09-en0040-18-23648
167 clueweb09-enwp01-72-06536
167 clueweb09-en0000-20-07650
167 clueweb09-en0091-22-25268
167 clueweb09-enwp00-27-06128
167 clueweb09-en0001-97-27917
167 clueweb09-en0054-33-24041
167 clueweb09-en0026-47-30600
167 clueweb09-en0127-26-43737
167 clueweb09-en0133-78-37431
167 clueweb09-en0009-07-10905
167 clueweb09-en0002-83-00338
167 clueweb09-en0040-18-23650
167 clueweb09-en0130-46-08112
167 clueweb09-en0011-73-09078
167 clueweb09-en0054-33-24040
167 clueweb09-en0007-99-05021
167 clueweb09-en0005-17-38203
167 clueweb09-en0000-17-01260
167 clueweb09-en0000-63-03410
