169 clueweb09-en0005-98-13977
169 clueweb09-en0006-11-00633
169 clueweb09-en0116-99-29800
169 clueweb09-en0073-65-10821
169 clueweb09-en0001-88-16163
169 clueweb09-en0045-41-30255
169 clueweb09-en0067-25-36118
169 clueweb09-enwp01-01-07565
169 clueweb09-en0131-59-11148
169 clueweb09-en0001-50-19317
169 clueweb09-en0049-91-08852
169 clueweb09-en0004-59-17484
169 clueweb09-en0036-60-22743
169 clueweb09-en0000-66-06895
169 clueweb09-en0130-43-43521
169 clueweb09-en0008-85-15917
169 clueweb09-en0131-59-11147
169 clueweb09-en0045-81-13661
169 clueweb09-en0000-61-28945
169 clueweb09-en0131-59-11141
169 clueweb09-en0011-66-37505
169 clueweb09-en0003-63-24007
169 clueweb09-en0000-93-36236
169 clueweb09-en0000-72-09830
169 clueweb09-en0054-81-00741
169 clueweb09-en0083-33-39257
169 clueweb09-enwp01-27-07259
169 clueweb09-en0035-26-18125
169 clueweb09-en0038-30-04813
169 clueweb09-en0013-35-03452
169 clueweb09-en0002-82-23952
169 clueweb09-en0081-81-43429
169 clueweb09-en0000-66-07008
169 clueweb09-en0131-40-12254
169 clueweb09-enwp01-46-16948
