173 clueweb09-en0066-18-26256
173 clueweb09-en0007-39-09614
173 clueweb09-en0003-35-15349
173 clueweb09-en0103-91-20423
173 clueweb09-en0103-91-20422
173 clueweb09-en0103-91-20424
173 clueweb09-en0052-16-26232
173 clueweb09-en0120-09-39675
173 clueweb09-en0064-15-33602
173 clueweb09-en0133-36-21866
173 clueweb09-en0093-13-06787
173 clueweb09-en0117-30-27351
173 clueweb09-en0050-67-41244
173 clueweb09-en0050-67-41249
173 clueweb09-en0007-13-32656
173 clueweb09-en0133-55-36978
173 clueweb09-en0126-95-28374
173 clueweb09-en0105-71-03593
173 clueweb09-en0131-32-18696
173 clueweb09-enwp00-24-13962
173 clueweb09-en0100-16-17847
173 clueweb09-en0031-68-20974
173 clueweb09-en0000-53-30027
173 clueweb09-en0002-50-10183
173 clueweb09-en0011-58-29329
173 clueweb09-en0060-61-18566
173 clueweb09-en0007-87-32322
173 clueweb09-en0044-42-28723
173 clueweb09-en0120-26-38948
173 clueweb09-en0051-16-15973
173 clueweb09-en0065-89-02136
173 clueweb09-en0005-44-03246
173 clueweb09-en0065-89-02138
