177 clueweb09-en0007-48-09583
177 clueweb09-en0093-13-38360
177 clueweb09-en0004-71-25850
177 clueweb09-en0000-93-38468
177 clueweb09-en0009-81-29943
177 clueweb09-en0001-66-09574
177 clueweb09-en0007-90-32645
177 clueweb09-en0051-95-44220
177 clueweb09-en0093-13-38347
177 clueweb09-en0004-49-28578
177 clueweb09-en0058-02-09680
177 clueweb09-enwp01-77-00547
177 clueweb09-en0004-60-30191
177 clueweb09-en0093-13-38349
177 clueweb09-en0086-66-20523
177 clueweb09-en0002-31-32409
177 clueweb09-en0093-13-38341
177 clueweb09-en0066-88-39516
177 clueweb09-enwp00-97-00140
177 clueweb09-en0093-13-38344
177 clueweb09-en0051-95-44216
177 clueweb09-en0006-01-15357
177 clueweb09-enwp00-63-23624
177 clueweb09-en0009-26-18677
177 clueweb09-en0005-17-41679
177 clueweb09-enwp01-65-08253
177 clueweb09-en0038-52-29426
177 clueweb09-en0009-32-05517
177 clueweb09-en0038-52-29422
177 clueweb09-en0008-75-29575
177 clueweb09-en0020-51-31370
177 clueweb09-en0008-75-29576
177 clueweb09-en0057-59-12307
177 clueweb09-enwp00-84-00908
177 clueweb09-en0071-22-03712
177 clueweb09-en0009-83-30858
177 clueweb09-en0045-84-24584
177 clueweb09-en0065-72-36331
177 clueweb09-en0093-13-38358
177 clueweb09-en0093-13-38346
177 clueweb09-en0093-13-38311
177 clueweb09-en0002-31-10091
177 clueweb09-en0093-13-38353
177 clueweb09-en0036-93-32349
177 clueweb09-en0093-13-38356
177 clueweb09-en0093-13-38354
177 clueweb09-enwp00-82-12192
177 clueweb09-en0087-41-33872
177 clueweb09-en0009-26-18400
177 clueweb09-en0037-53-36779
177 clueweb09-en0080-65-30111
177 clueweb09-en0107-08-33622
