179 clueweb09-en0037-46-33344
179 clueweb09-en0130-34-02036
179 clueweb09-en0131-16-43232
179 clueweb09-en0001-11-11018
179 clueweb09-en0091-68-19729
179 clueweb09-en0038-25-15463
179 clueweb09-en0023-18-33731
179 clueweb09-en0006-80-03687
179 clueweb09-en0129-44-20870
179 clueweb09-en0107-18-20814
179 clueweb09-en0034-20-19970
179 clueweb09-en0089-72-13725
179 clueweb09-en0097-50-15204
179 clueweb09-en0005-23-18612
179 clueweb09-en0006-42-34678
179 clueweb09-en0008-81-22263
179 clueweb09-en0008-81-22265
179 clueweb09-en0058-00-25241
179 clueweb09-en0131-89-01731
179 clueweb09-en0131-45-36406
179 clueweb09-en0024-82-14507
179 clueweb09-en0003-59-24813
179 clueweb09-en0129-81-44056
179 clueweb09-en0033-99-05158
179 clueweb09-en0127-89-01883
179 clueweb09-en0063-58-24934
179 clueweb09-en0034-70-24026
179 clueweb09-en0091-07-05552
179 clueweb09-en0002-40-06594
179 clueweb09-en0002-65-04925
179 clueweb09-en0005-36-44132
179 clueweb09-en0096-48-04473
179 clueweb09-en0128-35-25314
179 clueweb09-en0005-30-25280
179 clueweb09-en0009-77-13472
179 clueweb09-en0048-44-11731
