181 clueweb09-en0061-25-20775
181 clueweb09-en0088-75-29581
181 clueweb09-en0089-69-29085
181 clueweb09-en0005-37-26847
181 clueweb09-en0039-99-22675
181 clueweb09-en0087-07-22887
181 clueweb09-en0106-52-16261
181 clueweb09-enwp01-39-14477
181 clueweb09-en0024-94-26224
181 clueweb09-en0072-71-25856
181 clueweb09-en0009-31-25939
181 clueweb09-en0071-49-34869
181 clueweb09-en0066-04-10843
181 clueweb09-en0060-32-16147
181 clueweb09-en0085-42-17890
181 clueweb09-en0006-65-10465
181 clueweb09-en0000-87-27782
181 clueweb09-en0064-15-23509
181 clueweb09-en0005-56-29315
181 clueweb09-en0074-88-29274
181 clueweb09-en0043-07-00571
181 clueweb09-en0004-36-10926
181 clueweb09-en0000-62-00073
181 clueweb09-en0107-97-13985
181 clueweb09-en0000-62-00056
181 clueweb09-en0002-47-06860
181 clueweb09-enwp01-60-13884
181 clueweb09-en0009-31-25945
181 clueweb09-en0005-31-35235
181 clueweb09-en0086-05-22694
181 clueweb09-en0068-97-35914
181 clueweb09-en0006-65-10487
181 clueweb09-en0059-30-22681
181 clueweb09-en0007-44-03281
181 clueweb09-en0088-27-29174
181 clueweb09-en0085-82-26804
181 clueweb09-en0061-43-21645
181 clueweb09-en0072-01-18420
181 clueweb09-en0088-20-03575
181 clueweb09-en0071-29-01129
181 clueweb09-en0002-77-28706
181 clueweb09-en0107-97-13971
181 clueweb09-en0087-91-13480
181 clueweb09-en0058-98-07126
