183 clueweb09-en0001-14-30936
183 clueweb09-en0132-81-19545
183 clueweb09-en0010-31-09140
183 clueweb09-en0108-36-42115
183 clueweb09-en0132-48-14213
183 clueweb09-en0004-26-27645
183 clueweb09-en0005-33-27298
183 clueweb09-en0041-62-31994
183 clueweb09-en0027-67-19314
183 clueweb09-en0116-10-17838
183 clueweb09-en0011-83-35844
183 clueweb09-en0010-07-28133
183 clueweb09-en0004-34-24596
183 clueweb09-en0031-00-17055
183 clueweb09-en0011-30-18007
183 clueweb09-en0005-36-25463
183 clueweb09-en0007-24-00966
183 clueweb09-en0011-30-18024
183 clueweb09-en0011-30-18026
183 clueweb09-en0005-96-07305
183 clueweb09-enwp01-05-13450
183 clueweb09-en0011-66-21282
183 clueweb09-en0089-65-00248
183 clueweb09-en0132-69-52226
183 clueweb09-en0005-29-24364
183 clueweb09-enwp01-02-13403
183 clueweb09-en0018-22-13938
183 clueweb09-en0007-79-37703
183 clueweb09-en0099-42-30517
183 clueweb09-en0018-77-19715
183 clueweb09-en0003-14-19451
183 clueweb09-en0005-32-05433
183 clueweb09-en0008-63-20348
183 clueweb09-en0001-09-10281
183 clueweb09-en0010-03-12010
183 clueweb09-en0059-77-17987
183 clueweb09-en0003-26-27001
183 clueweb09-enwp00-96-06116
183 clueweb09-en0094-38-28982
183 clueweb09-en0009-37-33071
183 clueweb09-en0001-72-28667
183 clueweb09-enwp01-05-13449
183 clueweb09-en0017-96-32432
183 clueweb09-en0095-18-30527
183 clueweb09-en0086-19-08229
183 clueweb09-en0035-51-11783
183 clueweb09-en0002-05-12502
183 clueweb09-en0009-59-35769
183 clueweb09-en0078-66-31740
183 clueweb09-en0004-31-23627
183 clueweb09-en0005-35-20499
183 clueweb09-en0002-12-01662
