184 clueweb09-en0002-90-01139
184 clueweb09-en0007-80-05172
184 clueweb09-en0041-18-05461
184 clueweb09-en0007-93-17715
184 clueweb09-en0002-71-30211
184 clueweb09-en0035-46-34599
184 clueweb09-en0007-72-11711
184 clueweb09-en0038-01-20801
184 clueweb09-en0006-04-16628
184 clueweb09-en0041-18-05050
184 clueweb09-en0121-99-40708
184 clueweb09-en0002-92-08100
184 clueweb09-en0000-88-07815
184 clueweb09-en0064-70-12359
184 clueweb09-en0012-74-07126
184 clueweb09-en0012-40-08173
184 clueweb09-en0041-18-06306
184 clueweb09-en0126-32-43532
184 clueweb09-en0110-65-11734
184 clueweb09-en0110-65-11735
184 clueweb09-en0004-50-19988
184 clueweb09-en0010-57-25560
184 clueweb09-en0029-73-28058
184 clueweb09-en0038-01-20838
184 clueweb09-en0005-61-23277
184 clueweb09-enwp00-53-10435
184 clueweb09-en0127-58-38973
184 clueweb09-en0029-93-19634
184 clueweb09-en0097-70-05012
184 clueweb09-en0004-17-06707
184 clueweb09-enwp00-43-09807
184 clueweb09-en0011-79-13795
184 clueweb09-en0007-93-17875
184 clueweb09-en0035-42-33962
184 clueweb09-enwp01-79-17599
