185 clueweb09-en0072-57-16630
185 clueweb09-en0003-81-09361
185 clueweb09-en0049-03-25606
185 clueweb09-en0005-52-29458
185 clueweb09-en0005-60-30939
185 clueweb09-en0130-10-17786
185 clueweb09-en0129-04-42184
185 clueweb09-en0011-58-18838
185 clueweb09-en0059-18-15342
185 clueweb09-en0007-29-00665
185 clueweb09-en0131-53-12566
185 clueweb09-en0010-91-22220
185 clueweb09-en0004-16-00627
185 clueweb09-en0005-17-20240
185 clueweb09-en0008-86-14627
185 clueweb09-en0000-08-14617
185 clueweb09-en0010-77-27161
185 clueweb09-en0131-55-02630
185 clueweb09-en0029-77-19749
185 clueweb09-en0005-22-36121
185 clueweb09-en0006-44-23840
185 clueweb09-en0062-14-11924
185 clueweb09-en0131-47-02936
185 clueweb09-en0032-42-15469
185 clueweb09-en0129-17-26009
185 clueweb09-en0004-05-35239
185 clueweb09-en0001-74-14195
185 clueweb09-en0085-87-08199
185 clueweb09-en0088-58-11573
185 clueweb09-en0006-68-33191
185 clueweb09-en0003-45-27201
185 clueweb09-en0081-14-43380
185 clueweb09-en0004-22-27785
185 clueweb09-en0011-42-19805
185 clueweb09-en0007-09-34900
185 clueweb09-en0007-80-14165
