188 clueweb09-en0102-28-05835
188 clueweb09-en0003-59-32044
188 clueweb09-en0012-20-02015
188 clueweb09-enwp00-98-19738
188 clueweb09-enwp01-01-16833
188 clueweb09-en0066-38-44841
188 clueweb09-en0012-36-33034
188 clueweb09-en0072-26-29590
188 clueweb09-en0116-01-30528
188 clueweb09-en0007-20-03738
188 clueweb09-en0012-90-37013
188 clueweb09-en0005-14-22261
188 clueweb09-enwp00-96-23624
188 clueweb09-en0117-59-24750
188 clueweb09-en0010-74-07770
188 clueweb09-en0004-54-00319
188 clueweb09-enwp00-46-24316
188 clueweb09-en0009-01-08427
188 clueweb09-en0002-78-12404
188 clueweb09-en0060-36-32138
188 clueweb09-en0095-55-01813
188 clueweb09-enwp00-32-16368
188 clueweb09-enwp00-83-23029
188 clueweb09-en0125-65-02582
188 clueweb09-enwp00-56-25374
188 clueweb09-en0034-05-06010
188 clueweb09-en0007-34-33163
188 clueweb09-enwp00-23-16129
188 clueweb09-enwp00-23-16128
188 clueweb09-enwp00-23-16127
188 clueweb09-en0075-17-02184
188 clueweb09-enwp01-04-00025
188 clueweb09-en0009-90-31820
188 clueweb09-en0113-91-22754
188 clueweb09-enwp00-84-20148
188 clueweb09-enwp00-90-19704
188 clueweb09-enwp00-84-20152
188 clueweb09-en0011-38-07251
188 clueweb09-en0013-00-03193
188 clueweb09-en0004-37-11714
188 clueweb09-en0006-90-29356
188 clueweb09-en0006-36-25197
188 clueweb09-en0041-47-38016
188 clueweb09-en0126-66-32266
188 clueweb09-en0131-64-47919
188 clueweb09-enwp00-83-22998
188 clueweb09-enwp00-25-16833
188 clueweb09-en0031-67-10986
188 clueweb09-en0004-52-24814
188 clueweb09-en0033-27-13407
188 clueweb09-en0004-52-24813
188 clueweb09-en0004-52-24812
188 clueweb09-en0004-52-24815
188 clueweb09-enwp00-20-16198
188 clueweb09-en0009-95-22103
188 clueweb09-enwp00-32-04073
188 clueweb09-en0130-18-40576
188 clueweb09-en0113-50-38393
188 clueweb09-enwp00-83-19157
188 clueweb09-en0022-94-00598
188 clueweb09-enwp00-82-23510
188 clueweb09-en0005-15-30129
188 clueweb09-enwp00-83-19158
188 clueweb09-en0001-87-07528
