189 clueweb09-en0009-75-27273
189 clueweb09-en0011-89-03020
189 clueweb09-en0066-83-34464
189 clueweb09-en0035-57-32765
189 clueweb09-en0009-75-27238
189 clueweb09-en0018-28-00897
189 clueweb09-en0106-08-17963
189 clueweb09-en0039-86-14720
189 clueweb09-en0106-08-17967
189 clueweb09-en0106-08-17965
189 clueweb09-en0106-08-17964
189 clueweb09-en0037-23-28789
189 clueweb09-en0032-93-07148
189 clueweb09-en0059-72-04646
189 clueweb09-en0054-21-31851
189 clueweb09-en0108-35-29774
189 clueweb09-en0095-90-04105
189 clueweb09-en0009-75-27229
189 clueweb09-en0039-86-14760
189 clueweb09-en0086-42-17290
189 clueweb09-en0108-35-30200
189 clueweb09-en0053-55-05624
189 clueweb09-en0039-86-14725
189 clueweb09-en0001-12-20286
189 clueweb09-en0064-52-19758
189 clueweb09-en0120-24-33230
