190 clueweb09-en0001-77-27993
190 clueweb09-en0061-45-01754
190 clueweb09-en0081-29-09540
190 clueweb09-en0078-49-19639
190 clueweb09-en0007-33-05171
190 clueweb09-en0009-36-21783
190 clueweb09-en0122-35-26226
190 clueweb09-en0081-94-26855
190 clueweb09-en0049-37-08350
190 clueweb09-en0077-16-19376
190 clueweb09-en0048-19-35091
190 clueweb09-en0005-63-37331
190 clueweb09-en0095-04-06993
190 clueweb09-en0011-23-25000
190 clueweb09-en0122-95-34146
190 clueweb09-en0050-94-03511
190 clueweb09-en0002-38-15724
190 clueweb09-enwp00-60-00920
190 clueweb09-en0001-64-18868
190 clueweb09-en0119-76-05143
190 clueweb09-en0011-22-23115
190 clueweb09-en0023-61-06473
190 clueweb09-en0006-48-12405
190 clueweb09-en0007-91-14678
190 clueweb09-en0063-13-01160
190 clueweb09-en0005-05-17187
190 clueweb09-en0010-94-02007
190 clueweb09-en0010-94-02006
190 clueweb09-en0113-90-26404
190 clueweb09-en0078-17-12765
190 clueweb09-en0009-36-21837
190 clueweb09-en0081-88-33418
190 clueweb09-en0099-13-21309
190 clueweb09-en0030-76-20445
190 clueweb09-en0094-31-35124
190 clueweb09-en0122-35-26229
