191 clueweb09-en0067-72-35086
191 clueweb09-enwp00-44-10342
191 clueweb09-en0008-48-04490
191 clueweb09-en0009-23-21932
191 clueweb09-en0091-40-26170
191 clueweb09-en0001-21-14147
191 clueweb09-en0090-96-28269
191 clueweb09-en0081-52-18489
191 clueweb09-en0110-28-05240
191 clueweb09-en0044-60-25781
191 clueweb09-en0066-24-35169
191 clueweb09-en0049-83-06139
191 clueweb09-en0005-97-26864
191 clueweb09-en0005-97-26865
191 clueweb09-en0084-48-03396
191 clueweb09-en0006-90-32838
191 clueweb09-en0074-20-16069
191 clueweb09-enwp01-23-15237
191 clueweb09-en0090-55-29290
191 clueweb09-en0004-09-05159
191 clueweb09-enwp01-14-08259
191 clueweb09-enwp01-00-23757
191 clueweb09-en0039-09-27704
191 clueweb09-enwp01-02-08822
191 clueweb09-en0132-94-35029
191 clueweb09-enwp00-41-09281
191 clueweb09-en0119-89-00091
191 clueweb09-en0081-04-05566
191 clueweb09-enwp03-25-21311
191 clueweb09-en0105-20-11415
