192 clueweb09-en0106-54-21423
192 clueweb09-en0128-49-33180
192 clueweb09-en0095-11-41823
192 clueweb09-en0006-00-30091
192 clueweb09-en0003-59-11641
192 clueweb09-en0000-40-04835
192 clueweb09-en0006-83-14385
192 clueweb09-en0009-33-10611
192 clueweb09-en0086-40-30918
192 clueweb09-en0132-00-14213
192 clueweb09-en0092-96-11700
192 clueweb09-en0009-89-10553
192 clueweb09-en0064-54-12459
192 clueweb09-en0009-05-06998
192 clueweb09-en0025-34-26569
192 clueweb09-en0105-57-40759
192 clueweb09-en0108-69-28716
192 clueweb09-en0009-60-13173
192 clueweb09-en0039-24-18450
192 clueweb09-en0006-69-24226
192 clueweb09-en0131-82-09240
192 clueweb09-en0124-53-18598
192 clueweb09-en0009-44-27344
192 clueweb09-en0127-16-12151
192 clueweb09-en0010-10-19757
192 clueweb09-en0120-93-11654
192 clueweb09-en0120-93-11582
192 clueweb09-en0133-05-17393
192 clueweb09-en0118-96-16419
192 clueweb09-en0005-81-14591
192 clueweb09-en0131-38-29752
192 clueweb09-en0003-08-20991
192 clueweb09-en0011-38-10200
192 clueweb09-en0040-77-10150
192 clueweb09-en0004-79-10015
192 clueweb09-en0027-54-07404
192 clueweb09-en0130-47-32930
192 clueweb09-en0010-10-14591
192 clueweb09-en0013-26-20761
192 clueweb09-en0004-60-07363
192 clueweb09-en0007-90-26271
192 clueweb09-en0005-35-23495
