193 clueweb09-en0010-58-06984
193 clueweb09-en0023-32-21258
193 clueweb09-en0039-92-09987
193 clueweb09-en0002-80-36569
193 clueweb09-en0007-37-01443
193 clueweb09-en0007-37-01442
193 clueweb09-en0041-41-05646
193 clueweb09-en0006-43-21043
193 clueweb09-en0007-92-03469
193 clueweb09-en0011-55-21470
193 clueweb09-en0011-55-21454
193 clueweb09-en0006-09-18658
193 clueweb09-en0084-30-12147
193 clueweb09-en0081-69-32519
193 clueweb09-en0049-92-09904
193 clueweb09-en0107-33-01254
193 clueweb09-en0031-33-02448
193 clueweb09-en0055-89-10554
193 clueweb09-en0027-90-09436
193 clueweb09-en0011-55-21487
193 clueweb09-en0027-90-09433
193 clueweb09-en0027-90-09439
193 clueweb09-en0004-25-30576
193 clueweb09-en0012-47-32120
193 clueweb09-en0006-20-36356
193 clueweb09-en0063-82-30548
193 clueweb09-en0010-66-32089
193 clueweb09-en0027-90-09440
193 clueweb09-en0011-85-09554
193 clueweb09-en0129-21-45681
193 clueweb09-en0006-43-21037
193 clueweb09-en0036-90-36338
193 clueweb09-en0096-78-30886
193 clueweb09-en0057-07-06634
193 clueweb09-en0009-86-02510
193 clueweb09-en0003-04-06735
193 clueweb09-en0011-85-09671
193 clueweb09-en0008-49-31922
193 clueweb09-en0012-47-32119
193 clueweb09-en0041-03-08639
193 clueweb09-en0006-78-25083
193 clueweb09-en0079-31-17369
193 clueweb09-en0041-03-08632
193 clueweb09-en0027-90-09438
193 clueweb09-en0041-03-08635
