195 clueweb09-en0048-40-28329
195 clueweb09-en0010-68-22079
195 clueweb09-en0007-66-12443
195 clueweb09-en0011-23-37640
195 clueweb09-en0066-62-24124
195 clueweb09-en0000-30-11380
195 clueweb09-en0000-06-17519
195 clueweb09-en0040-66-05331
195 clueweb09-en0005-60-19478
195 clueweb09-en0026-68-16765
195 clueweb09-en0131-54-09646
195 clueweb09-en0010-50-37188
195 clueweb09-en0005-78-07276
195 clueweb09-en0106-41-41284
195 clueweb09-en0081-15-08931
195 clueweb09-en0106-69-19905
195 clueweb09-en0041-15-10568
195 clueweb09-en0081-15-08938
195 clueweb09-en0065-96-21286
195 clueweb09-en0121-88-14429
195 clueweb09-en0065-96-21285
195 clueweb09-en0004-58-23575
195 clueweb09-en0065-96-21283
195 clueweb09-en0052-90-32364
195 clueweb09-en0011-23-22312
195 clueweb09-en0080-93-12380
195 clueweb09-en0080-93-12384
195 clueweb09-en0053-98-22796
195 clueweb09-en0002-87-12899
195 clueweb09-en0051-91-20390
195 clueweb09-en0093-50-19391
195 clueweb09-en0093-50-19393
195 clueweb09-en0006-58-36839
195 clueweb09-en0025-94-03122
195 clueweb09-en0106-97-04750
195 clueweb09-en0052-90-32368
195 clueweb09-en0037-11-20962
195 clueweb09-en0042-47-04175
195 clueweb09-en0010-68-22100
195 clueweb09-en0010-68-22107
195 clueweb09-en0052-90-32363
