196 clueweb09-en0023-04-16856
196 clueweb09-en0023-16-09727
196 clueweb09-en0001-59-13472
196 clueweb09-en0001-84-30975
196 clueweb09-en0079-33-10397
196 clueweb09-en0023-04-16810
196 clueweb09-en0037-55-19491
196 clueweb09-en0046-88-36869
196 clueweb09-en0037-55-19685
196 clueweb09-en0092-41-33170
196 clueweb09-en0037-55-19687
196 clueweb09-en0001-86-11776
196 clueweb09-en0000-92-06739
196 clueweb09-en0010-37-19198
196 clueweb09-en0024-25-22306
196 clueweb09-en0012-16-09365
196 clueweb09-en0037-57-32357
196 clueweb09-en0005-08-05453
196 clueweb09-en0001-05-07272
196 clueweb09-en0083-28-19823
196 clueweb09-en0123-96-03696
196 clueweb09-en0132-50-23048
196 clueweb09-en0023-04-16908
196 clueweb09-en0037-55-19631
196 clueweb09-en0037-55-19632
196 clueweb09-en0011-94-06298
