198 clueweb09-enwp00-82-19569
198 clueweb09-en0096-67-17074
198 clueweb09-en0036-15-41491
198 clueweb09-en0005-12-16743
198 clueweb09-en0008-73-00064
198 clueweb09-en0082-24-30246
198 clueweb09-en0007-40-24802
198 clueweb09-en0008-73-00068
198 clueweb09-enwp00-84-22762
198 clueweb09-enwp02-21-22231
198 clueweb09-enwp00-95-12538
198 clueweb09-en0133-04-53589
198 clueweb09-en0068-09-09790
198 clueweb09-en0068-09-09792
198 clueweb09-enwp00-95-23146
198 clueweb09-en0022-00-31985
198 clueweb09-enwp00-95-23124
198 clueweb09-en0104-30-27705
198 clueweb09-enwp00-79-22247
198 clueweb09-enwp00-96-22295
198 clueweb09-en0082-24-30251
198 clueweb09-en0007-34-33740
198 clueweb09-en0133-04-53588
198 clueweb09-en0131-64-26296
198 clueweb09-enwp01-46-08574
198 clueweb09-en0011-53-18444
198 clueweb09-en0106-34-34999
198 clueweb09-enwp00-92-22501
198 clueweb09-enwp00-79-22084
198 clueweb09-enwp00-79-22085
