51 clueweb09-en0023-20-21908
51 clueweb09-en0011-01-13174
51 clueweb09-en0007-74-19204
51 clueweb09-en0010-87-16850
51 clueweb09-enwp00-83-16491
51 clueweb09-en0008-94-34851
51 clueweb09-en0003-93-25571
51 clueweb09-en0006-18-03874
51 clueweb09-en0076-11-21474
51 clueweb09-en0009-84-44823
51 clueweb09-en0008-81-08725
51 clueweb09-en0030-65-32863
51 clueweb09-en0007-86-24047
51 clueweb09-en0064-76-35909
51 clueweb09-en0007-15-05466
51 clueweb09-en0007-89-20452
51 clueweb09-en0001-01-18108
51 clueweb09-en0005-59-14038
51 clueweb09-en0001-21-25404
51 clueweb09-en0008-52-30058
51 clueweb09-en0007-26-26699
51 clueweb09-en0001-12-06954
51 clueweb09-en0009-37-08945
51 clueweb09-en0009-73-39333
51 clueweb09-en0005-27-09222
51 clueweb09-en0073-86-08760
51 clueweb09-en0001-12-06928
51 clueweb09-en0005-98-14151
51 clueweb09-en0006-34-12131
51 clueweb09-en0008-56-28635
51 clueweb09-en0008-40-14671
51 clueweb09-en0079-63-37807
51 clueweb09-en0009-31-16498
51 clueweb09-en0011-16-29949
51 clueweb09-en0008-16-19299
51 clueweb09-enwp00-43-17002
51 clueweb09-en0007-15-05478
51 clueweb09-en0005-21-16901
51 clueweb09-en0023-89-00788
51 clueweb09-en0008-52-29761
51 clueweb09-en0010-86-27055
51 clueweb09-en0000-95-17354
51 clueweb09-en0007-86-24731
51 clueweb09-en0008-66-10851
51 clueweb09-en0017-29-07887
51 clueweb09-en0026-77-09305
51 clueweb09-en0009-30-04045
51 clueweb09-en0008-65-06270
51 clueweb09-en0121-39-03068
51 clueweb09-en0041-02-18277
51 clueweb09-en0007-89-20254
51 clueweb09-en0011-01-24937
51 clueweb09-en0006-67-29605
51 clueweb09-en0009-43-25277
51 clueweb09-en0000-25-13013
51 clueweb09-en0007-72-18225
51 clueweb09-en0001-83-03852
51 clueweb09-en0011-41-17215
