52 clueweb09-en0004-01-30757
52 clueweb09-en0010-35-03237
52 clueweb09-enwp00-06-14709
52 clueweb09-en0019-06-01666
52 clueweb09-en0033-06-28025
52 clueweb09-en0080-40-43263
52 clueweb09-en0009-05-40989
52 clueweb09-en0008-81-24406
52 clueweb09-en0008-12-20440
52 clueweb09-enwp03-07-02929
52 clueweb09-en0011-47-03985
52 clueweb09-en0006-66-14170
52 clueweb09-en0072-58-13456
52 clueweb09-en0002-05-02085
52 clueweb09-en0005-40-06832
52 clueweb09-en0085-93-26134
52 clueweb09-en0057-49-16336
52 clueweb09-en0103-90-42412
52 clueweb09-en0075-99-17614
52 clueweb09-en0006-49-07506
52 clueweb09-en0005-07-06667
52 clueweb09-en0007-95-25392
52 clueweb09-en0005-08-37244
52 clueweb09-en0000-01-15943
52 clueweb09-en0004-01-30767
52 clueweb09-en0002-19-02449
52 clueweb09-en0008-99-30076
52 clueweb09-en0009-64-05327
52 clueweb09-en0006-39-08080
52 clueweb09-en0005-93-30537
52 clueweb09-en0009-09-19085
52 clueweb09-en0011-61-40154
52 clueweb09-enwp03-35-09667
52 clueweb09-en0011-56-04903
52 clueweb09-en0000-03-30474
52 clueweb09-en0001-12-31815
52 clueweb09-en0010-61-35320
52 clueweb09-en0015-93-15934
52 clueweb09-enwp03-00-01556
52 clueweb09-en0005-54-28904
52 clueweb09-en0004-36-21066
52 clueweb09-en0071-71-17607
52 clueweb09-en0005-97-14842
52 clueweb09-en0006-62-38318
52 clueweb09-en0010-91-20528
52 clueweb09-en0032-33-28443
52 clueweb09-en0006-39-16035
52 clueweb09-en0098-72-22777
52 clueweb09-en0052-83-23287
52 clueweb09-en0005-93-19420
52 clueweb09-en0007-23-32853
52 clueweb09-en0008-75-19565
