53 clueweb09-en0001-41-06475
53 clueweb09-en0058-39-20242
53 clueweb09-enwp00-76-17489
53 clueweb09-en0010-70-38148
53 clueweb09-en0011-77-27170
53 clueweb09-en0011-01-19668
53 clueweb09-enwp00-67-00224
53 clueweb09-en0005-91-24916
53 clueweb09-en0009-21-39134
53 clueweb09-en0002-48-07069
53 clueweb09-en0011-27-09905
53 clueweb09-en0001-05-11186
53 clueweb09-en0001-41-07117
53 clueweb09-en0011-75-03327
53 clueweb09-en0011-59-01171
53 clueweb09-en0007-32-24356
53 clueweb09-en0009-57-20527
53 clueweb09-en0006-50-14828
53 clueweb09-en0011-82-03790
53 clueweb09-en0007-18-00247
53 clueweb09-en0063-60-38989
53 clueweb09-en0001-41-06900
53 clueweb09-en0011-19-37436
53 clueweb09-en0011-65-20474
53 clueweb09-en0011-82-35618
53 clueweb09-en0008-21-07178
53 clueweb09-en0011-16-22592
53 clueweb09-enwp01-79-17544
53 clueweb09-en0031-29-30656
53 clueweb09-en0001-05-15953
53 clueweb09-en0011-98-20029
53 clueweb09-en0119-01-11167
53 clueweb09-en0010-07-23827
53 clueweb09-en0037-20-02182
53 clueweb09-en0107-31-22338
53 clueweb09-en0001-41-06272
53 clueweb09-en0023-59-17131
53 clueweb09-en0003-38-13416
53 clueweb09-en0005-83-39934
53 clueweb09-en0011-19-04800
53 clueweb09-en0008-26-11406
53 clueweb09-en0005-56-01756
53 clueweb09-en0011-25-22644
53 clueweb09-enwp00-58-25031
53 clueweb09-en0077-49-27704
53 clueweb09-en0008-70-07451
53 clueweb09-en0016-66-06882
53 clueweb09-en0001-14-25522
53 clueweb09-enwp02-03-17382
53 clueweb09-en0009-66-05330
53 clueweb09-en0002-57-38440
53 clueweb09-en0009-04-11240
