54 clueweb09-en0016-59-29841
54 clueweb09-en0008-97-34543
54 clueweb09-en0011-51-22257
54 clueweb09-enwp00-02-04651
54 clueweb09-en0001-11-20191
54 clueweb09-en0002-32-21243
54 clueweb09-en0004-70-01333
54 clueweb09-en0068-80-39251
54 clueweb09-en0018-58-17385
54 clueweb09-en0090-12-06578
54 clueweb09-en0000-98-00676
54 clueweb09-en0006-06-30991
54 clueweb09-en0067-46-09156
54 clueweb09-en0017-88-21163
54 clueweb09-enwp03-33-02931
54 clueweb09-en0010-09-32861
54 clueweb09-en0011-79-30836
54 clueweb09-en0016-31-39033
54 clueweb09-en0005-97-00559
54 clueweb09-en0031-88-20940
54 clueweb09-en0075-65-05279
54 clueweb09-en0018-12-08292
54 clueweb09-en0006-32-24604
54 clueweb09-en0063-42-37008
54 clueweb09-en0007-08-37104
54 clueweb09-en0130-10-03663
54 clueweb09-en0001-27-10167
54 clueweb09-enwp01-18-02172
54 clueweb09-enwp03-24-09218
54 clueweb09-en0007-41-04984
54 clueweb09-en0007-81-27621
54 clueweb09-en0000-50-22928
54 clueweb09-en0001-10-29744
54 clueweb09-en0108-03-12639
54 clueweb09-en0006-89-23884
54 clueweb09-enwp02-00-18720
54 clueweb09-en0011-82-18204
54 clueweb09-en0002-97-01589
54 clueweb09-en0005-16-12725
54 clueweb09-enwp01-73-07287
54 clueweb09-en0001-02-32794
54 clueweb09-en0004-43-13765
54 clueweb09-enwp01-57-07573
54 clueweb09-en0008-65-22640
54 clueweb09-en0010-51-28047
54 clueweb09-en0010-26-31453
54 clueweb09-en0064-44-10637
54 clueweb09-en0012-43-12675
54 clueweb09-en0007-20-29097
54 clueweb09-enwp01-71-06613
54 clueweb09-enwp03-15-08950
54 clueweb09-en0024-13-35296
54 clueweb09-en0005-20-19567
54 clueweb09-en0072-58-33561
54 clueweb09-en0009-90-13655
54 clueweb09-en0010-98-34408
54 clueweb09-en0001-46-21313
54 clueweb09-en0011-30-21819
54 clueweb09-en0006-12-07676
54 clueweb09-en0011-06-31379
54 clueweb09-en0008-41-37799
54 clueweb09-en0011-08-20689
54 clueweb09-en0008-11-27589
54 clueweb09-en0001-84-34893
54 clueweb09-en0009-18-38871
54 clueweb09-enwp01-92-02667
54 clueweb09-en0011-68-30964
54 clueweb09-en0007-66-10288
54 clueweb09-en0005-18-37969
54 clueweb09-en0000-44-14932
54 clueweb09-en0131-04-36628
54 clueweb09-en0006-15-17710
54 clueweb09-en0074-26-27192
54 clueweb09-en0005-96-07674
54 clueweb09-en0004-48-22898
54 clueweb09-en0010-20-31405
54 clueweb09-en0008-79-34483
54 clueweb09-en0034-07-02720
54 clueweb09-enwp01-95-13365
54 clueweb09-en0010-92-02688
