55 clueweb09-en0001-33-22145
55 clueweb09-en0010-49-21032
55 clueweb09-en0086-49-36012
55 clueweb09-en0007-00-34024
55 clueweb09-en0008-63-30009
55 clueweb09-en0007-65-37059
55 clueweb09-en0008-37-10682
55 clueweb09-en0006-16-24514
55 clueweb09-en0011-79-26058
55 clueweb09-en0024-61-07603
55 clueweb09-en0000-05-07321
55 clueweb09-en0009-37-29827
55 clueweb09-en0008-16-34324
55 clueweb09-en0005-97-32700
55 clueweb09-en0009-61-04144
55 clueweb09-en0011-57-21083
55 clueweb09-en0009-50-34984
55 clueweb09-en0006-78-30996
55 clueweb09-en0008-65-23390
55 clueweb09-en0010-22-20265
55 clueweb09-en0007-73-01846
55 clueweb09-en0007-84-27271
55 clueweb09-en0001-33-22158
55 clueweb09-en0006-80-26583
55 clueweb09-en0011-41-17915
55 clueweb09-en0011-27-02656
55 clueweb09-en0007-15-40236
55 clueweb09-en0005-27-32775
55 clueweb09-en0013-13-34404
55 clueweb09-en0001-33-22155
55 clueweb09-en0006-16-24460
55 clueweb09-en0006-17-24908
55 clueweb09-en0010-51-10046
55 clueweb09-en0006-88-22413
55 clueweb09-en0005-91-05533
55 clueweb09-en0004-02-22489
55 clueweb09-en0106-68-26354
55 clueweb09-enwp01-48-15918
55 clueweb09-en0009-16-17295
55 clueweb09-en0068-28-18109
55 clueweb09-en0010-84-04895
55 clueweb09-en0131-29-35101
55 clueweb09-en0006-73-12665
55 clueweb09-en0131-29-35102
55 clueweb09-en0001-82-03065
55 clueweb09-en0005-73-34918
55 clueweb09-en0007-54-14204
55 clueweb09-en0113-74-02160
55 clueweb09-en0006-91-10656
55 clueweb09-enwp00-22-01566
55 clueweb09-en0009-18-09714
55 clueweb09-en0012-22-01010
55 clueweb09-en0037-12-30257
55 clueweb09-en0006-14-08387
55 clueweb09-en0001-38-22229
55 clueweb09-en0085-35-30622
55 clueweb09-en0011-69-24864
55 clueweb09-en0008-19-16474
55 clueweb09-en0009-18-09738
55 clueweb09-en0006-17-05917
55 clueweb09-en0011-14-19130
55 clueweb09-en0009-05-24536
55 clueweb09-en0010-35-38897
55 clueweb09-en0094-90-17775
55 clueweb09-en0005-67-38363
55 clueweb09-en0000-05-12325
55 clueweb09-en0007-03-37726
55 clueweb09-en0131-17-20648
55 clueweb09-en0001-84-31498
