56 clueweb09-en0020-24-01464
56 clueweb09-en0007-78-02214
56 clueweb09-en0017-54-36500
56 clueweb09-en0008-78-30179
56 clueweb09-en0005-67-03773
56 clueweb09-enwp00-69-01757
56 clueweb09-en0054-39-30425
56 clueweb09-en0002-93-21823
56 clueweb09-en0010-77-35604
56 clueweb09-en0010-88-11361
56 clueweb09-en0008-52-33008
56 clueweb09-en0104-54-06858
56 clueweb09-en0007-59-34609
56 clueweb09-en0062-20-39848
56 clueweb09-en0007-66-33571
56 clueweb09-en0010-36-09557
56 clueweb09-en0011-67-10127
56 clueweb09-en0011-64-07093
56 clueweb09-enwp01-87-15006
56 clueweb09-en0024-78-09424
56 clueweb09-en0006-52-22623
56 clueweb09-en0049-21-21660
56 clueweb09-en0011-02-03828
56 clueweb09-en0010-09-33465
56 clueweb09-en0004-44-22901
56 clueweb09-en0113-17-00002
56 clueweb09-en0002-68-23225
56 clueweb09-en0041-86-35227
56 clueweb09-enwp01-97-05208
56 clueweb09-en0059-78-23958
56 clueweb09-enwp00-67-02204
56 clueweb09-enwp01-44-13963
56 clueweb09-en0007-75-25150
56 clueweb09-en0010-44-20598
56 clueweb09-en0011-51-32445
56 clueweb09-enwp01-22-02467
56 clueweb09-en0074-04-04401
56 clueweb09-en0001-25-26377
56 clueweb09-en0078-43-41133
56 clueweb09-enwp03-23-10102
56 clueweb09-en0034-08-10352
56 clueweb09-en0008-27-09395
56 clueweb09-en0001-74-33777
56 clueweb09-enwp03-30-10176
56 clueweb09-en0010-21-01595
56 clueweb09-en0008-02-20673
56 clueweb09-en0047-15-21456
56 clueweb09-enwp01-89-14244
56 clueweb09-en0006-36-10875
56 clueweb09-en0011-09-41199
56 clueweb09-en0006-06-02251
56 clueweb09-en0005-24-30331
56 clueweb09-en0010-59-01394
56 clueweb09-en0003-05-13432
56 clueweb09-en0069-78-02776
56 clueweb09-enwp01-79-13530
56 clueweb09-en0065-16-05432
56 clueweb09-en0006-80-13820
