57 clueweb09-en0035-25-08027
57 clueweb09-en0009-55-29243
57 clueweb09-en0006-25-32959
57 clueweb09-en0006-74-25589
57 clueweb09-en0004-69-02585
57 clueweb09-en0076-30-26856
57 clueweb09-en0054-42-10661
57 clueweb09-en0017-33-04458
57 clueweb09-en0005-95-11637
57 clueweb09-en0130-99-11495
57 clueweb09-enwp01-78-19064
57 clueweb09-en0006-04-36289
57 clueweb09-en0052-86-01895
57 clueweb09-en0005-17-07245
57 clueweb09-en0008-29-12186
57 clueweb09-en0008-36-35207
57 clueweb09-en0060-06-28150
57 clueweb09-en0002-85-14742
57 clueweb09-en0008-58-07239
57 clueweb09-en0131-32-32453
57 clueweb09-en0009-48-34289
57 clueweb09-en0008-58-29515
57 clueweb09-enwp01-58-11115
57 clueweb09-en0002-35-11453
57 clueweb09-en0116-69-14232
57 clueweb09-en0006-41-33280
57 clueweb09-en0002-98-28101
57 clueweb09-en0064-88-18160
57 clueweb09-en0008-07-12565
57 clueweb09-en0000-53-34901
57 clueweb09-en0035-25-08019
57 clueweb09-en0001-02-08269
57 clueweb09-en0066-60-45612
57 clueweb09-enwp01-36-01755
57 clueweb09-en0002-95-08564
57 clueweb09-en0001-55-29323
57 clueweb09-en0001-68-32691
57 clueweb09-en0030-95-21771
57 clueweb09-en0009-24-15514
57 clueweb09-en0010-15-24588
57 clueweb09-en0006-79-04792
57 clueweb09-en0063-14-35431
57 clueweb09-enwp01-41-02901
57 clueweb09-en0006-38-30891
57 clueweb09-en0007-30-25427
57 clueweb09-en0007-32-34300
57 clueweb09-en0008-14-27513
57 clueweb09-en0000-11-32730
57 clueweb09-en0010-83-09750
57 clueweb09-en0005-64-29507
57 clueweb09-en0005-15-10023
57 clueweb09-en0007-57-07743
57 clueweb09-en0116-69-14223
57 clueweb09-en0007-01-01185
57 clueweb09-en0007-90-33954
57 clueweb09-en0006-55-33199
57 clueweb09-en0002-85-02665
57 clueweb09-en0005-77-12592
