58 clueweb09-enwp01-97-17742
58 clueweb09-en0003-83-11623
58 clueweb09-en0008-92-16776
58 clueweb09-en0005-01-08465
58 clueweb09-en0133-95-22026
58 clueweb09-en0006-68-16355
58 clueweb09-en0004-60-03264
58 clueweb09-enwp01-96-18137
58 clueweb09-en0007-99-11942
58 clueweb09-en0005-21-26242
58 clueweb09-en0009-58-32704
58 clueweb09-en0043-86-34015
58 clueweb09-en0018-13-08865
58 clueweb09-en0007-40-10985
58 clueweb09-en0002-58-34055
58 clueweb09-en0130-37-17835
58 clueweb09-en0009-45-12152
58 clueweb09-en0001-41-28608
58 clueweb09-en0006-09-34054
58 clueweb09-en0008-42-28118
58 clueweb09-en0006-00-34174
58 clueweb09-en0018-91-04890
58 clueweb09-en0000-12-19224
58 clueweb09-en0005-39-08712
58 clueweb09-en0010-19-18983
58 clueweb09-enwp00-51-11861
58 clueweb09-en0009-41-33644
58 clueweb09-en0006-37-24106
58 clueweb09-en0102-29-23693
58 clueweb09-en0006-10-34131
58 clueweb09-en0009-21-08343
58 clueweb09-en0008-51-18519
58 clueweb09-en0103-03-27179
58 clueweb09-en0011-47-07119
58 clueweb09-en0002-19-17306
58 clueweb09-en0008-12-24251
58 clueweb09-en0007-81-37541
58 clueweb09-en0001-74-29617
58 clueweb09-en0008-30-16363
58 clueweb09-en0009-26-17197
58 clueweb09-en0130-37-17836
58 clueweb09-en0009-13-24835
58 clueweb09-en0086-17-19807
58 clueweb09-en0001-44-01161
58 clueweb09-en0010-19-18982
58 clueweb09-en0005-12-34870
58 clueweb09-en0003-27-08560
58 clueweb09-en0018-51-24620
58 clueweb09-en0008-67-14076
58 clueweb09-en0030-56-12807
58 clueweb09-en0005-39-08709
58 clueweb09-en0008-41-38401
58 clueweb09-en0009-41-33640
58 clueweb09-en0005-19-23543
58 clueweb09-en0003-59-05631
58 clueweb09-en0008-29-40103
58 clueweb09-en0005-58-35286
58 clueweb09-en0130-83-02537
58 clueweb09-en0009-41-33647
58 clueweb09-en0002-05-20939
58 clueweb09-en0011-09-33793
58 clueweb09-en0005-55-30248
58 clueweb09-en0130-37-17834
58 clueweb09-en0008-98-16925
58 clueweb09-en0010-19-18946
58 clueweb09-en0005-03-00956
58 clueweb09-en0000-13-03172
58 clueweb09-en0010-19-18945
