59 clueweb09-en0011-85-26477
59 clueweb09-enwp01-57-01937
59 clueweb09-en0005-03-25472
59 clueweb09-en0006-50-28803
59 clueweb09-en0011-49-38616
59 clueweb09-en0041-92-11754
59 clueweb09-en0002-08-17591
59 clueweb09-en0006-16-06576
59 clueweb09-en0008-57-41069
59 clueweb09-en0005-17-19077
59 clueweb09-en0010-05-43070
59 clueweb09-en0035-67-01092
59 clueweb09-en0028-28-15750
59 clueweb09-en0007-21-39819
59 clueweb09-en0003-25-12301
59 clueweb09-en0011-56-39705
59 clueweb09-en0000-34-21182
59 clueweb09-en0006-69-26038
59 clueweb09-enwp01-78-14167
59 clueweb09-en0005-99-21398
59 clueweb09-en0007-29-03181
59 clueweb09-en0010-91-27055
59 clueweb09-en0009-37-20655
59 clueweb09-en0039-76-14959
59 clueweb09-en0004-83-00062
59 clueweb09-en0007-16-16587
59 clueweb09-en0011-17-39006
59 clueweb09-en0004-01-21961
59 clueweb09-en0004-90-08207
59 clueweb09-en0005-21-33270
59 clueweb09-en0072-07-08002
59 clueweb09-en0009-59-27008
59 clueweb09-en0001-60-26134
59 clueweb09-en0006-53-34396
59 clueweb09-en0011-90-04809
59 clueweb09-en0010-00-11977
59 clueweb09-en0092-19-17174
59 clueweb09-en0006-77-12854
59 clueweb09-enwp01-93-17701
59 clueweb09-en0005-27-27142
59 clueweb09-en0008-78-16547
59 clueweb09-en0011-18-16566
59 clueweb09-en0005-65-32847
59 clueweb09-en0051-99-12712
59 clueweb09-en0009-73-14977
59 clueweb09-en0022-01-18567
59 clueweb09-en0006-50-26765
59 clueweb09-en0000-26-08607
59 clueweb09-en0051-99-12713
59 clueweb09-en0012-34-14151
59 clueweb09-en0010-37-35172
59 clueweb09-en0133-58-34264
59 clueweb09-en0007-89-20374
59 clueweb09-en0006-81-30650
59 clueweb09-en0020-12-38130
59 clueweb09-en0082-24-34523
59 clueweb09-enwp00-77-06240
59 clueweb09-en0122-19-08669
59 clueweb09-enwp02-03-17382
59 clueweb09-enwp00-30-22116
59 clueweb09-enwp00-06-16315
59 clueweb09-en0006-28-34124
