60 clueweb09-en0010-74-35557
60 clueweb09-en0002-52-25057
60 clueweb09-en0009-46-16337
60 clueweb09-en0011-84-25346
60 clueweb09-en0009-83-33971
60 clueweb09-en0009-53-08661
60 clueweb09-enwp00-22-08405
60 clueweb09-en0008-45-33054
60 clueweb09-en0095-39-09275
60 clueweb09-en0006-34-14222
60 clueweb09-en0006-19-14129
60 clueweb09-en0005-67-00053
60 clueweb09-en0125-47-09223
60 clueweb09-en0007-73-29507
60 clueweb09-en0008-84-08719
60 clueweb09-en0066-27-07931
60 clueweb09-en0002-66-16621
60 clueweb09-en0011-03-35402
60 clueweb09-en0007-37-12712
60 clueweb09-en0008-82-08799
60 clueweb09-enwp03-10-22206
60 clueweb09-en0008-32-10751
60 clueweb09-en0008-66-13338
60 clueweb09-en0010-05-44978
60 clueweb09-en0130-80-22682
60 clueweb09-en0000-31-16072
60 clueweb09-en0007-00-12247
60 clueweb09-en0007-59-08772
60 clueweb09-en0007-49-37504
60 clueweb09-en0008-18-27181
60 clueweb09-en0009-43-22134
60 clueweb09-enwp03-05-22314
60 clueweb09-en0080-92-32555
60 clueweb09-en0002-53-33020
60 clueweb09-en0005-87-00880
60 clueweb09-en0006-92-07828
60 clueweb09-en0094-98-07702
60 clueweb09-en0005-82-08002
60 clueweb09-en0000-78-14288
60 clueweb09-en0009-61-36253
60 clueweb09-en0108-56-13571
60 clueweb09-en0005-41-12021
60 clueweb09-enwp00-37-08514
60 clueweb09-en0104-34-10357
60 clueweb09-en0010-88-02568
60 clueweb09-enwp00-23-08258
60 clueweb09-en0000-29-14949
60 clueweb09-en0004-82-02478
60 clueweb09-en0128-10-42595
60 clueweb09-en0003-05-13432
60 clueweb09-en0007-92-33075
60 clueweb09-enwp01-75-20833
60 clueweb09-en0011-68-08155
60 clueweb09-en0001-95-19945
60 clueweb09-enwp00-20-08289
60 clueweb09-en0011-79-25561
60 clueweb09-en0002-74-10220
60 clueweb09-en0010-34-10503
60 clueweb09-en0005-57-27785
