61 clueweb09-en0005-00-18648
61 clueweb09-en0000-68-18742
61 clueweb09-en0009-04-18094
61 clueweb09-en0011-38-11580
61 clueweb09-en0008-79-31296
61 clueweb09-en0009-17-24418
61 clueweb09-en0000-29-11888
61 clueweb09-en0006-55-32975
61 clueweb09-en0006-16-16294
61 clueweb09-enwp01-89-19677
61 clueweb09-en0129-78-43796
61 clueweb09-en0129-78-43795
61 clueweb09-en0009-55-09530
61 clueweb09-en0051-99-15515
61 clueweb09-en0039-89-30993
61 clueweb09-en0046-99-27839
61 clueweb09-en0011-19-13439
61 clueweb09-en0010-73-15916
61 clueweb09-enwp03-20-22340
61 clueweb09-en0011-11-14973
61 clueweb09-en0010-46-21605
61 clueweb09-en0000-55-25530
61 clueweb09-en0098-10-20522
61 clueweb09-en0006-98-01051
61 clueweb09-en0005-96-33441
61 clueweb09-en0011-23-27670
61 clueweb09-en0009-77-27450
61 clueweb09-en0000-27-26424
61 clueweb09-en0000-06-13634
61 clueweb09-enwp02-22-09144
61 clueweb09-en0007-75-20845
61 clueweb09-en0008-07-23621
61 clueweb09-en0007-46-20940
61 clueweb09-en0009-84-11911
61 clueweb09-en0005-65-35802
61 clueweb09-en0021-23-03441
61 clueweb09-en0114-59-13922
61 clueweb09-en0022-10-11183
61 clueweb09-en0010-32-22729
61 clueweb09-enwp03-37-22448
61 clueweb09-en0011-18-30699
61 clueweb09-en0009-60-37934
61 clueweb09-en0010-19-18406
61 clueweb09-en0006-82-18688
61 clueweb09-en0007-96-13943
61 clueweb09-en0011-66-27646
61 clueweb09-en0008-98-16728
61 clueweb09-en0006-58-12528
61 clueweb09-en0009-03-00858
61 clueweb09-en0000-75-23174
61 clueweb09-en0007-32-12543
61 clueweb09-en0000-49-24182
61 clueweb09-en0008-11-10672
61 clueweb09-en0009-67-27719
61 clueweb09-en0008-71-16492
61 clueweb09-en0002-85-20884
61 clueweb09-en0002-68-07896
61 clueweb09-en0090-65-27830
61 clueweb09-en0008-14-13679
61 clueweb09-en0001-94-08044
61 clueweb09-en0000-90-00449
61 clueweb09-en0007-69-33247
61 clueweb09-en0000-00-06932
61 clueweb09-en0009-77-12340
61 clueweb09-en0007-55-13344
61 clueweb09-enwp02-01-20399
61 clueweb09-en0005-40-03032
61 clueweb09-enwp01-95-17813
