62 clueweb09-en0079-91-40800
62 clueweb09-en0001-55-19870
62 clueweb09-en0043-28-16416
62 clueweb09-en0076-56-36729
62 clueweb09-en0081-74-31600
62 clueweb09-enwp01-27-18495
62 clueweb09-en0062-01-23951
62 clueweb09-en0076-69-28890
62 clueweb09-en0092-27-38618
62 clueweb09-en0098-37-14046
62 clueweb09-enwp01-76-17758
62 clueweb09-en0105-68-30278
62 clueweb09-enwp03-34-09686
62 clueweb09-en0114-29-05196
62 clueweb09-enwp02-01-13966
62 clueweb09-en0121-91-21424
62 clueweb09-en0007-88-17811
62 clueweb09-en0009-50-20318
62 clueweb09-enwp01-85-15645
62 clueweb09-en0086-99-30526
62 clueweb09-en0076-56-36574
62 clueweb09-en0002-85-05488
62 clueweb09-en0120-72-29409
62 clueweb09-en0046-67-01566
62 clueweb09-en0016-88-12843
62 clueweb09-en0106-80-23702
62 clueweb09-en0097-52-01639
62 clueweb09-en0020-36-04052
62 clueweb09-enwp01-85-16014
62 clueweb09-en0022-04-31033
62 clueweb09-enwp03-32-02638
62 clueweb09-en0050-91-40265
62 clueweb09-en0007-82-00416
62 clueweb09-en0041-34-04900
62 clueweb09-en0090-71-31193
62 clueweb09-enwp01-89-18311
62 clueweb09-en0012-22-36925
62 clueweb09-en0031-50-03401
62 clueweb09-en0002-92-34668
62 clueweb09-en0009-21-31078
62 clueweb09-en0120-47-34017
62 clueweb09-en0050-33-12322
62 clueweb09-en0007-54-47067
