63 clueweb09-enwp01-97-17742
63 clueweb09-en0011-85-09480
63 clueweb09-en0008-46-19968
63 clueweb09-enwp01-93-18065
63 clueweb09-en0005-52-25495
63 clueweb09-en0003-37-05718
63 clueweb09-en0003-66-17172
63 clueweb09-en0081-61-07502
63 clueweb09-en0064-57-09260
63 clueweb09-en0005-71-00876
63 clueweb09-en0005-43-01203
63 clueweb09-en0000-77-11076
63 clueweb09-en0005-10-16000
63 clueweb09-en0006-33-03128
63 clueweb09-en0003-29-24535
63 clueweb09-en0009-29-11521
63 clueweb09-en0011-25-24734
63 clueweb09-en0006-62-06082
63 clueweb09-en0011-77-38478
63 clueweb09-en0001-84-13524
63 clueweb09-en0131-84-21264
63 clueweb09-en0011-80-33467
63 clueweb09-en0001-01-08767
63 clueweb09-en0008-43-15946
63 clueweb09-en0008-47-26483
63 clueweb09-en0011-68-09395
63 clueweb09-enwp00-77-17366
63 clueweb09-en0007-53-22298
63 clueweb09-en0034-15-18667
63 clueweb09-en0011-22-13597
63 clueweb09-en0007-19-17281
63 clueweb09-en0002-31-17639
63 clueweb09-en0000-33-09499
63 clueweb09-en0001-24-07502
63 clueweb09-en0024-34-32353
63 clueweb09-en0007-94-36559
63 clueweb09-en0086-52-33524
63 clueweb09-en0000-54-28286
63 clueweb09-en0006-84-35210
63 clueweb09-en0007-21-41708
63 clueweb09-en0011-22-10727
63 clueweb09-en0007-99-23523
63 clueweb09-en0011-98-21963
63 clueweb09-en0011-23-39659
63 clueweb09-en0002-31-17660
63 clueweb09-en0002-05-34658
63 clueweb09-en0000-97-34281
63 clueweb09-en0011-21-01493
63 clueweb09-en0020-24-00698
63 clueweb09-en0000-32-10699
63 clueweb09-en0008-32-25134
63 clueweb09-en0079-29-30362
63 clueweb09-en0009-41-07997
63 clueweb09-en0009-95-09869
63 clueweb09-en0001-50-21894
63 clueweb09-en0000-77-23132
63 clueweb09-en0008-85-15404
63 clueweb09-en0010-69-30655
63 clueweb09-en0108-35-28378
63 clueweb09-en0009-16-30237
63 clueweb09-en0038-80-26220
63 clueweb09-en0007-84-29958
63 clueweb09-en0110-56-11543
63 clueweb09-en0011-15-08305
63 clueweb09-en0000-33-09510
63 clueweb09-en0050-23-10034
63 clueweb09-en0011-16-30897
63 clueweb09-en0010-26-25179
63 clueweb09-en0007-32-08968
63 clueweb09-en0080-00-27113
