64 clueweb09-en0010-96-30028
64 clueweb09-enwp02-01-17810
64 clueweb09-en0007-52-11703
64 clueweb09-en0009-12-21546
64 clueweb09-enwp00-44-19356
64 clueweb09-en0009-54-29612
64 clueweb09-en0001-40-05255
64 clueweb09-enwp01-90-17368
64 clueweb09-en0010-96-30026
64 clueweb09-en0002-93-11862
64 clueweb09-en0095-77-42797
64 clueweb09-en0009-65-10551
64 clueweb09-en0009-44-07580
64 clueweb09-enwp00-84-14655
64 clueweb09-en0011-81-38339
64 clueweb09-en0087-63-11627
64 clueweb09-en0101-95-29758
64 clueweb09-en0005-49-19430
64 clueweb09-en0005-66-12286
64 clueweb09-en0008-32-32730
64 clueweb09-en0035-06-21208
64 clueweb09-en0006-63-12210
64 clueweb09-en0010-22-08322
64 clueweb09-en0011-11-17781
64 clueweb09-en0002-56-10312
64 clueweb09-en0008-68-26728
64 clueweb09-en0007-82-11834
64 clueweb09-en0011-41-14449
64 clueweb09-en0005-45-09083
64 clueweb09-en0008-26-35298
64 clueweb09-en0010-54-09659
64 clueweb09-en0009-71-03453
64 clueweb09-en0010-15-07514
64 clueweb09-en0009-45-18846
64 clueweb09-en0010-96-30023
64 clueweb09-enwp00-40-07572
64 clueweb09-en0006-58-26758
64 clueweb09-en0010-20-15651
64 clueweb09-en0008-78-27223
64 clueweb09-en0001-94-09195
64 clueweb09-en0003-76-21508
64 clueweb09-en0039-67-08881
64 clueweb09-en0121-07-15240
64 clueweb09-en0011-66-09118
64 clueweb09-en0005-25-07866
64 clueweb09-en0009-65-26766
64 clueweb09-en0008-90-04889
64 clueweb09-en0010-09-01820
64 clueweb09-en0007-61-34814
64 clueweb09-enwp01-20-19356
64 clueweb09-en0000-90-27822
64 clueweb09-en0000-90-30824
64 clueweb09-en0020-86-12441
64 clueweb09-en0005-92-04658
64 clueweb09-en0006-87-10718
64 clueweb09-en0011-26-26904
64 clueweb09-en0008-67-41460
64 clueweb09-en0011-26-06796
64 clueweb09-en0008-46-02973
