65 clueweb09-en0008-06-19589
65 clueweb09-en0010-41-06005
65 clueweb09-en0005-57-02895
65 clueweb09-enwp00-53-08735
65 clueweb09-enwp01-85-19405
65 clueweb09-en0006-59-22579
65 clueweb09-en0008-48-09109
65 clueweb09-en0059-30-29544
65 clueweb09-en0017-60-18627
65 clueweb09-en0005-47-21445
65 clueweb09-en0100-45-06308
65 clueweb09-en0001-30-11669
65 clueweb09-en0007-11-46001
65 clueweb09-enwp03-09-14653
65 clueweb09-en0007-54-25286
65 clueweb09-en0000-18-13614
65 clueweb09-enwp03-10-14538
65 clueweb09-en0002-67-09234
65 clueweb09-en0075-55-02358
65 clueweb09-en0011-14-24453
65 clueweb09-en0037-87-13221
65 clueweb09-en0009-13-23133
65 clueweb09-en0008-32-34703
65 clueweb09-enwp00-46-08350
65 clueweb09-en0008-11-28163
65 clueweb09-en0009-64-23016
65 clueweb09-enwp03-03-14562
65 clueweb09-en0008-76-03033
65 clueweb09-en0005-38-03967
65 clueweb09-en0006-69-35897
65 clueweb09-en0010-85-24077
65 clueweb09-en0009-29-15258
65 clueweb09-en0017-60-18670
65 clueweb09-en0002-97-12613
65 clueweb09-en0115-33-13407
65 clueweb09-en0001-90-34292
65 clueweb09-en0001-08-00394
65 clueweb09-enwp03-08-14526
65 clueweb09-en0009-16-23659
65 clueweb09-en0009-72-05602
65 clueweb09-enwp01-24-04759
65 clueweb09-en0020-22-18032
65 clueweb09-en0006-88-13101
65 clueweb09-enwp01-57-10637
65 clueweb09-en0009-75-25406
65 clueweb09-en0003-94-31516
65 clueweb09-en0008-15-23785
65 clueweb09-en0011-68-37066
65 clueweb09-enwp03-07-14672
65 clueweb09-en0005-71-15796
65 clueweb09-en0009-15-01619
65 clueweb09-en0008-79-33101
65 clueweb09-en0011-69-18289
65 clueweb09-en0008-35-09135
65 clueweb09-en0037-78-36801
65 clueweb09-en0009-86-41018
65 clueweb09-en0010-55-06535
65 clueweb09-en0010-66-19501
65 clueweb09-en0044-02-25568
