66 clueweb09-enwp00-95-22849
66 clueweb09-en0005-67-13344
66 clueweb09-en0011-87-26803
66 clueweb09-enwp01-96-08606
66 clueweb09-en0065-35-26177
66 clueweb09-en0011-45-05371
66 clueweb09-en0011-26-32614
66 clueweb09-en0005-17-29164
66 clueweb09-en0007-69-02891
66 clueweb09-enwp02-01-18077
66 clueweb09-enwp00-05-00673
66 clueweb09-en0009-80-08921
66 clueweb09-en0010-77-13697
66 clueweb09-en0109-09-36946
66 clueweb09-en0010-30-11563
66 clueweb09-en0006-15-18434
66 clueweb09-en0005-69-37449
66 clueweb09-en0131-95-40681
66 clueweb09-en0121-11-24369
66 clueweb09-en0007-25-33675
66 clueweb09-en0000-54-31818
66 clueweb09-en0007-13-29831
66 clueweb09-en0009-60-01754
66 clueweb09-en0011-26-32592
66 clueweb09-en0079-56-24878
66 clueweb09-en0010-17-33416
66 clueweb09-en0011-26-32633
66 clueweb09-en0003-69-21253
66 clueweb09-en0007-87-01073
66 clueweb09-en0006-25-23862
66 clueweb09-en0002-39-12804
66 clueweb09-en0081-95-04746
66 clueweb09-en0000-16-22193
66 clueweb09-en0120-05-10857
66 clueweb09-enwp01-56-21977
66 clueweb09-en0010-32-34690
66 clueweb09-enwp00-68-19187
66 clueweb09-en0036-84-23761
66 clueweb09-en0007-64-20479
66 clueweb09-enwp01-97-17651
66 clueweb09-en0011-73-34733
66 clueweb09-en0030-76-00372
66 clueweb09-en0006-32-24360
66 clueweb09-en0103-22-15195
66 clueweb09-en0006-22-12630
66 clueweb09-en0011-27-12812
66 clueweb09-en0122-55-32290
66 clueweb09-en0010-76-28201
66 clueweb09-en0045-37-18455
66 clueweb09-en0011-17-20318
66 clueweb09-en0001-89-15948
66 clueweb09-en0053-79-34991
66 clueweb09-en0011-97-30846
66 clueweb09-en0011-42-10818
66 clueweb09-en0051-76-02349
66 clueweb09-en0010-38-18998
66 clueweb09-en0011-26-32588
66 clueweb09-en0006-59-24006
66 clueweb09-en0010-84-23397
66 clueweb09-en0121-30-12468
