67 clueweb09-enwp01-07-20804
67 clueweb09-en0096-27-26198
67 clueweb09-en0004-20-00981
67 clueweb09-en0087-56-33204
67 clueweb09-enwp01-22-07408
67 clueweb09-enwp01-16-19686
67 clueweb09-enwp01-28-06709
67 clueweb09-enwp00-90-18992
67 clueweb09-en0108-61-38370
67 clueweb09-en0008-86-09763
67 clueweb09-enwp02-23-16346
67 clueweb09-enwp01-96-03089
67 clueweb09-enwp01-29-01830
67 clueweb09-en0012-96-26384
67 clueweb09-enwp00-76-21232
67 clueweb09-en0000-42-05677
67 clueweb09-enwp01-13-20118
67 clueweb09-en0001-01-02902
67 clueweb09-en0011-37-18786
67 clueweb09-enwp02-16-04534
67 clueweb09-enwp01-28-06859
67 clueweb09-en0002-25-03025
67 clueweb09-en0006-24-16888
67 clueweb09-enwp01-27-07491
67 clueweb09-en0035-76-02587
67 clueweb09-en0010-66-06118
67 clueweb09-en0002-60-01418
67 clueweb09-en0043-13-11417
67 clueweb09-en0041-48-22520
67 clueweb09-en0092-03-04591
67 clueweb09-en0009-66-11821
67 clueweb09-en0005-89-23905
67 clueweb09-en0089-51-32877
67 clueweb09-en0001-37-25567
67 clueweb09-en0021-34-21302
67 clueweb09-en0024-84-04771
67 clueweb09-en0007-72-05035
67 clueweb09-en0024-84-04799
67 clueweb09-en0031-59-03786
67 clueweb09-en0006-66-04402
