68 clueweb09-en0005-94-01954
68 clueweb09-en0001-24-18307
68 clueweb09-en0010-29-07058
68 clueweb09-en0008-59-17035
68 clueweb09-en0010-35-00107
68 clueweb09-en0005-92-42781
68 clueweb09-en0011-70-15461
68 clueweb09-en0011-48-06258
68 clueweb09-en0005-60-11852
68 clueweb09-en0006-30-41944
68 clueweb09-enwp02-20-08775
68 clueweb09-en0008-78-24432
68 clueweb09-en0007-32-02804
68 clueweb09-en0106-87-12424
68 clueweb09-en0010-00-24698
68 clueweb09-en0010-63-24410
68 clueweb09-en0109-38-34737
68 clueweb09-en0010-38-31811
68 clueweb09-en0000-72-00035
68 clueweb09-en0000-72-00034
68 clueweb09-en0008-96-20482
68 clueweb09-en0007-87-17349
68 clueweb09-en0122-18-41375
68 clueweb09-en0000-11-30948
68 clueweb09-en0011-38-18204
68 clueweb09-en0007-36-29637
68 clueweb09-enwp00-46-08131
68 clueweb09-en0019-00-22314
68 clueweb09-en0010-04-06468
68 clueweb09-en0010-30-09784
68 clueweb09-en0009-56-05413
68 clueweb09-en0086-14-14896
68 clueweb09-en0010-60-30316
68 clueweb09-en0004-20-09972
68 clueweb09-enwp01-62-08543
68 clueweb09-en0011-08-06402
68 clueweb09-en0008-32-14547
68 clueweb09-en0009-37-20160
68 clueweb09-en0000-90-07921
68 clueweb09-en0007-38-21410
68 clueweb09-enwp01-04-19708
68 clueweb09-en0021-55-23389
68 clueweb09-en0011-70-15260
68 clueweb09-en0007-98-21861
68 clueweb09-en0009-17-27158
68 clueweb09-en0007-04-13220
68 clueweb09-en0004-76-25701
68 clueweb09-enwp00-51-08849
68 clueweb09-enwp01-99-08131
68 clueweb09-en0010-04-06315
68 clueweb09-en0006-12-21194
68 clueweb09-en0068-11-03204
68 clueweb09-en0007-23-12638
68 clueweb09-en0010-44-06637
68 clueweb09-en0008-22-32025
68 clueweb09-en0007-37-00198
68 clueweb09-en0000-69-20254
68 clueweb09-en0007-03-18229
68 clueweb09-en0037-40-29848
68 clueweb09-en0010-34-28986
68 clueweb09-en0010-72-07315
68 clueweb09-en0011-55-32923
68 clueweb09-en0020-77-30686
68 clueweb09-en0000-94-03371
68 clueweb09-en0009-30-42651
68 clueweb09-en0008-87-15641
