69 clueweb09-en0008-12-15198
69 clueweb09-en0000-57-26427
69 clueweb09-en0006-67-28827
69 clueweb09-en0126-22-22440
69 clueweb09-en0013-21-34426
69 clueweb09-en0032-17-23311
69 clueweb09-en0079-29-38290
69 clueweb09-en0051-95-37153
69 clueweb09-en0005-39-10582
69 clueweb09-en0011-26-28007
69 clueweb09-en0034-16-32584
69 clueweb09-en0010-11-30292
69 clueweb09-en0008-25-18670
69 clueweb09-en0009-05-18319
69 clueweb09-en0007-31-15622
69 clueweb09-en0074-38-33765
69 clueweb09-en0009-36-35965
69 clueweb09-en0006-92-22432
69 clueweb09-en0010-73-30986
69 clueweb09-en0013-56-02560
69 clueweb09-en0041-48-24336
69 clueweb09-en0133-30-28959
69 clueweb09-en0011-05-40352
69 clueweb09-en0010-04-33982
69 clueweb09-en0009-36-35958
69 clueweb09-en0005-61-24391
69 clueweb09-en0133-28-46831
69 clueweb09-en0010-63-17461
69 clueweb09-enwp03-32-12468
69 clueweb09-en0007-12-34170
69 clueweb09-en0133-30-28949
69 clueweb09-en0068-39-07396
69 clueweb09-en0010-47-14515
69 clueweb09-en0002-56-27470
69 clueweb09-en0000-63-08137
69 clueweb09-en0116-86-35135
69 clueweb09-en0013-21-34427
69 clueweb09-en0007-85-13996
69 clueweb09-en0079-29-38503
69 clueweb09-en0009-45-16519
69 clueweb09-en0006-30-20922
69 clueweb09-en0007-65-12451
69 clueweb09-en0010-13-21662
69 clueweb09-en0001-78-05374
69 clueweb09-en0052-22-25315
69 clueweb09-enwp01-93-17803
69 clueweb09-en0009-03-34147
69 clueweb09-en0011-50-17271
69 clueweb09-en0008-73-14666
69 clueweb09-en0104-38-21354
69 clueweb09-en0008-22-24016
69 clueweb09-en0010-43-26622
69 clueweb09-en0010-07-21071
69 clueweb09-en0005-92-05722
69 clueweb09-en0021-66-05113
69 clueweb09-en0011-51-07151
69 clueweb09-en0007-67-21363
69 clueweb09-en0005-13-12415
69 clueweb09-en0011-33-15336
69 clueweb09-en0009-40-15589
69 clueweb09-en0059-33-09879
69 clueweb09-en0010-93-25860
69 clueweb09-en0007-65-44577
69 clueweb09-en0107-89-42117
69 clueweb09-en0008-92-21274
69 clueweb09-en0007-58-04131
69 clueweb09-en0009-72-17215
69 clueweb09-en0007-95-14088
69 clueweb09-en0006-48-14062
69 clueweb09-en0018-42-25580
69 clueweb09-enwp03-18-09705
69 clueweb09-enwp01-89-15788
