70 clueweb09-en0078-58-07709
70 clueweb09-en0092-80-12283
70 clueweb09-en0133-82-41736
70 clueweb09-en0079-92-15797
70 clueweb09-en0129-80-26072
70 clueweb09-enwp03-39-19244
70 clueweb09-en0048-86-05465
70 clueweb09-en0004-87-19001
70 clueweb09-en0048-33-28560
70 clueweb09-en0010-81-12335
70 clueweb09-en0008-15-09411
70 clueweb09-en0004-12-15942
70 clueweb09-enwp00-74-15954
70 clueweb09-enwp00-44-14248
70 clueweb09-enwp02-08-00916
70 clueweb09-en0007-73-32946
70 clueweb09-enwp01-95-17710
70 clueweb09-en0004-30-11433
70 clueweb09-enwp03-01-15435
70 clueweb09-en0006-23-20284
70 clueweb09-en0106-75-30655
70 clueweb09-en0005-14-16746
70 clueweb09-en0006-12-24032
70 clueweb09-en0008-31-28479
70 clueweb09-enwp00-47-14144
70 clueweb09-en0009-41-12291
70 clueweb09-enwp03-22-19968
70 clueweb09-en0000-38-13598
70 clueweb09-en0116-21-35296
70 clueweb09-enwp01-95-16547
70 clueweb09-enwp00-83-23328
70 clueweb09-enwp01-51-10235
70 clueweb09-en0001-59-09625
70 clueweb09-en0000-18-21530
70 clueweb09-en0000-16-35645
70 clueweb09-en0104-69-36681
70 clueweb09-en0064-68-37137
70 clueweb09-enwp03-20-19873
70 clueweb09-en0031-93-15541
70 clueweb09-en0049-75-04341
70 clueweb09-en0009-00-06711
70 clueweb09-en0002-86-19828
70 clueweb09-en0002-60-08226
70 clueweb09-enwp00-88-23567
70 clueweb09-en0085-56-24542
70 clueweb09-en0005-33-34772
70 clueweb09-en0085-56-24548
70 clueweb09-enwp03-22-19930
70 clueweb09-en0000-95-23441
70 clueweb09-en0057-94-06263
70 clueweb09-en0011-27-14483
70 clueweb09-en0048-40-06757
70 clueweb09-enwp00-88-07162
70 clueweb09-en0005-23-00153
70 clueweb09-en0007-80-20856
70 clueweb09-en0001-62-13662
70 clueweb09-en0004-30-11569
70 clueweb09-enwp03-25-01239
70 clueweb09-en0008-11-12569
70 clueweb09-enwp00-53-13820
70 clueweb09-en0004-68-22752
70 clueweb09-en0006-70-01822
70 clueweb09-en0001-22-29744
70 clueweb09-en0008-14-03913
70 clueweb09-en0011-89-26086
70 clueweb09-enwp01-98-00045
70 clueweb09-en0001-41-12710
70 clueweb09-en0009-53-05748
70 clueweb09-en0011-15-30888
70 clueweb09-en0018-86-31837
70 clueweb09-en0006-99-24610
70 clueweb09-en0010-24-20554
70 clueweb09-en0015-61-22320
70 clueweb09-en0052-71-03803
70 clueweb09-en0004-30-11577
70 clueweb09-en0124-92-38109
70 clueweb09-en0093-93-29303
70 clueweb09-en0004-30-11579
70 clueweb09-en0009-27-01526
70 clueweb09-en0008-69-12364
70 clueweb09-en0048-33-10149
70 clueweb09-en0001-44-38165
70 clueweb09-en0001-02-18013
70 clueweb09-en0002-31-32276
70 clueweb09-en0006-05-37623
70 clueweb09-en0037-48-15513
70 clueweb09-en0058-39-23970
70 clueweb09-en0126-40-04475
