71 clueweb09-en0019-05-45492
71 clueweb09-en0003-69-28098
71 clueweb09-en0008-09-18081
71 clueweb09-en0009-00-31735
71 clueweb09-enwp00-41-22474
71 clueweb09-en0001-74-00973
71 clueweb09-en0001-00-29464
71 clueweb09-en0096-93-10508
71 clueweb09-en0010-19-30073
71 clueweb09-en0006-96-25937
71 clueweb09-en0009-16-06897
71 clueweb09-en0008-71-19110
71 clueweb09-en0001-01-21343
71 clueweb09-en0005-86-39870
71 clueweb09-enwp01-11-06155
71 clueweb09-en0132-96-11490
71 clueweb09-en0000-75-34316
71 clueweb09-en0007-86-29446
71 clueweb09-en0026-90-33634
71 clueweb09-en0017-48-04988
71 clueweb09-en0007-77-25326
71 clueweb09-enwp02-03-17467
71 clueweb09-en0005-18-08622
71 clueweb09-en0000-10-24823
71 clueweb09-en0008-22-35206
71 clueweb09-en0099-87-25580
71 clueweb09-en0083-57-03328
71 clueweb09-en0008-16-27553
71 clueweb09-en0006-32-33051
71 clueweb09-en0036-70-02572
71 clueweb09-en0009-77-01875
71 clueweb09-en0008-74-09301
71 clueweb09-en0008-30-00315
71 clueweb09-en0007-15-14250
71 clueweb09-en0008-43-05464
71 clueweb09-en0004-96-07709
71 clueweb09-en0009-31-37369
71 clueweb09-en0011-62-04401
71 clueweb09-en0000-63-12440
71 clueweb09-en0009-30-29186
71 clueweb09-en0007-38-27983
71 clueweb09-en0005-05-29671
71 clueweb09-en0011-00-01028
71 clueweb09-en0010-42-13786
71 clueweb09-en0008-52-15310
71 clueweb09-en0098-19-00920
71 clueweb09-en0009-54-29769
71 clueweb09-en0002-91-14842
71 clueweb09-en0034-58-24526
71 clueweb09-en0076-72-04762
71 clueweb09-en0127-63-28223
71 clueweb09-en0009-56-23995
71 clueweb09-en0037-77-09887
71 clueweb09-en0009-85-21875
71 clueweb09-en0127-60-23753
71 clueweb09-en0009-10-18250
71 clueweb09-en0008-81-16529
71 clueweb09-en0005-88-14931
71 clueweb09-en0008-94-14663
71 clueweb09-en0021-95-17021
71 clueweb09-en0058-98-13143
71 clueweb09-enwp00-80-22018
71 clueweb09-enwp01-97-17873
71 clueweb09-en0126-10-19502
71 clueweb09-en0000-60-01562
71 clueweb09-en0008-45-29966
71 clueweb09-en0019-80-00665
71 clueweb09-en0003-53-04475
71 clueweb09-en0091-02-33445
71 clueweb09-en0007-09-33137
71 clueweb09-enwp01-07-07045
71 clueweb09-en0034-47-29171
