72 clueweb09-en0010-86-02367
72 clueweb09-en0006-45-24172
72 clueweb09-en0002-09-10435
72 clueweb09-en0048-62-08615
72 clueweb09-en0127-63-01782
72 clueweb09-en0071-52-08753
72 clueweb09-en0003-76-22597
72 clueweb09-en0009-36-28018
72 clueweb09-en0008-38-08235
72 clueweb09-en0045-99-26876
72 clueweb09-enwp02-01-05737
72 clueweb09-en0005-53-29697
72 clueweb09-en0023-58-16527
72 clueweb09-en0008-30-02662
72 clueweb09-enwp03-17-19587
72 clueweb09-en0007-60-06488
72 clueweb09-en0083-12-35788
72 clueweb09-en0009-40-17809
72 clueweb09-en0008-83-11426
72 clueweb09-en0008-29-39663
72 clueweb09-en0029-52-07446
72 clueweb09-en0011-04-22982
72 clueweb09-enwp01-97-18030
72 clueweb09-en0002-94-21361
72 clueweb09-en0005-66-20092
72 clueweb09-enwp02-22-07768
72 clueweb09-enwp02-00-06501
72 clueweb09-enwp03-19-19908
72 clueweb09-en0058-88-13193
72 clueweb09-en0004-92-34095
72 clueweb09-en0006-63-21135
72 clueweb09-en0009-19-33704
72 clueweb09-enwp01-97-05649
72 clueweb09-enwp03-06-19763
72 clueweb09-enwp02-30-06223
72 clueweb09-en0010-99-19895
72 clueweb09-en0011-78-00214
72 clueweb09-en0010-45-10882
72 clueweb09-en0001-52-13978
72 clueweb09-en0000-50-02435
72 clueweb09-en0008-64-20672
72 clueweb09-en0009-63-06829
72 clueweb09-en0002-17-25112
72 clueweb09-en0004-70-16729
72 clueweb09-en0008-07-40093
72 clueweb09-en0007-31-00331
72 clueweb09-enwp03-14-13553
72 clueweb09-en0057-38-16919
72 clueweb09-enwp00-61-04239
72 clueweb09-en0006-30-24839
72 clueweb09-en0010-70-09733
72 clueweb09-en0004-92-34183
72 clueweb09-en0010-28-33836
72 clueweb09-en0012-58-21538
72 clueweb09-en0003-29-20281
72 clueweb09-en0057-38-16909
72 clueweb09-enwp00-97-15255
72 clueweb09-en0006-15-33054
72 clueweb09-enwp03-36-02890
72 clueweb09-en0008-80-14208
72 clueweb09-enwp02-06-07096
72 clueweb09-en0002-85-33763
72 clueweb09-enwp01-87-12625
72 clueweb09-enwp02-00-06498
72 clueweb09-en0007-26-10462
72 clueweb09-enwp00-40-14056
72 clueweb09-en0005-62-17135
72 clueweb09-en0085-52-10609
72 clueweb09-en0005-24-23207
72 clueweb09-en0118-13-24061
72 clueweb09-en0011-87-23786
72 clueweb09-en0006-25-06576
72 clueweb09-en0010-89-29030
72 clueweb09-enwp00-88-12681
72 clueweb09-en0026-50-10682
72 clueweb09-enwp01-00-19441
72 clueweb09-en0008-69-26222
72 clueweb09-enwp03-01-19694
72 clueweb09-en0003-39-01701
72 clueweb09-en0011-41-08245
72 clueweb09-en0004-92-34101
72 clueweb09-enwp03-38-11992
72 clueweb09-en0002-50-15253
72 clueweb09-enwp01-99-07789
72 clueweb09-enwp02-04-05483
72 clueweb09-en0133-38-40586
72 clueweb09-enwp03-16-19590
72 clueweb09-en0011-82-26451
72 clueweb09-en0008-15-07341
72 clueweb09-en0003-45-21188
72 clueweb09-en0023-49-26804
