73 clueweb09-en0006-89-04730
73 clueweb09-en0007-79-36014
73 clueweb09-en0011-38-04627
73 clueweb09-en0002-00-02421
73 clueweb09-en0009-33-30732
73 clueweb09-en0009-63-25814
73 clueweb09-en0010-97-23706
73 clueweb09-en0009-99-09857
73 clueweb09-en0002-20-07892
73 clueweb09-enwp01-95-17842
73 clueweb09-en0002-03-04949
73 clueweb09-en0006-81-26255
73 clueweb09-en0009-83-22661
73 clueweb09-en0009-86-20375
73 clueweb09-en0005-17-02277
73 clueweb09-en0005-41-27294
73 clueweb09-en0006-28-09618
73 clueweb09-en0028-35-05029
73 clueweb09-en0051-90-46403
73 clueweb09-en0077-29-18824
73 clueweb09-en0013-84-01818
73 clueweb09-en0008-40-05441
73 clueweb09-enwp01-24-00347
73 clueweb09-en0009-10-18900
73 clueweb09-en0001-79-28024
73 clueweb09-en0008-02-17970
73 clueweb09-en0075-52-19402
73 clueweb09-en0024-84-24260
73 clueweb09-en0001-13-00922
73 clueweb09-en0013-84-01859
73 clueweb09-en0009-74-23500
73 clueweb09-enwp02-01-17753
73 clueweb09-en0007-82-31482
73 clueweb09-en0003-54-13085
73 clueweb09-en0108-69-28000
73 clueweb09-en0033-43-32257
73 clueweb09-en0008-63-30546
73 clueweb09-en0074-92-34632
73 clueweb09-en0007-82-29125
73 clueweb09-en0006-14-08482
73 clueweb09-en0001-16-24848
73 clueweb09-en0000-03-24617
73 clueweb09-en0008-33-19341
73 clueweb09-en0080-30-14937
73 clueweb09-en0000-58-18602
73 clueweb09-en0010-40-08232
73 clueweb09-en0010-20-26817
73 clueweb09-en0020-79-03540
73 clueweb09-en0010-35-20565
73 clueweb09-en0031-49-24857
73 clueweb09-en0025-58-27278
73 clueweb09-en0126-14-40768
73 clueweb09-en0058-81-06987
73 clueweb09-en0008-33-37981
73 clueweb09-en0006-17-24065
73 clueweb09-en0075-94-00202
73 clueweb09-en0011-60-16412
73 clueweb09-en0010-28-27659
