74 clueweb09-enwp01-03-16434
74 clueweb09-en0011-69-13947
74 clueweb09-en0006-86-32128
74 clueweb09-en0067-83-27769
74 clueweb09-en0129-37-20624
74 clueweb09-en0001-34-13928
74 clueweb09-en0117-17-33155
74 clueweb09-en0005-89-28406
74 clueweb09-en0008-33-06636
74 clueweb09-en0007-80-11736
74 clueweb09-enwp01-05-17183
74 clueweb09-en0008-54-13430
74 clueweb09-en0009-17-05500
74 clueweb09-en0008-04-12594
74 clueweb09-en0007-79-30920
74 clueweb09-en0010-60-31059
74 clueweb09-en0065-19-24403
74 clueweb09-en0008-06-11216
74 clueweb09-en0010-58-07453
74 clueweb09-en0039-65-11844
74 clueweb09-enwp01-73-11274
74 clueweb09-enwp01-15-23291
74 clueweb09-en0005-59-28553
74 clueweb09-en0006-88-18147
74 clueweb09-en0001-87-25269
74 clueweb09-en0007-49-39948
74 clueweb09-en0002-87-28682
74 clueweb09-en0007-53-22585
74 clueweb09-enwp01-97-17754
74 clueweb09-en0010-07-23477
74 clueweb09-en0005-11-33947
74 clueweb09-en0008-19-26104
74 clueweb09-en0039-55-01606
74 clueweb09-en0006-23-30219
74 clueweb09-en0117-17-33152
74 clueweb09-en0117-17-33153
74 clueweb09-en0030-82-24893
74 clueweb09-en0117-17-33151
74 clueweb09-en0010-43-26168
74 clueweb09-en0011-19-24688
74 clueweb09-en0117-17-33154
74 clueweb09-en0001-63-04505
74 clueweb09-en0008-86-08427
74 clueweb09-en0001-07-26412
74 clueweb09-enwp01-92-03420
74 clueweb09-en0009-51-39075
74 clueweb09-en0008-09-17944
74 clueweb09-en0009-16-22537
74 clueweb09-en0001-08-27792
74 clueweb09-enwp01-11-17092
74 clueweb09-en0009-89-16483
74 clueweb09-enwp03-07-02574
74 clueweb09-en0065-19-24384
74 clueweb09-en0007-75-04011
74 clueweb09-en0009-19-06401
74 clueweb09-en0007-50-05976
74 clueweb09-en0010-38-30008
74 clueweb09-en0001-88-28638
74 clueweb09-en0010-94-33343
74 clueweb09-en0009-81-07092
74 clueweb09-en0008-96-36023
74 clueweb09-en0007-88-25973
74 clueweb09-en0008-96-36020
