75 clueweb09-en0009-07-37476
75 clueweb09-en0000-38-31387
75 clueweb09-en0008-79-19617
75 clueweb09-en0009-69-17583
75 clueweb09-enwp02-20-03322
75 clueweb09-en0002-77-04959
75 clueweb09-en0019-44-17548
75 clueweb09-en0039-02-25491
75 clueweb09-en0010-21-24070
75 clueweb09-en0008-39-06529
75 clueweb09-en0006-54-30708
75 clueweb09-en0026-27-08085
75 clueweb09-en0011-53-33462
75 clueweb09-en0000-13-04654
75 clueweb09-en0000-13-04656
75 clueweb09-en0009-58-25084
75 clueweb09-en0007-66-05346
75 clueweb09-en0010-02-15036
75 clueweb09-en0006-84-26417
75 clueweb09-en0007-70-12375
75 clueweb09-en0005-33-35413
75 clueweb09-en0008-66-33442
75 clueweb09-en0008-75-20756
75 clueweb09-en0000-92-33640
75 clueweb09-en0001-55-09069
75 clueweb09-en0010-98-21484
75 clueweb09-enwp03-30-12008
75 clueweb09-en0010-32-30213
75 clueweb09-en0010-91-08502
75 clueweb09-en0001-96-15602
75 clueweb09-en0020-67-08297
75 clueweb09-en0011-25-34222
75 clueweb09-en0007-90-11669
75 clueweb09-en0011-16-27761
75 clueweb09-en0010-86-13597
75 clueweb09-en0025-75-16811
75 clueweb09-en0005-75-19569
75 clueweb09-en0011-16-27768
75 clueweb09-en0001-28-14154
75 clueweb09-en0009-42-20547
75 clueweb09-en0022-59-29304
75 clueweb09-en0000-16-32734
75 clueweb09-en0006-18-20075
75 clueweb09-en0006-14-34884
75 clueweb09-en0008-35-26556
75 clueweb09-en0008-43-26560
75 clueweb09-enwp03-53-00108
75 clueweb09-en0038-55-11243
75 clueweb09-en0009-93-37329
75 clueweb09-en0007-84-26302
75 clueweb09-en0058-11-03456
75 clueweb09-en0009-22-08896
75 clueweb09-en0010-83-23901
75 clueweb09-en0021-16-24237
75 clueweb09-en0133-94-28381
