76 clueweb09-en0032-69-13379
76 clueweb09-en0007-80-16168
76 clueweb09-en0008-90-25746
76 clueweb09-en0001-28-19513
76 clueweb09-enwp01-95-17709
76 clueweb09-en0001-06-32013
76 clueweb09-en0005-70-17689
76 clueweb09-en0123-36-07819
76 clueweb09-en0001-41-12802
76 clueweb09-en0038-10-16979
76 clueweb09-enwp02-22-11601
76 clueweb09-enwp01-95-17813
76 clueweb09-en0001-15-02818
76 clueweb09-enwp03-26-23564
76 clueweb09-en0005-43-03001
76 clueweb09-en0009-99-35917
76 clueweb09-en0011-51-11943
76 clueweb09-en0007-83-01507
76 clueweb09-en0001-73-09810
76 clueweb09-en0010-81-35033
76 clueweb09-en0011-71-29797
76 clueweb09-en0005-52-02043
76 clueweb09-en0036-58-08790
76 clueweb09-en0087-51-10100
76 clueweb09-en0005-21-16877
76 clueweb09-en0008-03-02913
76 clueweb09-en0006-69-32928
76 clueweb09-en0000-55-27635
76 clueweb09-en0002-40-27443
76 clueweb09-en0008-87-00829
76 clueweb09-enwp02-00-18634
76 clueweb09-en0007-53-21362
76 clueweb09-en0118-10-14150
76 clueweb09-en0025-22-05924
76 clueweb09-en0001-08-18800
76 clueweb09-en0004-16-29324
76 clueweb09-en0000-81-08489
76 clueweb09-en0000-21-04493
76 clueweb09-en0007-33-22125
76 clueweb09-en0008-20-24666
76 clueweb09-en0009-81-07095
76 clueweb09-en0008-41-35393
