77 clueweb09-enwp01-90-14007
77 clueweb09-en0005-96-32912
77 clueweb09-en0000-76-15507
77 clueweb09-en0097-32-12100
77 clueweb09-en0006-77-03768
77 clueweb09-en0005-65-05149
77 clueweb09-en0018-41-32497
77 clueweb09-en0064-45-24804
77 clueweb09-en0007-85-00743
77 clueweb09-en0005-27-36296
77 clueweb09-en0000-77-00754
77 clueweb09-en0009-62-10716
77 clueweb09-en0007-48-07341
77 clueweb09-en0008-06-37190
77 clueweb09-en0011-91-34141
77 clueweb09-en0008-11-34700
77 clueweb09-en0008-38-07697
77 clueweb09-en0000-82-08181
77 clueweb09-en0003-54-10223
77 clueweb09-en0079-72-05471
77 clueweb09-en0010-48-23315
77 clueweb09-en0034-27-05272
77 clueweb09-en0005-64-15522
77 clueweb09-en0009-10-00422
77 clueweb09-en0003-28-16523
77 clueweb09-en0009-31-10351
77 clueweb09-en0008-03-37537
77 clueweb09-en0005-72-03403
77 clueweb09-en0001-17-31530
77 clueweb09-en0094-09-19637
77 clueweb09-en0006-46-16879
77 clueweb09-en0007-19-33213
77 clueweb09-en0005-87-00495
77 clueweb09-enwp01-97-15072
77 clueweb09-en0002-76-26571
77 clueweb09-en0132-47-50594
77 clueweb09-en0001-87-00273
77 clueweb09-en0003-28-16487
77 clueweb09-en0000-98-19128
77 clueweb09-en0000-57-19313
77 clueweb09-en0000-87-13204
77 clueweb09-en0008-83-35458
77 clueweb09-en0118-17-37408
77 clueweb09-enwp01-42-15139
77 clueweb09-en0005-20-24426
77 clueweb09-en0002-14-11425
77 clueweb09-en0010-57-16490
77 clueweb09-en0005-86-13877
77 clueweb09-en0033-05-18059
77 clueweb09-en0002-22-14690
