78 clueweb09-en0000-37-11107
78 clueweb09-en0008-09-17211
78 clueweb09-en0052-98-36226
78 clueweb09-en0007-10-09086
78 clueweb09-en0105-92-08036
78 clueweb09-en0007-93-13394
78 clueweb09-en0000-07-30468
78 clueweb09-enwp00-57-24216
78 clueweb09-en0010-69-10153
78 clueweb09-en0007-33-14421
78 clueweb09-en0005-80-23476
78 clueweb09-en0006-54-32032
78 clueweb09-en0008-79-02116
78 clueweb09-en0005-16-10850
78 clueweb09-en0008-78-19682
78 clueweb09-enwp03-58-00201
78 clueweb09-en0043-19-10510
78 clueweb09-en0009-05-20476
78 clueweb09-en0008-94-28931
78 clueweb09-en0121-13-31104
78 clueweb09-en0000-39-11912
78 clueweb09-enwp01-96-18275
78 clueweb09-en0000-16-26827
78 clueweb09-enwp00-57-11406
78 clueweb09-en0059-25-03685
78 clueweb09-en0053-61-33778
78 clueweb09-enwp00-52-23652
78 clueweb09-enwp00-83-11594
78 clueweb09-en0010-43-20400
78 clueweb09-en0008-19-30938
78 clueweb09-en0008-57-37843
78 clueweb09-en0007-67-20758
78 clueweb09-en0006-57-19161
78 clueweb09-en0005-32-37930
78 clueweb09-en0011-67-26077
78 clueweb09-en0000-99-03888
78 clueweb09-en0032-66-29668
78 clueweb09-en0003-51-15998
78 clueweb09-en0021-64-18067
78 clueweb09-enwp03-54-00395
78 clueweb09-en0050-20-14677
78 clueweb09-en0001-18-32427
78 clueweb09-enwp01-47-12749
78 clueweb09-en0007-90-32486
78 clueweb09-en0008-35-22130
78 clueweb09-en0010-49-14489
78 clueweb09-en0006-99-31868
78 clueweb09-en0008-00-32264
78 clueweb09-en0010-15-08834
78 clueweb09-en0006-86-31537
78 clueweb09-enwp00-51-24768
78 clueweb09-enwp02-03-04557
78 clueweb09-en0077-98-14815
78 clueweb09-en0000-70-15042
78 clueweb09-enwp01-05-04966
78 clueweb09-en0005-99-20702
78 clueweb09-en0005-55-24483
78 clueweb09-enwp00-88-05527
78 clueweb09-en0010-66-05935
78 clueweb09-en0010-82-22137
78 clueweb09-enwp01-99-24188
78 clueweb09-enwp01-60-21549
78 clueweb09-en0015-36-15561
78 clueweb09-en0031-23-00294
78 clueweb09-en0011-92-09493
78 clueweb09-en0008-61-21992
78 clueweb09-en0005-90-21374
78 clueweb09-enwp03-14-24276
78 clueweb09-en0098-19-19890
78 clueweb09-en0006-65-16704
78 clueweb09-en0006-57-19136
78 clueweb09-en0000-23-00003
78 clueweb09-en0011-28-28365
78 clueweb09-en0006-63-31532
78 clueweb09-en0008-57-37952
78 clueweb09-en0006-03-29735
78 clueweb09-enwp01-93-17701
78 clueweb09-en0006-07-29842
78 clueweb09-en0000-08-02865
78 clueweb09-en0007-54-36768
78 clueweb09-enwp01-20-25162
78 clueweb09-en0004-60-01881
78 clueweb09-en0005-97-27825
78 clueweb09-en0009-25-29590
78 clueweb09-en0009-68-17747
78 clueweb09-en0006-89-30200
