79 clueweb09-en0025-40-00136
79 clueweb09-en0009-09-05029
79 clueweb09-en0061-76-09417
79 clueweb09-en0000-99-06402
79 clueweb09-en0093-41-06329
79 clueweb09-en0125-09-08184
79 clueweb09-en0007-87-08560
79 clueweb09-en0009-00-01413
79 clueweb09-en0010-82-09882
79 clueweb09-en0006-25-10651
79 clueweb09-en0001-37-07181
79 clueweb09-en0010-73-30560
79 clueweb09-en0004-95-19168
79 clueweb09-en0031-80-20205
79 clueweb09-en0010-20-29313
79 clueweb09-en0026-65-04123
79 clueweb09-en0037-04-33618
79 clueweb09-en0002-18-34052
79 clueweb09-en0001-61-18564
79 clueweb09-en0005-81-15662
79 clueweb09-en0011-81-37464
79 clueweb09-en0004-57-15523
79 clueweb09-en0010-44-20079
79 clueweb09-enwp02-04-13390
79 clueweb09-en0011-39-23760
79 clueweb09-en0006-88-16821
79 clueweb09-en0006-37-25644
79 clueweb09-en0011-33-09819
79 clueweb09-en0005-34-08737
79 clueweb09-en0006-69-19126
79 clueweb09-en0008-71-01257
79 clueweb09-en0001-52-10453
79 clueweb09-en0010-63-29640
79 clueweb09-en0011-72-08799
79 clueweb09-en0005-40-04808
79 clueweb09-en0011-87-29179
79 clueweb09-en0009-07-05506
79 clueweb09-en0000-25-23217
79 clueweb09-en0010-90-11900
79 clueweb09-en0033-17-34119
79 clueweb09-en0007-85-35324
79 clueweb09-en0003-23-28639
79 clueweb09-en0005-07-34225
79 clueweb09-en0128-77-09838
79 clueweb09-en0008-17-35587
79 clueweb09-enwp01-96-18275
79 clueweb09-en0019-67-26547
79 clueweb09-en0011-17-01265
79 clueweb09-en0010-82-34446
79 clueweb09-en0011-66-27412
79 clueweb09-en0007-22-01372
79 clueweb09-en0002-33-06999
79 clueweb09-en0019-33-19651
79 clueweb09-en0061-76-09413
79 clueweb09-en0009-91-25546
79 clueweb09-enwp03-20-16067
79 clueweb09-en0124-32-10622
79 clueweb09-en0006-98-24347
79 clueweb09-en0003-80-05084
79 clueweb09-en0010-87-01938
79 clueweb09-enwp02-03-17382
79 clueweb09-en0008-47-01033
