80 clueweb09-en0131-59-32256
80 clueweb09-en0009-40-37816
80 clueweb09-en0002-53-06638
80 clueweb09-en0002-95-19880
80 clueweb09-enwp02-23-17809
80 clueweb09-en0120-66-39214
80 clueweb09-en0008-35-23385
80 clueweb09-en0010-04-03613
80 clueweb09-en0032-54-23311
80 clueweb09-en0006-03-02882
80 clueweb09-en0107-16-11067
80 clueweb09-en0011-18-37053
80 clueweb09-en0055-66-18951
80 clueweb09-en0011-88-05964
80 clueweb09-en0011-93-32419
80 clueweb09-en0019-85-12274
80 clueweb09-en0065-77-01603
80 clueweb09-en0011-74-17152
80 clueweb09-en0077-58-11358
80 clueweb09-en0011-66-03219
80 clueweb09-en0037-22-10085
80 clueweb09-en0001-78-15549
80 clueweb09-en0103-26-17175
80 clueweb09-en0010-14-29470
80 clueweb09-enwp00-46-13448
80 clueweb09-en0029-60-19987
80 clueweb09-en0008-18-01619
80 clueweb09-enwp01-99-13448
80 clueweb09-en0009-38-18128
80 clueweb09-en0005-37-14024
80 clueweb09-en0120-66-39228
80 clueweb09-en0010-46-27504
80 clueweb09-en0005-41-14072
80 clueweb09-en0041-17-19432
80 clueweb09-en0007-08-00878
80 clueweb09-en0011-51-28787
80 clueweb09-en0011-81-37130
80 clueweb09-en0008-08-33636
80 clueweb09-en0120-46-35276
80 clueweb09-en0107-16-11074
80 clueweb09-en0003-23-11001
80 clueweb09-en0079-52-23077
80 clueweb09-en0001-05-25882
80 clueweb09-en0005-04-18465
80 clueweb09-en0005-66-29217
80 clueweb09-en0008-75-32697
80 clueweb09-en0005-45-35603
80 clueweb09-en0080-78-37265
80 clueweb09-en0005-39-04860
80 clueweb09-en0005-52-25635
80 clueweb09-en0009-23-32252
80 clueweb09-en0008-11-28151
80 clueweb09-enwp02-01-17592
80 clueweb09-en0011-01-34642
80 clueweb09-en0006-93-33688
