81 clueweb09-en0010-03-20097
81 clueweb09-enwp02-20-07788
81 clueweb09-en0023-10-24213
81 clueweb09-en0008-44-04692
81 clueweb09-enwp02-01-01715
81 clueweb09-enwp02-23-15058
81 clueweb09-en0005-79-08917
81 clueweb09-en0005-33-19258
81 clueweb09-en0002-19-34440
81 clueweb09-en0006-18-26750
81 clueweb09-en0007-24-10441
81 clueweb09-enwp00-23-18970
81 clueweb09-en0006-57-07610
81 clueweb09-en0005-10-19923
81 clueweb09-en0012-74-24645
81 clueweb09-en0005-87-15628
81 clueweb09-enwp00-10-11289
81 clueweb09-en0010-13-26869
81 clueweb09-en0006-65-27543
81 clueweb09-enwp00-19-11350
81 clueweb09-en0091-69-26968
81 clueweb09-enwp00-21-20594
81 clueweb09-enwp02-16-03616
81 clueweb09-en0062-17-35342
81 clueweb09-en0005-43-35069
81 clueweb09-en0008-62-32662
81 clueweb09-en0011-82-33613
81 clueweb09-en0000-11-06625
81 clueweb09-en0006-56-12116
81 clueweb09-en0011-54-20311
81 clueweb09-en0000-46-19174
81 clueweb09-en0000-76-03690
81 clueweb09-en0074-35-18929
81 clueweb09-en0006-99-31286
81 clueweb09-enwp03-36-04877
81 clueweb09-en0000-11-06620
81 clueweb09-en0129-24-16044
81 clueweb09-en0009-13-24360
81 clueweb09-en0049-09-24765
81 clueweb09-en0000-15-04448
81 clueweb09-en0002-82-25856
81 clueweb09-en0119-88-31378
81 clueweb09-en0020-92-02981
81 clueweb09-en0011-97-30546
81 clueweb09-en0000-43-34161
81 clueweb09-en0005-58-21453
81 clueweb09-en0011-93-00950
81 clueweb09-enwp01-90-16297
81 clueweb09-en0000-15-04429
81 clueweb09-en0005-06-27675
81 clueweb09-en0132-85-41806
81 clueweb09-en0008-58-16520
81 clueweb09-en0009-83-23979
81 clueweb09-en0007-98-05500
81 clueweb09-en0002-30-27405
81 clueweb09-en0007-62-15722
81 clueweb09-en0011-58-03515
81 clueweb09-en0006-11-04359
81 clueweb09-en0006-23-15474
81 clueweb09-enwp01-82-18093
81 clueweb09-en0005-63-33264
81 clueweb09-en0011-66-18060
81 clueweb09-enwp00-19-11361
81 clueweb09-en0011-02-19561
81 clueweb09-en0002-01-25710
