82 clueweb09-en0010-09-16068
82 clueweb09-en0080-57-05007
82 clueweb09-en0023-46-24474
82 clueweb09-en0009-40-23636
82 clueweb09-en0066-81-45091
82 clueweb09-en0009-32-02128
82 clueweb09-en0008-62-22133
82 clueweb09-en0118-63-20377
82 clueweb09-en0007-00-19810
82 clueweb09-en0000-28-03662
82 clueweb09-en0009-69-13635
82 clueweb09-enwp00-98-03426
82 clueweb09-en0009-73-38165
82 clueweb09-en0011-16-28819
82 clueweb09-en0003-54-03296
82 clueweb09-en0007-29-23731
82 clueweb09-en0077-28-02435
82 clueweb09-en0008-33-35647
82 clueweb09-en0009-99-14064
82 clueweb09-en0093-73-10382
82 clueweb09-en0085-08-02884
82 clueweb09-en0005-84-06092
82 clueweb09-en0006-13-04784
82 clueweb09-en0010-90-09480
82 clueweb09-en0079-95-22508
82 clueweb09-en0004-54-32071
82 clueweb09-enwp00-24-19550
82 clueweb09-en0008-72-28834
82 clueweb09-en0008-01-34452
82 clueweb09-en0117-53-33191
82 clueweb09-en0053-84-27292
82 clueweb09-en0010-68-37186
82 clueweb09-en0050-10-21412
82 clueweb09-en0001-57-03571
82 clueweb09-en0068-15-36082
82 clueweb09-enwp00-21-18872
82 clueweb09-en0005-93-38372
82 clueweb09-en0008-72-22750
82 clueweb09-en0011-32-02021
82 clueweb09-enwp00-31-19373
82 clueweb09-en0085-65-11156
82 clueweb09-en0009-92-40911
82 clueweb09-en0004-54-32069
82 clueweb09-en0000-69-01000
82 clueweb09-en0000-73-03209
82 clueweb09-en0011-41-03247
82 clueweb09-en0008-78-22348
82 clueweb09-en0008-60-18724
82 clueweb09-en0133-35-50938
82 clueweb09-en0006-74-30994
82 clueweb09-en0011-14-17928
82 clueweb09-enwp01-89-18534
82 clueweb09-en0000-34-00923
82 clueweb09-en0002-25-16028
82 clueweb09-en0059-78-31728
82 clueweb09-enwp02-00-18634
82 clueweb09-en0006-13-21995
82 clueweb09-en0011-77-37448
82 clueweb09-en0010-53-36276
82 clueweb09-en0005-01-40255
82 clueweb09-en0011-66-40029
82 clueweb09-en0001-80-24610
82 clueweb09-en0001-35-33727
82 clueweb09-en0005-10-16726
82 clueweb09-en0000-26-20093
82 clueweb09-en0006-18-30483
82 clueweb09-en0094-51-21759
