83 clueweb09-en0006-72-28439
83 clueweb09-en0010-85-39621
83 clueweb09-en0006-61-06197
83 clueweb09-en0036-85-28834
83 clueweb09-en0000-79-20294
83 clueweb09-en0009-30-08422
83 clueweb09-en0008-95-06825
83 clueweb09-enwp02-22-19968
83 clueweb09-en0006-72-28381
83 clueweb09-enwp02-04-17481
83 clueweb09-en0094-33-25584
83 clueweb09-en0132-47-16146
83 clueweb09-en0000-04-08310
83 clueweb09-en0132-47-16145
83 clueweb09-en0006-72-28422
83 clueweb09-en0005-08-25114
83 clueweb09-en0008-43-11419
83 clueweb09-en0005-83-36567
83 clueweb09-en0008-74-16610
83 clueweb09-en0010-66-24720
83 clueweb09-en0006-61-06207
83 clueweb09-en0094-00-02234
83 clueweb09-en0009-79-27524
83 clueweb09-en0008-85-35911
83 clueweb09-en0009-29-35118
83 clueweb09-en0006-72-28391
83 clueweb09-en0000-31-34488
83 clueweb09-en0011-65-05693
83 clueweb09-en0006-72-28398
83 clueweb09-en0009-76-02866
83 clueweb09-enwp03-27-22164
83 clueweb09-en0000-06-13833
83 clueweb09-en0037-79-32239
83 clueweb09-en0004-49-30464
83 clueweb09-en0000-06-13834
83 clueweb09-en0011-87-23090
83 clueweb09-en0128-85-24488
83 clueweb09-en0009-29-27759
83 clueweb09-en0128-85-24487
83 clueweb09-en0006-72-28457
83 clueweb09-en0008-30-35414
83 clueweb09-en0009-29-34675
83 clueweb09-en0010-49-18130
83 clueweb09-en0008-95-29576
83 clueweb09-en0009-29-35314
83 clueweb09-en0006-60-33913
83 clueweb09-en0010-53-01772
83 clueweb09-enwp02-04-17619
83 clueweb09-en0005-51-28460
83 clueweb09-en0009-29-34954
83 clueweb09-en0009-16-10480
83 clueweb09-en0008-65-23795
83 clueweb09-en0028-32-28448
83 clueweb09-en0011-62-10518
83 clueweb09-en0002-59-08411
83 clueweb09-en0001-02-21457
83 clueweb09-en0008-19-28971
83 clueweb09-en0005-12-23812
83 clueweb09-en0088-86-07619
83 clueweb09-en0009-29-34658
83 clueweb09-en0010-68-17871
83 clueweb09-en0007-65-14752
83 clueweb09-en0005-97-24675
83 clueweb09-en0006-72-28461
83 clueweb09-en0008-64-20225
83 clueweb09-en0132-20-37679
83 clueweb09-en0006-72-28470
83 clueweb09-en0006-51-18642
83 clueweb09-en0006-57-12719
83 clueweb09-en0010-23-11620
83 clueweb09-en0010-53-39663
83 clueweb09-en0006-17-10974
83 clueweb09-en0011-91-06261
83 clueweb09-en0038-07-01430
83 clueweb09-en0005-87-40831
83 clueweb09-en0006-32-09659
83 clueweb09-en0009-34-19093
83 clueweb09-en0006-72-28493
83 clueweb09-enwp01-95-18850
83 clueweb09-en0008-44-21217
83 clueweb09-en0009-29-35143
83 clueweb09-en0011-13-26563
83 clueweb09-en0024-68-20151
83 clueweb09-en0011-60-35520
83 clueweb09-en0005-67-36277
83 clueweb09-en0000-92-20671
83 clueweb09-en0128-29-07824
83 clueweb09-en0009-29-35287
83 clueweb09-en0009-29-35286
83 clueweb09-en0008-19-30866
83 clueweb09-en0010-84-17135
83 clueweb09-en0007-26-13150
83 clueweb09-en0008-89-12458
83 clueweb09-en0001-35-04678
83 clueweb09-en0129-08-41668
83 clueweb09-en0006-72-28407
83 clueweb09-en0127-70-17735
83 clueweb09-en0006-72-28402
83 clueweb09-en0006-72-28524
