84 clueweb09-en0005-74-11509
84 clueweb09-en0008-81-05545
84 clueweb09-en0001-23-32567
84 clueweb09-en0011-25-17686
84 clueweb09-en0002-31-21192
84 clueweb09-en0010-94-00192
84 clueweb09-en0007-38-24595
84 clueweb09-en0001-11-22328
84 clueweb09-en0009-14-15310
84 clueweb09-en0011-63-26729
84 clueweb09-en0001-94-11831
84 clueweb09-en0007-88-23065
84 clueweb09-en0002-76-40795
84 clueweb09-en0001-79-30281
84 clueweb09-en0006-19-12161
84 clueweb09-en0006-19-12163
84 clueweb09-en0010-12-33381
84 clueweb09-en0000-76-15708
84 clueweb09-en0094-61-00148
84 clueweb09-en0098-75-03864
84 clueweb09-en0007-50-38501
84 clueweb09-en0007-85-03533
84 clueweb09-en0010-22-37488
84 clueweb09-en0011-43-23700
84 clueweb09-en0075-96-02214
84 clueweb09-en0010-64-34243
84 clueweb09-en0021-99-34946
84 clueweb09-en0002-84-17805
84 clueweb09-en0006-82-19228
84 clueweb09-en0006-73-36768
84 clueweb09-en0006-19-12164
84 clueweb09-enwp00-57-17417
84 clueweb09-en0108-33-32735
84 clueweb09-en0058-86-23587
84 clueweb09-en0010-36-14680
84 clueweb09-en0006-82-19226
84 clueweb09-en0008-20-00078
84 clueweb09-en0131-48-13345
84 clueweb09-en0010-36-03960
84 clueweb09-en0000-25-20519
84 clueweb09-en0001-02-11664
84 clueweb09-en0005-57-44175
84 clueweb09-en0029-87-33273
84 clueweb09-en0027-49-34715
84 clueweb09-en0007-14-33473
84 clueweb09-en0011-10-02550
84 clueweb09-enwp01-87-21815
84 clueweb09-en0027-49-35660
84 clueweb09-en0008-90-18349
84 clueweb09-en0007-86-07924
84 clueweb09-en0007-32-03390
84 clueweb09-en0000-15-12813
84 clueweb09-en0005-89-27496
