85 clueweb09-enwp01-41-20168
85 clueweb09-en0008-74-21324
85 clueweb09-en0005-99-44522
85 clueweb09-enwp02-00-15304
85 clueweb09-en0011-44-12562
85 clueweb09-en0008-95-16789
85 clueweb09-en0006-73-13874
85 clueweb09-en0008-14-06539
85 clueweb09-enwp01-22-04263
85 clueweb09-en0008-45-36420
85 clueweb09-en0008-83-15908
85 clueweb09-en0002-04-08435
85 clueweb09-en0004-31-25436
85 clueweb09-en0007-32-26341
85 clueweb09-en0085-57-26775
85 clueweb09-en0011-84-34247
85 clueweb09-en0000-28-13751
85 clueweb09-en0005-91-15794
85 clueweb09-en0121-38-35715
85 clueweb09-en0000-47-05484
85 clueweb09-en0010-32-17025
85 clueweb09-en0011-57-07513
85 clueweb09-en0120-96-37030
85 clueweb09-en0120-96-37031
85 clueweb09-en0007-72-14475
85 clueweb09-en0002-54-18979
85 clueweb09-en0118-74-36363
85 clueweb09-enwp01-45-00090
85 clueweb09-en0010-97-14172
85 clueweb09-en0011-96-11004
85 clueweb09-en0008-32-10865
85 clueweb09-en0022-29-29178
85 clueweb09-enwp01-90-17402
85 clueweb09-en0006-78-19948
85 clueweb09-en0008-44-12783
85 clueweb09-en0010-38-11524
85 clueweb09-en0006-13-30876
85 clueweb09-en0007-77-04006
85 clueweb09-en0007-22-24199
85 clueweb09-en0010-93-19449
85 clueweb09-en0007-97-00978
85 clueweb09-en0002-55-06259
85 clueweb09-en0010-73-31606
