86 clueweb09-en0005-37-02090
86 clueweb09-en0029-03-12476
86 clueweb09-en0096-53-12916
86 clueweb09-en0032-25-26651
86 clueweb09-en0001-73-21845
86 clueweb09-en0010-82-14034
86 clueweb09-en0057-00-25344
86 clueweb09-en0005-35-06839
86 clueweb09-en0012-49-02105
86 clueweb09-en0006-06-14993
86 clueweb09-en0043-57-15289
86 clueweb09-en0005-96-11142
86 clueweb09-en0066-65-12435
86 clueweb09-en0043-57-15286
86 clueweb09-en0034-38-24244
86 clueweb09-en0006-06-15036
86 clueweb09-enwp03-11-05936
86 clueweb09-en0088-05-22877
86 clueweb09-en0006-06-15050
86 clueweb09-en0010-79-35229
86 clueweb09-en0011-61-06950
86 clueweb09-en0011-81-26638
86 clueweb09-en0054-85-32547
86 clueweb09-en0004-50-04737
86 clueweb09-en0004-51-21018
86 clueweb09-en0015-57-09068
86 clueweb09-en0010-34-41222
86 clueweb09-en0027-84-41919
86 clueweb09-en0006-06-14911
86 clueweb09-en0008-72-27693
86 clueweb09-en0006-06-15029
86 clueweb09-en0006-06-14982
86 clueweb09-en0002-88-30794
86 clueweb09-en0010-78-36268
86 clueweb09-en0046-63-27113
86 clueweb09-enwp03-28-01489
86 clueweb09-en0088-14-14829
86 clueweb09-en0001-85-03351
86 clueweb09-en0010-61-24273
86 clueweb09-en0006-06-15040
86 clueweb09-en0010-34-40777
86 clueweb09-en0057-03-18352
86 clueweb09-en0006-06-15045
