87 clueweb09-enwp00-10-10295
87 clueweb09-en0009-95-34247
87 clueweb09-en0008-70-42485
87 clueweb09-en0010-26-00912
87 clueweb09-en0009-07-36859
87 clueweb09-en0094-90-38301
87 clueweb09-enwp00-37-07554
87 clueweb09-en0047-80-07351
87 clueweb09-en0011-34-02806
87 clueweb09-en0008-75-34058
87 clueweb09-en0011-30-33532
87 clueweb09-enwp00-08-15861
87 clueweb09-en0108-03-10895
87 clueweb09-en0023-34-29474
87 clueweb09-en0127-85-47084
87 clueweb09-en0010-01-29213
87 clueweb09-en0009-29-10159
87 clueweb09-en0000-08-16110
87 clueweb09-en0002-42-19982
87 clueweb09-en0026-65-05183
87 clueweb09-en0000-92-08695
87 clueweb09-enwp00-77-16510
87 clueweb09-en0000-62-09427
87 clueweb09-en0040-65-30137
87 clueweb09-en0009-58-16925
87 clueweb09-en0010-59-07412
87 clueweb09-enwp02-22-19954
87 clueweb09-enwp00-67-16833
87 clueweb09-en0011-66-12245
87 clueweb09-en0104-99-39767
87 clueweb09-en0076-04-00392
87 clueweb09-en0011-67-05188
87 clueweb09-en0010-55-25005
87 clueweb09-en0010-55-25004
87 clueweb09-enwp02-14-07404
87 clueweb09-en0008-47-20936
87 clueweb09-en0011-13-40167
87 clueweb09-en0011-92-29533
87 clueweb09-en0000-40-27403
87 clueweb09-en0011-41-21135
87 clueweb09-en0042-08-01343
87 clueweb09-en0008-37-30719
87 clueweb09-en0005-68-21309
87 clueweb09-en0000-89-03333
87 clueweb09-en0030-15-27055
87 clueweb09-enwp01-87-07508
87 clueweb09-en0125-69-00218
87 clueweb09-en0005-30-13551
87 clueweb09-enwp00-07-15776
87 clueweb09-enwp02-23-17984
87 clueweb09-en0009-30-30614
87 clueweb09-en0005-28-02835
87 clueweb09-en0007-84-24856
87 clueweb09-en0006-60-31534
87 clueweb09-en0003-94-01293
87 clueweb09-en0011-87-25145
87 clueweb09-en0008-43-24927
87 clueweb09-en0005-46-12193
87 clueweb09-en0000-86-09625
87 clueweb09-en0000-50-11780
87 clueweb09-en0009-66-04815
87 clueweb09-en0042-43-05010
87 clueweb09-en0130-90-22288
87 clueweb09-enwp01-89-18534
87 clueweb09-en0007-09-32825
87 clueweb09-en0037-52-37989
87 clueweb09-en0006-58-16479
87 clueweb09-enwp02-00-18634
87 clueweb09-en0011-49-25719
87 clueweb09-en0005-18-09528
87 clueweb09-en0010-15-18834
87 clueweb09-en0009-31-02709
87 clueweb09-en0066-06-27948
87 clueweb09-en0008-98-30580
87 clueweb09-en0011-87-25168
87 clueweb09-en0009-45-35880
87 clueweb09-en0005-03-29707
87 clueweb09-en0003-94-01323
