88 clueweb09-en0009-34-31678
88 clueweb09-en0006-81-20155
88 clueweb09-en0005-18-09297
88 clueweb09-en0005-18-16568
88 clueweb09-en0011-59-22837
88 clueweb09-en0010-89-22073
88 clueweb09-en0080-42-28634
88 clueweb09-en0007-68-30770
88 clueweb09-en0009-43-36862
88 clueweb09-en0006-25-39885
88 clueweb09-en0079-28-28137
88 clueweb09-en0006-66-04311
88 clueweb09-en0006-21-33469
88 clueweb09-en0006-04-42255
88 clueweb09-enwp01-28-03948
88 clueweb09-en0051-87-18457
88 clueweb09-en0004-95-19168
88 clueweb09-en0007-22-24188
88 clueweb09-en0002-46-01675
88 clueweb09-en0006-06-07988
88 clueweb09-enwp01-69-07856
88 clueweb09-en0001-59-13443
88 clueweb09-en0010-66-06223
88 clueweb09-en0007-83-13368
88 clueweb09-en0130-68-46934
88 clueweb09-en0010-72-16912
88 clueweb09-en0066-23-23006
88 clueweb09-en0053-96-31302
88 clueweb09-en0007-58-03310
88 clueweb09-enwp01-36-05684
88 clueweb09-en0005-84-28975
88 clueweb09-en0005-74-40526
88 clueweb09-en0010-47-11002
88 clueweb09-en0006-77-43268
88 clueweb09-en0010-38-18086
88 clueweb09-en0003-29-29801
88 clueweb09-en0006-81-20149
88 clueweb09-en0008-30-27834
88 clueweb09-en0007-43-28190
88 clueweb09-en0005-70-24430
88 clueweb09-en0009-15-31064
88 clueweb09-en0010-28-27914
88 clueweb09-en0006-61-16701
88 clueweb09-en0006-10-03981
88 clueweb09-en0007-79-06109
88 clueweb09-en0009-13-33897
88 clueweb09-en0031-02-27055
88 clueweb09-en0121-49-13698
88 clueweb09-en0006-80-17722
88 clueweb09-en0009-45-20706
88 clueweb09-en0005-04-11280
88 clueweb09-en0006-90-05613
88 clueweb09-en0066-23-22678
88 clueweb09-en0026-78-32554
88 clueweb09-en0091-88-10784
88 clueweb09-en0006-81-20433
88 clueweb09-enwp01-13-00040
88 clueweb09-en0005-08-13366
88 clueweb09-en0006-26-27824
88 clueweb09-en0011-01-31618
88 clueweb09-en0005-98-08316
88 clueweb09-en0006-67-06946
88 clueweb09-en0020-68-37336
88 clueweb09-en0010-54-36169
88 clueweb09-en0102-97-06672
