89 clueweb09-en0046-77-22288
89 clueweb09-en0010-48-12470
89 clueweb09-en0008-71-14195
89 clueweb09-en0007-34-04542
89 clueweb09-en0017-46-32938
89 clueweb09-en0008-54-13302
89 clueweb09-en0007-28-34565
89 clueweb09-en0046-73-12239
89 clueweb09-en0007-34-04111
89 clueweb09-enwp00-59-14544
89 clueweb09-en0011-43-05577
89 clueweb09-en0007-52-14776
89 clueweb09-en0011-13-17776
89 clueweb09-en0009-00-08177
89 clueweb09-enwp00-12-15997
89 clueweb09-en0005-32-37958
89 clueweb09-en0006-08-24528
89 clueweb09-en0010-39-32327
89 clueweb09-en0006-57-15943
89 clueweb09-en0007-89-11690
89 clueweb09-en0000-73-08129
89 clueweb09-en0001-52-14811
89 clueweb09-en0022-57-05825
89 clueweb09-en0002-26-31056
89 clueweb09-enwp00-58-24347
89 clueweb09-en0010-68-00809
89 clueweb09-en0010-57-41268
89 clueweb09-en0005-09-22601
89 clueweb09-en0006-07-09628
89 clueweb09-en0046-55-03080
89 clueweb09-enwp00-12-17267
89 clueweb09-en0106-74-05700
89 clueweb09-en0002-47-15081
89 clueweb09-en0130-84-49472
89 clueweb09-en0008-94-23882
89 clueweb09-en0010-52-14114
89 clueweb09-en0005-23-08413
89 clueweb09-en0004-69-17260
89 clueweb09-en0009-30-42343
89 clueweb09-enwp00-10-16048
89 clueweb09-en0006-11-18753
89 clueweb09-en0011-07-27693
89 clueweb09-en0081-80-22569
89 clueweb09-en0017-46-32947
89 clueweb09-en0005-96-32453
89 clueweb09-en0010-92-10523
89 clueweb09-en0000-68-15938
89 clueweb09-en0007-55-40138
89 clueweb09-en0008-67-35597
