90 clueweb09-en0006-09-29537
90 clueweb09-en0025-83-31656
90 clueweb09-en0033-68-28369
90 clueweb09-en0009-41-28364
90 clueweb09-en0011-14-42149
90 clueweb09-en0008-26-40972
90 clueweb09-en0017-93-18210
90 clueweb09-enwp00-27-21576
90 clueweb09-en0010-86-07545
90 clueweb09-en0027-37-23820
90 clueweb09-en0008-60-30409
90 clueweb09-en0009-45-08307
90 clueweb09-en0090-69-15269
90 clueweb09-en0027-37-23818
90 clueweb09-en0080-42-38987
90 clueweb09-en0005-13-32314
90 clueweb09-en0011-06-22013
90 clueweb09-en0104-52-26377
90 clueweb09-en0008-97-31346
90 clueweb09-en0002-18-34231
90 clueweb09-en0011-06-07240
90 clueweb09-en0008-96-39521
90 clueweb09-en0000-34-30169
90 clueweb09-en0001-30-06505
90 clueweb09-en0038-87-17605
90 clueweb09-en0011-46-37997
90 clueweb09-en0011-30-10715
90 clueweb09-en0071-26-28761
90 clueweb09-en0006-35-10723
90 clueweb09-en0002-72-09628
90 clueweb09-en0044-91-04252
90 clueweb09-enwp00-61-16793
90 clueweb09-en0009-34-06158
90 clueweb09-en0000-97-25879
90 clueweb09-en0005-94-16023
90 clueweb09-en0006-31-31411
90 clueweb09-en0008-39-14705
90 clueweb09-en0052-85-20817
90 clueweb09-en0010-55-26387
90 clueweb09-en0001-34-10960
90 clueweb09-en0010-02-10994
90 clueweb09-enwp01-62-16836
90 clueweb09-en0006-94-30614
90 clueweb09-en0005-87-06431
90 clueweb09-en0001-09-35102
90 clueweb09-en0006-37-23187
90 clueweb09-enwp01-09-21587
90 clueweb09-en0010-68-12267
90 clueweb09-en0007-88-37996
