91 clueweb09-en0009-73-41555
91 clueweb09-en0103-69-11748
91 clueweb09-en0001-44-40346
91 clueweb09-en0006-82-30446
91 clueweb09-en0000-97-15550
91 clueweb09-enwp02-05-05077
91 clueweb09-en0007-99-39754
91 clueweb09-en0002-46-03695
91 clueweb09-en0007-45-08432
91 clueweb09-en0001-67-16656
91 clueweb09-en0015-99-19941
91 clueweb09-en0011-03-28893
91 clueweb09-en0011-03-28892
91 clueweb09-enwp00-89-17652
91 clueweb09-en0011-74-13671
91 clueweb09-en0009-36-20719
91 clueweb09-en0000-96-08814
91 clueweb09-en0011-46-18132
91 clueweb09-en0010-87-19440
91 clueweb09-enwp02-03-17467
91 clueweb09-en0010-85-31455
91 clueweb09-en0007-05-08466
91 clueweb09-en0008-63-43483
91 clueweb09-en0008-79-08978
91 clueweb09-en0001-55-22789
91 clueweb09-en0077-30-39811
91 clueweb09-en0116-75-33140
91 clueweb09-enwp03-32-07089
91 clueweb09-en0011-62-04661
91 clueweb09-enwp02-01-17604
91 clueweb09-en0021-84-18658
91 clueweb09-en0011-14-17166
91 clueweb09-enwp02-03-12356
91 clueweb09-en0008-38-39364
91 clueweb09-en0005-70-10324
91 clueweb09-en0008-61-37912
91 clueweb09-en0011-95-25803
91 clueweb09-en0130-93-29040
91 clueweb09-en0010-07-22364
91 clueweb09-en0008-47-16635
91 clueweb09-en0000-51-20420
91 clueweb09-en0010-15-22491
91 clueweb09-en0130-93-29042
91 clueweb09-en0004-68-26176
91 clueweb09-en0061-25-27671
91 clueweb09-en0007-63-33725
91 clueweb09-enwp02-00-18704
91 clueweb09-en0011-46-18143
91 clueweb09-en0075-01-17586
91 clueweb09-en0010-97-13384
91 clueweb09-en0005-81-18125
91 clueweb09-en0001-03-28569
91 clueweb09-en0010-92-15719
91 clueweb09-en0007-12-13639
91 clueweb09-en0018-87-11346
91 clueweb09-en0006-22-04621
91 clueweb09-en0068-64-19853
91 clueweb09-en0027-39-02540
91 clueweb09-en0005-84-13852
91 clueweb09-en0011-32-26540
91 clueweb09-enwp00-07-00305
91 clueweb09-en0005-61-10539
91 clueweb09-en0002-37-14815
91 clueweb09-en0049-10-23188
91 clueweb09-en0001-55-22790
91 clueweb09-en0004-44-33281
91 clueweb09-en0021-84-18660
91 clueweb09-en0005-37-00890
