92 clueweb09-en0009-02-15095
92 clueweb09-en0006-77-01018
92 clueweb09-en0012-10-23812
92 clueweb09-en0006-80-10041
92 clueweb09-en0005-87-02127
92 clueweb09-en0067-93-14455
92 clueweb09-en0005-15-11065
92 clueweb09-en0011-64-17210
92 clueweb09-en0021-55-04881
92 clueweb09-en0009-48-17143
92 clueweb09-en0009-92-32682
92 clueweb09-en0006-54-06953
92 clueweb09-en0008-71-22395
92 clueweb09-en0011-02-15761
92 clueweb09-en0010-46-14919
92 clueweb09-en0005-87-36511
92 clueweb09-en0008-70-09803
92 clueweb09-en0008-68-09623
92 clueweb09-en0022-17-32141
92 clueweb09-en0004-76-31026
92 clueweb09-enwp01-13-15709
92 clueweb09-en0090-90-33101
92 clueweb09-en0076-68-17400
92 clueweb09-en0081-41-34487
92 clueweb09-en0010-61-17713
92 clueweb09-en0008-64-20832
92 clueweb09-en0009-03-14779
92 clueweb09-en0005-54-13795
92 clueweb09-en0006-43-18725
92 clueweb09-en0130-64-50545
92 clueweb09-en0010-46-19010
92 clueweb09-enwp01-89-17318
92 clueweb09-en0133-51-15734
92 clueweb09-enwp00-24-14265
92 clueweb09-en0001-56-01392
92 clueweb09-en0006-54-05371
92 clueweb09-en0011-96-39421
92 clueweb09-en0006-30-24834
92 clueweb09-en0130-70-23668
92 clueweb09-en0010-77-36889
92 clueweb09-en0011-14-23774
92 clueweb09-en0000-07-12801
92 clueweb09-en0006-25-08874
92 clueweb09-en0011-58-01909
92 clueweb09-en0011-88-00380
92 clueweb09-en0000-17-07171
92 clueweb09-en0130-64-09460
92 clueweb09-en0000-06-05382
92 clueweb09-en0010-18-20771
92 clueweb09-en0007-42-40245
92 clueweb09-enwp01-90-17134
92 clueweb09-en0008-37-09865
92 clueweb09-en0006-81-26723
92 clueweb09-en0006-08-06010
92 clueweb09-en0004-15-14239
92 clueweb09-en0010-84-11251
92 clueweb09-en0029-07-00321
92 clueweb09-en0006-82-03979
92 clueweb09-en0120-66-14968
92 clueweb09-en0000-50-01516
92 clueweb09-en0005-06-13404
92 clueweb09-en0009-44-40763
92 clueweb09-en0010-33-34700
92 clueweb09-en0007-22-23538
92 clueweb09-en0011-46-37737
92 clueweb09-en0010-53-36436
92 clueweb09-en0030-68-07430
92 clueweb09-en0002-65-31389
92 clueweb09-en0001-41-23780
92 clueweb09-en0005-70-15903
92 clueweb09-en0004-39-32388
92 clueweb09-en0017-20-19190
92 clueweb09-en0011-13-25873
92 clueweb09-en0005-93-02468
92 clueweb09-enwp01-97-17873
92 clueweb09-en0133-98-00289
92 clueweb09-en0000-17-17915
92 clueweb09-en0009-73-13419
92 clueweb09-en0133-81-50508
92 clueweb09-en0008-99-21115
92 clueweb09-en0009-77-16288
92 clueweb09-en0029-66-13804
92 clueweb09-en0002-28-18687
92 clueweb09-en0011-63-15236
