93 clueweb09-en0009-43-03516
93 clueweb09-en0029-98-08154
93 clueweb09-en0008-23-03231
93 clueweb09-en0010-26-21486
93 clueweb09-en0006-06-22009
93 clueweb09-en0010-09-19643
93 clueweb09-en0010-24-38064
93 clueweb09-en0010-71-01217
93 clueweb09-en0002-37-35951
93 clueweb09-en0008-79-35332
93 clueweb09-enwp01-18-00420
93 clueweb09-enwp02-28-18105
93 clueweb09-en0000-48-19894
93 clueweb09-en0081-56-24647
93 clueweb09-en0011-33-35347
93 clueweb09-en0002-51-22420
93 clueweb09-en0010-93-33815
93 clueweb09-enwp01-84-12113
93 clueweb09-en0001-94-05239
93 clueweb09-en0008-13-11549
93 clueweb09-en0011-37-29607
93 clueweb09-en0011-65-19255
93 clueweb09-en0000-61-32048
93 clueweb09-en0053-26-05253
93 clueweb09-en0010-62-01682
93 clueweb09-en0007-59-08723
93 clueweb09-en0004-24-22170
93 clueweb09-en0009-57-14185
93 clueweb09-en0124-31-35637
93 clueweb09-en0025-76-27328
93 clueweb09-en0032-85-31360
93 clueweb09-en0011-51-09692
93 clueweb09-en0008-57-07305
93 clueweb09-en0007-80-16059
93 clueweb09-en0005-65-07428
93 clueweb09-en0081-88-01696
93 clueweb09-en0043-93-15225
93 clueweb09-en0005-32-23743
93 clueweb09-en0001-52-32499
93 clueweb09-en0009-19-25961
93 clueweb09-en0002-58-21255
93 clueweb09-en0044-83-17268
93 clueweb09-en0000-58-11313
93 clueweb09-en0010-33-28668
93 clueweb09-en0009-04-06205
93 clueweb09-en0005-43-13576
93 clueweb09-en0002-53-31723
93 clueweb09-en0114-12-23960
93 clueweb09-en0071-94-08519
93 clueweb09-en0001-13-12612
93 clueweb09-en0009-71-31236
93 clueweb09-en0010-24-37981
93 clueweb09-en0007-70-15764
93 clueweb09-en0001-44-11104
