94 clueweb09-en0006-88-22990
94 clueweb09-en0040-89-12488
94 clueweb09-en0077-59-35313
94 clueweb09-enwp01-76-12051
94 clueweb09-en0040-92-28339
94 clueweb09-en0009-72-23931
94 clueweb09-en0005-45-15282
94 clueweb09-en0005-95-34981
94 clueweb09-en0043-14-21914
94 clueweb09-en0069-02-03378
94 clueweb09-en0010-90-05383
94 clueweb09-en0007-35-23459
94 clueweb09-en0010-14-03320
94 clueweb09-enwp01-95-11944
94 clueweb09-en0011-66-40095
94 clueweb09-en0000-41-19978
94 clueweb09-en0054-43-27030
94 clueweb09-enwp02-15-02218
94 clueweb09-en0000-37-14770
94 clueweb09-en0010-07-13370
94 clueweb09-en0011-20-29471
94 clueweb09-en0005-34-09917
94 clueweb09-en0011-15-28083
94 clueweb09-en0007-04-37276
94 clueweb09-en0011-33-14579
94 clueweb09-en0009-21-26943
94 clueweb09-en0010-98-17371
94 clueweb09-en0006-09-11690
94 clueweb09-en0008-78-25083
94 clueweb09-en0010-39-05826
94 clueweb09-en0089-11-04378
94 clueweb09-enwp01-61-04885
94 clueweb09-en0007-00-25592
94 clueweb09-en0005-31-09684
94 clueweb09-en0009-11-35348
94 clueweb09-en0011-43-30281
94 clueweb09-en0002-45-29640
94 clueweb09-en0002-97-14206
94 clueweb09-en0001-60-25247
94 clueweb09-en0011-09-27762
94 clueweb09-en0000-12-17450
94 clueweb09-en0043-55-21213
94 clueweb09-en0003-07-01906
94 clueweb09-en0077-59-35312
94 clueweb09-en0008-31-39997
94 clueweb09-en0039-88-01494
94 clueweb09-en0010-64-15190
94 clueweb09-en0011-61-13645
94 clueweb09-en0010-16-21592
94 clueweb09-en0026-71-37200
94 clueweb09-en0011-50-33089
94 clueweb09-en0005-62-10555
94 clueweb09-en0009-95-03253
94 clueweb09-enwp00-17-11409
94 clueweb09-enwp02-13-11325
94 clueweb09-en0006-94-19308
94 clueweb09-en0000-44-06685
94 clueweb09-en0005-35-11924
94 clueweb09-en0011-15-27327
94 clueweb09-en0005-27-36641
94 clueweb09-en0003-25-03695
94 clueweb09-en0000-06-12592
94 clueweb09-en0000-10-13003
94 clueweb09-en0008-92-30449
94 clueweb09-en0011-87-23277
