95 clueweb09-en0017-69-22419
95 clueweb09-en0035-79-35714
95 clueweb09-en0127-50-30744
95 clueweb09-en0002-88-06750
95 clueweb09-en0001-65-30032
95 clueweb09-en0036-31-12262
95 clueweb09-enwp02-16-00257
95 clueweb09-en0008-22-15212
95 clueweb09-en0001-18-31815
95 clueweb09-en0002-16-24613
95 clueweb09-en0065-94-08901
95 clueweb09-en0030-79-09389
95 clueweb09-en0011-58-19010
95 clueweb09-en0068-16-03632
95 clueweb09-en0126-31-22661
95 clueweb09-en0000-10-03781
95 clueweb09-en0107-68-18680
95 clueweb09-en0044-14-05297
95 clueweb09-en0009-91-09089
95 clueweb09-en0003-97-31591
95 clueweb09-enwp02-00-18634
95 clueweb09-en0062-21-09244
95 clueweb09-en0022-13-03183
95 clueweb09-en0038-34-30555
95 clueweb09-en0032-95-05615
95 clueweb09-en0009-69-38327
95 clueweb09-en0038-95-34124
95 clueweb09-en0026-22-30998
95 clueweb09-en0007-73-13361
95 clueweb09-en0006-54-25055
95 clueweb09-en0025-15-02938
95 clueweb09-en0007-87-35980
95 clueweb09-en0058-97-21671
95 clueweb09-en0024-98-06299
95 clueweb09-en0004-72-28292
95 clueweb09-en0011-18-18795
95 clueweb09-en0011-18-18794
95 clueweb09-en0011-18-18797
95 clueweb09-en0011-18-18796
95 clueweb09-en0011-18-18791
95 clueweb09-en0011-18-18790
95 clueweb09-en0011-18-18793
95 clueweb09-en0011-18-18792
95 clueweb09-enwp02-15-02354
95 clueweb09-en0011-18-18799
95 clueweb09-en0011-18-18798
95 clueweb09-en0129-97-30740
95 clueweb09-en0065-31-19161
95 clueweb09-en0043-48-01058
95 clueweb09-en0049-45-30058
95 clueweb09-en0035-43-36226
95 clueweb09-en0078-83-24065
95 clueweb09-en0078-10-38531
95 clueweb09-en0007-35-18846
95 clueweb09-en0048-63-08909
95 clueweb09-en0008-80-18641
95 clueweb09-en0002-22-05509
95 clueweb09-en0009-75-23242
95 clueweb09-en0009-68-23140
95 clueweb09-en0009-75-23240
95 clueweb09-en0009-75-23246
95 clueweb09-en0009-75-23245
95 clueweb09-en0009-75-23244
95 clueweb09-en0012-84-26373
95 clueweb09-en0064-20-06498
95 clueweb09-en0040-21-07125
95 clueweb09-en0016-96-10364
95 clueweb09-en0001-68-17692
95 clueweb09-en0014-07-07568
95 clueweb09-en0016-26-04877
95 clueweb09-en0120-17-31368
95 clueweb09-en0003-69-06914
95 clueweb09-en0121-35-40422
95 clueweb09-en0003-69-06912
95 clueweb09-en0000-58-00679
95 clueweb09-en0021-47-36497
95 clueweb09-en0000-58-00778
95 clueweb09-enwp01-97-18179
95 clueweb09-en0131-19-31471
95 clueweb09-en0049-45-02796
95 clueweb09-en0005-52-20736
95 clueweb09-en0025-15-33147
95 clueweb09-en0009-91-09073
95 clueweb09-en0063-03-10243
95 clueweb09-en0009-33-22064
95 clueweb09-enwp01-98-00070
95 clueweb09-en0007-58-01730
95 clueweb09-en0034-35-26382
95 clueweb09-en0038-77-24901
95 clueweb09-en0011-18-18785
95 clueweb09-enwp01-96-18148
95 clueweb09-en0011-18-18782
95 clueweb09-en0004-47-14113
95 clueweb09-en0010-65-18027
95 clueweb09-en0094-87-30049
95 clueweb09-en0050-33-16537
95 clueweb09-en0052-68-15045
95 clueweb09-en0001-56-24268
95 clueweb09-enwp01-97-17873
95 clueweb09-en0057-46-26359
95 clueweb09-en0057-46-26358
95 clueweb09-en0007-15-14014
95 clueweb09-en0005-66-20460
95 clueweb09-en0123-78-04003
95 clueweb09-en0010-97-15789
95 clueweb09-en0009-49-20473
95 clueweb09-en0020-12-14113
95 clueweb09-en0018-80-07741
95 clueweb09-enwp02-04-09030
95 clueweb09-en0035-06-08911
95 clueweb09-en0107-53-22005
95 clueweb09-en0008-93-16996
95 clueweb09-enwp00-71-04311
95 clueweb09-en0080-48-27930
95 clueweb09-en0068-16-03650
95 clueweb09-en0007-66-19865
95 clueweb09-enwp03-42-00868
95 clueweb09-en0093-19-07015
95 clueweb09-en0006-09-23058
95 clueweb09-en0006-09-23052
95 clueweb09-en0006-09-23053
95 clueweb09-en0006-09-23051
95 clueweb09-en0007-78-17243
95 clueweb09-en0048-23-43817
95 clueweb09-en0113-14-01769
95 clueweb09-en0019-48-26559
95 clueweb09-en0008-01-32915
95 clueweb09-en0010-76-32912
95 clueweb09-en0001-49-08106
95 clueweb09-en0001-49-08107
95 clueweb09-en0001-49-08104
95 clueweb09-en0001-49-08105
95 clueweb09-en0001-49-08102
95 clueweb09-en0001-49-08103
95 clueweb09-en0001-49-08108
95 clueweb09-en0001-49-08109
95 clueweb09-en0007-98-30758
95 clueweb09-en0006-00-12838
95 clueweb09-en0000-00-01476
95 clueweb09-en0009-33-17623
95 clueweb09-en0025-86-34868
95 clueweb09-en0008-78-22746
95 clueweb09-en0093-31-32921
95 clueweb09-en0003-07-26865
95 clueweb09-en0085-46-27329
95 clueweb09-en0009-36-35076
95 clueweb09-enwp00-98-16579
95 clueweb09-en0009-61-01784
95 clueweb09-en0108-65-36028
95 clueweb09-en0000-72-02361
95 clueweb09-enwp03-36-02050
95 clueweb09-en0052-00-23264
95 clueweb09-en0127-61-02259
95 clueweb09-enwp02-23-17984
95 clueweb09-enwp01-93-17804
95 clueweb09-en0012-74-31359
95 clueweb09-en0016-73-31162
95 clueweb09-en0024-15-06406
95 clueweb09-en0026-20-35395
95 clueweb09-enwp00-30-10958
95 clueweb09-en0002-24-24325
95 clueweb09-en0004-53-34324
95 clueweb09-en0063-14-39209
95 clueweb09-en0030-48-11529
95 clueweb09-en0030-48-11522
95 clueweb09-en0030-48-11521
95 clueweb09-en0094-74-06681
95 clueweb09-en0038-28-29660
95 clueweb09-enwp01-91-19321
95 clueweb09-en0011-18-18809
95 clueweb09-en0011-18-18808
95 clueweb09-en0004-05-35303
95 clueweb09-en0072-00-31514
95 clueweb09-en0007-80-20876
95 clueweb09-en0011-18-18801
95 clueweb09-en0011-18-18800
95 clueweb09-en0011-18-18803
95 clueweb09-en0011-18-18802
95 clueweb09-en0011-18-18805
95 clueweb09-en0002-23-08137
95 clueweb09-en0011-18-18807
95 clueweb09-en0011-18-18806
95 clueweb09-en0006-97-09683
95 clueweb09-en0008-79-16179
95 clueweb09-en0038-66-12335
95 clueweb09-en0006-09-23062
95 clueweb09-en0002-08-00435
95 clueweb09-en0007-98-31189
95 clueweb09-en0004-12-24932
95 clueweb09-en0007-74-10781
95 clueweb09-en0022-13-03195
95 clueweb09-en0061-39-02252
95 clueweb09-enwp01-90-16023
95 clueweb09-en0019-41-38481
95 clueweb09-en0038-65-02802
95 clueweb09-en0008-66-09482
95 clueweb09-en0000-18-13094
95 clueweb09-en0005-79-08604
95 clueweb09-en0009-58-35707
95 clueweb09-en0005-62-35455
95 clueweb09-en0006-09-23060
95 clueweb09-en0011-18-18786
95 clueweb09-en0011-18-18787
95 clueweb09-en0011-18-18784
95 clueweb09-en0012-72-03043
95 clueweb09-en0012-72-03044
95 clueweb09-en0011-18-18783
95 clueweb09-en0011-18-18780
95 clueweb09-en0011-18-18781
95 clueweb09-en0011-18-18789
95 clueweb09-en0006-24-24281
95 clueweb09-en0081-10-45226
95 clueweb09-en0005-49-41028
95 clueweb09-en0010-08-08614
95 clueweb09-en0039-58-12160
95 clueweb09-en0024-98-06276
95 clueweb09-en0024-98-06271
95 clueweb09-en0033-24-38267
95 clueweb09-en0008-35-25965
95 clueweb09-en0024-98-06272
95 clueweb09-en0078-05-04846
95 clueweb09-en0000-19-07440
95 clueweb09-en0004-76-09635
95 clueweb09-en0000-11-00011
95 clueweb09-en0009-75-23258
95 clueweb09-en0081-05-01311
95 clueweb09-en0083-69-33274
95 clueweb09-en0009-75-23254
95 clueweb09-en0009-75-23255
95 clueweb09-en0031-48-11647
95 clueweb09-en0009-75-23257
95 clueweb09-en0009-75-23252
95 clueweb09-en0092-03-00086
95 clueweb09-en0080-33-37696
95 clueweb09-en0127-86-43390
95 clueweb09-enwp02-22-19954
95 clueweb09-en0001-03-09392
95 clueweb09-en0005-57-37006
95 clueweb09-en0066-99-22766
95 clueweb09-en0131-91-04022
95 clueweb09-enwp02-01-17916
95 clueweb09-en0065-61-01434
95 clueweb09-en0035-82-34668
95 clueweb09-en0010-60-19363
95 clueweb09-en0052-45-42725
95 clueweb09-en0030-58-20114
95 clueweb09-en0012-85-11003
95 clueweb09-en0012-85-11005
95 clueweb09-en0012-85-11004
95 clueweb09-enwp03-25-02013
95 clueweb09-en0003-24-31446
95 clueweb09-en0035-82-34673
95 clueweb09-en0022-13-14042
95 clueweb09-enwp02-04-15021
95 clueweb09-en0010-36-14645
95 clueweb09-en0081-78-11951
95 clueweb09-en0025-46-01852
95 clueweb09-en0025-46-01853
95 clueweb09-en0097-48-07514
95 clueweb09-en0025-46-01851
95 clueweb09-enwp02-13-02054
95 clueweb09-en0025-46-01854
95 clueweb09-en0012-40-12632
95 clueweb09-en0021-47-36480
95 clueweb09-en0011-18-18774
95 clueweb09-enwp01-23-03638
95 clueweb09-en0132-72-24316
95 clueweb09-en0037-41-40571
95 clueweb09-en0002-91-23617
95 clueweb09-enwp01-27-08304
95 clueweb09-en0002-05-09092
95 clueweb09-en0002-98-28082
95 clueweb09-en0004-00-13133
95 clueweb09-en0001-56-24270
95 clueweb09-en0024-52-21388
95 clueweb09-enwp01-72-17653
95 clueweb09-en0025-98-02583
95 clueweb09-en0006-35-23721
95 clueweb09-en0011-11-10085
95 clueweb09-en0009-27-01521
95 clueweb09-en0009-39-04209
95 clueweb09-en0009-88-34731
95 clueweb09-enwp01-48-01345
95 clueweb09-en0050-35-22331
95 clueweb09-en0028-28-02535
95 clueweb09-en0003-97-11474
95 clueweb09-en0078-70-27408
95 clueweb09-en0015-48-00574
95 clueweb09-en0062-01-40475
95 clueweb09-en0024-74-09497
95 clueweb09-en0080-83-27886
95 clueweb09-en0011-43-18885
95 clueweb09-en0113-34-29772
95 clueweb09-en0009-53-00147
95 clueweb09-en0029-96-01137
95 clueweb09-en0007-68-13642
95 clueweb09-en0001-20-16818
95 clueweb09-en0038-18-09871
95 clueweb09-en0025-82-09846
95 clueweb09-en0082-78-05566
95 clueweb09-en0006-09-23061
95 clueweb09-en0007-26-36257
95 clueweb09-en0008-39-11245
95 clueweb09-en0006-09-23068
95 clueweb09-en0098-03-01451
95 clueweb09-enwp00-69-09404
95 clueweb09-en0011-58-18312
95 clueweb09-en0018-12-25840
95 clueweb09-en0078-92-19516
95 clueweb09-enwp01-32-08455
95 clueweb09-enwp03-16-08920
95 clueweb09-enwp03-16-08928
95 clueweb09-en0133-47-54563
95 clueweb09-en0084-53-24509
95 clueweb09-en0021-72-26658
95 clueweb09-en0049-78-41549
95 clueweb09-en0016-26-04872
95 clueweb09-en0120-17-31369
95 clueweb09-en0016-26-04876
95 clueweb09-en0016-26-04875
95 clueweb09-en0007-63-09002
95 clueweb09-en0113-25-07432
95 clueweb09-en0132-85-43582
95 clueweb09-en0003-84-24788
95 clueweb09-en0078-64-03154
95 clueweb09-enwp01-67-03489
95 clueweb09-en0129-10-10868
95 clueweb09-en0129-10-10867
95 clueweb09-en0041-46-16013
95 clueweb09-en0002-86-26659
95 clueweb09-enwp01-52-02049
95 clueweb09-en0016-96-10343
95 clueweb09-en0016-96-10345
95 clueweb09-en0008-16-35243
95 clueweb09-en0021-47-36460
95 clueweb09-en0013-06-16845
95 clueweb09-en0021-47-36463
95 clueweb09-en0021-47-36464
95 clueweb09-en0000-58-00689
95 clueweb09-en0006-84-28096
95 clueweb09-en0009-57-06228
95 clueweb09-en0023-18-28388
95 clueweb09-en0013-23-07779
95 clueweb09-en0002-32-03908
95 clueweb09-en0030-48-11539
95 clueweb09-en0030-48-11535
95 clueweb09-en0030-48-11530
95 clueweb09-enwp01-90-17134
95 clueweb09-en0011-18-18810
95 clueweb09-enwp03-35-11174
95 clueweb09-enwp03-25-01697
95 clueweb09-enwp01-85-19365
95 clueweb09-en0030-48-11549
95 clueweb09-en0030-48-11548
95 clueweb09-en0030-48-11545
95 clueweb09-en0030-48-11546
95 clueweb09-en0009-56-22837
95 clueweb09-en0006-93-12866
95 clueweb09-enwp00-80-16469
95 clueweb09-en0000-74-29342
95 clueweb09-en0000-74-29343
95 clueweb09-en0000-74-29340
95 clueweb09-en0093-77-01340
95 clueweb09-en0024-99-30758
95 clueweb09-en0011-25-15852
95 clueweb09-en0002-13-01021
95 clueweb09-en0009-75-23259
95 clueweb09-en0041-70-20596
95 clueweb09-en0003-41-17899
95 clueweb09-en0009-75-23241
95 clueweb09-en0068-16-03667
95 clueweb09-en0126-01-01199
95 clueweb09-enwp02-00-18704
95 clueweb09-en0083-69-33273
95 clueweb09-en0030-01-21177
95 clueweb09-en0037-55-02171
95 clueweb09-en0009-14-13916
95 clueweb09-en0131-68-07316
95 clueweb09-en0007-35-18840
95 clueweb09-en0010-48-02813
95 clueweb09-en0007-35-18842
95 clueweb09-en0007-35-18845
95 clueweb09-en0007-35-18844
95 clueweb09-en0007-34-13374
95 clueweb09-en0007-35-18848
95 clueweb09-en0009-75-23238
95 clueweb09-en0009-75-23239
95 clueweb09-en0004-18-14385
95 clueweb09-en0004-18-14386
95 clueweb09-en0009-75-23233
95 clueweb09-en0009-75-23231
95 clueweb09-en0009-75-23236
95 clueweb09-en0009-75-23237
95 clueweb09-en0009-75-23234
95 clueweb09-en0009-75-23235
95 clueweb09-en0003-07-27449
95 clueweb09-en0006-90-15791
95 clueweb09-en0113-49-06265
95 clueweb09-enwp01-90-18213
95 clueweb09-enwp02-26-00573
95 clueweb09-en0010-34-14581
95 clueweb09-en0113-46-06864
95 clueweb09-en0116-21-03082
95 clueweb09-en0107-69-03957
95 clueweb09-en0048-24-07017
95 clueweb09-en0037-68-37721
95 clueweb09-en0003-10-21781
95 clueweb09-en0010-87-27179
95 clueweb09-en0009-33-22046
95 clueweb09-en0133-65-17439
95 clueweb09-en0063-68-20943
95 clueweb09-en0004-14-24543
95 clueweb09-en0001-89-32954
95 clueweb09-en0046-29-12216
95 clueweb09-en0035-82-34669
95 clueweb09-en0006-80-06482
95 clueweb09-en0017-80-19873
95 clueweb09-enwp03-03-19064
95 clueweb09-en0011-63-07590
95 clueweb09-en0030-79-09391
95 clueweb09-en0030-79-09390
95 clueweb09-en0030-79-09392
95 clueweb09-en0002-23-00410
95 clueweb09-enwp02-30-19056
95 clueweb09-en0000-01-20496
95 clueweb09-en0001-82-05371
95 clueweb09-enwp01-84-02706
95 clueweb09-en0063-23-26165
95 clueweb09-en0008-67-02179
95 clueweb09-en0030-01-21176
95 clueweb09-en0020-93-38915
95 clueweb09-en0000-74-29341
95 clueweb09-en0098-66-28976
95 clueweb09-enwp01-79-17667
95 clueweb09-en0011-18-18777
95 clueweb09-en0011-18-18776
95 clueweb09-en0045-91-14424
95 clueweb09-en0011-91-00468
95 clueweb09-en0011-18-18779
95 clueweb09-en0011-18-18778
95 clueweb09-en0051-62-26969
95 clueweb09-en0002-18-26422
95 clueweb09-en0040-56-31486
95 clueweb09-en0007-93-24643
95 clueweb09-en0001-17-21372
95 clueweb09-en0051-62-26965
95 clueweb09-en0051-62-26967
95 clueweb09-en0000-68-03223
95 clueweb09-en0039-49-13121
95 clueweb09-en0053-41-27440
95 clueweb09-enwp01-76-17933
95 clueweb09-en0007-35-18858
95 clueweb09-en0079-57-09609
95 clueweb09-en0121-45-10746
95 clueweb09-en0008-65-00608
95 clueweb09-en0010-98-24792
95 clueweb09-en0038-28-29659
95 clueweb09-en0021-62-23698
95 clueweb09-enwp00-76-05337
95 clueweb09-en0084-41-06831
95 clueweb09-en0013-22-22857
95 clueweb09-en0011-16-00988
95 clueweb09-en0008-29-24193
95 clueweb09-en0038-31-22002
95 clueweb09-en0002-41-23573
95 clueweb09-en0008-44-20780
95 clueweb09-en0013-13-07532
95 clueweb09-en0129-10-10878
95 clueweb09-en0005-31-06506
95 clueweb09-en0004-35-06681
95 clueweb09-en0016-96-10350
95 clueweb09-en0016-96-10351
95 clueweb09-en0016-96-10355
95 clueweb09-en0097-67-00115
95 clueweb09-en0083-19-27137
95 clueweb09-en0080-68-13771
95 clueweb09-en0013-23-07486
95 clueweb09-en0010-72-15531
95 clueweb09-en0024-74-08827
95 clueweb09-enwp00-51-04919
95 clueweb09-en0008-80-18711
95 clueweb09-en0038-88-39991
95 clueweb09-en0019-98-18590
95 clueweb09-enwp02-04-17619
95 clueweb09-en0002-17-01999
95 clueweb09-en0019-46-09884
95 clueweb09-en0009-83-17938
95 clueweb09-en0024-74-09074
95 clueweb09-en0000-87-03931
95 clueweb09-en0008-78-25419
95 clueweb09-en0009-88-34732
95 clueweb09-en0030-48-11558
95 clueweb09-en0030-48-11559
95 clueweb09-en0010-34-40606
95 clueweb09-en0030-48-11552
95 clueweb09-en0030-48-11550
95 clueweb09-en0004-55-33736
95 clueweb09-en0007-62-32807
95 clueweb09-en0008-78-33137
95 clueweb09-enwp03-11-08749
95 clueweb09-en0127-06-08052
95 clueweb09-en0054-69-06071
95 clueweb09-en0005-99-03711
95 clueweb09-en0002-08-00798
95 clueweb09-en0118-94-07421
95 clueweb09-en0076-54-21088
95 clueweb09-en0076-54-21089
95 clueweb09-en0011-18-18804
95 clueweb09-en0008-66-09507
95 clueweb09-en0035-43-36242
95 clueweb09-en0011-01-09401
95 clueweb09-en0006-45-18477
95 clueweb09-en0048-62-37787
95 clueweb09-enwp03-21-19860
95 clueweb09-en0025-26-26105
95 clueweb09-en0044-94-15582
95 clueweb09-en0044-94-15584
95 clueweb09-en0044-94-15586
95 clueweb09-en0034-62-18349
95 clueweb09-enwp01-95-17813
95 clueweb09-enwp00-18-04732
95 clueweb09-en0013-16-10772
95 clueweb09-en0001-49-08115
95 clueweb09-en0001-49-08114
95 clueweb09-en0001-49-08116
95 clueweb09-en0001-49-08111
95 clueweb09-en0001-49-08110
95 clueweb09-en0001-49-08113
95 clueweb09-en0001-49-08112
95 clueweb09-en0015-80-03321
95 clueweb09-en0027-70-14548
95 clueweb09-en0007-35-18852
95 clueweb09-en0007-35-18853
95 clueweb09-en0007-35-18850
95 clueweb09-en0007-35-18851
95 clueweb09-en0007-35-18857
95 clueweb09-en0007-35-18854
95 clueweb09-en0020-59-26775
95 clueweb09-en0020-59-26773
95 clueweb09-en0066-70-11711
95 clueweb09-en0011-40-02799
95 clueweb09-en0006-74-31219
95 clueweb09-en0003-45-24611
95 clueweb09-en0005-83-03584
95 clueweb09-en0054-19-16864
95 clueweb09-en0093-31-32916
95 clueweb09-en0085-46-27331
95 clueweb09-en0085-46-27330
95 clueweb09-en0066-31-12668
95 clueweb09-en0025-46-01850
95 clueweb09-en0004-82-12201
95 clueweb09-en0013-23-07431
95 clueweb09-en0008-65-17709
95 clueweb09-en0106-78-26069
95 clueweb09-en0080-10-04180
