96 clueweb09-enwp03-22-06203
96 clueweb09-en0009-17-27325
96 clueweb09-en0005-30-17557
96 clueweb09-en0008-37-09870
96 clueweb09-en0004-80-11398
96 clueweb09-enwp01-53-16047
96 clueweb09-en0005-78-00780
96 clueweb09-en0005-03-34501
96 clueweb09-en0003-49-30101
96 clueweb09-enwp02-22-19954
96 clueweb09-en0006-16-24152
96 clueweb09-en0011-87-12759
96 clueweb09-enwp01-95-17709
96 clueweb09-en0037-60-39300
96 clueweb09-en0037-60-39308
96 clueweb09-en0002-65-31155
96 clueweb09-en0004-10-31545
96 clueweb09-en0127-15-18772
96 clueweb09-en0006-11-25911
96 clueweb09-en0001-29-23473
96 clueweb09-en0002-16-15187
96 clueweb09-en0000-01-09612
96 clueweb09-en0010-55-03751
96 clueweb09-en0011-29-04127
96 clueweb09-enwp01-93-17654
96 clueweb09-en0008-29-37060
96 clueweb09-en0009-55-34825
96 clueweb09-en0009-22-09066
96 clueweb09-en0004-95-16728
96 clueweb09-en0010-95-33731
96 clueweb09-en0132-20-13717
96 clueweb09-en0006-30-24703
96 clueweb09-enwp01-39-18580
96 clueweb09-enwp01-67-16898
96 clueweb09-enwp03-03-21141
96 clueweb09-en0002-94-21332
96 clueweb09-en0026-63-31796
96 clueweb09-en0005-80-03756
96 clueweb09-en0010-94-05968
96 clueweb09-en0009-76-24908
96 clueweb09-en0007-30-31259
96 clueweb09-en0004-10-31485
96 clueweb09-en0011-25-09960
96 clueweb09-en0006-37-18557
96 clueweb09-en0005-49-38894
96 clueweb09-en0011-26-11545
96 clueweb09-en0006-03-27096
96 clueweb09-en0011-25-09967
96 clueweb09-en0011-80-09466
96 clueweb09-en0009-16-34932
96 clueweb09-en0011-48-15953
96 clueweb09-en0068-74-07409
96 clueweb09-en0006-88-15341
96 clueweb09-en0000-01-24312
96 clueweb09-en0008-78-03020
96 clueweb09-en0003-65-12844
96 clueweb09-en0011-84-21568
96 clueweb09-en0006-89-17337
96 clueweb09-en0011-36-40949
96 clueweb09-en0008-57-26315
96 clueweb09-en0006-28-02116
96 clueweb09-en0003-18-08785
96 clueweb09-en0010-49-19222
96 clueweb09-en0028-19-10877
96 clueweb09-en0006-67-20018
96 clueweb09-en0008-69-24871
96 clueweb09-en0005-46-06223
96 clueweb09-en0005-64-29354
96 clueweb09-en0133-60-18321
96 clueweb09-en0009-39-29033
96 clueweb09-en0006-92-11706
96 clueweb09-en0010-42-28763
96 clueweb09-en0007-92-01762
96 clueweb09-en0007-09-38916
96 clueweb09-en0008-19-32222
96 clueweb09-en0062-69-04454
