97 clueweb09-en0008-79-07905
97 clueweb09-en0007-18-18289
97 clueweb09-en0130-90-52968
97 clueweb09-enwp00-45-03767
97 clueweb09-en0008-03-00400
97 clueweb09-en0007-03-32152
97 clueweb09-en0007-28-30184
97 clueweb09-en0008-05-35307
97 clueweb09-en0011-43-21803
97 clueweb09-en0006-75-12138
97 clueweb09-en0008-32-17372
97 clueweb09-en0034-54-05234
97 clueweb09-enwp00-17-11251
97 clueweb09-en0010-47-24378
97 clueweb09-en0007-33-33988
97 clueweb09-en0005-10-28589
97 clueweb09-en0001-55-25179
97 clueweb09-en0037-09-23425
97 clueweb09-en0041-45-34665
97 clueweb09-en0008-46-26804
97 clueweb09-en0001-48-25160
97 clueweb09-en0009-44-07054
97 clueweb09-en0006-24-07077
97 clueweb09-en0130-54-14282
97 clueweb09-en0009-77-02119
97 clueweb09-en0008-55-13749
97 clueweb09-en0003-63-19859
97 clueweb09-en0008-57-27383
97 clueweb09-en0010-51-14509
97 clueweb09-enwp01-97-18030
97 clueweb09-en0105-75-20709
97 clueweb09-en0010-13-34315
97 clueweb09-en0009-39-29432
97 clueweb09-en0009-39-29433
97 clueweb09-en0006-51-18448
97 clueweb09-en0010-28-17681
97 clueweb09-en0023-92-02649
97 clueweb09-en0011-99-19067
97 clueweb09-en0008-65-34147
97 clueweb09-en0005-17-29498
97 clueweb09-en0009-16-13458
97 clueweb09-en0000-40-12592
97 clueweb09-en0010-63-25749
97 clueweb09-en0007-89-39045
97 clueweb09-enwp01-46-13018
97 clueweb09-en0007-81-14587
97 clueweb09-en0130-33-30185
97 clueweb09-en0040-72-07481
97 clueweb09-enwp01-96-18148
97 clueweb09-en0005-54-24144
97 clueweb09-en0130-87-52168
97 clueweb09-enwp03-38-11992
97 clueweb09-enwp00-27-22278
97 clueweb09-en0000-38-23997
97 clueweb09-en0130-33-39821
97 clueweb09-en0130-24-34073
97 clueweb09-en0007-81-08307
97 clueweb09-enwp01-99-07789
97 clueweb09-en0007-84-42205
97 clueweb09-en0001-11-31701
97 clueweb09-enwp00-55-02465
97 clueweb09-en0011-72-10744
97 clueweb09-en0005-73-39345
97 clueweb09-en0130-79-19793
97 clueweb09-en0004-93-16060
97 clueweb09-enwp00-33-02251
97 clueweb09-en0007-55-11984
97 clueweb09-en0011-23-25337
97 clueweb09-enwp03-36-02890
97 clueweb09-en0132-89-51315
97 clueweb09-en0009-02-19675
97 clueweb09-en0008-49-09286
97 clueweb09-en0008-65-06660
97 clueweb09-en0005-09-31503
97 clueweb09-en0007-16-28972
97 clueweb09-en0006-56-12265
97 clueweb09-en0006-69-12361
97 clueweb09-en0010-21-02643
97 clueweb09-en0011-72-10765
97 clueweb09-en0007-09-26304
97 clueweb09-en0006-13-12399
