98 clueweb09-enwp01-91-19474
98 clueweb09-en0019-67-04429
98 clueweb09-en0011-95-24391
98 clueweb09-en0009-17-19625
98 clueweb09-en0131-80-01163
98 clueweb09-en0005-00-34244
98 clueweb09-en0013-86-04595
98 clueweb09-en0009-01-29362
98 clueweb09-en0005-53-30042
98 clueweb09-en0092-74-17406
98 clueweb09-en0007-27-07222
98 clueweb09-en0132-38-10378
98 clueweb09-en0004-27-03445
98 clueweb09-en0005-03-22682
98 clueweb09-enwp01-91-19247
98 clueweb09-en0007-30-35192
98 clueweb09-en0083-85-34060
98 clueweb09-en0010-66-22463
98 clueweb09-en0005-99-22843
98 clueweb09-en0002-10-17916
98 clueweb09-en0005-01-17737
98 clueweb09-en0007-07-16669
98 clueweb09-en0005-92-34721
98 clueweb09-en0006-89-14241
98 clueweb09-en0011-25-14471
98 clueweb09-en0009-50-22323
98 clueweb09-en0008-60-15719
98 clueweb09-en0132-13-08901
98 clueweb09-en0005-59-17399
98 clueweb09-en0007-15-30093
98 clueweb09-enwp03-07-03492
98 clueweb09-en0000-20-27045
98 clueweb09-en0009-41-33000
98 clueweb09-en0011-64-19359
98 clueweb09-en0052-83-44127
98 clueweb09-enwp01-79-17544
98 clueweb09-en0010-39-23580
98 clueweb09-enwp03-13-03360
98 clueweb09-en0010-57-07364
98 clueweb09-en0011-84-13396
98 clueweb09-en0000-56-23529
98 clueweb09-en0036-10-06333
98 clueweb09-en0010-83-20403
98 clueweb09-en0011-21-32055
98 clueweb09-en0006-74-28439
98 clueweb09-en0000-07-19320
98 clueweb09-en0008-75-36214
98 clueweb09-en0104-06-16217
98 clueweb09-en0000-03-12004
98 clueweb09-en0006-95-09616
98 clueweb09-en0025-66-09443
98 clueweb09-en0005-29-02510
98 clueweb09-en0010-73-40836
98 clueweb09-en0132-90-08024
98 clueweb09-en0000-47-09154
98 clueweb09-en0001-08-06961
98 clueweb09-en0039-18-34811
98 clueweb09-en0022-44-02348
98 clueweb09-en0008-56-33853
98 clueweb09-en0010-26-32721
98 clueweb09-en0011-20-36038
98 clueweb09-en0005-06-14826
98 clueweb09-en0010-64-05240
98 clueweb09-en0011-28-19266
98 clueweb09-en0009-10-31744
98 clueweb09-en0010-90-34105
98 clueweb09-en0128-30-16891
98 clueweb09-en0008-27-05716
98 clueweb09-en0022-52-10762
98 clueweb09-en0011-99-20772
98 clueweb09-en0011-11-07112
98 clueweb09-en0000-03-12001
98 clueweb09-en0007-23-30508
98 clueweb09-en0002-81-08468
98 clueweb09-en0010-87-23214
98 clueweb09-en0010-59-31325
