99 clueweb09-en0006-72-28181
99 clueweb09-en0005-71-18857
99 clueweb09-en0001-56-00354
99 clueweb09-en0010-10-09450
99 clueweb09-en0006-07-36697
99 clueweb09-en0011-03-06155
99 clueweb09-en0010-50-18866
99 clueweb09-en0008-03-10811
99 clueweb09-enwp03-06-07714
99 clueweb09-en0049-20-19691
99 clueweb09-en0011-29-25254
99 clueweb09-en0009-61-04119
99 clueweb09-en0008-87-17812
99 clueweb09-en0131-84-33416
99 clueweb09-enwp00-13-12069
99 clueweb09-enwp01-38-04995
99 clueweb09-en0001-44-40675
99 clueweb09-enwp01-57-20855
99 clueweb09-en0023-27-06819
99 clueweb09-en0010-05-11506
99 clueweb09-en0000-00-30448
99 clueweb09-en0007-32-02815
99 clueweb09-en0009-32-27812
99 clueweb09-en0032-45-24141
99 clueweb09-en0006-95-36732
99 clueweb09-en0023-27-06821
99 clueweb09-en0008-69-24849
99 clueweb09-en0005-10-18213
99 clueweb09-en0011-15-10718
99 clueweb09-en0008-63-36061
99 clueweb09-en0011-51-23104
99 clueweb09-en0007-53-02523
99 clueweb09-en0007-59-01734
99 clueweb09-enwp02-04-17764
99 clueweb09-en0001-70-24414
99 clueweb09-en0008-86-24709
99 clueweb09-en0011-16-07043
99 clueweb09-en0013-04-16412
99 clueweb09-enwp02-00-18691
99 clueweb09-en0000-08-19091
99 clueweb09-en0026-89-35400
99 clueweb09-en0008-82-03197
99 clueweb09-en0011-16-00062
99 clueweb09-en0000-58-00971
99 clueweb09-en0006-99-29629
99 clueweb09-en0009-34-12689
99 clueweb09-en0010-27-26717
99 clueweb09-en0007-57-14697
99 clueweb09-en0005-34-33179
99 clueweb09-en0002-73-28526
99 clueweb09-en0006-07-36696
99 clueweb09-en0010-31-16495
99 clueweb09-en0001-61-26369
99 clueweb09-en0003-20-19011
99 clueweb09-en0000-44-21464
99 clueweb09-en0063-97-21871
99 clueweb09-en0001-18-32376
99 clueweb09-en0011-31-21589
99 clueweb09-en0001-65-13965
99 clueweb09-en0001-60-09667
99 clueweb09-enwp01-94-01974
99 clueweb09-en0009-21-00223
99 clueweb09-en0007-08-05645
99 clueweb09-en0000-08-18846
99 clueweb09-en0006-47-03954
99 clueweb09-en0009-12-33695
99 clueweb09-en0010-13-17032
99 clueweb09-en0007-94-02914
99 clueweb09-en0053-77-32524
99 clueweb09-en0006-57-16898
99 clueweb09-en0007-09-33304
99 clueweb09-en0009-81-14379
99 clueweb09-en0105-50-02586
99 clueweb09-en0049-20-19700
99 clueweb09-en0002-50-32210
99 clueweb09-en0005-73-19461
99 clueweb09-enwp02-00-18704
99 clueweb09-en0005-04-28516
99 clueweb09-en0000-58-00992
99 clueweb09-en0005-74-04355
99 clueweb09-en0000-71-15826
